#
# There is insufficient memory for the Java Runtime Environment to continue.
# Native memory allocation (mmap) failed to map 250609664 bytes for G1 virtual space
# Possible reasons:
#   The system is out of physical RAM or swap space
#   The process is running with CompressedOops enabled, and the Java Heap may be blocking the growth of the native heap
# Possible solutions:
#   Reduce memory load on the system
#   Increase physical memory or swap space
#   Check if swap backing store is full
#   Decrease Java heap size (-Xmx/-Xms)
#   Decrease number of Java threads
#   Decrease Java thread stack sizes (-Xss)
#   Set larger code cache with -XX:ReservedCodeCacheSize=
#   JVM is running with Unscaled Compressed Oops mode in which the Java heap is
#     placed in the first 4GB address space. The Java Heap base address is the
#     maximum limit for the native heap growth. Please use -XX:HeapBaseMinAddress
#     to set the Java Heap base and to place the Java Heap above 4GB virtual address.
# This output file may be truncated or incomplete.
#
#  Out of Memory Error (os_windows.cpp:3829), pid=20256, tid=20400
#
# JRE version: OpenJDK Runtime Environment JBR-17.0.8+7-1000.22-jcef (17.0.8+7) (build 17.0.8+7-b1000.22)
# Java VM: OpenJDK 64-Bit Server VM JBR-17.0.8+7-1000.22-jcef (17.0.8+7-b1000.22, mixed mode, tiered, compressed oops, compressed class ptrs, g1 gc, windows-amd64)
# No core dump will be written. Minidumps are not enabled by default on client versions of Windows
#

---------------  S U M M A R Y ------------

Command Line: -Djava.rmi.server.hostname=127.0.0.1 -Duser.timezone=UTC -Xmx2048m -Xms128m -Djna.boot.library.path=C:\Program Files\JetBrains\IntelliJ IDEA 2023.2.2/lib/jna/amd64 -Djna.nosys=true -Djna.noclasspath=true -Djdbc.classpath=C:\Program Files\JetBrains\IntelliJ IDEA 2023.2.2\plugins\DatabaseTools\lib\jdbc-console.jar;C:\Users\Aziz\AppData\Roaming\JetBrains\IntelliJIdea2023.2\jdbc-drivers\MongoDB\1.18\mongo-jdbc-standalone-1.18.jar --add-exports=java.desktop/sun.awt=ALL-UNNAMED --add-exports=java.desktop/java.awt.peer=ALL-UNNAMED --add-opens=java.desktop/java.awt=ALL-UNNAMED --add-opens=jdk.unsupported/sun.misc=ALL-UNNAMED --add-opens=java.base/java.nio=ALL-UNNAMED --add-opens=java.base/java.util=ALL-UNNAMED -Dfile.encoding=UTF-8 com.intellij.database.remote.RemoteJdbcServer com.dbschema.MongoJdbcDriver

Host: 11th Gen Intel(R) Core(TM) i5-1135G7 @ 2.40GHz, 8 cores, 7G,  Windows 11 , 64 bit Build 22621 (10.0.22621.2506)
Time: Thu Dec 28 16:04:20 2023 Maroc (heure d64 bit Build 22621 (10.0.22621.2506) elapsed time: 5.079815 seconds (0d 0h 0m 5s)

---------------  T H R E A D  ---------------

Current thread (0x000002412edf0a00):  VMThread "VM Thread" [stack: 0x0000009926a00000,0x0000009926b00000] [id=20400]

Stack: [0x0000009926a00000,0x0000009926b00000]
Native frames: (J=compiled Java code, j=interpreted, Vv=VM code, C=native code)
V  [jvm.dll+0x6852da]
V  [jvm.dll+0x844c84]
V  [jvm.dll+0x84659e]
V  [jvm.dll+0x846c03]
V  [jvm.dll+0x24b7cf]
V  [jvm.dll+0x682049]
V  [jvm.dll+0x67671a]
V  [jvm.dll+0x30be2b]
V  [jvm.dll+0x3132d6]
V  [jvm.dll+0x36302e]
V  [jvm.dll+0x36325f]
V  [jvm.dll+0x2e1f48]
V  [jvm.dll+0x2e0124]
V  [jvm.dll+0x2df72c]
V  [jvm.dll+0x32427b]
V  [jvm.dll+0x84b2eb]
V  [jvm.dll+0x84c024]
V  [jvm.dll+0x84c53d]
V  [jvm.dll+0x84c914]
V  [jvm.dll+0x84c9e0]
V  [jvm.dll+0x7f415a]
V  [jvm.dll+0x684115]
C  [ucrtbase.dll+0x29363]
C  [KERNEL32.DLL+0x1257d]
C  [ntdll.dll+0x5aa58]

VM_Operation (0x0000009928cf9be0): G1CollectForAllocation, mode: safepoint, requested by thread 0x00000241342234e0


---------------  P R O C E S S  ---------------

Threads class SMR info:
_java_thread_list=0x00000241351bd4c0, length=29, elements={
0x0000024112b3dfb0, 0x000002412edcc990, 0x000002412edcff80, 0x000002412edea830,
0x000002412edeb100, 0x0000024133054020, 0x0000024133054f00, 0x0000024133055f10,
0x0000024133057160, 0x0000024133058300, 0x00000241331f18d0, 0x00000241331dc530,
0x00000241337433f0, 0x00000241337444d0, 0x0000024133c06380, 0x00000241340f1d60,
0x0000024133c9fa10, 0x0000024133ca0780, 0x00000241342239f0, 0x0000024134223f00,
0x0000024134225850, 0x0000024134226270, 0x0000024134225d60, 0x0000024134225340,
0x00000241342234e0, 0x0000024134222fd0, 0x0000024134224920, 0x0000024134224e30,
0x00000241344ae380
}

Java Threads: ( => current thread )
  0x0000024112b3dfb0 JavaThread "main" [_thread_blocked, id=21932, stack(0x0000009926400000,0x0000009926500000)]
  0x000002412edcc990 JavaThread "Reference Handler" daemon [_thread_blocked, id=12904, stack(0x0000009926b00000,0x0000009926c00000)]
  0x000002412edcff80 JavaThread "Finalizer" daemon [_thread_blocked, id=19172, stack(0x0000009926c00000,0x0000009926d00000)]
  0x000002412edea830 JavaThread "Signal Dispatcher" daemon [_thread_blocked, id=20336, stack(0x0000009926d00000,0x0000009926e00000)]
  0x000002412edeb100 JavaThread "Attach Listener" daemon [_thread_blocked, id=1548, stack(0x0000009926e00000,0x0000009926f00000)]
  0x0000024133054020 JavaThread "Service Thread" daemon [_thread_blocked, id=20580, stack(0x0000009926f00000,0x0000009927000000)]
  0x0000024133054f00 JavaThread "Monitor Deflation Thread" daemon [_thread_blocked, id=9684, stack(0x0000009927000000,0x0000009927100000)]
  0x0000024133055f10 JavaThread "C2 CompilerThread0" daemon [_thread_blocked, id=8324, stack(0x0000009927100000,0x0000009927200000)]
  0x0000024133057160 JavaThread "C1 CompilerThread0" daemon [_thread_blocked, id=19364, stack(0x0000009927200000,0x0000009927300000)]
  0x0000024133058300 JavaThread "Sweeper thread" daemon [_thread_blocked, id=5468, stack(0x0000009927300000,0x0000009927400000)]
  0x00000241331f18d0 JavaThread "Common-Cleaner" daemon [_thread_blocked, id=10312, stack(0x0000009927400000,0x0000009927500000)]
  0x00000241331dc530 JavaThread "Notification Thread" daemon [_thread_blocked, id=13836, stack(0x0000009927500000,0x0000009927600000)]
  0x00000241337433f0 JavaThread "MongoShell ExecutorService" daemon [_thread_blocked, id=1964, stack(0x0000009927700000,0x0000009927800000)]
  0x00000241337444d0 JavaThread "MongoShell ExecutorService" daemon [_thread_blocked, id=16500, stack(0x0000009927800000,0x0000009927900000)]
  0x0000024133c06380 JavaThread "RMI TCP Accept-23409" daemon [_thread_in_native, id=20532, stack(0x0000009928100000,0x0000009928200000)]
  0x00000241340f1d60 JavaThread "RMI TCP Accept-0" daemon [_thread_in_native, id=7356, stack(0x0000009928200000,0x0000009928300000)]
  0x0000024133c9fa10 JavaThread "RMI Reaper" [_thread_blocked, id=13228, stack(0x0000009928300000,0x0000009928400000)]
  0x0000024133ca0780 JavaThread "RMI GC Daemon" daemon [_thread_blocked, id=9788, stack(0x0000009928400000,0x0000009928500000)]
  0x00000241342239f0 JavaThread "RMI TCP Connection(1)-127.0.0.1" daemon [_thread_in_native, id=1896, stack(0x0000009928500000,0x0000009928600000)]
  0x0000024134223f00 JavaThread "RMI TCP Connection(2)-127.0.0.1" daemon [_thread_in_native, id=21396, stack(0x0000009928600000,0x0000009928700000)]
  0x0000024134225850 JavaThread "RMI Scheduler(0)" daemon [_thread_blocked, id=9624, stack(0x0000009928700000,0x0000009928800000)]
  0x0000024134226270 JavaThread "RMI TCP Connection(4)-127.0.0.1" daemon [_thread_in_native, id=1624, stack(0x0000009928800000,0x0000009928900000)]
  0x0000024134225d60 JavaThread "RMI TCP Connection(3)-127.0.0.1" daemon [_thread_blocked, id=5184, stack(0x0000009928900000,0x0000009928a00000)]
  0x0000024134225340 JavaThread "RMI RenewClean-[127.0.0.1:59998]" daemon [_thread_blocked, id=15580, stack(0x0000009928a00000,0x0000009928b00000)]
  0x00000241342234e0 JavaThread "MongoShell ExecutorService" daemon [_thread_blocked, id=14752, stack(0x0000009928c00000,0x0000009928d00000)]
  0x0000024134222fd0 JavaThread "BufferPoolPruner-1-thread-1" daemon [_thread_blocked, id=15712, stack(0x0000009928d00000,0x0000009928e00000)]
  0x0000024134224920 JavaThread "cluster-ClusterId{value='658d8e71fd0b8e05a0f0644e', description='DataGrip'}-localhost:27017" daemon [_thread_in_native, id=14176, stack(0x0000009928e00000,0x0000009928f00000)]
  0x0000024134224e30 JavaThread "cluster-rtt-ClusterId{value='658d8e71fd0b8e05a0f0644e', description='DataGrip'}-localhost:27017" daemon [_thread_blocked, id=4616, stack(0x0000009928f00000,0x0000009929000000)]
  0x00000241344ae380 JavaThread "MaintenanceTimer-2-thread-1" daemon [_thread_blocked, id=18912, stack(0x0000009929100000,0x0000009929200000)]

Other Threads:
=>0x000002412edf0a00 VMThread "VM Thread" [stack: 0x0000009926a00000,0x0000009926b00000] [id=20400]
  0x00000241331dca10 WatcherThread [stack: 0x0000009927600000,0x0000009927700000] [id=20996]
  0x0000024114d458c0 GCTaskThread "GC Thread#0" [stack: 0x0000009926500000,0x0000009926600000] [id=9732]
  0x00000241337aeae0 GCTaskThread "GC Thread#1" [stack: 0x0000009927900000,0x0000009927a00000] [id=15804]
  0x0000024133800760 GCTaskThread "GC Thread#2" [stack: 0x0000009927a00000,0x0000009927b00000] [id=4296]
  0x00000241338e7c60 GCTaskThread "GC Thread#3" [stack: 0x0000009927b00000,0x0000009927c00000] [id=14472]
  0x0000024133892ad0 GCTaskThread "GC Thread#4" [stack: 0x0000009927c00000,0x0000009927d00000] [id=18972]
  0x00000241338b1880 GCTaskThread "GC Thread#5" [stack: 0x0000009927d00000,0x0000009927e00000] [id=14736]
  0x00000241338ee170 GCTaskThread "GC Thread#6" [stack: 0x0000009927e00000,0x0000009927f00000] [id=18480]
  0x0000024133be6890 GCTaskThread "GC Thread#7" [stack: 0x0000009927f00000,0x0000009928000000] [id=4172]
  0x0000024114d56fb0 ConcurrentGCThread "G1 Main Marker" [stack: 0x0000009926600000,0x0000009926700000] [id=15332]
  0x0000024114d579c0 ConcurrentGCThread "G1 Conc#0" [stack: 0x0000009926700000,0x0000009926800000] [id=15976]
  0x0000024133c081c0 ConcurrentGCThread "G1 Conc#1" [stack: 0x0000009928000000,0x0000009928100000] [id=18352]
  0x0000024114d9ea00 ConcurrentGCThread "G1 Refine#0" [stack: 0x0000009926800000,0x0000009926900000] [id=12580]
  0x00000241353bcc20 ConcurrentGCThread "G1 Refine#1" [stack: 0x0000009928b00000,0x0000009928c00000] [id=21664]
  0x0000024135151270 ConcurrentGCThread "G1 Refine#2" [stack: 0x0000009929200000,0x0000009929300000] [id=16620]
  0x00000241348499e0 ConcurrentGCThread "G1 Refine#3" [stack: 0x0000009929300000,0x0000009929400000] [id=12000]
  0x0000024135148750 ConcurrentGCThread "G1 Refine#4" [stack: 0x0000009929400000,0x0000009929500000] [id=19464]
  0x000002413517f350 ConcurrentGCThread "G1 Refine#5" [stack: 0x0000009929500000,0x0000009929600000] [id=8408]
  0x000002412ec42620 ConcurrentGCThread "G1 Service" [stack: 0x0000009926900000,0x0000009926a00000] [id=19768]

Threads with active compile tasks:
C2 CompilerThread0     5101 3585       4       com.oracle.js.parser.Lexer::valueOfIdent (174 bytes)

VM state: at safepoint (normal execution)

VM Mutex/Monitor currently owned by a thread:  ([mutex/lock_event])
[0x0000024112b3c030] Threads_lock - owner thread: 0x000002412edf0a00
[0x0000024112b3bbb0] Heap_lock - owner thread: 0x00000241342234e0

Heap address: 0x0000000080000000, size: 2048 MB, Compressed Oops mode: 32-bit

CDS archive(s) not mapped
Compressed class space mapped at: 0x0000000100000000-0x0000000140000000, reserved size: 1073741824
Narrow klass base: 0x0000000000000000, Narrow klass shift: 3, Narrow klass range: 0x140000000

GC Precious Log:
 CPUs: 8 total, 8 available
 Memory: 7589M
 Large Page Support: Disabled
 NUMA Support: Disabled
 Compressed Oops: Enabled (32-bit)
 Heap Region Size: 1M
 Heap Min Capacity: 128M
 Heap Initial Capacity: 128M
 Heap Max Capacity: 2G
 Pre-touch: Disabled
 Parallel Workers: 8
 Concurrent Workers: 2
 Concurrent Refinement Workers: 8
 Periodic GC: Disabled

Heap:
 garbage-first heap   total 244736K, used 167424K [0x0000000080000000, 0x0000000100000000)
  region size 1024K, 5 young (5120K), 5 survivors (5120K)
 Metaspace       used 37169K, committed 37504K, reserved 1114112K
  class space    used 4054K, committed 4224K, reserved 1048576K

Heap Regions: E=young(eden), S=young(survivor), O=old, HS=humongous(starts), HC=humongous(continues), CS=collection set, F=free, OA=open archive, CA=closed archive, TAMS=top-at-mark-start (previous, next)
|   0|0x0000000080000000, 0x0000000080100000, 0x0000000080100000|100%|HS|  |TAMS 0x0000000080100000, 0x0000000080100000| Complete 
|   1|0x0000000080100000, 0x0000000080200000, 0x0000000080200000|100%|HC|  |TAMS 0x0000000080200000, 0x0000000080200000| Complete 
|   2|0x0000000080200000, 0x0000000080300000, 0x0000000080300000|100%|HC|  |TAMS 0x0000000080300000, 0x0000000080300000| Complete 
|   3|0x0000000080300000, 0x0000000080400000, 0x0000000080400000|100%|HS|  |TAMS 0x0000000080400000, 0x0000000080400000| Complete 
|   4|0x0000000080400000, 0x0000000080500000, 0x0000000080500000|100%|HC|  |TAMS 0x0000000080500000, 0x0000000080500000| Complete 
|   5|0x0000000080500000, 0x0000000080600000, 0x0000000080600000|100%|HS|  |TAMS 0x0000000080600000, 0x0000000080600000| Complete 
|   6|0x0000000080600000, 0x0000000080700000, 0x0000000080700000|100%| O|  |TAMS 0x0000000080700000, 0x0000000080700000| Untracked 
|   7|0x0000000080700000, 0x0000000080800000, 0x0000000080800000|100%| O|  |TAMS 0x0000000080800000, 0x0000000080800000| Untracked 
|   8|0x0000000080800000, 0x0000000080900000, 0x0000000080900000|100%| O|  |TAMS 0x0000000080900000, 0x0000000080900000| Untracked 
|   9|0x0000000080900000, 0x0000000080a00000, 0x0000000080a00000|100%| O|  |TAMS 0x0000000080a00000, 0x0000000080a00000| Untracked 
|  10|0x0000000080a00000, 0x0000000080b00000, 0x0000000080b00000|100%| O|  |TAMS 0x0000000080b00000, 0x0000000080b00000| Untracked 
|  11|0x0000000080b00000, 0x0000000080c00000, 0x0000000080c00000|100%| O|  |TAMS 0x0000000080c00000, 0x0000000080c00000| Untracked 
|  12|0x0000000080c00000, 0x0000000080d00000, 0x0000000080d00000|100%| O|  |TAMS 0x0000000080d00000, 0x0000000080d00000| Untracked 
|  13|0x0000000080d00000, 0x0000000080e00000, 0x0000000080e00000|100%| O|  |TAMS 0x0000000080e00000, 0x0000000080e00000| Untracked 
|  14|0x0000000080e00000, 0x0000000080f00000, 0x0000000080f00000|100%| O|  |TAMS 0x0000000080f00000, 0x0000000080f00000| Untracked 
|  15|0x0000000080f00000, 0x0000000081000000, 0x0000000081000000|100%| O|  |TAMS 0x0000000081000000, 0x0000000081000000| Untracked 
|  16|0x0000000081000000, 0x0000000081100000, 0x0000000081100000|100%| O|  |TAMS 0x0000000081100000, 0x0000000081100000| Untracked 
|  17|0x0000000081100000, 0x0000000081200000, 0x0000000081200000|100%|HS|  |TAMS 0x0000000081200000, 0x0000000081200000| Complete 
|  18|0x0000000081200000, 0x0000000081300000, 0x0000000081300000|100%|HC|  |TAMS 0x0000000081300000, 0x0000000081300000| Complete 
|  19|0x0000000081300000, 0x0000000081400000, 0x0000000081400000|100%| O|  |TAMS 0x0000000081400000, 0x0000000081400000| Untracked 
|  20|0x0000000081400000, 0x0000000081500000, 0x0000000081500000|100%|HS|  |TAMS 0x0000000081500000, 0x0000000081500000| Complete 
|  21|0x0000000081500000, 0x0000000081600000, 0x0000000081600000|100%|HC|  |TAMS 0x0000000081600000, 0x0000000081600000| Complete 
|  22|0x0000000081600000, 0x0000000081700000, 0x0000000081700000|100%|HS|  |TAMS 0x0000000081700000, 0x0000000081700000| Complete 
|  23|0x0000000081700000, 0x0000000081800000, 0x0000000081800000|100%|HC|  |TAMS 0x0000000081800000, 0x0000000081800000| Complete 
|  24|0x0000000081800000, 0x0000000081900000, 0x0000000081900000|100%| O|  |TAMS 0x0000000081900000, 0x0000000081900000| Untracked 
|  25|0x0000000081900000, 0x0000000081a00000, 0x0000000081a00000|100%| O|  |TAMS 0x0000000081a00000, 0x0000000081a00000| Untracked 
|  26|0x0000000081a00000, 0x0000000081b00000, 0x0000000081b00000|100%| O|  |TAMS 0x0000000081b00000, 0x0000000081b00000| Untracked 
|  27|0x0000000081b00000, 0x0000000081c00000, 0x0000000081c00000|100%| O|  |TAMS 0x0000000081c00000, 0x0000000081c00000| Untracked 
|  28|0x0000000081c00000, 0x0000000081d00000, 0x0000000081d00000|100%| O|  |TAMS 0x0000000081d00000, 0x0000000081d00000| Untracked 
|  29|0x0000000081d00000, 0x0000000081e00000, 0x0000000081e00000|100%| O|  |TAMS 0x0000000081e00000, 0x0000000081e00000| Untracked 
|  30|0x0000000081e00000, 0x0000000081f00000, 0x0000000081f00000|100%| O|  |TAMS 0x0000000081f00000, 0x0000000081f00000| Untracked 
|  31|0x0000000081f00000, 0x0000000082000000, 0x0000000082000000|100%| O|  |TAMS 0x0000000082000000, 0x0000000082000000| Untracked 
|  32|0x0000000082000000, 0x0000000082100000, 0x0000000082100000|100%| O|  |TAMS 0x0000000082100000, 0x0000000082100000| Untracked 
|  33|0x0000000082100000, 0x0000000082200000, 0x0000000082200000|100%| O|  |TAMS 0x0000000082200000, 0x0000000082200000| Untracked 
|  34|0x0000000082200000, 0x0000000082300000, 0x0000000082300000|100%| O|  |TAMS 0x0000000082300000, 0x0000000082300000| Untracked 
|  35|0x0000000082300000, 0x0000000082400000, 0x0000000082400000|100%| O|  |TAMS 0x0000000082400000, 0x0000000082400000| Untracked 
|  36|0x0000000082400000, 0x0000000082500000, 0x0000000082500000|100%| O|  |TAMS 0x0000000082500000, 0x0000000082500000| Untracked 
|  37|0x0000000082500000, 0x0000000082600000, 0x0000000082600000|100%| O|  |TAMS 0x0000000082600000, 0x0000000082600000| Untracked 
|  38|0x0000000082600000, 0x0000000082700000, 0x0000000082700000|100%| O|  |TAMS 0x0000000082700000, 0x0000000082700000| Untracked 
|  39|0x0000000082700000, 0x0000000082800000, 0x0000000082800000|100%| O|  |TAMS 0x0000000082800000, 0x0000000082800000| Untracked 
|  40|0x0000000082800000, 0x0000000082900000, 0x0000000082900000|100%| O|  |TAMS 0x0000000082900000, 0x0000000082900000| Untracked 
|  41|0x0000000082900000, 0x0000000082a00000, 0x0000000082a00000|100%| O|  |TAMS 0x0000000082a00000, 0x0000000082a00000| Untracked 
|  42|0x0000000082a00000, 0x0000000082b00000, 0x0000000082b00000|100%| O|  |TAMS 0x0000000082b00000, 0x0000000082b00000| Untracked 
|  43|0x0000000082b00000, 0x0000000082c00000, 0x0000000082c00000|100%| O|  |TAMS 0x0000000082c00000, 0x0000000082c00000| Untracked 
|  44|0x0000000082c00000, 0x0000000082d00000, 0x0000000082d00000|100%| O|  |TAMS 0x0000000082d00000, 0x0000000082d00000| Untracked 
|  45|0x0000000082d00000, 0x0000000082e00000, 0x0000000082e00000|100%| O|  |TAMS 0x0000000082e00000, 0x0000000082e00000| Untracked 
|  46|0x0000000082e00000, 0x0000000082f00000, 0x0000000082f00000|100%| O|  |TAMS 0x0000000082f00000, 0x0000000082f00000| Untracked 
|  47|0x0000000082f00000, 0x0000000083000000, 0x0000000083000000|100%| O|  |TAMS 0x0000000083000000, 0x0000000083000000| Untracked 
|  48|0x0000000083000000, 0x0000000083100000, 0x0000000083100000|100%| O|  |TAMS 0x0000000083100000, 0x0000000083100000| Untracked 
|  49|0x0000000083100000, 0x0000000083200000, 0x0000000083200000|100%| O|  |TAMS 0x0000000083200000, 0x0000000083200000| Untracked 
|  50|0x0000000083200000, 0x0000000083300000, 0x0000000083300000|100%| O|  |TAMS 0x0000000083300000, 0x0000000083300000| Untracked 
|  51|0x0000000083300000, 0x0000000083400000, 0x0000000083400000|100%| O|  |TAMS 0x0000000083400000, 0x0000000083400000| Untracked 
|  52|0x0000000083400000, 0x0000000083500000, 0x0000000083500000|100%| O|  |TAMS 0x0000000083500000, 0x0000000083500000| Untracked 
|  53|0x0000000083500000, 0x0000000083600000, 0x0000000083600000|100%| O|  |TAMS 0x0000000083600000, 0x0000000083600000| Untracked 
|  54|0x0000000083600000, 0x0000000083700000, 0x0000000083700000|100%| O|  |TAMS 0x0000000083700000, 0x0000000083700000| Untracked 
|  55|0x0000000083700000, 0x0000000083800000, 0x0000000083800000|100%| O|  |TAMS 0x0000000083800000, 0x0000000083800000| Untracked 
|  56|0x0000000083800000, 0x0000000083900000, 0x0000000083900000|100%| O|  |TAMS 0x0000000083900000, 0x0000000083900000| Untracked 
|  57|0x0000000083900000, 0x0000000083a00000, 0x0000000083a00000|100%| O|  |TAMS 0x0000000083a00000, 0x0000000083a00000| Untracked 
|  58|0x0000000083a00000, 0x0000000083b00000, 0x0000000083b00000|100%| O|  |TAMS 0x0000000083b00000, 0x0000000083b00000| Untracked 
|  59|0x0000000083b00000, 0x0000000083c00000, 0x0000000083c00000|100%| O|  |TAMS 0x0000000083c00000, 0x0000000083c00000| Untracked 
|  60|0x0000000083c00000, 0x0000000083d00000, 0x0000000083d00000|100%| O|  |TAMS 0x0000000083d00000, 0x0000000083d00000| Untracked 
|  61|0x0000000083d00000, 0x0000000083e00000, 0x0000000083e00000|100%| O|  |TAMS 0x0000000083e00000, 0x0000000083e00000| Untracked 
|  62|0x0000000083e00000, 0x0000000083f00000, 0x0000000083f00000|100%| O|  |TAMS 0x0000000083f00000, 0x0000000083f00000| Untracked 
|  63|0x0000000083f00000, 0x0000000084000000, 0x0000000084000000|100%| O|  |TAMS 0x0000000084000000, 0x0000000084000000| Untracked 
|  64|0x0000000084000000, 0x0000000084100000, 0x0000000084100000|100%| O|  |TAMS 0x0000000084100000, 0x0000000084100000| Untracked 
|  65|0x0000000084100000, 0x0000000084200000, 0x0000000084200000|100%| O|  |TAMS 0x0000000084200000, 0x0000000084200000| Untracked 
|  66|0x0000000084200000, 0x0000000084300000, 0x0000000084300000|100%| O|  |TAMS 0x0000000084300000, 0x0000000084300000| Untracked 
|  67|0x0000000084300000, 0x0000000084400000, 0x0000000084400000|100%| O|  |TAMS 0x0000000084400000, 0x0000000084400000| Untracked 
|  68|0x0000000084400000, 0x0000000084500000, 0x0000000084500000|100%| O|  |TAMS 0x0000000084500000, 0x0000000084500000| Untracked 
|  69|0x0000000084500000, 0x0000000084600000, 0x0000000084600000|100%| O|  |TAMS 0x0000000084600000, 0x0000000084600000| Untracked 
|  70|0x0000000084600000, 0x0000000084700000, 0x0000000084700000|100%| O|  |TAMS 0x0000000084600000, 0x0000000084700000| Untracked 
|  71|0x0000000084700000, 0x0000000084800000, 0x0000000084800000|100%| O|  |TAMS 0x0000000084700000, 0x0000000084800000| Untracked 
|  72|0x0000000084800000, 0x0000000084900000, 0x0000000084900000|100%| O|  |TAMS 0x0000000084800000, 0x0000000084900000| Untracked 
|  73|0x0000000084900000, 0x0000000084a00000, 0x0000000084a00000|100%| O|  |TAMS 0x0000000084900000, 0x0000000084a00000| Untracked 
|  74|0x0000000084a00000, 0x0000000084b00000, 0x0000000084b00000|100%| O|  |TAMS 0x0000000084a00000, 0x0000000084b00000| Untracked 
|  75|0x0000000084b00000, 0x0000000084c00000, 0x0000000084c00000|100%| O|  |TAMS 0x0000000084b00000, 0x0000000084c00000| Untracked 
|  76|0x0000000084c00000, 0x0000000084d00000, 0x0000000084d00000|100%| O|  |TAMS 0x0000000084c00000, 0x0000000084d00000| Untracked 
|  77|0x0000000084d00000, 0x0000000084e00000, 0x0000000084e00000|100%| O|  |TAMS 0x0000000084d00000, 0x0000000084e00000| Untracked 
|  78|0x0000000084e00000, 0x0000000084f00000, 0x0000000084f00000|100%| O|  |TAMS 0x0000000084e00000, 0x0000000084f00000| Untracked 
|  79|0x0000000084f00000, 0x0000000085000000, 0x0000000085000000|100%| O|  |TAMS 0x0000000084f00000, 0x0000000085000000| Untracked 
|  80|0x0000000085000000, 0x0000000085100000, 0x0000000085100000|100%| O|  |TAMS 0x0000000085000000, 0x0000000085100000| Untracked 
|  81|0x0000000085100000, 0x0000000085200000, 0x0000000085200000|100%| O|  |TAMS 0x0000000085100000, 0x0000000085200000| Untracked 
|  82|0x0000000085200000, 0x0000000085300000, 0x0000000085300000|100%| O|  |TAMS 0x0000000085300000, 0x0000000085300000| Untracked 
|  83|0x0000000085300000, 0x0000000085400000, 0x0000000085400000|100%| O|  |TAMS 0x0000000085400000, 0x0000000085400000| Untracked 
|  84|0x0000000085400000, 0x0000000085500000, 0x0000000085500000|100%| O|  |TAMS 0x0000000085500000, 0x0000000085500000| Untracked 
|  85|0x0000000085500000, 0x0000000085600000, 0x0000000085600000|100%| O|  |TAMS 0x0000000085600000, 0x0000000085600000| Untracked 
|  86|0x0000000085600000, 0x0000000085700000, 0x0000000085700000|100%| O|  |TAMS 0x0000000085700000, 0x0000000085700000| Untracked 
|  87|0x0000000085700000, 0x0000000085800000, 0x0000000085800000|100%| O|  |TAMS 0x0000000085800000, 0x0000000085800000| Untracked 
|  88|0x0000000085800000, 0x0000000085900000, 0x0000000085900000|100%| O|  |TAMS 0x0000000085900000, 0x0000000085900000| Untracked 
|  89|0x0000000085900000, 0x0000000085a00000, 0x0000000085a00000|100%| O|  |TAMS 0x0000000085a00000, 0x0000000085a00000| Untracked 
|  90|0x0000000085a00000, 0x0000000085b00000, 0x0000000085b00000|100%| O|  |TAMS 0x0000000085b00000, 0x0000000085b00000| Untracked 
|  91|0x0000000085b00000, 0x0000000085c00000, 0x0000000085c00000|100%| O|  |TAMS 0x0000000085b80000, 0x0000000085c00000| Untracked 
|  92|0x0000000085c00000, 0x0000000085d00000, 0x0000000085d00000|100%| O|  |TAMS 0x0000000085c00000, 0x0000000085d00000| Untracked 
|  93|0x0000000085d00000, 0x0000000085e00000, 0x0000000085e00000|100%| O|  |TAMS 0x0000000085d00000, 0x0000000085e00000| Untracked 
|  94|0x0000000085e00000, 0x0000000085f00000, 0x0000000085f00000|100%| O|  |TAMS 0x0000000085e00000, 0x0000000085f00000| Untracked 
|  95|0x0000000085f00000, 0x0000000086000000, 0x0000000086000000|100%| O|  |TAMS 0x0000000085f00000, 0x0000000086000000| Untracked 
|  96|0x0000000086000000, 0x0000000086100000, 0x0000000086100000|100%| O|  |TAMS 0x0000000086000000, 0x0000000086100000| Untracked 
|  97|0x0000000086100000, 0x0000000086200000, 0x0000000086200000|100%| O|  |TAMS 0x0000000086100000, 0x0000000086200000| Untracked 
|  98|0x0000000086200000, 0x0000000086300000, 0x0000000086300000|100%| O|  |TAMS 0x0000000086200000, 0x0000000086300000| Untracked 
|  99|0x0000000086300000, 0x0000000086400000, 0x0000000086400000|100%| O|  |TAMS 0x0000000086300000, 0x0000000086400000| Untracked 
| 100|0x0000000086400000, 0x0000000086500000, 0x0000000086500000|100%| O|  |TAMS 0x0000000086400000, 0x0000000086500000| Untracked 
| 101|0x0000000086500000, 0x0000000086600000, 0x0000000086600000|100%| O|  |TAMS 0x0000000086500000, 0x0000000086600000| Untracked 
| 102|0x0000000086600000, 0x0000000086700000, 0x0000000086700000|100%| O|  |TAMS 0x0000000086600000, 0x0000000086700000| Untracked 
| 103|0x0000000086700000, 0x0000000086800000, 0x0000000086800000|100%| O|  |TAMS 0x0000000086700000, 0x0000000086800000| Untracked 
| 104|0x0000000086800000, 0x0000000086900000, 0x0000000086900000|100%| O|  |TAMS 0x0000000086800000, 0x0000000086900000| Untracked 
| 105|0x0000000086900000, 0x0000000086a00000, 0x0000000086a00000|100%| O|  |TAMS 0x0000000086900000, 0x0000000086a00000| Untracked 
| 106|0x0000000086a00000, 0x0000000086b00000, 0x0000000086b00000|100%| O|  |TAMS 0x0000000086a00000, 0x0000000086b00000| Untracked 
| 107|0x0000000086b00000, 0x0000000086c00000, 0x0000000086c00000|100%| O|  |TAMS 0x0000000086b00000, 0x0000000086c00000| Untracked 
| 108|0x0000000086c00000, 0x0000000086d00000, 0x0000000086d00000|100%| O|  |TAMS 0x0000000086c00000, 0x0000000086d00000| Untracked 
| 109|0x0000000086d00000, 0x0000000086e00000, 0x0000000086e00000|100%| O|  |TAMS 0x0000000086d00000, 0x0000000086e00000| Untracked 
| 110|0x0000000086e00000, 0x0000000086f00000, 0x0000000086f00000|100%| O|  |TAMS 0x0000000086e00000, 0x0000000086f00000| Untracked 
| 111|0x0000000086f00000, 0x0000000087000000, 0x0000000087000000|100%| O|  |TAMS 0x0000000086f00000, 0x0000000087000000| Untracked 
| 112|0x0000000087000000, 0x0000000087100000, 0x0000000087100000|100%| O|  |TAMS 0x0000000087000000, 0x0000000087000000| Untracked 
| 113|0x0000000087100000, 0x0000000087200000, 0x0000000087200000|100%| O|  |TAMS 0x0000000087100000, 0x0000000087100000| Untracked 
| 114|0x0000000087200000, 0x0000000087300000, 0x0000000087300000|100%| O|  |TAMS 0x0000000087200000, 0x0000000087200000| Untracked 
| 115|0x0000000087300000, 0x0000000087400000, 0x0000000087400000|100%| O|  |TAMS 0x0000000087300000, 0x0000000087300000| Untracked 
| 116|0x0000000087400000, 0x0000000087500000, 0x0000000087500000|100%| O|  |TAMS 0x0000000087400000, 0x0000000087400000| Untracked 
| 117|0x0000000087500000, 0x0000000087600000, 0x0000000087600000|100%| O|  |TAMS 0x0000000087500000, 0x0000000087500000| Untracked 
| 118|0x0000000087600000, 0x0000000087700000, 0x0000000087700000|100%| O|  |TAMS 0x0000000087600000, 0x0000000087600000| Untracked 
| 119|0x0000000087700000, 0x0000000087800000, 0x0000000087800000|100%| O|  |TAMS 0x0000000087700000, 0x0000000087700000| Untracked 
| 120|0x0000000087800000, 0x0000000087900000, 0x0000000087900000|100%| O|  |TAMS 0x0000000087800000, 0x0000000087800000| Untracked 
| 121|0x0000000087900000, 0x0000000087a00000, 0x0000000087a00000|100%| O|  |TAMS 0x0000000087900000, 0x0000000087900000| Untracked 
| 122|0x0000000087a00000, 0x0000000087b00000, 0x0000000087b00000|100%| O|  |TAMS 0x0000000087a00000, 0x0000000087a00000| Untracked 
| 123|0x0000000087b00000, 0x0000000087c00000, 0x0000000087c00000|100%| O|  |TAMS 0x0000000087b00000, 0x0000000087b00000| Untracked 
| 124|0x0000000087c00000, 0x0000000087d00000, 0x0000000087d00000|100%| O|  |TAMS 0x0000000087c00000, 0x0000000087c00000| Untracked 
| 125|0x0000000087d00000, 0x0000000087e00000, 0x0000000087e00000|100%| O|  |TAMS 0x0000000087d00000, 0x0000000087d00000| Untracked 
| 126|0x0000000087e00000, 0x0000000087f00000, 0x0000000087f00000|100%| O|  |TAMS 0x0000000087e00000, 0x0000000087e00000| Untracked 
| 127|0x0000000087f00000, 0x0000000087f80000, 0x0000000088000000| 50%| O|  |TAMS 0x0000000087f00000, 0x0000000087f00000| Untracked 
| 128|0x0000000088000000, 0x0000000088100000, 0x0000000088100000|100%|HS|  |TAMS 0x0000000088100000, 0x0000000088100000| Complete 
| 129|0x0000000088100000, 0x0000000088200000, 0x0000000088200000|100%|HC|  |TAMS 0x0000000088200000, 0x0000000088200000| Complete 
| 130|0x0000000088200000, 0x0000000088300000, 0x0000000088300000|100%|HC|  |TAMS 0x0000000088300000, 0x0000000088300000| Complete 
| 131|0x0000000088300000, 0x0000000088400000, 0x0000000088400000|100%|HC|  |TAMS 0x0000000088400000, 0x0000000088400000| Complete 
| 132|0x0000000088400000, 0x0000000088500000, 0x0000000088500000|100%|HC|  |TAMS 0x0000000088500000, 0x0000000088500000| Complete 
| 133|0x0000000088500000, 0x0000000088600000, 0x0000000088600000|100%|HC|  |TAMS 0x0000000088600000, 0x0000000088600000| Complete 
| 134|0x0000000088600000, 0x0000000088700000, 0x0000000088700000|100%|HC|  |TAMS 0x0000000088700000, 0x0000000088700000| Complete 
| 135|0x0000000088700000, 0x0000000088800000, 0x0000000088800000|100%|HC|  |TAMS 0x0000000088800000, 0x0000000088800000| Complete 
| 136|0x0000000088800000, 0x0000000088900000, 0x0000000088900000|100%|HC|  |TAMS 0x0000000088900000, 0x0000000088900000| Complete 
| 137|0x0000000088900000, 0x0000000088a00000, 0x0000000088a00000|100%|HC|  |TAMS 0x0000000088a00000, 0x0000000088a00000| Complete 
| 138|0x0000000088a00000, 0x0000000088b00000, 0x0000000088b00000|100%|HC|  |TAMS 0x0000000088b00000, 0x0000000088b00000| Complete 
| 139|0x0000000088b00000, 0x0000000088c00000, 0x0000000088c00000|100%|HC|  |TAMS 0x0000000088c00000, 0x0000000088c00000| Complete 
| 140|0x0000000088c00000, 0x0000000088d00000, 0x0000000088d00000|100%|HC|  |TAMS 0x0000000088d00000, 0x0000000088d00000| Complete 
| 141|0x0000000088d00000, 0x0000000088e00000, 0x0000000088e00000|100%|HC|  |TAMS 0x0000000088e00000, 0x0000000088e00000| Complete 
| 142|0x0000000088e00000, 0x0000000088f00000, 0x0000000088f00000|100%|HC|  |TAMS 0x0000000088f00000, 0x0000000088f00000| Complete 
| 143|0x0000000088f00000, 0x0000000089000000, 0x0000000089000000|100%|HC|  |TAMS 0x0000000089000000, 0x0000000089000000| Complete 
| 144|0x0000000089000000, 0x0000000089100000, 0x0000000089100000|100%|HC|  |TAMS 0x0000000089100000, 0x0000000089100000| Complete 
| 145|0x0000000089100000, 0x0000000089200000, 0x0000000089200000|100%|HC|  |TAMS 0x0000000089200000, 0x0000000089200000| Complete 
| 146|0x0000000089200000, 0x0000000089300000, 0x0000000089300000|100%|HC|  |TAMS 0x0000000089300000, 0x0000000089300000| Complete 
| 147|0x0000000089300000, 0x0000000089400000, 0x0000000089400000|100%|HC|  |TAMS 0x0000000089400000, 0x0000000089400000| Complete 
| 148|0x0000000089400000, 0x0000000089500000, 0x0000000089500000|100%|HC|  |TAMS 0x0000000089500000, 0x0000000089500000| Complete 
| 149|0x0000000089500000, 0x0000000089600000, 0x0000000089600000|100%|HC|  |TAMS 0x0000000089600000, 0x0000000089600000| Complete 
| 150|0x0000000089600000, 0x0000000089700000, 0x0000000089700000|100%|HC|  |TAMS 0x0000000089700000, 0x0000000089700000| Complete 
| 151|0x0000000089700000, 0x0000000089800000, 0x0000000089800000|100%|HC|  |TAMS 0x0000000089800000, 0x0000000089800000| Complete 
| 152|0x0000000089800000, 0x0000000089900000, 0x0000000089900000|100%|HC|  |TAMS 0x0000000089900000, 0x0000000089900000| Complete 
| 153|0x0000000089900000, 0x0000000089a00000, 0x0000000089a00000|100%|HC|  |TAMS 0x0000000089a00000, 0x0000000089a00000| Complete 
| 154|0x0000000089a00000, 0x0000000089b00000, 0x0000000089b00000|100%|HC|  |TAMS 0x0000000089b00000, 0x0000000089b00000| Complete 
| 155|0x0000000089b00000, 0x0000000089c00000, 0x0000000089c00000|100%|HC|  |TAMS 0x0000000089c00000, 0x0000000089c00000| Complete 
| 156|0x0000000089c00000, 0x0000000089d00000, 0x0000000089d00000|100%|HC|  |TAMS 0x0000000089d00000, 0x0000000089d00000| Complete 
| 157|0x0000000089d00000, 0x0000000089e00000, 0x0000000089e00000|100%|HC|  |TAMS 0x0000000089e00000, 0x0000000089e00000| Complete 
| 158|0x0000000089e00000, 0x0000000089f00000, 0x0000000089f00000|100%|HC|  |TAMS 0x0000000089f00000, 0x0000000089f00000| Complete 
| 159|0x0000000089f00000, 0x0000000089f00000, 0x000000008a000000|  0%| F|  |TAMS 0x0000000089f00000, 0x0000000089f00000| Untracked 
| 160|0x000000008a000000, 0x000000008a000000, 0x000000008a100000|  0%| F|  |TAMS 0x000000008a000000, 0x000000008a000000| Untracked 
| 161|0x000000008a100000, 0x000000008a100000, 0x000000008a200000|  0%| F|  |TAMS 0x000000008a100000, 0x000000008a100000| Untracked 
| 162|0x000000008a200000, 0x000000008a200000, 0x000000008a300000|  0%| F|  |TAMS 0x000000008a200000, 0x000000008a200000| Untracked 
| 163|0x000000008a300000, 0x000000008a300000, 0x000000008a400000|  0%| F|  |TAMS 0x000000008a300000, 0x000000008a300000| Untracked 
| 164|0x000000008a400000, 0x000000008a400000, 0x000000008a500000|  0%| F|  |TAMS 0x000000008a400000, 0x000000008a400000| Untracked 
| 165|0x000000008a500000, 0x000000008a500000, 0x000000008a600000|  0%| F|  |TAMS 0x000000008a500000, 0x000000008a500000| Untracked 
| 166|0x000000008a600000, 0x000000008a600000, 0x000000008a700000|  0%| F|  |TAMS 0x000000008a600000, 0x000000008a600000| Untracked 
| 167|0x000000008a700000, 0x000000008a700000, 0x000000008a800000|  0%| F|  |TAMS 0x000000008a700000, 0x000000008a700000| Untracked 
| 168|0x000000008a800000, 0x000000008a800000, 0x000000008a900000|  0%| F|  |TAMS 0x000000008a800000, 0x000000008a800000| Untracked 
| 169|0x000000008a900000, 0x000000008a900000, 0x000000008aa00000|  0%| F|  |TAMS 0x000000008a900000, 0x000000008a900000| Untracked 
| 170|0x000000008aa00000, 0x000000008aa00000, 0x000000008ab00000|  0%| F|  |TAMS 0x000000008aa00000, 0x000000008aa00000| Untracked 
| 171|0x000000008ab00000, 0x000000008ab00000, 0x000000008ac00000|  0%| F|  |TAMS 0x000000008ab00000, 0x000000008ab00000| Untracked 
| 172|0x000000008ac00000, 0x000000008ac00000, 0x000000008ad00000|  0%| F|  |TAMS 0x000000008ac00000, 0x000000008ac00000| Untracked 
| 173|0x000000008ad00000, 0x000000008ad00000, 0x000000008ae00000|  0%| F|  |TAMS 0x000000008ad00000, 0x000000008ad00000| Untracked 
| 174|0x000000008ae00000, 0x000000008ae00000, 0x000000008af00000|  0%| F|  |TAMS 0x000000008ae00000, 0x000000008ae00000| Untracked 
| 175|0x000000008af00000, 0x000000008af00000, 0x000000008b000000|  0%| F|  |TAMS 0x000000008af00000, 0x000000008af00000| Untracked 
| 176|0x000000008b000000, 0x000000008b000000, 0x000000008b100000|  0%| F|  |TAMS 0x000000008b000000, 0x000000008b000000| Untracked 
| 177|0x000000008b100000, 0x000000008b100000, 0x000000008b200000|  0%| F|  |TAMS 0x000000008b100000, 0x000000008b100000| Untracked 
| 178|0x000000008b200000, 0x000000008b200000, 0x000000008b300000|  0%| F|  |TAMS 0x000000008b200000, 0x000000008b200000| Untracked 
| 179|0x000000008b300000, 0x000000008b300000, 0x000000008b400000|  0%| F|  |TAMS 0x000000008b300000, 0x000000008b300000| Untracked 
| 180|0x000000008b400000, 0x000000008b400000, 0x000000008b500000|  0%| F|  |TAMS 0x000000008b400000, 0x000000008b400000| Untracked 
| 181|0x000000008b500000, 0x000000008b500000, 0x000000008b600000|  0%| F|  |TAMS 0x000000008b500000, 0x000000008b500000| Untracked 
| 182|0x000000008b600000, 0x000000008b600000, 0x000000008b700000|  0%| F|  |TAMS 0x000000008b600000, 0x000000008b600000| Untracked 
| 183|0x000000008b700000, 0x000000008b700000, 0x000000008b800000|  0%| F|  |TAMS 0x000000008b700000, 0x000000008b700000| Untracked 
| 184|0x000000008b800000, 0x000000008b800000, 0x000000008b900000|  0%| F|  |TAMS 0x000000008b800000, 0x000000008b800000| Untracked 
| 185|0x000000008b900000, 0x000000008b900000, 0x000000008ba00000|  0%| F|  |TAMS 0x000000008b900000, 0x000000008b900000| Untracked 
| 186|0x000000008ba00000, 0x000000008ba00000, 0x000000008bb00000|  0%| F|  |TAMS 0x000000008ba00000, 0x000000008ba00000| Untracked 
| 187|0x000000008bb00000, 0x000000008bb00000, 0x000000008bc00000|  0%| F|  |TAMS 0x000000008bb00000, 0x000000008bb00000| Untracked 
| 188|0x000000008bc00000, 0x000000008bc00000, 0x000000008bd00000|  0%| F|  |TAMS 0x000000008bc00000, 0x000000008bc00000| Untracked 
| 189|0x000000008bd00000, 0x000000008bd00000, 0x000000008be00000|  0%| F|  |TAMS 0x000000008bd00000, 0x000000008bd00000| Untracked 
| 190|0x000000008be00000, 0x000000008be00000, 0x000000008bf00000|  0%| F|  |TAMS 0x000000008be00000, 0x000000008be00000| Untracked 
| 191|0x000000008bf00000, 0x000000008bf00000, 0x000000008c000000|  0%| F|  |TAMS 0x000000008bf00000, 0x000000008bf00000| Untracked 
| 192|0x000000008c000000, 0x000000008c000000, 0x000000008c100000|  0%| F|  |TAMS 0x000000008c000000, 0x000000008c000000| Untracked 
| 193|0x000000008c100000, 0x000000008c100000, 0x000000008c200000|  0%| F|  |TAMS 0x000000008c100000, 0x000000008c100000| Untracked 
| 194|0x000000008c200000, 0x000000008c200000, 0x000000008c300000|  0%| F|  |TAMS 0x000000008c200000, 0x000000008c200000| Untracked 
| 195|0x000000008c300000, 0x000000008c300000, 0x000000008c400000|  0%| F|  |TAMS 0x000000008c300000, 0x000000008c300000| Untracked 
| 196|0x000000008c400000, 0x000000008c400000, 0x000000008c500000|  0%| F|  |TAMS 0x000000008c400000, 0x000000008c400000| Untracked 
| 197|0x000000008c500000, 0x000000008c600000, 0x000000008c600000|100%| S|CS|TAMS 0x000000008c500000, 0x000000008c500000| Complete 
| 198|0x000000008c600000, 0x000000008c700000, 0x000000008c700000|100%| S|CS|TAMS 0x000000008c600000, 0x000000008c600000| Complete 
| 199|0x000000008c700000, 0x000000008c800000, 0x000000008c800000|100%| S|CS|TAMS 0x000000008c700000, 0x000000008c700000| Complete 
| 200|0x000000008c800000, 0x000000008c900000, 0x000000008c900000|100%| S|CS|TAMS 0x000000008c800000, 0x000000008c800000| Complete 
| 201|0x000000008c900000, 0x000000008ca00000, 0x000000008ca00000|100%| S|CS|TAMS 0x000000008c900000, 0x000000008c900000| Complete 
| 202|0x000000008ca00000, 0x000000008ca00000, 0x000000008cb00000|  0%| F|  |TAMS 0x000000008ca00000, 0x000000008ca00000| Untracked 
| 203|0x000000008cb00000, 0x000000008cb00000, 0x000000008cc00000|  0%| F|  |TAMS 0x000000008cb00000, 0x000000008cb00000| Untracked 
| 204|0x000000008cc00000, 0x000000008cc00000, 0x000000008cd00000|  0%| F|  |TAMS 0x000000008cc00000, 0x000000008cc00000| Untracked 
| 205|0x000000008cd00000, 0x000000008cd00000, 0x000000008ce00000|  0%| F|  |TAMS 0x000000008cd00000, 0x000000008cd00000| Untracked 
| 206|0x000000008ce00000, 0x000000008ce00000, 0x000000008cf00000|  0%| F|  |TAMS 0x000000008ce00000, 0x000000008ce00000| Untracked 
| 207|0x000000008cf00000, 0x000000008cf00000, 0x000000008d000000|  0%| F|  |TAMS 0x000000008cf00000, 0x000000008cf00000| Untracked 
| 208|0x000000008d000000, 0x000000008d000000, 0x000000008d100000|  0%| F|  |TAMS 0x000000008d000000, 0x000000008d000000| Untracked 
| 209|0x000000008d100000, 0x000000008d100000, 0x000000008d200000|  0%| F|  |TAMS 0x000000008d100000, 0x000000008d100000| Untracked 
| 210|0x000000008d200000, 0x000000008d200000, 0x000000008d300000|  0%| F|  |TAMS 0x000000008d200000, 0x000000008d200000| Untracked 
| 211|0x000000008d300000, 0x000000008d300000, 0x000000008d400000|  0%| F|  |TAMS 0x000000008d300000, 0x000000008d300000| Untracked 
| 212|0x000000008d400000, 0x000000008d400000, 0x000000008d500000|  0%| F|  |TAMS 0x000000008d400000, 0x000000008d400000| Untracked 
| 213|0x000000008d500000, 0x000000008d500000, 0x000000008d600000|  0%| F|  |TAMS 0x000000008d500000, 0x000000008d500000| Untracked 
| 214|0x000000008d600000, 0x000000008d600000, 0x000000008d700000|  0%| F|  |TAMS 0x000000008d600000, 0x000000008d600000| Untracked 
| 215|0x000000008d700000, 0x000000008d700000, 0x000000008d800000|  0%| F|  |TAMS 0x000000008d700000, 0x000000008d700000| Untracked 
| 216|0x000000008d800000, 0x000000008d800000, 0x000000008d900000|  0%| F|  |TAMS 0x000000008d800000, 0x000000008d800000| Untracked 
| 217|0x000000008d900000, 0x000000008d900000, 0x000000008da00000|  0%| F|  |TAMS 0x000000008d900000, 0x000000008d900000| Untracked 
| 218|0x000000008da00000, 0x000000008da00000, 0x000000008db00000|  0%| F|  |TAMS 0x000000008da00000, 0x000000008da00000| Untracked 
| 219|0x000000008db00000, 0x000000008db00000, 0x000000008dc00000|  0%| F|  |TAMS 0x000000008db00000, 0x000000008db00000| Untracked 
| 220|0x000000008dc00000, 0x000000008dc00000, 0x000000008dd00000|  0%| F|  |TAMS 0x000000008dc00000, 0x000000008dc00000| Untracked 
| 221|0x000000008dd00000, 0x000000008dd00000, 0x000000008de00000|  0%| F|  |TAMS 0x000000008dd00000, 0x000000008dd00000| Untracked 
| 222|0x000000008de00000, 0x000000008de00000, 0x000000008df00000|  0%| F|  |TAMS 0x000000008de00000, 0x000000008de00000| Untracked 
| 223|0x000000008df00000, 0x000000008df00000, 0x000000008e000000|  0%| F|  |TAMS 0x000000008df00000, 0x000000008df00000| Untracked 
| 224|0x000000008e000000, 0x000000008e000000, 0x000000008e100000|  0%| F|  |TAMS 0x000000008e000000, 0x000000008e000000| Untracked 
| 225|0x000000008e100000, 0x000000008e100000, 0x000000008e200000|  0%| F|  |TAMS 0x000000008e100000, 0x000000008e100000| Untracked 
| 226|0x000000008e200000, 0x000000008e200000, 0x000000008e300000|  0%| F|  |TAMS 0x000000008e200000, 0x000000008e200000| Untracked 
| 227|0x000000008e300000, 0x000000008e300000, 0x000000008e400000|  0%| F|  |TAMS 0x000000008e300000, 0x000000008e300000| Untracked 
| 228|0x000000008e400000, 0x000000008e400000, 0x000000008e500000|  0%| F|  |TAMS 0x000000008e400000, 0x000000008e400000| Untracked 
| 229|0x000000008e500000, 0x000000008e500000, 0x000000008e600000|  0%| F|  |TAMS 0x000000008e500000, 0x000000008e500000| Untracked 
| 230|0x000000008e600000, 0x000000008e600000, 0x000000008e700000|  0%| F|  |TAMS 0x000000008e600000, 0x000000008e600000| Untracked 
| 231|0x000000008e700000, 0x000000008e700000, 0x000000008e800000|  0%| F|  |TAMS 0x000000008e700000, 0x000000008e700000| Untracked 
| 232|0x000000008e800000, 0x000000008e800000, 0x000000008e900000|  0%| F|  |TAMS 0x000000008e800000, 0x000000008e800000| Untracked 
| 233|0x000000008e900000, 0x000000008e900000, 0x000000008ea00000|  0%| F|  |TAMS 0x000000008e900000, 0x000000008e900000| Untracked 
| 234|0x000000008ea00000, 0x000000008ea00000, 0x000000008eb00000|  0%| F|  |TAMS 0x000000008ea00000, 0x000000008ea00000| Untracked 
| 235|0x000000008eb00000, 0x000000008eb00000, 0x000000008ec00000|  0%| F|  |TAMS 0x000000008eb00000, 0x000000008eb00000| Untracked 
| 236|0x000000008ec00000, 0x000000008ec00000, 0x000000008ed00000|  0%| F|  |TAMS 0x000000008ec00000, 0x000000008ec00000| Untracked 
| 237|0x000000008ed00000, 0x000000008ed00000, 0x000000008ee00000|  0%| F|  |TAMS 0x000000008ed00000, 0x000000008ed00000| Untracked 
| 238|0x000000008ee00000, 0x000000008ee00000, 0x000000008ef00000|  0%| F|  |TAMS 0x000000008ee00000, 0x000000008ee00000| Untracked 

Card table byte_map: [0x0000024127b80000,0x0000024127f80000] _byte_map_base: 0x0000024127780000

Marking Bits (Prev, Next): (CMBitMap*) 0x0000024114d45ee0, (CMBitMap*) 0x0000024114d45f20
 Prev Bits: [0x0000024128380000, 0x000002412a380000)
 Next Bits: [0x000002412a380000, 0x000002412c380000)

Polling page: 0x00000241144a0000

Metaspace:

Usage:
  Non-class:     32.34 MB used.
      Class:      3.96 MB used.
       Both:     36.30 MB used.

Virtual space:
  Non-class space:       64.00 MB reserved,      32.50 MB ( 51%) committed,  1 nodes.
      Class space:        1.00 GB reserved,       4.12 MB ( <1%) committed,  1 nodes.
             Both:        1.06 GB reserved,      36.62 MB (  3%) committed. 

Chunk freelists:
   Non-Class:  14.73 MB
       Class:  11.81 MB
        Both:  26.54 MB

MaxMetaspaceSize: unlimited
CompressedClassSpaceSize: 1.00 GB
Initial GC threshold: 21.00 MB
Current GC threshold: 60.94 MB
CDS: off
MetaspaceReclaimPolicy: balanced
 - commit_granule_bytes: 65536.
 - commit_granule_words: 8192.
 - virtual_space_node_default_size: 8388608.
 - enlarge_chunks_in_place: 1.
 - new_chunks_are_fully_committed: 0.
 - uncommit_free_chunks: 1.
 - use_allocation_guard: 0.
 - handle_deallocations: 1.


Internal statistics:

num_allocs_failed_limit: 6.
num_arena_births: 314.
num_arena_deaths: 24.
num_vsnodes_births: 2.
num_vsnodes_deaths: 0.
num_space_committed: 586.
num_space_uncommitted: 0.
num_chunks_returned_to_freelist: 41.
num_chunks_taken_from_freelist: 1372.
num_chunk_merges: 8.
num_chunk_splits: 914.
num_chunks_enlarged: 648.
num_inconsistent_stats: 0.

CodeHeap 'non-profiled nmethods': size=120000Kb used=1246Kb max_used=1246Kb free=118753Kb
 bounds [0x000002411ff20000, 0x0000024120190000, 0x0000024127450000]
CodeHeap 'profiled nmethods': size=120000Kb used=6492Kb max_used=6492Kb free=113507Kb
 bounds [0x0000024118450000, 0x0000024118ab0000, 0x000002411f980000]
CodeHeap 'non-nmethods': size=5760Kb used=1383Kb max_used=1422Kb free=4377Kb
 bounds [0x000002411f980000, 0x000002411fbf0000, 0x000002411ff20000]
 total_blobs=4183 nmethods=3465 adapters=630
 compilation: enabled
              stopped_count=0, restarted_count=0
 full_count=0

Compilation events (20 events):
Event: 4.999 Thread 0x0000024133055f10 nmethod 2536 0x0000024120054290 code [0x0000024120054460, 0x0000024120054978]
Event: 4.999 Thread 0x0000024133055f10 2872       4       java.lang.StringUTF16::charAt (11 bytes)
Event: 5.000 Thread 0x0000024133055f10 nmethod 2872 0x0000024120054d10 code [0x0000024120054e80, 0x0000024120054f18]
Event: 5.000 Thread 0x0000024133055f10 2866       4       com.oracle.js.parser.ir.Expression::<init> (7 bytes)
Event: 5.001 Thread 0x0000024133055f10 nmethod 2866 0x0000024120055010 code [0x0000024120055180, 0x0000024120055218]
Event: 5.001 Thread 0x0000024133055f10 3001       4       com.oracle.truffle.api.strings.TruffleStringFactory$ToJavaStringNodeGen$Uncached::execute (80 bytes)
Event: 5.015 Thread 0x0000024133055f10 nmethod 3001 0x0000024120055310 code [0x0000024120055540, 0x0000024120055e50]
Event: 5.015 Thread 0x0000024133055f10 3005       4       com.oracle.truffle.api.strings.TruffleString$ToJavaStringNode::doUTF16 (158 bytes)
Event: 5.021 Thread 0x0000024133057160 3584       3       org.graalvm.collections.EconomicMapImpl::compressLarge (154 bytes)
Event: 5.022 Thread 0x0000024133057160 nmethod 3584 0x0000024118aa2a10 code [0x0000024118aa2c40, 0x0000024118aa3968]
Event: 5.024 Thread 0x0000024133057160 3586       3       com.oracle.js.parser.ParserContext$NodeIterator::findNext (63 bytes)
Event: 5.024 Thread 0x0000024133057160 nmethod 3586 0x0000024118aa3d10 code [0x0000024118aa3ee0, 0x0000024118aa4348]
Event: 5.024 Thread 0x0000024133057160 3587   !   2       com.oracle.js.parser.ir.LexicalContextNode::accept (39 bytes)
Event: 5.024 Thread 0x0000024133057160 nmethod 3587 0x0000024118aa4510 code [0x0000024118aa46c0, 0x0000024118aa4938]
Event: 5.028 Thread 0x0000024133055f10 nmethod 3005 0x0000024120056690 code [0x00000241200568e0, 0x0000024120057270]
Event: 5.028 Thread 0x0000024133055f10 3585       4       com.oracle.js.parser.Lexer::valueOfIdent (174 bytes)
Event: 5.042 Thread 0x0000024133057160 3589 %     3       org.graalvm.collections.EconomicMapImpl::remove @ 104 (165 bytes)
Event: 5.043 Thread 0x0000024133057160 nmethod 3589% 0x0000024118aa4b90 code [0x0000024118aa4e00, 0x0000024118aa5c88]
Event: 5.046 Thread 0x0000024133057160 3590   !   2       com.oracle.js.parser.Parser::propertyGetterFunction (169 bytes)
Event: 5.047 Thread 0x0000024133057160 nmethod 3590 0x0000024118aa6110 code [0x0000024118aa63c0, 0x0000024118aa6da8]

GC Heap History (20 events):
Event: 1.563 GC heap after
{Heap after GC invocations=1 (full 0):
 garbage-first heap   total 131072K, used 10085K [0x0000000080000000, 0x0000000100000000)
  region size 1024K, 3 young (3072K), 3 survivors (3072K)
 Metaspace       used 16916K, committed 17088K, reserved 1114112K
  class space    used 1602K, committed 1664K, reserved 1048576K
}
Event: 1.853 GC heap before
{Heap before GC invocations=1 (full 0):
 garbage-first heap   total 131072K, used 22373K [0x0000000080000000, 0x0000000100000000)
  region size 1024K, 17 young (17408K), 3 survivors (3072K)
 Metaspace       used 21350K, committed 21504K, reserved 1114112K
  class space    used 2042K, committed 2112K, reserved 1048576K
}
Event: 1.858 GC heap after
{Heap after GC invocations=2 (full 0):
 garbage-first heap   total 131072K, used 10996K [0x0000000080000000, 0x0000000100000000)
  region size 1024K, 1 young (1024K), 1 survivors (1024K)
 Metaspace       used 21350K, committed 21504K, reserved 1114112K
  class space    used 2042K, committed 2112K, reserved 1048576K
}
Event: 2.938 GC heap before
{Heap before GC invocations=3 (full 0):
 garbage-first heap   total 131072K, used 56052K [0x0000000080000000, 0x0000000100000000)
  region size 1024K, 47 young (48128K), 1 survivors (1024K)
 Metaspace       used 35837K, committed 36096K, reserved 1114112K
  class space    used 4001K, committed 4160K, reserved 1048576K
}
Event: 2.944 GC heap after
{Heap after GC invocations=4 (full 0):
 garbage-first heap   total 131072K, used 14675K [0x0000000080000000, 0x0000000100000000)
  region size 1024K, 5 young (5120K), 5 survivors (5120K)
 Metaspace       used 35837K, committed 36096K, reserved 1114112K
  class space    used 4001K, committed 4160K, reserved 1048576K
}
Event: 3.098 GC heap before
{Heap before GC invocations=5 (full 0):
 garbage-first heap   total 131072K, used 64851K [0x0000000080000000, 0x0000000100000000)
  region size 1024K, 7 young (7168K), 5 survivors (5120K)
 Metaspace       used 35984K, committed 36224K, reserved 1114112K
  class space    used 4023K, committed 4160K, reserved 1048576K
}
Event: 3.103 GC heap after
{Heap after GC invocations=6 (full 0):
 garbage-first heap   total 131072K, used 47734K [0x0000000080000000, 0x0000000100000000)
  region size 1024K, 5 young (5120K), 5 survivors (5120K)
 Metaspace       used 35984K, committed 36224K, reserved 1114112K
  class space    used 4023K, committed 4160K, reserved 1048576K
}
Event: 3.156 GC heap before
{Heap before GC invocations=6 (full 0):
 garbage-first heap   total 131072K, used 79478K [0x0000000080000000, 0x0000000100000000)
  region size 1024K, 5 young (5120K), 5 survivors (5120K)
 Metaspace       used 35984K, committed 36224K, reserved 1114112K
  class space    used 4023K, committed 4160K, reserved 1048576K
}
Event: 3.160 GC heap after
{Heap after GC invocations=7 (full 0):
 garbage-first heap   total 131072K, used 62867K [0x0000000080000000, 0x0000000100000000)
  region size 1024K, 4 young (4096K), 4 survivors (4096K)
 Metaspace       used 35984K, committed 36224K, reserved 1114112K
  class space    used 4023K, committed 4160K, reserved 1048576K
}
Event: 3.441 GC heap before
{Heap before GC invocations=8 (full 0):
 garbage-first heap   total 162816K, used 102803K [0x0000000080000000, 0x0000000100000000)
  region size 1024K, 13 young (13312K), 4 survivors (4096K)
 Metaspace       used 36509K, committed 36864K, reserved 1114112K
  class space    used 4053K, committed 4224K, reserved 1048576K
}
Event: 3.451 GC heap after
{Heap after GC invocations=9 (full 0):
 garbage-first heap   total 211968K, used 50783K [0x0000000080000000, 0x0000000100000000)
  region size 1024K, 5 young (5120K), 5 survivors (5120K)
 Metaspace       used 36509K, committed 36864K, reserved 1114112K
  class space    used 4053K, committed 4224K, reserved 1048576K
}
Event: 4.178 GC heap before
{Heap before GC invocations=9 (full 0):
 garbage-first heap   total 211968K, used 151135K [0x0000000080000000, 0x0000000100000000)
  region size 1024K, 94 young (96256K), 5 survivors (5120K)
 Metaspace       used 36971K, committed 37312K, reserved 1114112K
  class space    used 4054K, committed 4224K, reserved 1048576K
}
Event: 4.225 GC heap after
{Heap after GC invocations=10 (full 0):
 garbage-first heap   total 211968K, used 98125K [0x0000000080000000, 0x0000000100000000)
  region size 1024K, 12 young (12288K), 12 survivors (12288K)
 Metaspace       used 36971K, committed 37312K, reserved 1114112K
  class space    used 4054K, committed 4224K, reserved 1048576K
}
Event: 4.492 GC heap before
{Heap before GC invocations=10 (full 0):
 garbage-first heap   total 211968K, used 147277K [0x0000000080000000, 0x0000000100000000)
  region size 1024K, 60 young (61440K), 12 survivors (12288K)
 Metaspace       used 37001K, committed 37312K, reserved 1114112K
  class space    used 4054K, committed 4224K, reserved 1048576K
}
Event: 4.530 GC heap after
{Heap after GC invocations=11 (full 0):
 garbage-first heap   total 211968K, used 121344K [0x0000000080000000, 0x0000000100000000)
  region size 1024K, 8 young (8192K), 8 survivors (8192K)
 Metaspace       used 37001K, committed 37312K, reserved 1114112K
  class space    used 4054K, committed 4224K, reserved 1048576K
}
Event: 4.650 GC heap before
{Heap before GC invocations=11 (full 0):
 garbage-first heap   total 211968K, used 157184K [0x0000000080000000, 0x0000000100000000)
  region size 1024K, 43 young (44032K), 8 survivors (8192K)
 Metaspace       used 37063K, committed 37440K, reserved 1114112K
  class space    used 4054K, committed 4224K, reserved 1048576K
}
Event: 4.675 GC heap after
{Heap after GC invocations=12 (full 0):
 garbage-first heap   total 211968K, used 138752K [0x0000000080000000, 0x0000000100000000)
  region size 1024K, 6 young (6144K), 6 survivors (6144K)
 Metaspace       used 37063K, committed 37440K, reserved 1114112K
  class space    used 4054K, committed 4224K, reserved 1048576K
}
Event: 4.845 GC heap before
{Heap before GC invocations=13 (full 0):
 garbage-first heap   total 244736K, used 164352K [0x0000000080000000, 0x0000000100000000)
  region size 1024K, 31 young (31744K), 6 survivors (6144K)
 Metaspace       used 37127K, committed 37504K, reserved 1114112K
  class space    used 4054K, committed 4224K, reserved 1048576K
}
Event: 4.859 GC heap after
{Heap after GC invocations=14 (full 0):
 garbage-first heap   total 244736K, used 150528K [0x0000000080000000, 0x0000000100000000)
  region size 1024K, 4 young (4096K), 4 survivors (4096K)
 Metaspace       used 37127K, committed 37504K, reserved 1114112K
  class space    used 4054K, committed 4224K, reserved 1048576K
}
Event: 5.058 GC heap before
{Heap before GC invocations=14 (full 0):
 garbage-first heap   total 244736K, used 183296K [0x0000000080000000, 0x0000000100000000)
  region size 1024K, 37 young (37888K), 4 survivors (4096K)
 Metaspace       used 37169K, committed 37504K, reserved 1114112K
  class space    used 4054K, committed 4224K, reserved 1048576K
}

Dll operation events (1 events):
Event: 0.082 Loaded shared library C:\Program Files\JetBrains\IntelliJ IDEA 2023.2.2\jbr\bin\java.dll

Deoptimization events (20 events):
Event: 3.804 Thread 0x00000241337444d0 DEOPT PACKING pc=0x0000024118905141 sp=0x00000099278fb080
Event: 3.804 Thread 0x00000241337444d0 DEOPT UNPACKING pc=0x000002411f9dace3 sp=0x00000099278fa580 mode 0
Event: 3.997 Thread 0x00000241342234e0 Uncommon trap: trap_request=0xffffff45 fr.pc=0x00000241200070c8 relative=0x0000000000001d48
Event: 3.997 Thread 0x00000241342234e0 Uncommon trap: reason=unstable_if action=reinterpret pc=0x00000241200070c8 method=com.oracle.js.parser.Parser.arrayLiteral(ZZLcom/oracle/js/parser/CoverExpressionError;)Lcom/oracle/js/parser/ir/LiteralNode; @ 91 c2
Event: 3.997 Thread 0x00000241342234e0 DEOPT PACKING pc=0x00000241200070c8 sp=0x0000009928cfb380
Event: 3.998 Thread 0x00000241342234e0 DEOPT UNPACKING pc=0x000002411f9da1a3 sp=0x0000009928cfb360 mode 2
Event: 4.026 Thread 0x00000241342234e0 DEOPT PACKING pc=0x000002411897d5a7 sp=0x0000009928cfb640
Event: 4.026 Thread 0x00000241342234e0 DEOPT UNPACKING pc=0x000002411f9dace3 sp=0x0000009928cfab20 mode 0
Event: 4.053 Thread 0x00000241337444d0 DEOPT PACKING pc=0x0000024118a06c95 sp=0x00000099278fb1d0
Event: 4.053 Thread 0x00000241337444d0 DEOPT UNPACKING pc=0x000002411f9dace3 sp=0x00000099278fa6a0 mode 0
Event: 4.560 Thread 0x00000241337433f0 DEOPT PACKING pc=0x0000024118a033c2 sp=0x00000099277fb760
Event: 4.560 Thread 0x00000241337433f0 DEOPT UNPACKING pc=0x000002411f9dace3 sp=0x00000099277fac88 mode 0
Event: 4.627 Thread 0x00000241337444d0 Uncommon trap: trap_request=0xffffff45 fr.pc=0x000002412000d6b4 relative=0x00000000000021b4
Event: 4.627 Thread 0x00000241337444d0 Uncommon trap: reason=unstable_if action=reinterpret pc=0x000002412000d6b4 method=java.util.HashMap.getNode(Ljava/lang/Object;)Ljava/util/HashMap$Node; @ 131 c2
Event: 4.627 Thread 0x00000241337444d0 DEOPT PACKING pc=0x000002412000d6b4 sp=0x00000099278f9bf0
Event: 4.627 Thread 0x00000241337444d0 DEOPT UNPACKING pc=0x000002411f9da1a3 sp=0x00000099278f9a38 mode 2
Event: 4.867 Thread 0x00000241337444d0 Uncommon trap: trap_request=0xffffff45 fr.pc=0x0000024120049cb0 relative=0x00000000000025f0
Event: 4.867 Thread 0x00000241337444d0 Uncommon trap: reason=unstable_if action=reinterpret pc=0x0000024120049cb0 method=java.util.HashMap.putVal(ILjava/lang/Object;Ljava/lang/Object;ZZ)Ljava/lang/Object; @ 206 c2
Event: 4.867 Thread 0x00000241337444d0 DEOPT PACKING pc=0x0000024120049cb0 sp=0x00000099278f7050
Event: 4.867 Thread 0x00000241337444d0 DEOPT UNPACKING pc=0x000002411f9da1a3 sp=0x00000099278f6e70 mode 2

Classes unloaded (12 events):
Event: 4.749 Thread 0x000002412edf0a00 Unloading class 0x0000000100280400 'jdk/internal/reflect/GeneratedSerializationConstructorAccessor16'
Event: 4.749 Thread 0x000002412edf0a00 Unloading class 0x0000000100269c00 'jdk/internal/reflect/GeneratedSerializationConstructorAccessor14'
Event: 4.749 Thread 0x000002412edf0a00 Unloading class 0x0000000100269400 'jdk/internal/reflect/GeneratedSerializationConstructorAccessor12'
Event: 4.749 Thread 0x000002412edf0a00 Unloading class 0x0000000100268c00 'jdk/internal/reflect/GeneratedSerializationConstructorAccessor9'
Event: 4.749 Thread 0x000002412edf0a00 Unloading class 0x0000000100268400 'jdk/internal/reflect/GeneratedSerializationConstructorAccessor8'
Event: 4.749 Thread 0x000002412edf0a00 Unloading class 0x0000000100265800 'jdk/internal/reflect/GeneratedSerializationConstructorAccessor5'
Event: 4.749 Thread 0x000002412edf0a00 Unloading class 0x0000000100264400 'jdk/internal/reflect/GeneratedSerializationConstructorAccessor2'
Event: 4.749 Thread 0x000002412edf0a00 Unloading class 0x0000000100252400 'java/lang/invoke/LambdaForm$MH+0x0000000100252400'
Event: 4.749 Thread 0x000002412edf0a00 Unloading class 0x0000000100252000 'java/lang/invoke/LambdaForm$DMH+0x0000000100252000'
Event: 4.749 Thread 0x000002412edf0a00 Unloading class 0x0000000100251400 'java/lang/invoke/LambdaForm$DMH+0x0000000100251400'
Event: 4.749 Thread 0x000002412edf0a00 Unloading class 0x0000000100250c00 'java/lang/invoke/LambdaForm$DMH+0x0000000100250c00'
Event: 4.749 Thread 0x000002412edf0a00 Unloading class 0x00000001001b8000 'java/lang/invoke/LambdaForm$DMH+0x00000001001b8000'

Classes redefined (0 events):
No events

Internal exceptions (20 events):
Event: 2.103 Thread 0x0000024134225340 Exception <a 'java/lang/NoSuchMethodError'{0x0000000087308a00}: 'java.lang.Object java.lang.invoke.DirectMethodHandle$Holder.newInvokeSpecial(java.lang.Object, java.lang.Object, int, java.lang.Object, long)'> (0x0000000087308a00) 
thrown [s\src\hotspot\share\interpreter\linkResolver.cpp, line 771]
Event: 2.330 Thread 0x0000024134225d60 Exception <a 'java/lang/ClassNotFoundException'{0x0000000086a04db8}: sun/util/logging/resources/spi/loggingProvider> (0x0000000086a04db8) 
thrown [s\src\hotspot\share\classfile\systemDictionary.cpp, line 256]
Event: 2.494 Thread 0x0000024134225d60 Exception <a 'java/lang/NoSuchMethodError'{0x000000008650ac60}: 'void java.lang.invoke.DirectMethodHandle$Holder.invokeStatic(java.lang.Object, int, java.lang.Object)'> (0x000000008650ac60) 
thrown [s\src\hotspot\share\interpreter\linkResolver.cpp, line 771]
Event: 2.612 Thread 0x0000024134225d60 Exception <a 'java/lang/NoSuchMethodError'{0x0000000085f16a60}: 'java.lang.Object java.lang.invoke.DirectMethodHandle$Holder.invokeVirtual(java.lang.Object, java.lang.Object, java.lang.Object)'> (0x0000000085f16a60) 
thrown [s\src\hotspot\share\interpreter\linkResolver.cpp, line 771]
Event: 2.636 Thread 0x0000024134225d60 Exception <a 'java/lang/NoSuchMethodError'{0x0000000085e646f0}: 'long java.lang.invoke.DirectMethodHandle$Holder.invokeStatic(java.lang.Object)'> (0x0000000085e646f0) 
thrown [s\src\hotspot\share\interpreter\linkResolver.cpp, line 771]
Event: 2.692 Thread 0x0000024134224920 Exception <a 'java/lang/reflect/InvocationTargetException'{0x0000000085ff9818}> (0x0000000085ff9818) 
thrown [s\src\hotspot\share\runtime\reflection.cpp, line 1127]
Event: 2.692 Thread 0x0000024134224e30 Exception <a 'java/lang/reflect/InvocationTargetException'{0x0000000085e4b270}> (0x0000000085e4b270) 
thrown [s\src\hotspot\share\runtime\reflection.cpp, line 1127]
Event: 2.743 Thread 0x0000024134224920 Exception <a 'java/lang/NoSuchMethodError'{0x0000000085c3d1e0}: 'void java.lang.invoke.DirectMethodHandle$Holder.invokeVirtual(java.lang.Object, java.lang.Object)'> (0x0000000085c3d1e0) 
thrown [s\src\hotspot\share\interpreter\linkResolver.cpp, line 771]
Event: 2.759 Thread 0x0000024134225d60 Implicit null exception at 0x000002411ff4d9f2 to 0x000002411ff4e034
Event: 2.798 Thread 0x0000024134225d60 Exception <a 'java/lang/NoSuchMethodError'{0x00000000857323e0}: 'java.lang.Object java.lang.invoke.DirectMethodHandle$Holder.invokeInterface(java.lang.Object, java.lang.Object)'> (0x00000000857323e0) 
thrown [s\src\hotspot\share\interpreter\linkResolver.cpp, line 771]
Event: 2.800 Thread 0x0000024134225d60 Exception <a 'java/lang/NoSuchMethodError'{0x000000008574d1d0}: 'java.lang.Object java.lang.invoke.DirectMethodHandle$Holder.newInvokeSpecial(java.lang.Object, java.lang.Object, java.lang.Object, java.lang.Object, java.lang.Object, java.lang.Object, java.lang.Object, java.lang.Object)'> (0x000000008574d1d0) 
thrown [s\src\hotspot\share\interpreter\linkResolver.cpp, line 771]
Event: 2.800 Thread 0x0000024134225d60 Exception <a 'java/lang/NoSuchMethodError'{0x0000000085752540}: 'java.lang.Object java.lang.invoke.DirectMethodHandle$Holder.invokeSpecial(java.lang.Object, java.lang.Object, java.lang.Object, java.lang.Object, java.lang.Object, java.lang.Object, java.lang.Object, java.lang.Object, java.lang.Object)'> (0x0000000085752540) 
thrown [s\src\hotspot\share\interpreter\linkResolver.cpp, line 771]
Event: 2.801 Thread 0x0000024134225d60 Exception <a 'java/lang/NoSuchMethodError'{0x00000000857571c8}: 'java.lang.Object java.lang.invoke.Invokers$Holder.linkToTargetMethod(java.lang.Object, java.lang.Object, java.lang.Object, java.lang.Object, java.lang.Object, java.lang.Object, java.lang.Object, java.lang.Object)'> (0x00000000857571c8) 
thrown [s\src\hotspot\share\interpreter\linkResolver.cpp, line 771]
Event: 2.811 Thread 0x0000024134225d60 Exception <a 'java/lang/NoSuchMethodError'{0x0000000085795360}: 'java.lang.Object java.lang.invoke.DirectMethodHandle$Holder.newInvokeSpecial(java.lang.Object, java.lang.Object, java.lang.Object, java.lang.Object, java.lang.Object, java.lang.Object, java.lang.Object)'> (0x0000000085795360) 
thrown [s\src\hotspot\share\interpreter\linkResolver.cpp, line 771]
Event: 2.811 Thread 0x0000024134225d60 Exception <a 'java/lang/NoSuchMethodError'{0x0000000085799c70}: 'java.lang.Object java.lang.invoke.Invokers$Holder.linkToTargetMethod(java.lang.Object, java.lang.Object, java.lang.Object, java.lang.Object, java.lang.Object, java.lang.Object, java.lang.Object)'> (0x0000000085799c70) 
thrown [s\src\hotspot\share\interpreter\linkResolver.cpp, line 771]
Event: 2.811 Thread 0x0000024134225d60 Exception <a 'java/lang/NoSuchMethodError'{0x000000008579dcf0}: 'java.lang.Object java.lang.invoke.DirectMethodHandle$Holder.invokeStatic(java.lang.Object, int, java.lang.Object, java.lang.Object)'> (0x000000008579dcf0) 
thrown [s\src\hotspot\share\interpreter\linkResolver.cpp, line 771]
Event: 2.812 Thread 0x0000024134225d60 Exception <a 'java/lang/NoSuchMethodError'{0x00000000857a4e58}: 'java.lang.Object java.lang.invoke.DirectMethodHandle$Holder.newInvokeSpecial(java.lang.Object, int, java.lang.Object)'> (0x00000000857a4e58) 
thrown [s\src\hotspot\share\interpreter\linkResolver.cpp, line 771]
Event: 2.815 Thread 0x0000024134225d60 Exception <a 'java/lang/NoSuchMethodError'{0x00000000857bc198}: 'java.lang.Object java.lang.invoke.DirectMethodHandle$Holder.invokeInterface(java.lang.Object, java.lang.Object, java.lang.Object)'> (0x00000000857bc198) 
thrown [s\src\hotspot\share\interpreter\linkResolver.cpp, line 771]
Event: 2.836 Thread 0x0000024134225d60 Exception <a 'java/lang/reflect/InvocationTargetException'{0x0000000085652f40}> (0x0000000085652f40) 
thrown [s\src\hotspot\share\runtime\reflection.cpp, line 1127]
Event: 2.875 Thread 0x0000024134225d60 Exception <a 'java/lang/NoSuchMethodError'{0x0000000085301728}: 'java.lang.Object java.lang.invoke.DirectMethodHandle$Holder.newInvokeSpecial(java.lang.Object, java.lang.Object, int)'> (0x0000000085301728) 
thrown [s\src\hotspot\share\interpreter\linkResolver.cpp, line 771]

VM Operations (20 events):
Event: 3.160 Executing VM operation: G1TryInitiateConcMark done
Event: 3.166 Executing VM operation: G1PauseRemark
Event: 3.181 Executing VM operation: G1PauseRemark done
Event: 3.183 Executing VM operation: G1PauseCleanup
Event: 3.183 Executing VM operation: G1PauseCleanup done
Event: 3.441 Executing VM operation: G1TryInitiateConcMark
Event: 3.460 Executing VM operation: G1TryInitiateConcMark done
Event: 4.155 Executing VM operation: G1CollectForAllocation
Event: 4.225 Executing VM operation: G1CollectForAllocation done
Event: 4.489 Executing VM operation: G1CollectForAllocation
Event: 4.530 Executing VM operation: G1CollectForAllocation done
Event: 4.650 Executing VM operation: G1CollectForAllocation
Event: 4.677 Executing VM operation: G1CollectForAllocation done
Event: 4.748 Executing VM operation: G1PauseRemark
Event: 4.756 Executing VM operation: G1PauseRemark done
Event: 4.791 Executing VM operation: G1PauseCleanup
Event: 4.791 Executing VM operation: G1PauseCleanup done
Event: 4.844 Executing VM operation: G1CollectForAllocation
Event: 4.860 Executing VM operation: G1CollectForAllocation done
Event: 5.058 Executing VM operation: G1CollectForAllocation

Events (20 events):
Event: 2.822 loading class java/util/stream/ReduceOps$2 done
Event: 2.822 loading class java/util/stream/ReduceOps$2ReducingSink
Event: 2.823 loading class java/util/stream/ReduceOps$2ReducingSink done
Event: 2.856 loading class java/util/UUID$Holder
Event: 2.856 loading class java/util/UUID$Holder done
Event: 2.860 Thread 0x0000024133caefe0 Thread exited: 0x0000024133caefe0
Event: 2.872 loading class java/util/regex/Pattern$Bound
Event: 2.872 loading class java/util/regex/Pattern$Bound done
Event: 2.875 loading class sun/invoke/util/VerifyAccess$1
Event: 2.875 loading class sun/invoke/util/VerifyAccess$1 done
Event: 2.928 loading class java/util/AbstractList$RandomAccessSubList
Event: 2.928 loading class java/util/AbstractList$SubList
Event: 2.928 loading class java/util/AbstractList$SubList done
Event: 2.928 loading class java/util/AbstractList$RandomAccessSubList done
Event: 2.928 loading class java/util/AbstractList$SubList$1
Event: 2.928 loading class java/util/AbstractList$SubList$1 done
Event: 2.958 loading class java/time/temporal/UnsupportedTemporalTypeException
Event: 2.958 loading class java/time/temporal/UnsupportedTemporalTypeException done
Event: 4.810 loading class jdk/internal/math/FDBigInteger
Event: 4.810 loading class jdk/internal/math/FDBigInteger done


Dynamic libraries:
0x00007ff6c4d30000 - 0x00007ff6c4d3a000 	C:\Program Files\JetBrains\IntelliJ IDEA 2023.2.2\jbr\bin\java.exe
0x00007ffb03d10000 - 0x00007ffb03f27000 	C:\WINDOWS\SYSTEM32\ntdll.dll
0x00007ffb02010000 - 0x00007ffb020d4000 	C:\WINDOWS\System32\KERNEL32.DLL
0x00007ffb01080000 - 0x00007ffb01426000 	C:\WINDOWS\System32\KERNELBASE.dll
0x00007ffb01910000 - 0x00007ffb01a21000 	C:\WINDOWS\System32\ucrtbase.dll
0x00007ffae9280000 - 0x00007ffae9297000 	C:\Program Files\JetBrains\IntelliJ IDEA 2023.2.2\jbr\bin\jli.dll
0x00007ffab8000000 - 0x00007ffab801b000 	C:\Program Files\JetBrains\IntelliJ IDEA 2023.2.2\jbr\bin\VCRUNTIME140.dll
0x00007ffb03870000 - 0x00007ffb03a1e000 	C:\WINDOWS\System32\USER32.dll
0x00007ffb01a30000 - 0x00007ffb01a56000 	C:\WINDOWS\System32\win32u.dll
0x00007ffae99a0000 - 0x00007ffae9c33000 	C:\WINDOWS\WinSxS\amd64_microsoft.windows.common-controls_6595b64144ccf1df_6.0.22621.2506_none_270c5ae97388e100\COMCTL32.dll
0x00007ffb01fe0000 - 0x00007ffb02009000 	C:\WINDOWS\System32\GDI32.dll
0x00007ffb03c20000 - 0x00007ffb03cc7000 	C:\WINDOWS\System32\msvcrt.dll
0x00007ffb016d0000 - 0x00007ffb017e8000 	C:\WINDOWS\System32\gdi32full.dll
0x00007ffb01870000 - 0x00007ffb0190a000 	C:\WINDOWS\System32\msvcp_win.dll
0x00007ffb027e0000 - 0x00007ffb02811000 	C:\WINDOWS\System32\IMM32.DLL
0x00007ffae9480000 - 0x00007ffae948c000 	C:\Program Files\JetBrains\IntelliJ IDEA 2023.2.2\jbr\bin\vcruntime140_1.dll
0x00007ffaacdc0000 - 0x00007ffaace4d000 	C:\Program Files\JetBrains\IntelliJ IDEA 2023.2.2\jbr\bin\msvcp140.dll
0x00007ffa95fe0000 - 0x00007ffa96c63000 	C:\Program Files\JetBrains\IntelliJ IDEA 2023.2.2\jbr\bin\server\jvm.dll
0x00007ffb037b0000 - 0x00007ffb03861000 	C:\WINDOWS\System32\ADVAPI32.dll
0x00007ffb03700000 - 0x00007ffb037a5000 	C:\WINDOWS\System32\sechost.dll
0x00007ffb01d30000 - 0x00007ffb01e47000 	C:\WINDOWS\System32\RPCRT4.dll
0x00007ffb00da0000 - 0x00007ffb00ded000 	C:\WINDOWS\SYSTEM32\POWRPROF.dll
0x00007ffadf4d0000 - 0x00007ffadf4d9000 	C:\WINDOWS\SYSTEM32\WSOCK32.dll
0x00007ffb01a90000 - 0x00007ffb01b01000 	C:\WINDOWS\System32\WS2_32.dll
0x00007ffaf6aa0000 - 0x00007ffaf6ad4000 	C:\WINDOWS\SYSTEM32\WINMM.dll
0x00007ffaf5ee0000 - 0x00007ffaf5eea000 	C:\WINDOWS\SYSTEM32\VERSION.dll
0x00007ffb00d80000 - 0x00007ffb00d93000 	C:\WINDOWS\SYSTEM32\UMPDC.dll
0x00007ffb00040000 - 0x00007ffb00058000 	C:\WINDOWS\SYSTEM32\kernel.appcore.dll
0x00007ffafdbc0000 - 0x00007ffafdbca000 	C:\Program Files\JetBrains\IntelliJ IDEA 2023.2.2\jbr\bin\jimage.dll
0x00007ffafe780000 - 0x00007ffafe9b3000 	C:\WINDOWS\SYSTEM32\DBGHELP.DLL
0x00007ffb02450000 - 0x00007ffb027d9000 	C:\WINDOWS\System32\combase.dll
0x00007ffb02370000 - 0x00007ffb02447000 	C:\WINDOWS\System32\OLEAUT32.dll
0x00007ffae19b0000 - 0x00007ffae19e2000 	C:\WINDOWS\SYSTEM32\dbgcore.DLL
0x00007ffb017f0000 - 0x00007ffb0186a000 	C:\WINDOWS\System32\bcryptPrimitives.dll
0x00007ffae7930000 - 0x00007ffae7955000 	C:\Program Files\JetBrains\IntelliJ IDEA 2023.2.2\jbr\bin\java.dll
0x00007ffaef420000 - 0x00007ffaef438000 	C:\Program Files\JetBrains\IntelliJ IDEA 2023.2.2\jbr\bin\zip.dll
0x00007ffb02820000 - 0x00007ffb0307a000 	C:\WINDOWS\System32\SHELL32.dll
0x00007ffafef50000 - 0x00007ffaff846000 	C:\WINDOWS\SYSTEM32\windows.storage.dll
0x00007ffafee10000 - 0x00007ffafef4e000 	C:\WINDOWS\SYSTEM32\wintypes.dll
0x00007ffb03600000 - 0x00007ffb036f3000 	C:\WINDOWS\System32\SHCORE.dll
0x00007ffb02300000 - 0x00007ffb0235e000 	C:\WINDOWS\System32\shlwapi.dll
0x00007ffb00fb0000 - 0x00007ffb00fd6000 	C:\WINDOWS\SYSTEM32\profapi.dll
0x00007ffaea2a0000 - 0x00007ffaea2b9000 	C:\Program Files\JetBrains\IntelliJ IDEA 2023.2.2\jbr\bin\net.dll
0x00007ffafb1d0000 - 0x00007ffafb307000 	C:\WINDOWS\SYSTEM32\WINHTTP.dll
0x00007ffb004b0000 - 0x00007ffb00519000 	C:\WINDOWS\system32\mswsock.dll
0x00007ffae97c0000 - 0x00007ffae97d6000 	C:\Program Files\JetBrains\IntelliJ IDEA 2023.2.2\jbr\bin\nio.dll
0x00007ffaffab0000 - 0x00007ffaffadd000 	C:\WINDOWS\SYSTEM32\IPHLPAPI.DLL
0x00007ffb022f0000 - 0x00007ffb022f9000 	C:\WINDOWS\System32\NSI.dll
0x00007ffafb0f0000 - 0x00007ffafb109000 	C:\WINDOWS\SYSTEM32\dhcpcsvc6.DLL
0x00007ffafa9b0000 - 0x00007ffafa9cf000 	C:\WINDOWS\SYSTEM32\dhcpcsvc.DLL
0x00007ffaffb20000 - 0x00007ffaffc19000 	C:\WINDOWS\SYSTEM32\DNSAPI.dll
0x00007ffb00800000 - 0x00007ffb0081b000 	C:\WINDOWS\SYSTEM32\CRYPTSP.dll
0x00007ffafffa0000 - 0x00007ffafffd5000 	C:\WINDOWS\system32\rsaenh.dll
0x00007ffb00550000 - 0x00007ffb0057c000 	C:\WINDOWS\SYSTEM32\USERENV.dll
0x00007ffb00920000 - 0x00007ffb00948000 	C:\WINDOWS\SYSTEM32\bcrypt.dll
0x00007ffb007e0000 - 0x00007ffb007ec000 	C:\WINDOWS\SYSTEM32\CRYPTBASE.dll
0x00007ffae7c30000 - 0x00007ffae7c37000 	C:\Program Files\JetBrains\IntelliJ IDEA 2023.2.2\jbr\bin\rmi.dll
0x00007ffaf5780000 - 0x00007ffaf578a000 	C:\Windows\System32\rasadhlp.dll
0x00007ffaf5c90000 - 0x00007ffaf5d13000 	C:\WINDOWS\System32\fwpuclnt.dll

dbghelp: loaded successfully - version: 4.0.5 - missing functions: none
symbol engine: initialized successfully - sym options: 0x614 - pdb path: .;C:\Program Files\JetBrains\IntelliJ IDEA 2023.2.2\jbr\bin;C:\WINDOWS\SYSTEM32;C:\WINDOWS\WinSxS\amd64_microsoft.windows.common-controls_6595b64144ccf1df_6.0.22621.2506_none_270c5ae97388e100;C:\Program Files\JetBrains\IntelliJ IDEA 2023.2.2\jbr\bin\server

VM Arguments:
jvm_args: -Djava.rmi.server.hostname=127.0.0.1 -Duser.timezone=UTC -Xmx2048m -Xms128m -Djna.boot.library.path=C:\Program Files\JetBrains\IntelliJ IDEA 2023.2.2/lib/jna/amd64 -Djna.nosys=true -Djna.noclasspath=true -Djdbc.classpath=C:\Program Files\JetBrains\IntelliJ IDEA 2023.2.2\plugins\DatabaseTools\lib\jdbc-console.jar;C:\Users\Aziz\AppData\Roaming\JetBrains\IntelliJIdea2023.2\jdbc-drivers\MongoDB\1.18\mongo-jdbc-standalone-1.18.jar --add-exports=java.desktop/sun.awt=ALL-UNNAMED --add-exports=java.desktop/java.awt.peer=ALL-UNNAMED --add-opens=java.desktop/java.awt=ALL-UNNAMED --add-opens=jdk.unsupported/sun.misc=ALL-UNNAMED --add-opens=java.base/java.nio=ALL-UNNAMED --add-opens=java.base/java.util=ALL-UNNAMED -Dfile.encoding=UTF-8 
java_command: com.intellij.database.remote.RemoteJdbcServer com.dbschema.MongoJdbcDriver
java_class_path (initial): C:\Program Files\JetBrains\IntelliJ IDEA 2023.2.2\lib\util_rt.jar;C:\Program Files\JetBrains\IntelliJ IDEA 2023.2.2\lib\util-8.jar;C:\Program Files\JetBrains\IntelliJ IDEA 2023.2.2\lib\groovy.jar;C:\Program Files\JetBrains\IntelliJ IDEA 2023.2.2\plugins\DatabaseTools\lib\jdbc-console.jar;C:\Program Files\JetBrains\IntelliJ IDEA 2023.2.2\plugins\grid-core-impl\lib\jdbc-console-types.jar;C:\Program Files\JetBrains\IntelliJ IDEA 2023.2.2\lib\util.jar;C:\Program Files\JetBrains\IntelliJ IDEA 2023.2.2\lib\bouncy-castle.jar
Launcher Type: SUN_STANDARD

[Global flags]
     intx CICompilerCount                          = 4                                         {product} {ergonomic}
     uint ConcGCThreads                            = 2                                         {product} {ergonomic}
     uint G1ConcRefinementThreads                  = 8                                         {product} {ergonomic}
   size_t G1HeapRegionSize                         = 1048576                                   {product} {ergonomic}
    uintx GCDrainStackTargetSize                   = 64                                        {product} {ergonomic}
   size_t InitialHeapSize                          = 134217728                                 {product} {command line}
   size_t MarkStackSize                            = 4194304                                   {product} {ergonomic}
   size_t MaxHeapSize                              = 2147483648                                {product} {command line}
   size_t MaxNewSize                               = 1287651328                                {product} {ergonomic}
   size_t MinHeapDeltaBytes                        = 1048576                                   {product} {ergonomic}
   size_t MinHeapSize                              = 134217728                                 {product} {command line}
    uintx NonNMethodCodeHeapSize                   = 5839372                                {pd product} {ergonomic}
    uintx NonProfiledCodeHeapSize                  = 122909434                              {pd product} {ergonomic}
    uintx ProfiledCodeHeapSize                     = 122909434                              {pd product} {ergonomic}
    uintx ReservedCodeCacheSize                    = 251658240                              {pd product} {ergonomic}
     bool SegmentedCodeCache                       = true                                      {product} {ergonomic}
   size_t SoftMaxHeapSize                          = 2147483648                             {manageable} {ergonomic}
     bool UseCompressedClassPointers               = true                           {product lp64_product} {ergonomic}
     bool UseCompressedOops                        = true                           {product lp64_product} {ergonomic}
     bool UseG1GC                                  = true                                      {product} {ergonomic}
     bool UseLargePagesIndividualAllocation        = false                                  {pd product} {ergonomic}

Logging:
Log output configuration:
 #0: stdout all=warning uptime,level,tags
 #1: stderr all=off uptime,level,tags

Environment Variables:
PATH=C:\Program Files\Common Files\Oracle\Java\javapath;C:\WINDOWS\system32;C:\WINDOWS;C:\WINDOWS\System32\Wbem;C:\WINDOWS\System32\WindowsPowerShell\v1.0\;C:\WINDOWS\System32\OpenSSH\;C:\Program Files\dotnet\;C:\Program Files\Git\cmd;C:\xampp\php;C:\composer;;C:\Program Files\nodejs\;C:\Program Files\Docker\Docker\resources\bin;C:\Program Files\Microsoft SQL Server\150\Tools\Binn\;C:\Users\Aziz\AppData\Local\Microsoft\WindowsApps;C:\Users\Aziz\AppData\Local\Programs\Microsoft VS Code\bin;C:\Users\Aziz\AppData\Roaming\Composer\vendor\bin;C:\xampp\php;C:\Users\Aziz\AppData\Roaming\npm;C:\Users\Aziz\Downloads\apache-maven-3.9.5-bin (1)\apache-maven-3.9.5\bin
USERNAME=Aziz
OS=Windows_NT
PROCESSOR_IDENTIFIER=Intel64 Family 6 Model 140 Stepping 1, GenuineIntel
TMP=C:\Users\Aziz\AppData\Local\Temp
TEMP=C:\Users\Aziz\AppData\Local\Temp


JNI global refs:
JNI global refs: 18, weak refs: 95

JNI global refs memory usage: 843, weak refs: 1473

OOME stack traces (most recent first):
Classloader memory used:
Loader com.intellij.database.remote.jdbc.impl.JdbcClassLoader$JdbcClassLoaderImpl      : 2562K
Loader bootstrap                                                                       : 1901K
Loader jdk.internal.loader.ClassLoaders$AppClassLoader                                 : 138K
Loader jdk.internal.loader.ClassLoaders$PlatformClassLoader                            : 35800B
Loader jdk.internal.reflect.DelegatingClassLoader                                      : 8995B


---------------  S Y S T E M  ---------------

OS:
 Windows 11 , 64 bit Build 22621 (10.0.22621.2506)
OS uptime: 2 days 1:36 hours
Hyper-V role detected

CPU: total 8 (initial active 8) (4 cores per cpu, 2 threads per core) family 6 model 140 stepping 1 microcode 0xb4, cx8, cmov, fxsr, ht, mmx, 3dnowpref, sse, sse2, sse3, ssse3, sse4.1, sse4.2, popcnt, lzcnt, tsc, tscinvbit, avx, avx2, aes, erms, clmul, bmi1, bmi2, adx, avx512f, avx512dq, avx512cd, avx512bw, avx512vl, sha, fma, vzeroupper, avx512_vpopcntdq, avx512_vpclmulqdq, avx512_vaes, avx512_vnni, clflush, clflushopt, clwb, avx512_vbmi2, avx512_vbmi, hv
Processor Information for all 8 processors :
  Max Mhz: 1382, Current Mhz: 1382, Mhz Limit: 1382

Memory: 4k page, system-wide physical 7589M (286M free)
TotalPageFile size 19589M (AvailPageFile size 217M)
current process WorkingSet (physical memory assigned to process): 351M, peak: 351M
current process commit charge ("private bytes"): 387M, peak: 627M

vm_info: OpenJDK 64-Bit Server VM (17.0.8+7-b1000.22) for windows-amd64 JRE (17.0.8+7-b1000.22), built on 2023-09-02 by "builduser" with MS VC++ 16.10 / 16.11 (VS2019)

END.
