#
# There is insufficient memory for the Java Runtime Environment to continue.
# Native memory allocation (mmap) failed to map 458227712 bytes for G1 virtual space
# Possible reasons:
#   The system is out of physical RAM or swap space
#   The process is running with CompressedOops enabled, and the Java Heap may be blocking the growth of the native heap
# Possible solutions:
#   Reduce memory load on the system
#   Increase physical memory or swap space
#   Check if swap backing store is full
#   Decrease Java heap size (-Xmx/-Xms)
#   Decrease number of Java threads
#   Decrease Java thread stack sizes (-Xss)
#   Set larger code cache with -XX:ReservedCodeCacheSize=
#   JVM is running with Unscaled Compressed Oops mode in which the Java heap is
#     placed in the first 4GB address space. The Java Heap base address is the
#     maximum limit for the native heap growth. Please use -XX:HeapBaseMinAddress
#     to set the Java Heap base and to place the Java Heap above 4GB virtual address.
# This output file may be truncated or incomplete.
#
#  Out of Memory Error (os_windows.cpp:3829), pid=18456, tid=6916
#
# JRE version: OpenJDK Runtime Environment JBR-17.0.8+7-1000.22-jcef (17.0.8+7) (build 17.0.8+7-b1000.22)
# Java VM: OpenJDK 64-Bit Server VM JBR-17.0.8+7-1000.22-jcef (17.0.8+7-b1000.22, mixed mode, tiered, compressed oops, compressed class ptrs, g1 gc, windows-amd64)
# No core dump will be written. Minidumps are not enabled by default on client versions of Windows
#

---------------  S U M M A R Y ------------

Command Line: -Djava.rmi.server.hostname=127.0.0.1 -Duser.timezone=UTC -Xmx2048m -Xms128m -Djna.boot.library.path=C:\Program Files\JetBrains\IntelliJ IDEA 2023.2.2/lib/jna/amd64 -Djna.nosys=true -Djna.noclasspath=true -Djdbc.classpath=C:\Program Files\JetBrains\IntelliJ IDEA 2023.2.2\plugins\DatabaseTools\lib\jdbc-console.jar;C:\Users\Aziz\AppData\Roaming\JetBrains\IntelliJIdea2023.2\jdbc-drivers\MongoDB\1.18\mongo-jdbc-standalone-1.18.jar --add-exports=java.desktop/sun.awt=ALL-UNNAMED --add-exports=java.desktop/java.awt.peer=ALL-UNNAMED --add-opens=java.desktop/java.awt=ALL-UNNAMED --add-opens=jdk.unsupported/sun.misc=ALL-UNNAMED --add-opens=java.base/java.nio=ALL-UNNAMED --add-opens=java.base/java.util=ALL-UNNAMED -Dfile.encoding=UTF-8 com.intellij.database.remote.RemoteJdbcServer com.dbschema.MongoJdbcDriver

Host: 11th Gen Intel(R) Core(TM) i5-1135G7 @ 2.40GHz, 8 cores, 7G,  Windows 11 , 64 bit Build 22621 (10.0.22621.2506)
Time: Thu Dec 28 16:04:21 2023 Maroc (heure d64 bit Build 22621 (10.0.22621.2506) elapsed time: 4.342602 seconds (0d 0h 0m 4s)

---------------  T H R E A D  ---------------

Current thread (0x00000232d2a77d10):  VMThread "VM Thread" [stack: 0x0000007e88f00000,0x0000007e89000000] [id=6916]

Stack: [0x0000007e88f00000,0x0000007e89000000]
Native frames: (J=compiled Java code, j=interpreted, Vv=VM code, C=native code)
V  [jvm.dll+0x6852da]
V  [jvm.dll+0x844c84]
V  [jvm.dll+0x84659e]
V  [jvm.dll+0x846c03]
V  [jvm.dll+0x24b7cf]
V  [jvm.dll+0x682049]
V  [jvm.dll+0x67671a]
V  [jvm.dll+0x30be2b]
V  [jvm.dll+0x3132d6]
V  [jvm.dll+0x36302e]
V  [jvm.dll+0x36325f]
V  [jvm.dll+0x2e1f48]
V  [jvm.dll+0x2e0124]
V  [jvm.dll+0x2df72c]
V  [jvm.dll+0x32427b]
V  [jvm.dll+0x84b2eb]
V  [jvm.dll+0x84c024]
V  [jvm.dll+0x84c53d]
V  [jvm.dll+0x84c914]
V  [jvm.dll+0x84c9e0]
V  [jvm.dll+0x7f415a]
V  [jvm.dll+0x684115]
C  [ucrtbase.dll+0x29363]
C  [KERNEL32.DLL+0x1257d]
C  [ntdll.dll+0x5aa58]

VM_Operation (0x0000007e89df33b0): G1CollectForAllocation, mode: safepoint, requested by thread 0x00000232d7348440


---------------  P R O C E S S  ---------------

Threads class SMR info:
_java_thread_list=0x00000232d8a01f00, length=30, elements={
0x00000232b66be880, 0x00000232d2a7ce20, 0x00000232d2a7e180, 0x00000232d2bd3010,
0x00000232d2bd7d00, 0x00000232d2bd85d0, 0x00000232d2bd8f90, 0x00000232d2bd9d30,
0x00000232d2bde7f0, 0x00000232d2bdf1f0, 0x00000232d2d70a60, 0x00000232d2d70f40,
0x00000232d738ba70, 0x00000232d7348440, 0x00000232d75d2c30, 0x00000232d776dbb0,
0x00000232d776e090, 0x00000232d777a0e0, 0x00000232d79271e0, 0x00000232d79262b0,
0x00000232d7925da0, 0x00000232d79267c0, 0x00000232d7926cd0, 0x00000232d79276f0,
0x00000232d7927c00, 0x00000232d7924e70, 0x00000232d7924960, 0x00000232d7928110,
0x00000232d7925380, 0x00000232d80edf50
}

Java Threads: ( => current thread )
  0x00000232b66be880 JavaThread "main" [_thread_blocked, id=21628, stack(0x0000007e88900000,0x0000007e88a00000)]
  0x00000232d2a7ce20 JavaThread "Reference Handler" daemon [_thread_blocked, id=15312, stack(0x0000007e89000000,0x0000007e89100000)]
  0x00000232d2a7e180 JavaThread "Finalizer" daemon [_thread_blocked, id=9324, stack(0x0000007e89100000,0x0000007e89200000)]
  0x00000232d2bd3010 JavaThread "Signal Dispatcher" daemon [_thread_blocked, id=11152, stack(0x0000007e89200000,0x0000007e89300000)]
  0x00000232d2bd7d00 JavaThread "Attach Listener" daemon [_thread_blocked, id=22240, stack(0x0000007e89300000,0x0000007e89400000)]
  0x00000232d2bd85d0 JavaThread "Service Thread" daemon [_thread_blocked, id=16676, stack(0x0000007e89400000,0x0000007e89500000)]
  0x00000232d2bd8f90 JavaThread "Monitor Deflation Thread" daemon [_thread_blocked, id=1704, stack(0x0000007e89500000,0x0000007e89600000)]
  0x00000232d2bd9d30 JavaThread "C2 CompilerThread0" daemon [_thread_blocked, id=11352, stack(0x0000007e89600000,0x0000007e89700000)]
  0x00000232d2bde7f0 JavaThread "C1 CompilerThread0" daemon [_thread_blocked, id=13416, stack(0x0000007e89700000,0x0000007e89800000)]
  0x00000232d2bdf1f0 JavaThread "Sweeper thread" daemon [_thread_blocked, id=5868, stack(0x0000007e89800000,0x0000007e89900000)]
  0x00000232d2d70a60 JavaThread "Common-Cleaner" daemon [_thread_blocked, id=18040, stack(0x0000007e89900000,0x0000007e89a00000)]
  0x00000232d2d70f40 JavaThread "Notification Thread" daemon [_thread_blocked, id=21004, stack(0x0000007e89a00000,0x0000007e89b00000)]
  0x00000232d738ba70 JavaThread "MongoShell ExecutorService" daemon [_thread_blocked, id=7284, stack(0x0000007e89c00000,0x0000007e89d00000)]
  0x00000232d7348440 JavaThread "MongoShell ExecutorService" daemon [_thread_blocked, id=7932, stack(0x0000007e89d00000,0x0000007e89e00000)]
  0x00000232d75d2c30 JavaThread "RMI TCP Accept-31072" daemon [_thread_in_native, id=348, stack(0x0000007e8a400000,0x0000007e8a500000)]
  0x00000232d776dbb0 JavaThread "RMI TCP Accept-0" daemon [_thread_in_native, id=19224, stack(0x0000007e8a500000,0x0000007e8a600000)]
  0x00000232d776e090 JavaThread "RMI Reaper" [_thread_blocked, id=21440, stack(0x0000007e8a600000,0x0000007e8a700000)]
  0x00000232d777a0e0 JavaThread "RMI GC Daemon" daemon [_thread_blocked, id=16792, stack(0x0000007e8a700000,0x0000007e8a800000)]
  0x00000232d79271e0 JavaThread "RMI TCP Connection(1)-127.0.0.1" daemon [_thread_in_native, id=11432, stack(0x0000007e8aa00000,0x0000007e8ab00000)]
  0x00000232d79262b0 JavaThread "RMI TCP Connection(2)-127.0.0.1" daemon [_thread_in_native, id=16908, stack(0x0000007e8ab00000,0x0000007e8ac00000)]
  0x00000232d7925da0 JavaThread "RMI TCP Connection(3)-127.0.0.1" daemon [_thread_blocked, id=15960, stack(0x0000007e8ac00000,0x0000007e8ad00000)]
  0x00000232d79267c0 JavaThread "RMI Scheduler(0)" daemon [_thread_blocked, id=10772, stack(0x0000007e8ad00000,0x0000007e8ae00000)]
  0x00000232d7926cd0 JavaThread "RMI TCP Connection(4)-127.0.0.1" daemon [_thread_in_native, id=13292, stack(0x0000007e8ae00000,0x0000007e8af00000)]
  0x00000232d79276f0 JavaThread "RMI RenewClean-[127.0.0.1:59998]" daemon [_thread_blocked, id=2888, stack(0x0000007e8af00000,0x0000007e8b000000)]
  0x00000232d7927c00 JavaThread "MongoShell ExecutorService" daemon [_thread_blocked, id=22004, stack(0x0000007e8b000000,0x0000007e8b100000)]
  0x00000232d7924e70 JavaThread "BufferPoolPruner-1-thread-1" daemon [_thread_blocked, id=19432, stack(0x0000007e8b100000,0x0000007e8b200000)]
  0x00000232d7924960 JavaThread "cluster-ClusterId{value='658d8e746e38182c8a9b215c', description='DataGrip'}-localhost:27017" daemon [_thread_in_native, id=22480, stack(0x0000007e8b200000,0x0000007e8b300000)]
  0x00000232d7928110 JavaThread "cluster-rtt-ClusterId{value='658d8e746e38182c8a9b215c', description='DataGrip'}-localhost:27017" daemon [_thread_blocked, id=16216, stack(0x0000007e8b300000,0x0000007e8b400000)]
  0x00000232d7925380 JavaThread "MaintenanceTimer-2-thread-1" daemon [_thread_blocked, id=10452, stack(0x0000007e8b500000,0x0000007e8b600000)]
  0x00000232d80edf50 JavaThread "C2 CompilerThread1" daemon [_thread_blocked, id=12320, stack(0x0000007e8b600000,0x0000007e8b700000)]

Other Threads:
=>0x00000232d2a77d10 VMThread "VM Thread" [stack: 0x0000007e88f00000,0x0000007e89000000] [id=6916]
  0x00000232d2d73430 WatcherThread [stack: 0x0000007e89b00000,0x0000007e89c00000] [id=20236]
  0x00000232b89a56f0 GCTaskThread "GC Thread#0" [stack: 0x0000007e88a00000,0x0000007e88b00000] [id=13488]
  0x00000232d73c3800 GCTaskThread "GC Thread#1" [stack: 0x0000007e89e00000,0x0000007e89f00000] [id=21012]
  0x00000232d73c0aa0 GCTaskThread "GC Thread#2" [stack: 0x0000007e89f00000,0x0000007e8a000000] [id=10224]
  0x00000232d7416b80 GCTaskThread "GC Thread#3" [stack: 0x0000007e8a000000,0x0000007e8a100000] [id=19728]
  0x00000232d73c3450 GCTaskThread "GC Thread#4" [stack: 0x0000007e8a100000,0x0000007e8a200000] [id=8864]
  0x00000232d7498830 GCTaskThread "GC Thread#5" [stack: 0x0000007e8a200000,0x0000007e8a300000] [id=12052]
  0x00000232d7498af0 GCTaskThread "GC Thread#6" [stack: 0x0000007e8a300000,0x0000007e8a400000] [id=17060]
  0x00000232d7734a00 GCTaskThread "GC Thread#7" [stack: 0x0000007e8a800000,0x0000007e8a900000] [id=20524]
  0x00000232b89b6640 ConcurrentGCThread "G1 Main Marker" [stack: 0x0000007e88b00000,0x0000007e88c00000] [id=18436]
  0x00000232b89b7050 ConcurrentGCThread "G1 Conc#0" [stack: 0x0000007e88c00000,0x0000007e88d00000] [id=5792]
  0x00000232d7779510 ConcurrentGCThread "G1 Conc#1" [stack: 0x0000007e8a900000,0x0000007e8aa00000] [id=17712]
  0x00000232b89fe430 ConcurrentGCThread "G1 Refine#0" [stack: 0x0000007e88d00000,0x0000007e88e00000] [id=10756]
  0x00000232d824ba70 ConcurrentGCThread "G1 Refine#1" [stack: 0x0000007e8b700000,0x0000007e8b800000] [id=2960]
  0x00000232d824c340 ConcurrentGCThread "G1 Refine#2" [stack: 0x0000007e8b800000,0x0000007e8b900000] [id=4192]
  0x00000232d824aeb0 ConcurrentGCThread "G1 Refine#3" [stack: 0x0000007e8b900000,0x0000007e8ba00000] [id=19700]
  0x00000232d824c920 ConcurrentGCThread "G1 Refine#4" [stack: 0x0000007e8ba00000,0x0000007e8bb00000] [id=22028]
  0x00000232d824c630 ConcurrentGCThread "G1 Refine#5" [stack: 0x0000007e8bb00000,0x0000007e8bc00000] [id=5804]
  0x00000232d28c24d0 ConcurrentGCThread "G1 Service" [stack: 0x0000007e88e00000,0x0000007e88f00000] [id=16104]

Threads with active compile tasks:
C2 CompilerThread0     4354 2837       4       org.graalvm.collections.EconomicMapImpl::find (19 bytes)
C2 CompilerThread1     4354 3443 %     4       com.oracle.js.parser.Lexer::valueOfIdent @ 18 (174 bytes)

VM state: at safepoint (normal execution)

VM Mutex/Monitor currently owned by a thread:  ([mutex/lock_event])
[0x00000232b66ba2f0] Threads_lock - owner thread: 0x00000232d2a77d10
[0x00000232b66bbc40] Heap_lock - owner thread: 0x00000232d7348440

Heap address: 0x0000000080000000, size: 2048 MB, Compressed Oops mode: 32-bit

CDS archive(s) not mapped
Compressed class space mapped at: 0x0000000100000000-0x0000000140000000, reserved size: 1073741824
Narrow klass base: 0x0000000000000000, Narrow klass shift: 3, Narrow klass range: 0x140000000

GC Precious Log:
 CPUs: 8 total, 8 available
 Memory: 7589M
 Large Page Support: Disabled
 NUMA Support: Disabled
 Compressed Oops: Enabled (32-bit)
 Heap Region Size: 1M
 Heap Min Capacity: 128M
 Heap Initial Capacity: 128M
 Heap Max Capacity: 2G
 Pre-touch: Disabled
 Parallel Workers: 8
 Concurrent Workers: 2
 Concurrent Refinement Workers: 8
 Periodic GC: Disabled

Heap:
 garbage-first heap   total 275456K, used 156672K [0x0000000080000000, 0x0000000100000000)
  region size 1024K, 4 young (4096K), 4 survivors (4096K)
 Metaspace       used 37104K, committed 37376K, reserved 1114112K
  class space    used 4060K, committed 4160K, reserved 1048576K

Heap Regions: E=young(eden), S=young(survivor), O=old, HS=humongous(starts), HC=humongous(continues), CS=collection set, F=free, OA=open archive, CA=closed archive, TAMS=top-at-mark-start (previous, next)
|   0|0x0000000080000000, 0x0000000080100000, 0x0000000080100000|100%|HS|  |TAMS 0x0000000080100000, 0x0000000080000000| Complete 
|   1|0x0000000080100000, 0x0000000080200000, 0x0000000080200000|100%|HC|  |TAMS 0x0000000080200000, 0x0000000080100000| Complete 
|   2|0x0000000080200000, 0x0000000080300000, 0x0000000080300000|100%|HC|  |TAMS 0x0000000080300000, 0x0000000080200000| Complete 
|   3|0x0000000080300000, 0x0000000080400000, 0x0000000080400000|100%|HS|  |TAMS 0x0000000080400000, 0x0000000080300000| Complete 
|   4|0x0000000080400000, 0x0000000080500000, 0x0000000080500000|100%|HC|  |TAMS 0x0000000080500000, 0x0000000080400000| Complete 
|   5|0x0000000080500000, 0x0000000080600000, 0x0000000080600000|100%|HS|  |TAMS 0x0000000080600000, 0x0000000080500000| Complete 
|   6|0x0000000080600000, 0x0000000080700000, 0x0000000080700000|100%| O|  |TAMS 0x0000000080700000, 0x0000000080600000| Untracked 
|   7|0x0000000080700000, 0x0000000080800000, 0x0000000080800000|100%| O|  |TAMS 0x0000000080800000, 0x0000000080700000| Untracked 
|   8|0x0000000080800000, 0x0000000080900000, 0x0000000080900000|100%| O|  |TAMS 0x0000000080900000, 0x0000000080800000| Untracked 
|   9|0x0000000080900000, 0x0000000080a00000, 0x0000000080a00000|100%| O|  |TAMS 0x0000000080a00000, 0x0000000080900000| Untracked 
|  10|0x0000000080a00000, 0x0000000080b00000, 0x0000000080b00000|100%| O|  |TAMS 0x0000000080b00000, 0x0000000080a00000| Untracked 
|  11|0x0000000080b00000, 0x0000000080c00000, 0x0000000080c00000|100%| O|  |TAMS 0x0000000080c00000, 0x0000000080b00000| Untracked 
|  12|0x0000000080c00000, 0x0000000080d00000, 0x0000000080d00000|100%| O|  |TAMS 0x0000000080d00000, 0x0000000080c00000| Untracked 
|  13|0x0000000080d00000, 0x0000000080e00000, 0x0000000080e00000|100%| O|  |TAMS 0x0000000080e00000, 0x0000000080d00000| Untracked 
|  14|0x0000000080e00000, 0x0000000080f00000, 0x0000000080f00000|100%| O|  |TAMS 0x0000000080f00000, 0x0000000080e00000| Untracked 
|  15|0x0000000080f00000, 0x0000000081000000, 0x0000000081000000|100%| O|  |TAMS 0x0000000081000000, 0x0000000080f00000| Untracked 
|  16|0x0000000081000000, 0x0000000081100000, 0x0000000081100000|100%| O|  |TAMS 0x0000000081100000, 0x0000000081000000| Untracked 
|  17|0x0000000081100000, 0x0000000081200000, 0x0000000081200000|100%| O|  |TAMS 0x0000000081200000, 0x0000000081100000| Untracked 
|  18|0x0000000081200000, 0x0000000081300000, 0x0000000081300000|100%| O|  |TAMS 0x0000000081300000, 0x0000000081200000| Updating 
|  19|0x0000000081300000, 0x0000000081400000, 0x0000000081400000|100%| O|  |TAMS 0x0000000081400000, 0x0000000081300000| Updating 
|  20|0x0000000081400000, 0x0000000081500000, 0x0000000081500000|100%| O|  |TAMS 0x0000000081500000, 0x0000000081400000| Untracked 
|  21|0x0000000081500000, 0x0000000081600000, 0x0000000081600000|100%| O|  |TAMS 0x0000000081600000, 0x0000000081500000| Untracked 
|  22|0x0000000081600000, 0x0000000081700000, 0x0000000081700000|100%| O|  |TAMS 0x0000000081700000, 0x0000000081600000| Untracked 
|  23|0x0000000081700000, 0x0000000081800000, 0x0000000081800000|100%| O|  |TAMS 0x0000000081800000, 0x0000000081700000| Untracked 
|  24|0x0000000081800000, 0x0000000081900000, 0x0000000081900000|100%| O|  |TAMS 0x0000000081900000, 0x0000000081800000| Untracked 
|  25|0x0000000081900000, 0x0000000081a00000, 0x0000000081a00000|100%| O|  |TAMS 0x0000000081a00000, 0x0000000081900000| Untracked 
|  26|0x0000000081a00000, 0x0000000081b00000, 0x0000000081b00000|100%| O|  |TAMS 0x0000000081b00000, 0x0000000081a00000| Untracked 
|  27|0x0000000081b00000, 0x0000000081c00000, 0x0000000081c00000|100%| O|  |TAMS 0x0000000081c00000, 0x0000000081b00000| Untracked 
|  28|0x0000000081c00000, 0x0000000081d00000, 0x0000000081d00000|100%| O|  |TAMS 0x0000000081d00000, 0x0000000081c00000| Untracked 
|  29|0x0000000081d00000, 0x0000000081e00000, 0x0000000081e00000|100%| O|  |TAMS 0x0000000081e00000, 0x0000000081d00000| Untracked 
|  30|0x0000000081e00000, 0x0000000081f00000, 0x0000000081f00000|100%| O|  |TAMS 0x0000000081f00000, 0x0000000081e00000| Untracked 
|  31|0x0000000081f00000, 0x0000000082000000, 0x0000000082000000|100%| O|  |TAMS 0x0000000082000000, 0x0000000081f00000| Untracked 
|  32|0x0000000082000000, 0x0000000082100000, 0x0000000082100000|100%| O|  |TAMS 0x0000000082100000, 0x0000000082000000| Untracked 
|  33|0x0000000082100000, 0x0000000082200000, 0x0000000082200000|100%| O|  |TAMS 0x0000000082200000, 0x0000000082100000| Untracked 
|  34|0x0000000082200000, 0x0000000082300000, 0x0000000082300000|100%| O|  |TAMS 0x0000000082300000, 0x0000000082200000| Untracked 
|  35|0x0000000082300000, 0x0000000082400000, 0x0000000082400000|100%| O|  |TAMS 0x0000000082400000, 0x0000000082300000| Untracked 
|  36|0x0000000082400000, 0x0000000082500000, 0x0000000082500000|100%| O|  |TAMS 0x0000000082500000, 0x0000000082400000| Untracked 
|  37|0x0000000082500000, 0x0000000082600000, 0x0000000082600000|100%| O|  |TAMS 0x0000000082600000, 0x0000000082500000| Untracked 
|  38|0x0000000082600000, 0x0000000082700000, 0x0000000082700000|100%| O|  |TAMS 0x0000000082700000, 0x0000000082600000| Untracked 
|  39|0x0000000082700000, 0x0000000082800000, 0x0000000082800000|100%| O|  |TAMS 0x0000000082800000, 0x0000000082700000| Untracked 
|  40|0x0000000082800000, 0x0000000082900000, 0x0000000082900000|100%| O|  |TAMS 0x0000000082900000, 0x0000000082800000| Untracked 
|  41|0x0000000082900000, 0x0000000082a00000, 0x0000000082a00000|100%| O|  |TAMS 0x0000000082a00000, 0x0000000082900000| Untracked 
|  42|0x0000000082a00000, 0x0000000082b00000, 0x0000000082b00000|100%| O|  |TAMS 0x0000000082b00000, 0x0000000082a00000| Untracked 
|  43|0x0000000082b00000, 0x0000000082c00000, 0x0000000082c00000|100%| O|  |TAMS 0x0000000082c00000, 0x0000000082b00000| Untracked 
|  44|0x0000000082c00000, 0x0000000082d00000, 0x0000000082d00000|100%| O|  |TAMS 0x0000000082d00000, 0x0000000082c00000| Updating 
|  45|0x0000000082d00000, 0x0000000082e00000, 0x0000000082e00000|100%|HS|  |TAMS 0x0000000082e00000, 0x0000000082d00000| Complete 
|  46|0x0000000082e00000, 0x0000000082f00000, 0x0000000082f00000|100%|HC|  |TAMS 0x0000000082f00000, 0x0000000082e00000| Complete 
|  47|0x0000000082f00000, 0x0000000083000000, 0x0000000083000000|100%|HS|  |TAMS 0x0000000083000000, 0x0000000082f00000| Complete 
|  48|0x0000000083000000, 0x0000000083100000, 0x0000000083100000|100%|HC|  |TAMS 0x0000000083100000, 0x0000000083000000| Complete 
|  49|0x0000000083100000, 0x0000000083200000, 0x0000000083200000|100%|HS|  |TAMS 0x0000000083200000, 0x0000000083100000| Complete 
|  50|0x0000000083200000, 0x0000000083300000, 0x0000000083300000|100%|HC|  |TAMS 0x0000000083300000, 0x0000000083200000| Complete 
|  51|0x0000000083300000, 0x0000000083400000, 0x0000000083400000|100%| O|  |TAMS 0x0000000083400000, 0x0000000083300000| Untracked 
|  52|0x0000000083400000, 0x0000000083500000, 0x0000000083500000|100%| O|  |TAMS 0x0000000083500000, 0x0000000083400000| Updating 
|  53|0x0000000083500000, 0x0000000083600000, 0x0000000083600000|100%| O|  |TAMS 0x0000000083600000, 0x0000000083500000| Untracked 
|  54|0x0000000083600000, 0x0000000083700000, 0x0000000083700000|100%| O|  |TAMS 0x0000000083700000, 0x0000000083600000| Untracked 
|  55|0x0000000083700000, 0x0000000083800000, 0x0000000083800000|100%| O|  |TAMS 0x0000000083800000, 0x0000000083700000| Untracked 
|  56|0x0000000083800000, 0x0000000083900000, 0x0000000083900000|100%| O|  |TAMS 0x0000000083900000, 0x0000000083800000| Untracked 
|  57|0x0000000083900000, 0x0000000083a00000, 0x0000000083a00000|100%| O|  |TAMS 0x0000000083a00000, 0x0000000083900000| Untracked 
|  58|0x0000000083a00000, 0x0000000083b00000, 0x0000000083b00000|100%| O|  |TAMS 0x0000000083b00000, 0x0000000083a00000| Untracked 
|  59|0x0000000083b00000, 0x0000000083c00000, 0x0000000083c00000|100%| O|  |TAMS 0x0000000083c00000, 0x0000000083b00000| Untracked 
|  60|0x0000000083c00000, 0x0000000083d00000, 0x0000000083d00000|100%| O|  |TAMS 0x0000000083d00000, 0x0000000083c00000| Untracked 
|  61|0x0000000083d00000, 0x0000000083e00000, 0x0000000083e00000|100%| O|  |TAMS 0x0000000083e00000, 0x0000000083d00000| Untracked 
|  62|0x0000000083e00000, 0x0000000083f00000, 0x0000000083f00000|100%| O|  |TAMS 0x0000000083f00000, 0x0000000083e00000| Untracked 
|  63|0x0000000083f00000, 0x0000000084000000, 0x0000000084000000|100%| O|  |TAMS 0x0000000084000000, 0x0000000083f00000| Untracked 
|  64|0x0000000084000000, 0x0000000084100000, 0x0000000084100000|100%| O|  |TAMS 0x0000000084100000, 0x0000000084000000| Untracked 
|  65|0x0000000084100000, 0x0000000084200000, 0x0000000084200000|100%| O|  |TAMS 0x0000000084200000, 0x0000000084100000| Untracked 
|  66|0x0000000084200000, 0x0000000084300000, 0x0000000084300000|100%| O|  |TAMS 0x0000000084300000, 0x0000000084200000| Untracked 
|  67|0x0000000084300000, 0x0000000084400000, 0x0000000084400000|100%| O|  |TAMS 0x0000000084400000, 0x0000000084300000| Untracked 
|  68|0x0000000084400000, 0x0000000084500000, 0x0000000084500000|100%| O|  |TAMS 0x0000000084500000, 0x0000000084400000| Untracked 
|  69|0x0000000084500000, 0x0000000084600000, 0x0000000084600000|100%| O|  |TAMS 0x0000000084600000, 0x0000000084500000| Untracked 
|  70|0x0000000084600000, 0x0000000084700000, 0x0000000084700000|100%| O|  |TAMS 0x0000000084700000, 0x0000000084600000| Untracked 
|  71|0x0000000084700000, 0x0000000084800000, 0x0000000084800000|100%| O|  |TAMS 0x0000000084800000, 0x0000000084700000| Untracked 
|  72|0x0000000084800000, 0x0000000084900000, 0x0000000084900000|100%| O|  |TAMS 0x0000000084900000, 0x0000000084800000| Untracked 
|  73|0x0000000084900000, 0x0000000084a00000, 0x0000000084a00000|100%| O|  |TAMS 0x0000000084a00000, 0x0000000084900000| Untracked 
|  74|0x0000000084a00000, 0x0000000084b00000, 0x0000000084b00000|100%| O|  |TAMS 0x0000000084b00000, 0x0000000084a00000| Untracked 
|  75|0x0000000084b00000, 0x0000000084c00000, 0x0000000084c00000|100%| O|  |TAMS 0x0000000084c00000, 0x0000000084b00000| Updating 
|  76|0x0000000084c00000, 0x0000000084d00000, 0x0000000084d00000|100%| O|  |TAMS 0x0000000084d00000, 0x0000000084c00000| Updating 
|  77|0x0000000084d00000, 0x0000000084e00000, 0x0000000084e00000|100%| O|  |TAMS 0x0000000084d00000, 0x0000000084d00000| Untracked 
|  78|0x0000000084e00000, 0x0000000084f00000, 0x0000000084f00000|100%| O|  |TAMS 0x0000000084e00000, 0x0000000084e00000| Untracked 
|  79|0x0000000084f00000, 0x0000000085000000, 0x0000000085000000|100%| O|  |TAMS 0x0000000084f00000, 0x0000000084f00000| Untracked 
|  80|0x0000000085000000, 0x0000000085100000, 0x0000000085100000|100%| O|  |TAMS 0x0000000085000000, 0x0000000085000000| Untracked 
|  81|0x0000000085100000, 0x0000000085200000, 0x0000000085200000|100%| O|  |TAMS 0x0000000085100000, 0x0000000085100000| Untracked 
|  82|0x0000000085200000, 0x0000000085300000, 0x0000000085300000|100%| O|  |TAMS 0x0000000085200000, 0x0000000085200000| Untracked 
|  83|0x0000000085300000, 0x0000000085400000, 0x0000000085400000|100%| O|  |TAMS 0x0000000085300000, 0x0000000085300000| Untracked 
|  84|0x0000000085400000, 0x0000000085500000, 0x0000000085500000|100%| O|  |TAMS 0x0000000085400000, 0x0000000085400000| Untracked 
|  85|0x0000000085500000, 0x0000000085600000, 0x0000000085600000|100%| O|  |TAMS 0x0000000085500000, 0x0000000085500000| Untracked 
|  86|0x0000000085600000, 0x0000000085700000, 0x0000000085700000|100%| O|  |TAMS 0x0000000085600000, 0x0000000085600000| Untracked 
|  87|0x0000000085700000, 0x0000000085800000, 0x0000000085800000|100%| O|  |TAMS 0x0000000085700000, 0x0000000085700000| Untracked 
|  88|0x0000000085800000, 0x0000000085900000, 0x0000000085900000|100%| O|  |TAMS 0x0000000085880000, 0x0000000085800000| Updating 
|  89|0x0000000085900000, 0x0000000085a00000, 0x0000000085a00000|100%| O|  |TAMS 0x0000000085900000, 0x0000000085900000| Untracked 
|  90|0x0000000085a00000, 0x0000000085b00000, 0x0000000085b00000|100%| O|  |TAMS 0x0000000085a00000, 0x0000000085a00000| Untracked 
|  91|0x0000000085b00000, 0x0000000085c00000, 0x0000000085c00000|100%| O|  |TAMS 0x0000000085b00000, 0x0000000085b00000| Untracked 
|  92|0x0000000085c00000, 0x0000000085d00000, 0x0000000085d00000|100%| O|  |TAMS 0x0000000085c00000, 0x0000000085c00000| Untracked 
|  93|0x0000000085d00000, 0x0000000085e00000, 0x0000000085e00000|100%| O|  |TAMS 0x0000000085d00000, 0x0000000085d00000| Untracked 
|  94|0x0000000085e00000, 0x0000000085f00000, 0x0000000085f00000|100%| O|  |TAMS 0x0000000085e00000, 0x0000000085e00000| Untracked 
|  95|0x0000000085f00000, 0x0000000086000000, 0x0000000086000000|100%| O|  |TAMS 0x0000000085f00000, 0x0000000085f00000| Untracked 
|  96|0x0000000086000000, 0x0000000086100000, 0x0000000086100000|100%| O|  |TAMS 0x0000000086000000, 0x0000000086000000| Untracked 
|  97|0x0000000086100000, 0x0000000086200000, 0x0000000086200000|100%| O|  |TAMS 0x0000000086100000, 0x0000000086100000| Untracked 
|  98|0x0000000086200000, 0x0000000086300000, 0x0000000086300000|100%| O|  |TAMS 0x0000000086200000, 0x0000000086200000| Untracked 
|  99|0x0000000086300000, 0x0000000086400000, 0x0000000086400000|100%| O|  |TAMS 0x0000000086300000, 0x0000000086300000| Untracked 
| 100|0x0000000086400000, 0x0000000086500000, 0x0000000086500000|100%| O|  |TAMS 0x0000000086400000, 0x0000000086400000| Untracked 
| 101|0x0000000086500000, 0x0000000086600000, 0x0000000086600000|100%| O|  |TAMS 0x0000000086500000, 0x0000000086500000| Untracked 
| 102|0x0000000086600000, 0x0000000086700000, 0x0000000086700000|100%| O|  |TAMS 0x0000000086600000, 0x0000000086600000| Untracked 
| 103|0x0000000086700000, 0x0000000086800000, 0x0000000086800000|100%| O|  |TAMS 0x0000000086700000, 0x0000000086700000| Untracked 
| 104|0x0000000086800000, 0x0000000086900000, 0x0000000086900000|100%| O|  |TAMS 0x0000000086800000, 0x0000000086800000| Untracked 
| 105|0x0000000086900000, 0x0000000086a00000, 0x0000000086a00000|100%| O|  |TAMS 0x0000000086900000, 0x0000000086900000| Untracked 
| 106|0x0000000086a00000, 0x0000000086b00000, 0x0000000086b00000|100%| O|  |TAMS 0x0000000086a00000, 0x0000000086a00000| Untracked 
| 107|0x0000000086b00000, 0x0000000086c00000, 0x0000000086c00000|100%| O|  |TAMS 0x0000000086b00000, 0x0000000086b00000| Untracked 
| 108|0x0000000086c00000, 0x0000000086d00000, 0x0000000086d00000|100%| O|  |TAMS 0x0000000086c00000, 0x0000000086c00000| Untracked 
| 109|0x0000000086d00000, 0x0000000086d00000, 0x0000000086e00000|  0%| F|  |TAMS 0x0000000086d00000, 0x0000000086d00000| Untracked 
| 110|0x0000000086e00000, 0x0000000086e00000, 0x0000000086f00000|  0%| F|  |TAMS 0x0000000086e00000, 0x0000000086e00000| Untracked 
| 111|0x0000000086f00000, 0x0000000086f00000, 0x0000000087000000|  0%| F|  |TAMS 0x0000000086f00000, 0x0000000086f00000| Untracked 
| 112|0x0000000087000000, 0x0000000087000000, 0x0000000087100000|  0%| F|  |TAMS 0x0000000087000000, 0x0000000087000000| Untracked 
| 113|0x0000000087100000, 0x0000000087100000, 0x0000000087200000|  0%| F|  |TAMS 0x0000000087100000, 0x0000000087100000| Untracked 
| 114|0x0000000087200000, 0x0000000087200000, 0x0000000087300000|  0%| F|  |TAMS 0x0000000087200000, 0x0000000087200000| Untracked 
| 115|0x0000000087300000, 0x0000000087300000, 0x0000000087400000|  0%| F|  |TAMS 0x0000000087300000, 0x0000000087300000| Untracked 
| 116|0x0000000087400000, 0x0000000087400000, 0x0000000087500000|  0%| F|  |TAMS 0x0000000087400000, 0x0000000087400000| Untracked 
| 117|0x0000000087500000, 0x0000000087500000, 0x0000000087600000|  0%| F|  |TAMS 0x0000000087500000, 0x0000000087500000| Untracked 
| 118|0x0000000087600000, 0x0000000087600000, 0x0000000087700000|  0%| F|  |TAMS 0x0000000087600000, 0x0000000087600000| Untracked 
| 119|0x0000000087700000, 0x0000000087700000, 0x0000000087800000|  0%| F|  |TAMS 0x0000000087700000, 0x0000000087700000| Untracked 
| 120|0x0000000087800000, 0x0000000087800000, 0x0000000087900000|  0%| F|  |TAMS 0x0000000087800000, 0x0000000087800000| Untracked 
| 121|0x0000000087900000, 0x0000000087900000, 0x0000000087a00000|  0%| F|  |TAMS 0x0000000087900000, 0x0000000087900000| Untracked 
| 122|0x0000000087a00000, 0x0000000087a00000, 0x0000000087b00000|  0%| F|  |TAMS 0x0000000087a00000, 0x0000000087a00000| Untracked 
| 123|0x0000000087b00000, 0x0000000087b00000, 0x0000000087c00000|  0%| F|  |TAMS 0x0000000087b00000, 0x0000000087b00000| Untracked 
| 124|0x0000000087c00000, 0x0000000087c00000, 0x0000000087d00000|  0%| F|  |TAMS 0x0000000087c00000, 0x0000000087c00000| Untracked 
| 125|0x0000000087d00000, 0x0000000087d00000, 0x0000000087e00000|  0%| F|  |TAMS 0x0000000087d00000, 0x0000000087d00000| Untracked 
| 126|0x0000000087e00000, 0x0000000087e00000, 0x0000000087f00000|  0%| F|  |TAMS 0x0000000087e00000, 0x0000000087e00000| Untracked 
| 127|0x0000000087f00000, 0x0000000087f00000, 0x0000000088000000|  0%| F|  |TAMS 0x0000000087f00000, 0x0000000087f00000| Untracked 
| 128|0x0000000088000000, 0x0000000088100000, 0x0000000088100000|100%|HS|  |TAMS 0x0000000088100000, 0x0000000088000000| Complete 
| 129|0x0000000088100000, 0x0000000088200000, 0x0000000088200000|100%|HC|  |TAMS 0x0000000088200000, 0x0000000088100000| Complete 
| 130|0x0000000088200000, 0x0000000088300000, 0x0000000088300000|100%|HC|  |TAMS 0x0000000088300000, 0x0000000088200000| Complete 
| 131|0x0000000088300000, 0x0000000088400000, 0x0000000088400000|100%|HC|  |TAMS 0x0000000088400000, 0x0000000088300000| Complete 
| 132|0x0000000088400000, 0x0000000088500000, 0x0000000088500000|100%|HC|  |TAMS 0x0000000088500000, 0x0000000088400000| Complete 
| 133|0x0000000088500000, 0x0000000088600000, 0x0000000088600000|100%|HC|  |TAMS 0x0000000088600000, 0x0000000088500000| Complete 
| 134|0x0000000088600000, 0x0000000088700000, 0x0000000088700000|100%|HC|  |TAMS 0x0000000088700000, 0x0000000088600000| Complete 
| 135|0x0000000088700000, 0x0000000088800000, 0x0000000088800000|100%|HC|  |TAMS 0x0000000088800000, 0x0000000088700000| Complete 
| 136|0x0000000088800000, 0x0000000088900000, 0x0000000088900000|100%|HC|  |TAMS 0x0000000088900000, 0x0000000088800000| Complete 
| 137|0x0000000088900000, 0x0000000088a00000, 0x0000000088a00000|100%|HC|  |TAMS 0x0000000088a00000, 0x0000000088900000| Complete 
| 138|0x0000000088a00000, 0x0000000088b00000, 0x0000000088b00000|100%|HC|  |TAMS 0x0000000088b00000, 0x0000000088a00000| Complete 
| 139|0x0000000088b00000, 0x0000000088c00000, 0x0000000088c00000|100%|HC|  |TAMS 0x0000000088c00000, 0x0000000088b00000| Complete 
| 140|0x0000000088c00000, 0x0000000088d00000, 0x0000000088d00000|100%|HC|  |TAMS 0x0000000088d00000, 0x0000000088c00000| Complete 
| 141|0x0000000088d00000, 0x0000000088e00000, 0x0000000088e00000|100%|HC|  |TAMS 0x0000000088e00000, 0x0000000088d00000| Complete 
| 142|0x0000000088e00000, 0x0000000088f00000, 0x0000000088f00000|100%|HC|  |TAMS 0x0000000088f00000, 0x0000000088e00000| Complete 
| 143|0x0000000088f00000, 0x0000000089000000, 0x0000000089000000|100%|HC|  |TAMS 0x0000000089000000, 0x0000000088f00000| Complete 
| 144|0x0000000089000000, 0x0000000089100000, 0x0000000089100000|100%|HC|  |TAMS 0x0000000089100000, 0x0000000089000000| Complete 
| 145|0x0000000089100000, 0x0000000089200000, 0x0000000089200000|100%|HC|  |TAMS 0x0000000089200000, 0x0000000089100000| Complete 
| 146|0x0000000089200000, 0x0000000089300000, 0x0000000089300000|100%|HC|  |TAMS 0x0000000089300000, 0x0000000089200000| Complete 
| 147|0x0000000089300000, 0x0000000089400000, 0x0000000089400000|100%|HC|  |TAMS 0x0000000089400000, 0x0000000089300000| Complete 
| 148|0x0000000089400000, 0x0000000089500000, 0x0000000089500000|100%|HC|  |TAMS 0x0000000089500000, 0x0000000089400000| Complete 
| 149|0x0000000089500000, 0x0000000089600000, 0x0000000089600000|100%|HC|  |TAMS 0x0000000089600000, 0x0000000089500000| Complete 
| 150|0x0000000089600000, 0x0000000089700000, 0x0000000089700000|100%|HC|  |TAMS 0x0000000089700000, 0x0000000089600000| Complete 
| 151|0x0000000089700000, 0x0000000089800000, 0x0000000089800000|100%|HC|  |TAMS 0x0000000089800000, 0x0000000089700000| Complete 
| 152|0x0000000089800000, 0x0000000089900000, 0x0000000089900000|100%|HC|  |TAMS 0x0000000089900000, 0x0000000089800000| Complete 
| 153|0x0000000089900000, 0x0000000089a00000, 0x0000000089a00000|100%|HC|  |TAMS 0x0000000089a00000, 0x0000000089900000| Complete 
| 154|0x0000000089a00000, 0x0000000089b00000, 0x0000000089b00000|100%|HC|  |TAMS 0x0000000089b00000, 0x0000000089a00000| Complete 
| 155|0x0000000089b00000, 0x0000000089c00000, 0x0000000089c00000|100%|HC|  |TAMS 0x0000000089c00000, 0x0000000089b00000| Complete 
| 156|0x0000000089c00000, 0x0000000089d00000, 0x0000000089d00000|100%|HC|  |TAMS 0x0000000089d00000, 0x0000000089c00000| Complete 
| 157|0x0000000089d00000, 0x0000000089e00000, 0x0000000089e00000|100%|HC|  |TAMS 0x0000000089e00000, 0x0000000089d00000| Complete 
| 158|0x0000000089e00000, 0x0000000089f00000, 0x0000000089f00000|100%|HC|  |TAMS 0x0000000089f00000, 0x0000000089e00000| Complete 
| 159|0x0000000089f00000, 0x0000000089f00000, 0x000000008a000000|  0%| F|  |TAMS 0x0000000089f00000, 0x0000000089f00000| Untracked 
| 160|0x000000008a000000, 0x000000008a000000, 0x000000008a100000|  0%| F|  |TAMS 0x000000008a000000, 0x000000008a000000| Untracked 
| 161|0x000000008a100000, 0x000000008a100000, 0x000000008a200000|  0%| F|  |TAMS 0x000000008a100000, 0x000000008a100000| Untracked 
| 162|0x000000008a200000, 0x000000008a200000, 0x000000008a300000|  0%| F|  |TAMS 0x000000008a200000, 0x000000008a200000| Untracked 
| 163|0x000000008a300000, 0x000000008a300000, 0x000000008a400000|  0%| F|  |TAMS 0x000000008a300000, 0x000000008a300000| Untracked 
| 164|0x000000008a400000, 0x000000008a400000, 0x000000008a500000|  0%| F|  |TAMS 0x000000008a400000, 0x000000008a400000| Untracked 
| 165|0x000000008a500000, 0x000000008a500000, 0x000000008a600000|  0%| F|  |TAMS 0x000000008a500000, 0x000000008a500000| Untracked 
| 166|0x000000008a600000, 0x000000008a600000, 0x000000008a700000|  0%| F|  |TAMS 0x000000008a600000, 0x000000008a600000| Untracked 
| 167|0x000000008a700000, 0x000000008a700000, 0x000000008a800000|  0%| F|  |TAMS 0x000000008a700000, 0x000000008a700000| Untracked 
| 168|0x000000008a800000, 0x000000008a800000, 0x000000008a900000|  0%| F|  |TAMS 0x000000008a800000, 0x000000008a800000| Untracked 
| 169|0x000000008a900000, 0x000000008a900000, 0x000000008aa00000|  0%| F|  |TAMS 0x000000008a900000, 0x000000008a900000| Untracked 
| 170|0x000000008aa00000, 0x000000008aa00000, 0x000000008ab00000|  0%| F|  |TAMS 0x000000008aa00000, 0x000000008aa00000| Untracked 
| 171|0x000000008ab00000, 0x000000008ab00000, 0x000000008ac00000|  0%| F|  |TAMS 0x000000008ab00000, 0x000000008ab00000| Untracked 
| 172|0x000000008ac00000, 0x000000008ac00000, 0x000000008ad00000|  0%| F|  |TAMS 0x000000008ac00000, 0x000000008ac00000| Untracked 
| 173|0x000000008ad00000, 0x000000008ad00000, 0x000000008ae00000|  0%| F|  |TAMS 0x000000008ad00000, 0x000000008ad00000| Untracked 
| 174|0x000000008ae00000, 0x000000008ae00000, 0x000000008af00000|  0%| F|  |TAMS 0x000000008ae00000, 0x000000008ae00000| Untracked 
| 175|0x000000008af00000, 0x000000008af00000, 0x000000008b000000|  0%| F|  |TAMS 0x000000008af00000, 0x000000008af00000| Untracked 
| 176|0x000000008b000000, 0x000000008b000000, 0x000000008b100000|  0%| F|  |TAMS 0x000000008b000000, 0x000000008b000000| Untracked 
| 177|0x000000008b100000, 0x000000008b100000, 0x000000008b200000|  0%| F|  |TAMS 0x000000008b100000, 0x000000008b100000| Untracked 
| 178|0x000000008b200000, 0x000000008b200000, 0x000000008b300000|  0%| F|  |TAMS 0x000000008b200000, 0x000000008b200000| Untracked 
| 179|0x000000008b300000, 0x000000008b300000, 0x000000008b400000|  0%| F|  |TAMS 0x000000008b300000, 0x000000008b300000| Untracked 
| 180|0x000000008b400000, 0x000000008b400000, 0x000000008b500000|  0%| F|  |TAMS 0x000000008b400000, 0x000000008b400000| Untracked 
| 181|0x000000008b500000, 0x000000008b500000, 0x000000008b600000|  0%| F|  |TAMS 0x000000008b500000, 0x000000008b500000| Untracked 
| 182|0x000000008b600000, 0x000000008b600000, 0x000000008b700000|  0%| F|  |TAMS 0x000000008b600000, 0x000000008b600000| Untracked 
| 183|0x000000008b700000, 0x000000008b700000, 0x000000008b800000|  0%| F|  |TAMS 0x000000008b700000, 0x000000008b700000| Untracked 
| 184|0x000000008b800000, 0x000000008b800000, 0x000000008b900000|  0%| F|  |TAMS 0x000000008b800000, 0x000000008b800000| Untracked 
| 185|0x000000008b900000, 0x000000008b900000, 0x000000008ba00000|  0%| F|  |TAMS 0x000000008b900000, 0x000000008b900000| Untracked 
| 186|0x000000008ba00000, 0x000000008ba00000, 0x000000008bb00000|  0%| F|  |TAMS 0x000000008ba00000, 0x000000008ba00000| Untracked 
| 187|0x000000008bb00000, 0x000000008bb00000, 0x000000008bc00000|  0%| F|  |TAMS 0x000000008bb00000, 0x000000008bb00000| Untracked 
| 188|0x000000008bc00000, 0x000000008bc00000, 0x000000008bd00000|  0%| F|  |TAMS 0x000000008bc00000, 0x000000008bc00000| Untracked 
| 189|0x000000008bd00000, 0x000000008bd00000, 0x000000008be00000|  0%| F|  |TAMS 0x000000008bd00000, 0x000000008bd00000| Untracked 
| 190|0x000000008be00000, 0x000000008be00000, 0x000000008bf00000|  0%| F|  |TAMS 0x000000008be00000, 0x000000008be00000| Untracked 
| 191|0x000000008bf00000, 0x000000008bf00000, 0x000000008c000000|  0%| F|  |TAMS 0x000000008bf00000, 0x000000008bf00000| Untracked 
| 192|0x000000008c000000, 0x000000008c000000, 0x000000008c100000|  0%| F|  |TAMS 0x000000008c000000, 0x000000008c000000| Untracked 
| 193|0x000000008c100000, 0x000000008c100000, 0x000000008c200000|  0%| F|  |TAMS 0x000000008c100000, 0x000000008c100000| Untracked 
| 194|0x000000008c200000, 0x000000008c200000, 0x000000008c300000|  0%| F|  |TAMS 0x000000008c200000, 0x000000008c200000| Untracked 
| 195|0x000000008c300000, 0x000000008c300000, 0x000000008c400000|  0%| F|  |TAMS 0x000000008c300000, 0x000000008c300000| Untracked 
| 196|0x000000008c400000, 0x000000008c400000, 0x000000008c500000|  0%| F|  |TAMS 0x000000008c400000, 0x000000008c400000| Untracked 
| 197|0x000000008c500000, 0x000000008c500000, 0x000000008c600000|  0%| F|  |TAMS 0x000000008c500000, 0x000000008c500000| Untracked 
| 198|0x000000008c600000, 0x000000008c600000, 0x000000008c700000|  0%| F|  |TAMS 0x000000008c600000, 0x000000008c600000| Untracked 
| 199|0x000000008c700000, 0x000000008c700000, 0x000000008c800000|  0%| F|  |TAMS 0x000000008c700000, 0x000000008c700000| Untracked 
| 200|0x000000008c800000, 0x000000008c800000, 0x000000008c900000|  0%| F|  |TAMS 0x000000008c800000, 0x000000008c800000| Untracked 
| 201|0x000000008c900000, 0x000000008c900000, 0x000000008ca00000|  0%| F|  |TAMS 0x000000008c900000, 0x000000008c900000| Untracked 
| 202|0x000000008ca00000, 0x000000008ca00000, 0x000000008cb00000|  0%| F|  |TAMS 0x000000008ca00000, 0x000000008ca00000| Untracked 
| 203|0x000000008cb00000, 0x000000008cb00000, 0x000000008cc00000|  0%| F|  |TAMS 0x000000008cb00000, 0x000000008cb00000| Untracked 
| 204|0x000000008cc00000, 0x000000008cc00000, 0x000000008cd00000|  0%| F|  |TAMS 0x000000008cc00000, 0x000000008cc00000| Untracked 
| 205|0x000000008cd00000, 0x000000008cd00000, 0x000000008ce00000|  0%| F|  |TAMS 0x000000008cd00000, 0x000000008cd00000| Untracked 
| 206|0x000000008ce00000, 0x000000008ce00000, 0x000000008cf00000|  0%| F|  |TAMS 0x000000008ce00000, 0x000000008ce00000| Untracked 
| 207|0x000000008cf00000, 0x000000008cf00000, 0x000000008d000000|  0%| F|  |TAMS 0x000000008cf00000, 0x000000008cf00000| Untracked 
| 208|0x000000008d000000, 0x000000008d000000, 0x000000008d100000|  0%| F|  |TAMS 0x000000008d000000, 0x000000008d000000| Untracked 
| 209|0x000000008d100000, 0x000000008d100000, 0x000000008d200000|  0%| F|  |TAMS 0x000000008d100000, 0x000000008d100000| Untracked 
| 210|0x000000008d200000, 0x000000008d200000, 0x000000008d300000|  0%| F|  |TAMS 0x000000008d200000, 0x000000008d200000| Untracked 
| 211|0x000000008d300000, 0x000000008d300000, 0x000000008d400000|  0%| F|  |TAMS 0x000000008d300000, 0x000000008d300000| Untracked 
| 212|0x000000008d400000, 0x000000008d400000, 0x000000008d500000|  0%| F|  |TAMS 0x000000008d400000, 0x000000008d400000| Untracked 
| 213|0x000000008d500000, 0x000000008d500000, 0x000000008d600000|  0%| F|  |TAMS 0x000000008d500000, 0x000000008d500000| Untracked 
| 214|0x000000008d600000, 0x000000008d600000, 0x000000008d700000|  0%| F|  |TAMS 0x000000008d600000, 0x000000008d600000| Untracked 
| 215|0x000000008d700000, 0x000000008d700000, 0x000000008d800000|  0%| F|  |TAMS 0x000000008d700000, 0x000000008d700000| Untracked 
| 216|0x000000008d800000, 0x000000008d800000, 0x000000008d900000|  0%| F|  |TAMS 0x000000008d800000, 0x000000008d800000| Untracked 
| 217|0x000000008d900000, 0x000000008d900000, 0x000000008da00000|  0%| F|  |TAMS 0x000000008d900000, 0x000000008d900000| Untracked 
| 218|0x000000008da00000, 0x000000008da00000, 0x000000008db00000|  0%| F|  |TAMS 0x000000008da00000, 0x000000008da00000| Untracked 
| 219|0x000000008db00000, 0x000000008db00000, 0x000000008dc00000|  0%| F|  |TAMS 0x000000008db00000, 0x000000008db00000| Untracked 
| 220|0x000000008dc00000, 0x000000008dc00000, 0x000000008dd00000|  0%| F|  |TAMS 0x000000008dc00000, 0x000000008dc00000| Untracked 
| 221|0x000000008dd00000, 0x000000008dd00000, 0x000000008de00000|  0%| F|  |TAMS 0x000000008dd00000, 0x000000008dd00000| Untracked 
| 222|0x000000008de00000, 0x000000008de00000, 0x000000008df00000|  0%| F|  |TAMS 0x000000008de00000, 0x000000008de00000| Untracked 
| 223|0x000000008df00000, 0x000000008df00000, 0x000000008e000000|  0%| F|  |TAMS 0x000000008df00000, 0x000000008df00000| Untracked 
| 224|0x000000008e000000, 0x000000008e000000, 0x000000008e100000|  0%| F|  |TAMS 0x000000008e000000, 0x000000008e000000| Untracked 
| 225|0x000000008e100000, 0x000000008e100000, 0x000000008e200000|  0%| F|  |TAMS 0x000000008e100000, 0x000000008e100000| Untracked 
| 226|0x000000008e200000, 0x000000008e200000, 0x000000008e300000|  0%| F|  |TAMS 0x000000008e200000, 0x000000008e200000| Untracked 
| 227|0x000000008e300000, 0x000000008e300000, 0x000000008e400000|  0%| F|  |TAMS 0x000000008e300000, 0x000000008e300000| Untracked 
| 228|0x000000008e400000, 0x000000008e400000, 0x000000008e500000|  0%| F|  |TAMS 0x000000008e400000, 0x000000008e400000| Untracked 
| 229|0x000000008e500000, 0x000000008e500000, 0x000000008e600000|  0%| F|  |TAMS 0x000000008e500000, 0x000000008e500000| Untracked 
| 230|0x000000008e600000, 0x000000008e600000, 0x000000008e700000|  0%| F|  |TAMS 0x000000008e600000, 0x000000008e600000| Untracked 
| 231|0x000000008e700000, 0x000000008e700000, 0x000000008e800000|  0%| F|  |TAMS 0x000000008e700000, 0x000000008e700000| Untracked 
| 232|0x000000008e800000, 0x000000008e800000, 0x000000008e900000|  0%| F|  |TAMS 0x000000008e800000, 0x000000008e800000| Untracked 
| 233|0x000000008e900000, 0x000000008e900000, 0x000000008ea00000|  0%| F|  |TAMS 0x000000008e900000, 0x000000008e900000| Untracked 
| 234|0x000000008ea00000, 0x000000008ea00000, 0x000000008eb00000|  0%| F|  |TAMS 0x000000008ea00000, 0x000000008ea00000| Untracked 
| 235|0x000000008eb00000, 0x000000008eb00000, 0x000000008ec00000|  0%| F|  |TAMS 0x000000008eb00000, 0x000000008eb00000| Untracked 
| 236|0x000000008ec00000, 0x000000008ec00000, 0x000000008ed00000|  0%| F|  |TAMS 0x000000008ec00000, 0x000000008ec00000| Untracked 
| 237|0x000000008ed00000, 0x000000008ed00000, 0x000000008ee00000|  0%| F|  |TAMS 0x000000008ed00000, 0x000000008ed00000| Untracked 
| 238|0x000000008ee00000, 0x000000008ee00000, 0x000000008ef00000|  0%| F|  |TAMS 0x000000008ee00000, 0x000000008ee00000| Untracked 
| 239|0x000000008ef00000, 0x000000008ef00000, 0x000000008f000000|  0%| F|  |TAMS 0x000000008ef00000, 0x000000008ef00000| Untracked 
| 240|0x000000008f000000, 0x000000008f000000, 0x000000008f100000|  0%| F|  |TAMS 0x000000008f000000, 0x000000008f000000| Untracked 
| 241|0x000000008f100000, 0x000000008f100000, 0x000000008f200000|  0%| F|  |TAMS 0x000000008f100000, 0x000000008f100000| Untracked 
| 242|0x000000008f200000, 0x000000008f200000, 0x000000008f300000|  0%| F|  |TAMS 0x000000008f200000, 0x000000008f200000| Untracked 
| 243|0x000000008f300000, 0x000000008f300000, 0x000000008f400000|  0%| F|  |TAMS 0x000000008f300000, 0x000000008f300000| Untracked 
| 244|0x000000008f400000, 0x000000008f400000, 0x000000008f500000|  0%| F|  |TAMS 0x000000008f400000, 0x000000008f400000| Untracked 
| 245|0x000000008f500000, 0x000000008f500000, 0x000000008f600000|  0%| F|  |TAMS 0x000000008f500000, 0x000000008f500000| Untracked 
| 246|0x000000008f600000, 0x000000008f600000, 0x000000008f700000|  0%| F|  |TAMS 0x000000008f600000, 0x000000008f600000| Untracked 
| 247|0x000000008f700000, 0x000000008f700000, 0x000000008f800000|  0%| F|  |TAMS 0x000000008f700000, 0x000000008f700000| Untracked 
| 248|0x000000008f800000, 0x000000008f800000, 0x000000008f900000|  0%| F|  |TAMS 0x000000008f800000, 0x000000008f800000| Untracked 
| 249|0x000000008f900000, 0x000000008f900000, 0x000000008fa00000|  0%| F|  |TAMS 0x000000008f900000, 0x000000008f900000| Untracked 
| 250|0x000000008fa00000, 0x000000008fa00000, 0x000000008fb00000|  0%| F|  |TAMS 0x000000008fa00000, 0x000000008fa00000| Untracked 
| 251|0x000000008fb00000, 0x000000008fb00000, 0x000000008fc00000|  0%| F|  |TAMS 0x000000008fb00000, 0x000000008fb00000| Untracked 
| 252|0x000000008fc00000, 0x000000008fc00000, 0x000000008fd00000|  0%| F|  |TAMS 0x000000008fc00000, 0x000000008fc00000| Untracked 
| 253|0x000000008fd00000, 0x000000008fe00000, 0x000000008fe00000|100%| S|CS|TAMS 0x000000008fd00000, 0x000000008fd00000| Complete 
| 254|0x000000008fe00000, 0x000000008ff00000, 0x000000008ff00000|100%| S|CS|TAMS 0x000000008fe00000, 0x000000008fe00000| Complete 
| 255|0x000000008ff00000, 0x0000000090000000, 0x0000000090000000|100%| S|CS|TAMS 0x000000008ff00000, 0x000000008ff00000| Complete 
| 256|0x0000000090000000, 0x0000000090100000, 0x0000000090100000|100%| S|CS|TAMS 0x0000000090000000, 0x0000000090000000| Complete 
| 257|0x0000000090100000, 0x0000000090100000, 0x0000000090200000|  0%| F|  |TAMS 0x0000000090100000, 0x0000000090100000| Untracked 
| 258|0x0000000090200000, 0x0000000090200000, 0x0000000090300000|  0%| F|  |TAMS 0x0000000090200000, 0x0000000090200000| Untracked 
| 259|0x0000000090300000, 0x0000000090300000, 0x0000000090400000|  0%| F|  |TAMS 0x0000000090300000, 0x0000000090300000| Untracked 
|2039|0x00000000ff700000, 0x00000000ff800000, 0x00000000ff800000|100%| O|  |TAMS 0x00000000ff800000, 0x00000000ff700000| Untracked 
|2040|0x00000000ff800000, 0x00000000ff900000, 0x00000000ff900000|100%| O|  |TAMS 0x00000000ff900000, 0x00000000ff800000| Untracked 
|2041|0x00000000ff900000, 0x00000000ffa00000, 0x00000000ffa00000|100%| O|  |TAMS 0x00000000ffa00000, 0x00000000ff900000| Untracked 
|2042|0x00000000ffa00000, 0x00000000ffb00000, 0x00000000ffb00000|100%| O|  |TAMS 0x00000000ffb00000, 0x00000000ffa00000| Untracked 
|2043|0x00000000ffb00000, 0x00000000ffc00000, 0x00000000ffc00000|100%| O|  |TAMS 0x00000000ffc00000, 0x00000000ffb00000| Untracked 
|2044|0x00000000ffc00000, 0x00000000ffd00000, 0x00000000ffd00000|100%| O|  |TAMS 0x00000000ffd00000, 0x00000000ffc00000| Untracked 
|2045|0x00000000ffd00000, 0x00000000ffe00000, 0x00000000ffe00000|100%| O|  |TAMS 0x00000000ffe00000, 0x00000000ffd00000| Untracked 
|2046|0x00000000ffe00000, 0x00000000fff00000, 0x00000000fff00000|100%| O|  |TAMS 0x00000000fff00000, 0x00000000ffe00000| Untracked 
|2047|0x00000000fff00000, 0x0000000100000000, 0x0000000100000000|100%| O|  |TAMS 0x0000000100000000, 0x00000000fff00000| Untracked 

Card table byte_map: [0x00000232cb7e0000,0x00000232cbbe0000] _byte_map_base: 0x00000232cb3e0000

Marking Bits (Prev, Next): (CMBitMap*) 0x00000232b89a5d50, (CMBitMap*) 0x00000232b89a5d10
 Prev Bits: [0x00000232cdfe0000, 0x00000232cffe0000)
 Next Bits: [0x00000232cbfe0000, 0x00000232cdfe0000)

Polling page: 0x00000232b6880000

Metaspace:

Usage:
  Non-class:     32.27 MB used.
      Class:      3.97 MB used.
       Both:     36.23 MB used.

Virtual space:
  Non-class space:       64.00 MB reserved,      32.44 MB ( 51%) committed,  1 nodes.
      Class space:        1.00 GB reserved,       4.06 MB ( <1%) committed,  1 nodes.
             Both:        1.06 GB reserved,      36.50 MB (  3%) committed. 

Chunk freelists:
   Non-Class:  15.13 MB
       Class:  11.88 MB
        Both:  27.01 MB

MaxMetaspaceSize: unlimited
CompressedClassSpaceSize: 1.00 GB
Initial GC threshold: 21.00 MB
Current GC threshold: 60.88 MB
CDS: off
MetaspaceReclaimPolicy: balanced
 - commit_granule_bytes: 65536.
 - commit_granule_words: 8192.
 - virtual_space_node_default_size: 8388608.
 - enlarge_chunks_in_place: 1.
 - new_chunks_are_fully_committed: 0.
 - uncommit_free_chunks: 1.
 - use_allocation_guard: 0.
 - handle_deallocations: 1.


Internal statistics:

num_allocs_failed_limit: 8.
num_arena_births: 302.
num_arena_deaths: 12.
num_vsnodes_births: 2.
num_vsnodes_deaths: 0.
num_space_committed: 584.
num_space_uncommitted: 0.
num_chunks_returned_to_freelist: 25.
num_chunks_taken_from_freelist: 1320.
num_chunk_merges: 10.
num_chunk_splits: 911.
num_chunks_enlarged: 668.
num_inconsistent_stats: 0.

CodeHeap 'non-profiled nmethods': size=120000Kb used=1293Kb max_used=1293Kb free=118706Kb
 bounds [0x00000232c3b80000, 0x00000232c3df0000, 0x00000232cb0b0000]
CodeHeap 'profiled nmethods': size=120000Kb used=6447Kb max_used=6447Kb free=113552Kb
 bounds [0x00000232bc0b0000, 0x00000232bc700000, 0x00000232c35e0000]
CodeHeap 'non-nmethods': size=5760Kb used=1385Kb max_used=1446Kb free=4375Kb
 bounds [0x00000232c35e0000, 0x00000232c3850000, 0x00000232c3b80000]
 total_blobs=4138 nmethods=3420 adapters=630
 compilation: enabled
              stopped_count=0, restarted_count=0
 full_count=0

Compilation events (20 events):
Event: 4.299 Thread 0x00000232d2bde7f0 3511       2       com.oracle.js.parser.ir.ClassElement::setValue (56 bytes)
Event: 4.299 Thread 0x00000232d2bde7f0 nmethod 3511 0x00000232bc6f4510 code [0x00000232bc6f46c0, 0x00000232bc6f4908]
Event: 4.300 Thread 0x00000232d2bde7f0 3512       3       com.oracle.js.parser.Parser::memberExpression (615 bytes)
Event: 4.302 Thread 0x00000232d2bde7f0 nmethod 3512 0x00000232bc6f4a10 code [0x00000232bc6f4fa0, 0x00000232bc6f7de8]
Event: 4.302 Thread 0x00000232d2bde7f0 3517 %     3       java.lang.StringLatin1::compareTo @ 10 (52 bytes)
Event: 4.303 Thread 0x00000232d2bde7f0 nmethod 3517% 0x00000232bc6f9010 code [0x00000232bc6f91e0, 0x00000232bc6f9638]
Event: 4.303 Thread 0x00000232d2bde7f0 3513       2       jdk.internal.math.FDBigInteger::mult (64 bytes)
Event: 4.303 Thread 0x00000232d2bde7f0 nmethod 3513 0x00000232bc6f9810 code [0x00000232bc6f99c0, 0x00000232bc6f9bd8]
Event: 4.303 Thread 0x00000232d2bde7f0 3514       2       jdk.internal.math.FDBigInteger::<init> (30 bytes)
Event: 4.303 Thread 0x00000232d2bde7f0 nmethod 3514 0x00000232bc6f9d90 code [0x00000232bc6f9f40, 0x00000232bc6fa0c8]
Event: 4.303 Thread 0x00000232d2bde7f0 3515       2       com.oracle.truffle.polyglot.PolyglotSourceCache::parseImpl (46 bytes)
Event: 4.304 Thread 0x00000232d2bde7f0 nmethod 3515 0x00000232bc6fa190 code [0x00000232bc6fa3e0, 0x00000232bc6fab28]
Event: 4.304 Thread 0x00000232d2bde7f0 3516       2       com.oracle.truffle.api.ArrayUtils::stubIndexOfB4S1 (30 bytes)
Event: 4.304 Thread 0x00000232d2bde7f0 nmethod 3516 0x00000232bc6faf90 code [0x00000232bc6fb120, 0x00000232bc6fb2e8]
Event: 4.306 Thread 0x00000232d2bde7f0 3518       2       com.oracle.truffle.regex.charset.SortedListOfRanges::getMin (31 bytes)
Event: 4.306 Thread 0x00000232d2bde7f0 nmethod 3518 0x00000232bc6fb410 code [0x00000232bc6fb5a0, 0x00000232bc6fb6c8]
Event: 4.307 Thread 0x00000232d2bde7f0 3519   !   2       com.oracle.truffle.api.impl.DefaultCallTarget::initialize (38 bytes)
Event: 4.307 Thread 0x00000232d2bde7f0 nmethod 3519 0x00000232bc6fb790 code [0x00000232bc6fb940, 0x00000232bc6fbb68]
Event: 4.325 Thread 0x00000232d2bde7f0 3520       1       com.oracle.js.parser.ParserContextLabelNode::getLabelName (5 bytes)
Event: 4.325 Thread 0x00000232d2bde7f0 nmethod 3520 0x00000232c3cc3490 code [0x00000232c3cc3620, 0x00000232c3cc36f8]

GC Heap History (17 events):
Event: 1.407 GC heap before
{Heap before GC invocations=0 (full 0):
 garbage-first heap   total 131072K, used 28672K [0x0000000080000000, 0x0000000100000000)
  region size 1024K, 23 young (23552K), 0 survivors (0K)
 Metaspace       used 16937K, committed 17152K, reserved 1114112K
  class space    used 1606K, committed 1728K, reserved 1048576K
}
Event: 1.439 GC heap after
{Heap after GC invocations=1 (full 0):
 garbage-first heap   total 131072K, used 9868K [0x0000000080000000, 0x0000000100000000)
  region size 1024K, 3 young (3072K), 3 survivors (3072K)
 Metaspace       used 16937K, committed 17152K, reserved 1114112K
  class space    used 1606K, committed 1728K, reserved 1048576K
}
Event: 1.915 GC heap before
{Heap before GC invocations=1 (full 0):
 garbage-first heap   total 131072K, used 22156K [0x0000000080000000, 0x0000000100000000)
  region size 1024K, 16 young (16384K), 3 survivors (3072K)
 Metaspace       used 21349K, committed 21504K, reserved 1114112K
  class space    used 2023K, committed 2112K, reserved 1048576K
}
Event: 1.921 GC heap after
{Heap after GC invocations=2 (full 0):
 garbage-first heap   total 131072K, used 11229K [0x0000000080000000, 0x0000000100000000)
  region size 1024K, 2 young (2048K), 2 survivors (2048K)
 Metaspace       used 21349K, committed 21504K, reserved 1114112K
  class space    used 2023K, committed 2112K, reserved 1048576K
}
Event: 3.310 GC heap before
{Heap before GC invocations=3 (full 0):
 garbage-first heap   total 131072K, used 92125K [0x0000000080000000, 0x0000000100000000)
  region size 1024K, 51 young (52224K), 2 survivors (2048K)
 Metaspace       used 35925K, committed 36224K, reserved 1114112K
  class space    used 4024K, committed 4160K, reserved 1048576K
}
Event: 3.319 GC heap after
{Heap after GC invocations=4 (full 0):
 garbage-first heap   total 131072K, used 31363K [0x0000000080000000, 0x0000000100000000)
  region size 1024K, 5 young (5120K), 5 survivors (5120K)
 Metaspace       used 35925K, committed 36224K, reserved 1114112K
  class space    used 4024K, committed 4160K, reserved 1048576K
}
Event: 3.639 GC heap before
{Heap before GC invocations=5 (full 0):
 garbage-first heap   total 162816K, used 150147K [0x0000000080000000, 0x0000000100000000)
  region size 1024K, 36 young (36864K), 5 survivors (5120K)
 Metaspace       used 36630K, committed 36864K, reserved 1114112K
  class space    used 4056K, committed 4160K, reserved 1048576K
}
Event: 3.655 GC heap after
{Heap after GC invocations=6 (full 0):
 garbage-first heap   total 172032K, used 66698K [0x0000000080000000, 0x0000000100000000)
  region size 1024K, 9 young (9216K), 9 survivors (9216K)
 Metaspace       used 36630K, committed 36864K, reserved 1114112K
  class space    used 4056K, committed 4160K, reserved 1048576K
}
Event: 3.662 GC heap before
{Heap before GC invocations=6 (full 0):
 garbage-first heap   total 172032K, used 67722K [0x0000000080000000, 0x0000000100000000)
  region size 1024K, 10 young (10240K), 9 survivors (9216K)
 Metaspace       used 36642K, committed 36864K, reserved 1114112K
  class space    used 4056K, committed 4160K, reserved 1048576K
}
Event: 3.672 GC heap after
{Heap after GC invocations=7 (full 0):
 garbage-first heap   total 216064K, used 68677K [0x0000000080000000, 0x0000000100000000)
  region size 1024K, 2 young (2048K), 2 survivors (2048K)
 Metaspace       used 36642K, committed 36864K, reserved 1114112K
  class space    used 4056K, committed 4160K, reserved 1048576K
}
Event: 3.935 GC heap before
{Heap before GC invocations=7 (full 0):
 garbage-first heap   total 216064K, used 151621K [0x0000000080000000, 0x0000000100000000)
  region size 1024K, 83 young (84992K), 2 survivors (2048K)
 Metaspace       used 36881K, committed 37120K, reserved 1114112K
  class space    used 4057K, committed 4160K, reserved 1048576K
}
Event: 3.964 GC heap after
{Heap after GC invocations=8 (full 0):
 garbage-first heap   total 216064K, used 106204K [0x0000000080000000, 0x0000000100000000)
  region size 1024K, 11 young (11264K), 11 survivors (11264K)
 Metaspace       used 36881K, committed 37120K, reserved 1114112K
  class space    used 4057K, committed 4160K, reserved 1048576K
}
Event: 4.098 GC heap before
{Heap before GC invocations=8 (full 0):
 garbage-first heap   total 216064K, used 153308K [0x0000000080000000, 0x0000000100000000)
  region size 1024K, 57 young (58368K), 11 survivors (11264K)
 Metaspace       used 36902K, committed 37184K, reserved 1114112K
  class space    used 4057K, committed 4160K, reserved 1048576K
}
Event: 4.127 GC heap after
{Heap after GC invocations=9 (full 0):
 garbage-first heap   total 216064K, used 128512K [0x0000000080000000, 0x0000000100000000)
  region size 1024K, 8 young (8192K), 8 survivors (8192K)
 Metaspace       used 36902K, committed 37184K, reserved 1114112K
  class space    used 4057K, committed 4160K, reserved 1048576K
}
Event: 4.217 GC heap before
{Heap before GC invocations=9 (full 0):
 garbage-first heap   total 216064K, used 161280K [0x0000000080000000, 0x0000000100000000)
  region size 1024K, 40 young (40960K), 8 survivors (8192K)
 Metaspace       used 36974K, committed 37248K, reserved 1114112K
  class space    used 4057K, committed 4160K, reserved 1048576K
}
Event: 4.237 GC heap after
{Heap after GC invocations=10 (full 0):
 garbage-first heap   total 216064K, used 144384K [0x0000000080000000, 0x0000000100000000)
  region size 1024K, 5 young (5120K), 5 survivors (5120K)
 Metaspace       used 36974K, committed 37248K, reserved 1114112K
  class space    used 4057K, committed 4160K, reserved 1048576K
}
Event: 4.327 GC heap before
{Heap before GC invocations=10 (full 0):
 garbage-first heap   total 275456K, used 167936K [0x0000000080000000, 0x0000000100000000)
  region size 1024K, 28 young (28672K), 5 survivors (5120K)
 Metaspace       used 37104K, committed 37376K, reserved 1114112K
  class space    used 4060K, committed 4160K, reserved 1048576K
}

Dll operation events (1 events):
Event: 0.015 Loaded shared library C:\Program Files\JetBrains\IntelliJ IDEA 2023.2.2\jbr\bin\java.dll

Deoptimization events (20 events):
Event: 4.260 Thread 0x00000232d7927c00 DEOPT PACKING pc=0x00000232bc6cd8ea sp=0x0000007e8b0fb8a0
Event: 4.260 Thread 0x00000232d7927c00 DEOPT UNPACKING pc=0x00000232c363ace3 sp=0x0000007e8b0fadb8 mode 0
Event: 4.268 Thread 0x00000232d7348440 DEOPT PACKING pc=0x00000232bc6cd8ea sp=0x0000007e89df9e10
Event: 4.268 Thread 0x00000232d7348440 DEOPT UNPACKING pc=0x00000232c363ace3 sp=0x0000007e89df9328 mode 0
Event: 4.283 Thread 0x00000232d7927c00 DEOPT PACKING pc=0x00000232bc6cd8ea sp=0x0000007e8b0f9b60
Event: 4.283 Thread 0x00000232d7927c00 DEOPT UNPACKING pc=0x00000232c363ace3 sp=0x0000007e8b0f9078 mode 0
Event: 4.289 Thread 0x00000232d7348440 DEOPT PACKING pc=0x00000232bc6cd8ea sp=0x0000007e89dfad00
Event: 4.289 Thread 0x00000232d7348440 DEOPT UNPACKING pc=0x00000232c363ace3 sp=0x0000007e89dfa218 mode 0
Event: 4.294 Thread 0x00000232d7348440 DEOPT PACKING pc=0x00000232bc6cd8ea sp=0x0000007e89df93e0
Event: 4.294 Thread 0x00000232d7348440 DEOPT UNPACKING pc=0x00000232c363ace3 sp=0x0000007e89df88f8 mode 0
Event: 4.299 Thread 0x00000232d738ba70 DEOPT PACKING pc=0x00000232bc6cd8ea sp=0x0000007e89cfb320
Event: 4.299 Thread 0x00000232d738ba70 DEOPT UNPACKING pc=0x00000232c363ace3 sp=0x0000007e89cfa838 mode 0
Event: 4.299 Thread 0x00000232d7348440 Uncommon trap: trap_request=0xffffff45 fr.pc=0x00000232c3cb09fc relative=0x0000000000004d9c
Event: 4.299 Thread 0x00000232d7348440 Uncommon trap: reason=unstable_if action=reinterpret pc=0x00000232c3cb09fc method=com.oracle.js.parser.Parser.memberExpression(ZZLcom/oracle/js/parser/CoverExpressionError;)Lcom/oracle/js/parser/ir/Expression; @ 380 c2
Event: 4.299 Thread 0x00000232d7348440 DEOPT PACKING pc=0x00000232c3cb09fc sp=0x0000007e89dfb3d0
Event: 4.299 Thread 0x00000232d7348440 DEOPT UNPACKING pc=0x00000232c363a1a3 sp=0x0000007e89dfb3d0 mode 2
Event: 4.305 Thread 0x00000232d738ba70 DEOPT PACKING pc=0x00000232bc6cd8ea sp=0x0000007e89cfa660
Event: 4.305 Thread 0x00000232d738ba70 DEOPT UNPACKING pc=0x00000232c363ace3 sp=0x0000007e89cf9b78 mode 0
Event: 4.323 Thread 0x00000232d738ba70 DEOPT PACKING pc=0x00000232bc6cd8ea sp=0x0000007e89cf4620
Event: 4.323 Thread 0x00000232d738ba70 DEOPT UNPACKING pc=0x00000232c363ace3 sp=0x0000007e89cf3b38 mode 0

Classes unloaded (6 events):
Event: 4.311 Thread 0x00000232d2a77d10 Unloading class 0x0000000100298400 'java/lang/invoke/LambdaForm$MH+0x0000000100298400'
Event: 4.311 Thread 0x00000232d2a77d10 Unloading class 0x0000000100297800 'java/lang/invoke/LambdaForm$DMH+0x0000000100297800'
Event: 4.311 Thread 0x00000232d2a77d10 Unloading class 0x0000000100296c00 'java/lang/invoke/LambdaForm$DMH+0x0000000100296c00'
Event: 4.311 Thread 0x00000232d2a77d10 Unloading class 0x0000000100281400 'jdk/internal/reflect/GeneratedSerializationConstructorAccessor8'
Event: 4.311 Thread 0x00000232d2a77d10 Unloading class 0x0000000100281000 'jdk/internal/reflect/GeneratedSerializationConstructorAccessor6'
Event: 4.311 Thread 0x00000232d2a77d10 Unloading class 0x000000010023c000 'jdk/internal/reflect/GeneratedSerializationConstructorAccessor1'

Classes redefined (0 events):
No events

Internal exceptions (20 events):
Event: 2.538 Thread 0x00000232d7348440 Exception <a 'java/lang/NoSuchMethodError'{0x0000000087642d20}: 'java.lang.Object java.lang.invoke.Invokers$Holder.linkToTargetMethod(int, int, int, int, int, java.lang.Object)'> (0x0000000087642d20) 
thrown [s\src\hotspot\share\interpreter\linkResolver.cpp, line 771]
Event: 2.647 Thread 0x00000232d7925da0 Exception <a 'java/lang/ClassNotFoundException'{0x0000000086e748d8}: sun/util/logging/resources/spi/loggingProvider> (0x0000000086e748d8) 
thrown [s\src\hotspot\share\classfile\systemDictionary.cpp, line 256]
Event: 2.773 Thread 0x00000232d7925da0 Exception <a 'java/lang/NoSuchMethodError'{0x0000000086aaffe8}: 'void java.lang.invoke.DirectMethodHandle$Holder.invokeStatic(java.lang.Object, int, java.lang.Object)'> (0x0000000086aaffe8) 
thrown [s\src\hotspot\share\interpreter\linkResolver.cpp, line 771]
Event: 2.905 Thread 0x00000232d7925da0 Exception <a 'java/lang/NoSuchMethodError'{0x0000000086401c68}: 'java.lang.Object java.lang.invoke.DirectMethodHandle$Holder.invokeVirtual(java.lang.Object, java.lang.Object, java.lang.Object)'> (0x0000000086401c68) 
thrown [s\src\hotspot\share\interpreter\linkResolver.cpp, line 771]
Event: 2.919 Thread 0x00000232d7925da0 Exception <a 'java/lang/NoSuchMethodError'{0x0000000086306c98}: 'long java.lang.invoke.DirectMethodHandle$Holder.invokeStatic(java.lang.Object)'> (0x0000000086306c98) 
thrown [s\src\hotspot\share\interpreter\linkResolver.cpp, line 771]
Event: 2.941 Thread 0x00000232d7928110 Exception <a 'java/lang/reflect/InvocationTargetException'{0x00000000863621f0}> (0x00000000863621f0) 
thrown [s\src\hotspot\share\runtime\reflection.cpp, line 1127]
Event: 2.941 Thread 0x00000232d7924960 Exception <a 'java/lang/reflect/InvocationTargetException'{0x00000000864ae998}> (0x00000000864ae998) 
thrown [s\src\hotspot\share\runtime\reflection.cpp, line 1127]
Event: 2.960 Thread 0x00000232d7925da0 Implicit null exception at 0x00000232c3bacdf2 to 0x00000232c3bad434
Event: 2.987 Thread 0x00000232d7924960 Exception <a 'java/lang/NoSuchMethodError'{0x00000000860240e0}: 'void java.lang.invoke.DirectMethodHandle$Holder.invokeVirtual(java.lang.Object, java.lang.Object)'> (0x00000000860240e0) 
thrown [s\src\hotspot\share\interpreter\linkResolver.cpp, line 771]
Event: 2.998 Thread 0x00000232d7925da0 Exception <a 'java/lang/NoSuchMethodError'{0x0000000085e27e30}: 'java.lang.Object java.lang.invoke.DirectMethodHandle$Holder.invokeInterface(java.lang.Object, java.lang.Object)'> (0x0000000085e27e30) 
thrown [s\src\hotspot\share\interpreter\linkResolver.cpp, line 771]
Event: 3.000 Thread 0x00000232d7925da0 Exception <a 'java/lang/NoSuchMethodError'{0x0000000085e42c50}: 'java.lang.Object java.lang.invoke.DirectMethodHandle$Holder.newInvokeSpecial(java.lang.Object, java.lang.Object, java.lang.Object, java.lang.Object, java.lang.Object, java.lang.Object, java.lang.Object, java.lang.Object)'> (0x0000000085e42c50) 
thrown [s\src\hotspot\share\interpreter\linkResolver.cpp, line 771]
Event: 3.001 Thread 0x00000232d7925da0 Exception <a 'java/lang/NoSuchMethodError'{0x0000000085e47fc0}: 'java.lang.Object java.lang.invoke.DirectMethodHandle$Holder.invokeSpecial(java.lang.Object, java.lang.Object, java.lang.Object, java.lang.Object, java.lang.Object, java.lang.Object, java.lang.Object, java.lang.Object, java.lang.Object)'> (0x0000000085e47fc0) 
thrown [s\src\hotspot\share\interpreter\linkResolver.cpp, line 771]
Event: 3.001 Thread 0x00000232d7925da0 Exception <a 'java/lang/NoSuchMethodError'{0x0000000085e4cc48}: 'java.lang.Object java.lang.invoke.Invokers$Holder.linkToTargetMethod(java.lang.Object, java.lang.Object, java.lang.Object, java.lang.Object, java.lang.Object, java.lang.Object, java.lang.Object, java.lang.Object)'> (0x0000000085e4cc48) 
thrown [s\src\hotspot\share\interpreter\linkResolver.cpp, line 771]
Event: 3.005 Thread 0x00000232d7925da0 Exception <a 'java/lang/NoSuchMethodError'{0x0000000085d0c380}: 'java.lang.Object java.lang.invoke.DirectMethodHandle$Holder.newInvokeSpecial(java.lang.Object, java.lang.Object, java.lang.Object, java.lang.Object, java.lang.Object, java.lang.Object, java.lang.Object)'> (0x0000000085d0c380) 
thrown [s\src\hotspot\share\interpreter\linkResolver.cpp, line 771]
Event: 3.006 Thread 0x00000232d7925da0 Exception <a 'java/lang/NoSuchMethodError'{0x0000000085d10c90}: 'java.lang.Object java.lang.invoke.Invokers$Holder.linkToTargetMethod(java.lang.Object, java.lang.Object, java.lang.Object, java.lang.Object, java.lang.Object, java.lang.Object, java.lang.Object)'> (0x0000000085d10c90) 
thrown [s\src\hotspot\share\interpreter\linkResolver.cpp, line 771]
Event: 3.006 Thread 0x00000232d7925da0 Exception <a 'java/lang/NoSuchMethodError'{0x0000000085d14d10}: 'java.lang.Object java.lang.invoke.DirectMethodHandle$Holder.invokeStatic(java.lang.Object, int, java.lang.Object, java.lang.Object)'> (0x0000000085d14d10) 
thrown [s\src\hotspot\share\interpreter\linkResolver.cpp, line 771]
Event: 3.007 Thread 0x00000232d7925da0 Exception <a 'java/lang/NoSuchMethodError'{0x0000000085d1be78}: 'java.lang.Object java.lang.invoke.DirectMethodHandle$Holder.newInvokeSpecial(java.lang.Object, int, java.lang.Object)'> (0x0000000085d1be78) 
thrown [s\src\hotspot\share\interpreter\linkResolver.cpp, line 771]
Event: 3.011 Thread 0x00000232d7925da0 Exception <a 'java/lang/NoSuchMethodError'{0x0000000085d33230}: 'java.lang.Object java.lang.invoke.DirectMethodHandle$Holder.invokeInterface(java.lang.Object, java.lang.Object, java.lang.Object)'> (0x0000000085d33230) 
thrown [s\src\hotspot\share\interpreter\linkResolver.cpp, line 771]
Event: 3.024 Thread 0x00000232d7925da0 Exception <a 'java/lang/reflect/InvocationTargetException'{0x0000000085c31bc8}> (0x0000000085c31bc8) 
thrown [s\src\hotspot\share\runtime\reflection.cpp, line 1127]
Event: 3.049 Thread 0x00000232d7925da0 Exception <a 'java/lang/NoSuchMethodError'{0x0000000085b278e8}: 'java.lang.Object java.lang.invoke.DirectMethodHandle$Holder.newInvokeSpecial(java.lang.Object, java.lang.Object, int)'> (0x0000000085b278e8) 
thrown [s\src\hotspot\share\interpreter\linkResolver.cpp, line 771]

VM Operations (20 events):
Event: 3.222 Executing VM operation: HandshakeAllThreads done
Event: 3.310 Executing VM operation: G1CollectForAllocation
Event: 3.319 Executing VM operation: G1CollectForAllocation done
Event: 3.327 Executing VM operation: G1PauseRemark
Event: 3.331 Executing VM operation: G1PauseRemark done
Event: 3.332 Executing VM operation: G1PauseCleanup
Event: 3.332 Executing VM operation: G1PauseCleanup done
Event: 3.638 Executing VM operation: G1CollectForAllocation
Event: 3.655 Executing VM operation: G1CollectForAllocation done
Event: 3.662 Executing VM operation: G1CollectForAllocation
Event: 3.672 Executing VM operation: G1CollectForAllocation done
Event: 3.935 Executing VM operation: G1CollectForAllocation
Event: 3.964 Executing VM operation: G1CollectForAllocation done
Event: 4.098 Executing VM operation: G1CollectForAllocation
Event: 4.127 Executing VM operation: G1CollectForAllocation done
Event: 4.217 Executing VM operation: G1CollectForAllocation
Event: 4.237 Executing VM operation: G1CollectForAllocation done
Event: 4.310 Executing VM operation: G1PauseRemark
Event: 4.315 Executing VM operation: G1PauseRemark done
Event: 4.327 Executing VM operation: G1CollectForAllocation

Events (20 events):
Event: 3.051 loading class java/util/random/RandomGenerator$StreamableGenerator done
Event: 3.051 loading class java/util/random/RandomGenerator$SplittableGenerator done
Event: 3.051 loading class java/util/SplittableRandom done
Event: 3.051 loading class java/util/SplittableRandom$AbstractSplittableGeneratorProxy
Event: 3.051 loading class jdk/internal/util/random/RandomSupport$AbstractSplittableGenerator
Event: 3.051 loading class jdk/internal/util/random/RandomSupport$AbstractSpliteratorGenerator
Event: 3.052 loading class jdk/internal/util/random/RandomSupport$AbstractSpliteratorGenerator done
Event: 3.052 loading class jdk/internal/util/random/RandomSupport$AbstractSplittableGenerator done
Event: 3.052 loading class java/util/SplittableRandom$AbstractSplittableGeneratorProxy done
Event: 3.217 loading class java/util/AbstractList$RandomAccessSubList
Event: 3.217 loading class java/util/AbstractList$SubList
Event: 3.217 loading class java/util/AbstractList$SubList done
Event: 3.217 loading class java/util/AbstractList$RandomAccessSubList done
Event: 3.217 loading class java/util/AbstractList$SubList$1
Event: 3.217 loading class java/util/AbstractList$SubList$1 done
Event: 3.232 loading class java/time/temporal/UnsupportedTemporalTypeException
Event: 3.232 loading class java/time/temporal/UnsupportedTemporalTypeException done
Event: 3.409 Thread 0x00000232d80edf50 Thread added: 0x00000232d80edf50
Event: 4.300 loading class jdk/internal/math/FDBigInteger
Event: 4.300 loading class jdk/internal/math/FDBigInteger done


Dynamic libraries:
0x00007ff6c4d30000 - 0x00007ff6c4d3a000 	C:\Program Files\JetBrains\IntelliJ IDEA 2023.2.2\jbr\bin\java.exe
0x00007ffb03d10000 - 0x00007ffb03f27000 	C:\WINDOWS\SYSTEM32\ntdll.dll
0x00007ffb02010000 - 0x00007ffb020d4000 	C:\WINDOWS\System32\KERNEL32.DLL
0x00007ffb01080000 - 0x00007ffb01426000 	C:\WINDOWS\System32\KERNELBASE.dll
0x00007ffb01910000 - 0x00007ffb01a21000 	C:\WINDOWS\System32\ucrtbase.dll
0x00007ffae9280000 - 0x00007ffae9297000 	C:\Program Files\JetBrains\IntelliJ IDEA 2023.2.2\jbr\bin\jli.dll
0x00007ffab8000000 - 0x00007ffab801b000 	C:\Program Files\JetBrains\IntelliJ IDEA 2023.2.2\jbr\bin\VCRUNTIME140.dll
0x00007ffb03870000 - 0x00007ffb03a1e000 	C:\WINDOWS\System32\USER32.dll
0x00007ffb01a30000 - 0x00007ffb01a56000 	C:\WINDOWS\System32\win32u.dll
0x00007ffb01fe0000 - 0x00007ffb02009000 	C:\WINDOWS\System32\GDI32.dll
0x00007ffb016d0000 - 0x00007ffb017e8000 	C:\WINDOWS\System32\gdi32full.dll
0x00007ffb01870000 - 0x00007ffb0190a000 	C:\WINDOWS\System32\msvcp_win.dll
0x00007ffae99a0000 - 0x00007ffae9c33000 	C:\WINDOWS\WinSxS\amd64_microsoft.windows.common-controls_6595b64144ccf1df_6.0.22621.2506_none_270c5ae97388e100\COMCTL32.dll
0x00007ffb03c20000 - 0x00007ffb03cc7000 	C:\WINDOWS\System32\msvcrt.dll
0x00007ffb027e0000 - 0x00007ffb02811000 	C:\WINDOWS\System32\IMM32.DLL
0x00007ffae9480000 - 0x00007ffae948c000 	C:\Program Files\JetBrains\IntelliJ IDEA 2023.2.2\jbr\bin\vcruntime140_1.dll
0x00007ffaacdc0000 - 0x00007ffaace4d000 	C:\Program Files\JetBrains\IntelliJ IDEA 2023.2.2\jbr\bin\msvcp140.dll
0x00007ffa95fe0000 - 0x00007ffa96c63000 	C:\Program Files\JetBrains\IntelliJ IDEA 2023.2.2\jbr\bin\server\jvm.dll
0x00007ffb037b0000 - 0x00007ffb03861000 	C:\WINDOWS\System32\ADVAPI32.dll
0x00007ffb03700000 - 0x00007ffb037a5000 	C:\WINDOWS\System32\sechost.dll
0x00007ffb01d30000 - 0x00007ffb01e47000 	C:\WINDOWS\System32\RPCRT4.dll
0x00007ffb00da0000 - 0x00007ffb00ded000 	C:\WINDOWS\SYSTEM32\POWRPROF.dll
0x00007ffadf4d0000 - 0x00007ffadf4d9000 	C:\WINDOWS\SYSTEM32\WSOCK32.dll
0x00007ffb01a90000 - 0x00007ffb01b01000 	C:\WINDOWS\System32\WS2_32.dll
0x00007ffaf6aa0000 - 0x00007ffaf6ad4000 	C:\WINDOWS\SYSTEM32\WINMM.dll
0x00007ffaf5ee0000 - 0x00007ffaf5eea000 	C:\WINDOWS\SYSTEM32\VERSION.dll
0x00007ffb00d80000 - 0x00007ffb00d93000 	C:\WINDOWS\SYSTEM32\UMPDC.dll
0x00007ffb00040000 - 0x00007ffb00058000 	C:\WINDOWS\SYSTEM32\kernel.appcore.dll
0x00007ffafdbc0000 - 0x00007ffafdbca000 	C:\Program Files\JetBrains\IntelliJ IDEA 2023.2.2\jbr\bin\jimage.dll
0x00007ffafe780000 - 0x00007ffafe9b3000 	C:\WINDOWS\SYSTEM32\DBGHELP.DLL
0x00007ffb02450000 - 0x00007ffb027d9000 	C:\WINDOWS\System32\combase.dll
0x00007ffb02370000 - 0x00007ffb02447000 	C:\WINDOWS\System32\OLEAUT32.dll
0x00007ffae19b0000 - 0x00007ffae19e2000 	C:\WINDOWS\SYSTEM32\dbgcore.DLL
0x00007ffb017f0000 - 0x00007ffb0186a000 	C:\WINDOWS\System32\bcryptPrimitives.dll
0x00007ffae7930000 - 0x00007ffae7955000 	C:\Program Files\JetBrains\IntelliJ IDEA 2023.2.2\jbr\bin\java.dll
0x00007ffaef420000 - 0x00007ffaef438000 	C:\Program Files\JetBrains\IntelliJ IDEA 2023.2.2\jbr\bin\zip.dll
0x00007ffb02820000 - 0x00007ffb0307a000 	C:\WINDOWS\System32\SHELL32.dll
0x00007ffafef50000 - 0x00007ffaff846000 	C:\WINDOWS\SYSTEM32\windows.storage.dll
0x00007ffafee10000 - 0x00007ffafef4e000 	C:\WINDOWS\SYSTEM32\wintypes.dll
0x00007ffb03600000 - 0x00007ffb036f3000 	C:\WINDOWS\System32\SHCORE.dll
0x00007ffb02300000 - 0x00007ffb0235e000 	C:\WINDOWS\System32\shlwapi.dll
0x00007ffb00fb0000 - 0x00007ffb00fd6000 	C:\WINDOWS\SYSTEM32\profapi.dll
0x00007ffaea2a0000 - 0x00007ffaea2b9000 	C:\Program Files\JetBrains\IntelliJ IDEA 2023.2.2\jbr\bin\net.dll
0x00007ffafb1d0000 - 0x00007ffafb307000 	C:\WINDOWS\SYSTEM32\WINHTTP.dll
0x00007ffb004b0000 - 0x00007ffb00519000 	C:\WINDOWS\system32\mswsock.dll
0x00007ffae97c0000 - 0x00007ffae97d6000 	C:\Program Files\JetBrains\IntelliJ IDEA 2023.2.2\jbr\bin\nio.dll
0x00007ffaffab0000 - 0x00007ffaffadd000 	C:\WINDOWS\SYSTEM32\IPHLPAPI.DLL
0x00007ffb022f0000 - 0x00007ffb022f9000 	C:\WINDOWS\System32\NSI.dll
0x00007ffafb0f0000 - 0x00007ffafb109000 	C:\WINDOWS\SYSTEM32\dhcpcsvc6.DLL
0x00007ffafa9b0000 - 0x00007ffafa9cf000 	C:\WINDOWS\SYSTEM32\dhcpcsvc.DLL
0x00007ffaffb20000 - 0x00007ffaffc19000 	C:\WINDOWS\SYSTEM32\DNSAPI.dll
0x00007ffb00800000 - 0x00007ffb0081b000 	C:\WINDOWS\SYSTEM32\CRYPTSP.dll
0x00007ffafffa0000 - 0x00007ffafffd5000 	C:\WINDOWS\system32\rsaenh.dll
0x00007ffb00550000 - 0x00007ffb0057c000 	C:\WINDOWS\SYSTEM32\USERENV.dll
0x00007ffb00920000 - 0x00007ffb00948000 	C:\WINDOWS\SYSTEM32\bcrypt.dll
0x00007ffb007e0000 - 0x00007ffb007ec000 	C:\WINDOWS\SYSTEM32\CRYPTBASE.dll
0x00007ffae7c30000 - 0x00007ffae7c37000 	C:\Program Files\JetBrains\IntelliJ IDEA 2023.2.2\jbr\bin\rmi.dll
0x00007ffaf5780000 - 0x00007ffaf578a000 	C:\Windows\System32\rasadhlp.dll
0x00007ffaf5c90000 - 0x00007ffaf5d13000 	C:\WINDOWS\System32\fwpuclnt.dll

dbghelp: loaded successfully - version: 4.0.5 - missing functions: none
symbol engine: initialized successfully - sym options: 0x614 - pdb path: .;C:\Program Files\JetBrains\IntelliJ IDEA 2023.2.2\jbr\bin;C:\WINDOWS\SYSTEM32;C:\WINDOWS\WinSxS\amd64_microsoft.windows.common-controls_6595b64144ccf1df_6.0.22621.2506_none_270c5ae97388e100;C:\Program Files\JetBrains\IntelliJ IDEA 2023.2.2\jbr\bin\server

VM Arguments:
jvm_args: -Djava.rmi.server.hostname=127.0.0.1 -Duser.timezone=UTC -Xmx2048m -Xms128m -Djna.boot.library.path=C:\Program Files\JetBrains\IntelliJ IDEA 2023.2.2/lib/jna/amd64 -Djna.nosys=true -Djna.noclasspath=true -Djdbc.classpath=C:\Program Files\JetBrains\IntelliJ IDEA 2023.2.2\plugins\DatabaseTools\lib\jdbc-console.jar;C:\Users\Aziz\AppData\Roaming\JetBrains\IntelliJIdea2023.2\jdbc-drivers\MongoDB\1.18\mongo-jdbc-standalone-1.18.jar --add-exports=java.desktop/sun.awt=ALL-UNNAMED --add-exports=java.desktop/java.awt.peer=ALL-UNNAMED --add-opens=java.desktop/java.awt=ALL-UNNAMED --add-opens=jdk.unsupported/sun.misc=ALL-UNNAMED --add-opens=java.base/java.nio=ALL-UNNAMED --add-opens=java.base/java.util=ALL-UNNAMED -Dfile.encoding=UTF-8 
java_command: com.intellij.database.remote.RemoteJdbcServer com.dbschema.MongoJdbcDriver
java_class_path (initial): C:\Program Files\JetBrains\IntelliJ IDEA 2023.2.2\lib\util_rt.jar;C:\Program Files\JetBrains\IntelliJ IDEA 2023.2.2\lib\util-8.jar;C:\Program Files\JetBrains\IntelliJ IDEA 2023.2.2\lib\groovy.jar;C:\Program Files\JetBrains\IntelliJ IDEA 2023.2.2\plugins\DatabaseTools\lib\jdbc-console.jar;C:\Program Files\JetBrains\IntelliJ IDEA 2023.2.2\plugins\grid-core-impl\lib\jdbc-console-types.jar;C:\Program Files\JetBrains\IntelliJ IDEA 2023.2.2\lib\util.jar;C:\Program Files\JetBrains\IntelliJ IDEA 2023.2.2\lib\bouncy-castle.jar
Launcher Type: SUN_STANDARD

[Global flags]
     intx CICompilerCount                          = 4                                         {product} {ergonomic}
     uint ConcGCThreads                            = 2                                         {product} {ergonomic}
     uint G1ConcRefinementThreads                  = 8                                         {product} {ergonomic}
   size_t G1HeapRegionSize                         = 1048576                                   {product} {ergonomic}
    uintx GCDrainStackTargetSize                   = 64                                        {product} {ergonomic}
   size_t InitialHeapSize                          = 134217728                                 {product} {command line}
   size_t MarkStackSize                            = 4194304                                   {product} {ergonomic}
   size_t MaxHeapSize                              = 2147483648                                {product} {command line}
   size_t MaxNewSize                               = 1287651328                                {product} {ergonomic}
   size_t MinHeapDeltaBytes                        = 1048576                                   {product} {ergonomic}
   size_t MinHeapSize                              = 134217728                                 {product} {command line}
    uintx NonNMethodCodeHeapSize                   = 5839372                                {pd product} {ergonomic}
    uintx NonProfiledCodeHeapSize                  = 122909434                              {pd product} {ergonomic}
    uintx ProfiledCodeHeapSize                     = 122909434                              {pd product} {ergonomic}
    uintx ReservedCodeCacheSize                    = 251658240                              {pd product} {ergonomic}
     bool SegmentedCodeCache                       = true                                      {product} {ergonomic}
   size_t SoftMaxHeapSize                          = 2147483648                             {manageable} {ergonomic}
     bool UseCompressedClassPointers               = true                           {product lp64_product} {ergonomic}
     bool UseCompressedOops                        = true                           {product lp64_product} {ergonomic}
     bool UseG1GC                                  = true                                      {product} {ergonomic}
     bool UseLargePagesIndividualAllocation        = false                                  {pd product} {ergonomic}

Logging:
Log output configuration:
 #0: stdout all=warning uptime,level,tags
 #1: stderr all=off uptime,level,tags

Environment Variables:
PATH=C:\Program Files\Common Files\Oracle\Java\javapath;C:\WINDOWS\system32;C:\WINDOWS;C:\WINDOWS\System32\Wbem;C:\WINDOWS\System32\WindowsPowerShell\v1.0\;C:\WINDOWS\System32\OpenSSH\;C:\Program Files\dotnet\;C:\Program Files\Git\cmd;C:\xampp\php;C:\composer;;C:\Program Files\nodejs\;C:\Program Files\Docker\Docker\resources\bin;C:\Program Files\Microsoft SQL Server\150\Tools\Binn\;C:\Users\Aziz\AppData\Local\Microsoft\WindowsApps;C:\Users\Aziz\AppData\Local\Programs\Microsoft VS Code\bin;C:\Users\Aziz\AppData\Roaming\Composer\vendor\bin;C:\xampp\php;C:\Users\Aziz\AppData\Roaming\npm;C:\Users\Aziz\Downloads\apache-maven-3.9.5-bin (1)\apache-maven-3.9.5\bin
USERNAME=Aziz
OS=Windows_NT
PROCESSOR_IDENTIFIER=Intel64 Family 6 Model 140 Stepping 1, GenuineIntel
TMP=C:\Users\Aziz\AppData\Local\Temp
TEMP=C:\Users\Aziz\AppData\Local\Temp


JNI global refs:
JNI global refs: 19, weak refs: 78

JNI global refs memory usage: 843, weak refs: 1473

OOME stack traces (most recent first):
Classloader memory used:
Loader com.intellij.database.remote.jdbc.impl.JdbcClassLoader$JdbcClassLoaderImpl      : 2562K
Loader bootstrap                                                                       : 1893K
Loader jdk.internal.loader.ClassLoaders$AppClassLoader                                 : 138K
Loader jdk.internal.loader.ClassLoaders$PlatformClassLoader                            : 35938B
Loader jdk.internal.reflect.DelegatingClassLoader                                      : 9075B


---------------  S Y S T E M  ---------------

OS:
 Windows 11 , 64 bit Build 22621 (10.0.22621.2506)
OS uptime: 2 days 1:36 hours
Hyper-V role detected

CPU: total 8 (initial active 8) (4 cores per cpu, 2 threads per core) family 6 model 140 stepping 1 microcode 0xb4, cx8, cmov, fxsr, ht, mmx, 3dnowpref, sse, sse2, sse3, ssse3, sse4.1, sse4.2, popcnt, lzcnt, tsc, tscinvbit, avx, avx2, aes, erms, clmul, bmi1, bmi2, adx, avx512f, avx512dq, avx512cd, avx512bw, avx512vl, sha, fma, vzeroupper, avx512_vpopcntdq, avx512_vpclmulqdq, avx512_vaes, avx512_vnni, clflush, clflushopt, clwb, avx512_vbmi2, avx512_vbmi, hv
Processor Information for processor 0
  Max Mhz: 1382, Current Mhz: 1382, Mhz Limit: 1382
Processor Information for processor 1
  Max Mhz: 1382, Current Mhz: 1382, Mhz Limit: 1382
Processor Information for processor 2
  Max Mhz: 1382, Current Mhz: 1184, Mhz Limit: 1382
Processor Information for processor 3
  Max Mhz: 1382, Current Mhz: 1382, Mhz Limit: 1382
Processor Information for processor 4
  Max Mhz: 1382, Current Mhz: 1382, Mhz Limit: 1382
Processor Information for processor 5
  Max Mhz: 1382, Current Mhz: 1382, Mhz Limit: 1382
Processor Information for processor 6
  Max Mhz: 1382, Current Mhz: 1382, Mhz Limit: 1382
Processor Information for processor 7
  Max Mhz: 1382, Current Mhz: 1382, Mhz Limit: 1382

Memory: 4k page, system-wide physical 7589M (311M free)
TotalPageFile size 19589M (AvailPageFile size 435M)
current process WorkingSet (physical memory assigned to process): 337M, peak: 337M
current process commit charge ("private bytes"): 431M, peak: 869M

vm_info: OpenJDK 64-Bit Server VM (17.0.8+7-b1000.22) for windows-amd64 JRE (17.0.8+7-b1000.22), built on 2023-09-02 by "builduser" with MS VC++ 16.10 / 16.11 (VS2019)

END.
