#
# There is insufficient memory for the Java Runtime Environment to continue.
# Native memory allocation (mmap) failed to map 648019968 bytes for G1 virtual space
# Possible reasons:
#   The system is out of physical RAM or swap space
#   The process is running with CompressedOops enabled, and the Java Heap may be blocking the growth of the native heap
# Possible solutions:
#   Reduce memory load on the system
#   Increase physical memory or swap space
#   Check if swap backing store is full
#   Decrease Java heap size (-Xmx/-Xms)
#   Decrease number of Java threads
#   Decrease Java thread stack sizes (-Xss)
#   Set larger code cache with -XX:ReservedCodeCacheSize=
#   JVM is running with Unscaled Compressed Oops mode in which the Java heap is
#     placed in the first 4GB address space. The Java Heap base address is the
#     maximum limit for the native heap growth. Please use -XX:HeapBaseMinAddress
#     to set the Java Heap base and to place the Java Heap above 4GB virtual address.
# This output file may be truncated or incomplete.
#
#  Out of Memory Error (os_windows.cpp:3829), pid=9064, tid=7512
#
# JRE version: OpenJDK Runtime Environment JBR-17.0.8+7-1000.22-jcef (17.0.8+7) (build 17.0.8+7-b1000.22)
# Java VM: OpenJDK 64-Bit Server VM JBR-17.0.8+7-1000.22-jcef (17.0.8+7-b1000.22, mixed mode, tiered, compressed oops, compressed class ptrs, g1 gc, windows-amd64)
# No core dump will be written. Minidumps are not enabled by default on client versions of Windows
#

---------------  S U M M A R Y ------------

Command Line: -Djava.rmi.server.hostname=127.0.0.1 -Duser.timezone=UTC -Xmx2048m -Xms128m -Djna.boot.library.path=C:\Program Files\JetBrains\IntelliJ IDEA 2023.2.2/lib/jna/amd64 -Djna.nosys=true -Djna.noclasspath=true -Djdbc.classpath=C:\Program Files\JetBrains\IntelliJ IDEA 2023.2.2\plugins\DatabaseTools\lib\jdbc-console.jar;C:\Users\Aziz\AppData\Roaming\JetBrains\IntelliJIdea2023.2\jdbc-drivers\MongoDB\1.18\mongo-jdbc-standalone-1.18.jar --add-exports=java.desktop/sun.awt=ALL-UNNAMED --add-exports=java.desktop/java.awt.peer=ALL-UNNAMED --add-opens=java.desktop/java.awt=ALL-UNNAMED --add-opens=jdk.unsupported/sun.misc=ALL-UNNAMED --add-opens=java.base/java.nio=ALL-UNNAMED --add-opens=java.base/java.util=ALL-UNNAMED -Dfile.encoding=UTF-8 com.intellij.database.remote.RemoteJdbcServer com.dbschema.MongoJdbcDriver

Host: 11th Gen Intel(R) Core(TM) i5-1135G7 @ 2.40GHz, 8 cores, 7G,  Windows 11 , 64 bit Build 22621 (10.0.22621.2506)
Time: Thu Dec 28 16:07:34 2023 Maroc (heure d64 bit Build 22621 (10.0.22621.2506) elapsed time: 2.657462 seconds (0d 0h 0m 2s)

---------------  T H R E A D  ---------------

Current thread (0x000002998b013a30):  VMThread "VM Thread" [stack: 0x0000009a41800000,0x0000009a41900000] [id=7512]

Stack: [0x0000009a41800000,0x0000009a41900000]
Native frames: (J=compiled Java code, j=interpreted, Vv=VM code, C=native code)
V  [jvm.dll+0x6852da]
V  [jvm.dll+0x844c84]
V  [jvm.dll+0x84659e]
V  [jvm.dll+0x846c03]
V  [jvm.dll+0x24b7cf]
V  [jvm.dll+0x682049]
V  [jvm.dll+0x67671a]
V  [jvm.dll+0x30be2b]
V  [jvm.dll+0x3132d6]
V  [jvm.dll+0x36302e]
V  [jvm.dll+0x36325f]
V  [jvm.dll+0x2e1f48]
V  [jvm.dll+0x2e0124]
V  [jvm.dll+0x2df72c]
V  [jvm.dll+0x32427b]
V  [jvm.dll+0x84b2eb]
V  [jvm.dll+0x84c024]
V  [jvm.dll+0x84c53d]
V  [jvm.dll+0x84c914]
V  [jvm.dll+0x84c9e0]
V  [jvm.dll+0x7f415a]
V  [jvm.dll+0x684115]
C  [ucrtbase.dll+0x29363]
C  [KERNEL32.DLL+0x1257d]
C  [ntdll.dll+0x5aa58]

VM_Operation (0x0000009a439f7480): G1CollectForAllocation, mode: safepoint, requested by thread 0x000002998b694010


---------------  P R O C E S S  ---------------

Threads class SMR info:
_java_thread_list=0x000002998c9e6e60, length=29, elements={
0x00000299ea94e860, 0x0000029986b29550, 0x0000029986b2a110, 0x0000029986b3cf70,
0x0000029986b3f850, 0x0000029986b40120, 0x0000029986b40ae0, 0x0000029986b41c90,
0x0000029986b42f50, 0x0000029986b43950, 0x000002998b1d23a0, 0x000002998b1d2880,
0x000002998b5eea60, 0x000002998b5ef360, 0x000002998b9bdd80, 0x000002998b9aa750,
0x000002998b9aac30, 0x000002998b9ab110, 0x000002998b6935f0, 0x000002998b692bd0,
0x000002998b694a30, 0x000002998b694520, 0x000002998b693b00, 0x000002998b694f40,
0x000002998b694010, 0x000002998b6930e0, 0x000002998b695450, 0x000002998b691ca0,
0x000002998b6921b0
}

Java Threads: ( => current thread )
  0x00000299ea94e860 JavaThread "main" [_thread_blocked, id=16016, stack(0x0000009a41200000,0x0000009a41300000)]
  0x0000029986b29550 JavaThread "Reference Handler" daemon [_thread_blocked, id=22316, stack(0x0000009a41900000,0x0000009a41a00000)]
  0x0000029986b2a110 JavaThread "Finalizer" daemon [_thread_blocked, id=6016, stack(0x0000009a41a00000,0x0000009a41b00000)]
  0x0000029986b3cf70 JavaThread "Signal Dispatcher" daemon [_thread_blocked, id=20828, stack(0x0000009a41b00000,0x0000009a41c00000)]
  0x0000029986b3f850 JavaThread "Attach Listener" daemon [_thread_blocked, id=928, stack(0x0000009a41c00000,0x0000009a41d00000)]
  0x0000029986b40120 JavaThread "Service Thread" daemon [_thread_blocked, id=21388, stack(0x0000009a41d00000,0x0000009a41e00000)]
  0x0000029986b40ae0 JavaThread "Monitor Deflation Thread" daemon [_thread_blocked, id=17800, stack(0x0000009a41e00000,0x0000009a41f00000)]
  0x0000029986b41c90 JavaThread "C2 CompilerThread0" daemon [_thread_blocked, id=8292, stack(0x0000009a41f00000,0x0000009a42000000)]
  0x0000029986b42f50 JavaThread "C1 CompilerThread0" daemon [_thread_blocked, id=4672, stack(0x0000009a42000000,0x0000009a42100000)]
  0x0000029986b43950 JavaThread "Sweeper thread" daemon [_thread_blocked, id=10812, stack(0x0000009a42100000,0x0000009a42200000)]
  0x000002998b1d23a0 JavaThread "Common-Cleaner" daemon [_thread_blocked, id=17596, stack(0x0000009a42200000,0x0000009a42300000)]
  0x000002998b1d2880 JavaThread "Notification Thread" daemon [_thread_blocked, id=18864, stack(0x0000009a42300000,0x0000009a42400000)]
  0x000002998b5eea60 JavaThread "MongoShell ExecutorService" daemon [_thread_blocked, id=17120, stack(0x0000009a42500000,0x0000009a42600000)]
  0x000002998b5ef360 JavaThread "MongoShell ExecutorService" daemon [_thread_blocked, id=13460, stack(0x0000009a42600000,0x0000009a42700000)]
  0x000002998b9bdd80 JavaThread "RMI TCP Accept-28265" daemon [_thread_in_native, id=20640, stack(0x0000009a42d00000,0x0000009a42e00000)]
  0x000002998b9aa750 JavaThread "RMI TCP Accept-0" daemon [_thread_in_native, id=8664, stack(0x0000009a42e00000,0x0000009a42f00000)]
  0x000002998b9aac30 JavaThread "RMI Reaper" [_thread_blocked, id=17612, stack(0x0000009a42f00000,0x0000009a43000000)]
  0x000002998b9ab110 JavaThread "RMI GC Daemon" daemon [_thread_blocked, id=8568, stack(0x0000009a43000000,0x0000009a43100000)]
  0x000002998b6935f0 JavaThread "RMI TCP Connection(1)-127.0.0.1" daemon [_thread_in_native, id=6496, stack(0x0000009a43100000,0x0000009a43200000)]
  0x000002998b692bd0 JavaThread "RMI TCP Connection(2)-127.0.0.1" daemon [_thread_in_native, id=10544, stack(0x0000009a43200000,0x0000009a43300000)]
  0x000002998b694a30 JavaThread "RMI Scheduler(0)" daemon [_thread_blocked, id=11720, stack(0x0000009a43300000,0x0000009a43400000)]
  0x000002998b694520 JavaThread "RMI TCP Connection(3)-127.0.0.1" daemon [_thread_blocked, id=15244, stack(0x0000009a43400000,0x0000009a43500000)]
  0x000002998b693b00 JavaThread "RMI TCP Connection(4)-127.0.0.1" daemon [_thread_in_native, id=18908, stack(0x0000009a43500000,0x0000009a43600000)]
  0x000002998b694f40 JavaThread "RMI RenewClean-[127.0.0.1:59998]" daemon [_thread_blocked, id=19244, stack(0x0000009a43800000,0x0000009a43900000)]
  0x000002998b694010 JavaThread "MongoShell ExecutorService" daemon [_thread_blocked, id=17092, stack(0x0000009a43900000,0x0000009a43a00000)]
  0x000002998b6930e0 JavaThread "BufferPoolPruner-1-thread-1" daemon [_thread_blocked, id=17112, stack(0x0000009a43a00000,0x0000009a43b00000)]
  0x000002998b695450 JavaThread "cluster-ClusterId{value='658d8f34d745285fd4a40ea6', description='DataGrip'}-localhost:27017" daemon [_thread_in_native, id=6848, stack(0x0000009a43b00000,0x0000009a43c00000)]
  0x000002998b691ca0 JavaThread "cluster-rtt-ClusterId{value='658d8f34d745285fd4a40ea6', description='DataGrip'}-localhost:27017" daemon [_thread_blocked, id=5628, stack(0x0000009a43c00000,0x0000009a43d00000)]
  0x000002998b6921b0 JavaThread "MaintenanceTimer-2-thread-1" daemon [_thread_blocked, id=18652, stack(0x0000009a43e00000,0x0000009a43f00000)]

Other Threads:
=>0x000002998b013a30 VMThread "VM Thread" [stack: 0x0000009a41800000,0x0000009a41900000] [id=7512]
  0x000002998b031180 WatcherThread [stack: 0x0000009a42400000,0x0000009a42500000] [id=7728]
  0x00000299eca33e60 GCTaskThread "GC Thread#0" [stack: 0x0000009a41300000,0x0000009a41400000] [id=20940]
  0x000002998b754740 GCTaskThread "GC Thread#1" [stack: 0x0000009a42700000,0x0000009a42800000] [id=20520]
  0x000002998b27be90 GCTaskThread "GC Thread#2" [stack: 0x0000009a42800000,0x0000009a42900000] [id=4028]
  0x000002998b784cd0 GCTaskThread "GC Thread#3" [stack: 0x0000009a42900000,0x0000009a42a00000] [id=14328]
  0x000002998b69a550 GCTaskThread "GC Thread#4" [stack: 0x0000009a42a00000,0x0000009a42b00000] [id=17812]
  0x000002998b778410 GCTaskThread "GC Thread#5" [stack: 0x0000009a42b00000,0x0000009a42c00000] [id=11884]
  0x000002998b797830 GCTaskThread "GC Thread#6" [stack: 0x0000009a42c00000,0x0000009a42d00000] [id=4024]
  0x000002998b9aa460 GCTaskThread "GC Thread#7" [stack: 0x0000009a43600000,0x0000009a43700000] [id=16824]
  0x00000299eca44c50 ConcurrentGCThread "G1 Main Marker" [stack: 0x0000009a41400000,0x0000009a41500000] [id=11340]
  0x00000299eca45500 ConcurrentGCThread "G1 Conc#0" [stack: 0x0000009a41500000,0x0000009a41600000] [id=5832]
  0x000002998baecae0 ConcurrentGCThread "G1 Conc#1" [stack: 0x0000009a43700000,0x0000009a43800000] [id=15408]
  0x00000299eca8dff0 ConcurrentGCThread "G1 Refine#0" [stack: 0x0000009a41600000,0x0000009a41700000] [id=8660]
  0x000002998cf86460 ConcurrentGCThread "G1 Refine#1" [stack: 0x0000009a43f00000,0x0000009a44000000] [id=17340]
  0x000002998cf86750 ConcurrentGCThread "G1 Refine#2" [stack: 0x0000009a44000000,0x0000009a44100000] [id=18900]
  0x000002998cf85e80 ConcurrentGCThread "G1 Refine#3" [stack: 0x0000009a44100000,0x0000009a44200000] [id=14072]
  0x000002998cf87310 ConcurrentGCThread "G1 Refine#4" [stack: 0x0000009a44200000,0x0000009a44300000] [id=3172]
  0x000002998cf86170 ConcurrentGCThread "G1 Refine#5" [stack: 0x0000009a44300000,0x0000009a44400000] [id=20576]
  0x00000299eca8e8c0 ConcurrentGCThread "G1 Service" [stack: 0x0000009a41700000,0x0000009a41800000] [id=11936]

Threads with active compile tasks:
C2 CompilerThread0     2677 3543       4       com.oracle.js.parser.Lexer::consumeDigits (147 bytes)

VM state: at safepoint (normal execution)

VM Mutex/Monitor currently owned by a thread:  ([mutex/lock_event])
[0x00000299ea94a480] Threads_lock - owner thread: 0x000002998b013a30
[0x00000299ea94a990] Heap_lock - owner thread: 0x000002998b694010

Heap address: 0x0000000080000000, size: 2048 MB, Compressed Oops mode: 32-bit

CDS archive(s) not mapped
Compressed class space mapped at: 0x0000000100000000-0x0000000140000000, reserved size: 1073741824
Narrow klass base: 0x0000000000000000, Narrow klass shift: 3, Narrow klass range: 0x140000000

GC Precious Log:
 CPUs: 8 total, 8 available
 Memory: 7589M
 Large Page Support: Disabled
 NUMA Support: Disabled
 Compressed Oops: Enabled (32-bit)
 Heap Region Size: 1M
 Heap Min Capacity: 128M
 Heap Initial Capacity: 128M
 Heap Max Capacity: 2G
 Pre-touch: Disabled
 Parallel Workers: 8
 Concurrent Workers: 2
 Concurrent Refinement Workers: 8
 Periodic GC: Disabled

Heap:
 garbage-first heap   total 316416K, used 182222K [0x0000000080000000, 0x0000000100000000)
  region size 1024K, 5 young (5120K), 5 survivors (5120K)
 Metaspace       used 37148K, committed 37440K, reserved 1114112K
  class space    used 4073K, committed 4224K, reserved 1048576K

Heap Regions: E=young(eden), S=young(survivor), O=old, HS=humongous(starts), HC=humongous(continues), CS=collection set, F=free, OA=open archive, CA=closed archive, TAMS=top-at-mark-start (previous, next)
|   0|0x0000000080000000, 0x0000000080100000, 0x0000000080100000|100%|HS|  |TAMS 0x0000000080100000, 0x0000000080000000| Complete 
|   1|0x0000000080100000, 0x0000000080200000, 0x0000000080200000|100%|HC|  |TAMS 0x0000000080200000, 0x0000000080100000| Complete 
|   2|0x0000000080200000, 0x0000000080300000, 0x0000000080300000|100%|HC|  |TAMS 0x0000000080300000, 0x0000000080200000| Complete 
|   3|0x0000000080300000, 0x0000000080400000, 0x0000000080400000|100%|HS|  |TAMS 0x0000000080400000, 0x0000000080300000| Complete 
|   4|0x0000000080400000, 0x0000000080500000, 0x0000000080500000|100%|HC|  |TAMS 0x0000000080500000, 0x0000000080400000| Complete 
|   5|0x0000000080500000, 0x0000000080600000, 0x0000000080600000|100%|HS|  |TAMS 0x0000000080600000, 0x0000000080500000| Complete 
|   6|0x0000000080600000, 0x0000000080700000, 0x0000000080700000|100%| O|  |TAMS 0x0000000080700000, 0x0000000080600000| Untracked 
|   7|0x0000000080700000, 0x0000000080800000, 0x0000000080800000|100%| O|  |TAMS 0x0000000080800000, 0x0000000080700000| Untracked 
|   8|0x0000000080800000, 0x0000000080900000, 0x0000000080900000|100%| O|  |TAMS 0x0000000080900000, 0x0000000080800000| Untracked 
|   9|0x0000000080900000, 0x0000000080a00000, 0x0000000080a00000|100%| O|  |TAMS 0x0000000080a00000, 0x0000000080900000| Untracked 
|  10|0x0000000080a00000, 0x0000000080b00000, 0x0000000080b00000|100%| O|  |TAMS 0x0000000080b00000, 0x0000000080a00000| Untracked 
|  11|0x0000000080b00000, 0x0000000080c00000, 0x0000000080c00000|100%| O|  |TAMS 0x0000000080c00000, 0x0000000080b00000| Untracked 
|  12|0x0000000080c00000, 0x0000000080d00000, 0x0000000080d00000|100%| O|  |TAMS 0x0000000080d00000, 0x0000000080c00000| Untracked 
|  13|0x0000000080d00000, 0x0000000080e00000, 0x0000000080e00000|100%| O|  |TAMS 0x0000000080e00000, 0x0000000080d00000| Untracked 
|  14|0x0000000080e00000, 0x0000000080f00000, 0x0000000080f00000|100%| O|  |TAMS 0x0000000080f00000, 0x0000000080e00000| Untracked 
|  15|0x0000000080f00000, 0x0000000081000000, 0x0000000081000000|100%| O|  |TAMS 0x0000000081000000, 0x0000000080f00000| Untracked 
|  16|0x0000000081000000, 0x0000000081100000, 0x0000000081100000|100%| O|  |TAMS 0x0000000081100000, 0x0000000081000000| Untracked 
|  17|0x0000000081100000, 0x0000000081200000, 0x0000000081200000|100%| O|  |TAMS 0x0000000081200000, 0x0000000081100000| Untracked 
|  18|0x0000000081200000, 0x0000000081300000, 0x0000000081300000|100%|HS|  |TAMS 0x0000000081300000, 0x0000000081200000| Complete 
|  19|0x0000000081300000, 0x0000000081400000, 0x0000000081400000|100%|HC|  |TAMS 0x0000000081400000, 0x0000000081300000| Complete 
|  20|0x0000000081400000, 0x0000000081500000, 0x0000000081500000|100%|HS|  |TAMS 0x0000000081500000, 0x0000000081400000| Complete 
|  21|0x0000000081500000, 0x0000000081600000, 0x0000000081600000|100%|HC|  |TAMS 0x0000000081600000, 0x0000000081500000| Complete 
|  22|0x0000000081600000, 0x0000000081700000, 0x0000000081700000|100%|HS|  |TAMS 0x0000000081700000, 0x0000000081600000| Complete 
|  23|0x0000000081700000, 0x0000000081800000, 0x0000000081800000|100%|HC|  |TAMS 0x0000000081800000, 0x0000000081700000| Complete 
|  24|0x0000000081800000, 0x0000000081900000, 0x0000000081900000|100%| O|  |TAMS 0x0000000081900000, 0x0000000081800000| Untracked 
|  25|0x0000000081900000, 0x0000000081a00000, 0x0000000081a00000|100%| O|  |TAMS 0x0000000081a00000, 0x0000000081900000| Untracked 
|  26|0x0000000081a00000, 0x0000000081b00000, 0x0000000081b00000|100%| O|  |TAMS 0x0000000081b00000, 0x0000000081a00000| Untracked 
|  27|0x0000000081b00000, 0x0000000081c00000, 0x0000000081c00000|100%| O|  |TAMS 0x0000000081c00000, 0x0000000081b00000| Untracked 
|  28|0x0000000081c00000, 0x0000000081d00000, 0x0000000081d00000|100%| O|  |TAMS 0x0000000081d00000, 0x0000000081c00000| Untracked 
|  29|0x0000000081d00000, 0x0000000081e00000, 0x0000000081e00000|100%| O|  |TAMS 0x0000000081e00000, 0x0000000081d00000| Untracked 
|  30|0x0000000081e00000, 0x0000000081f00000, 0x0000000081f00000|100%| O|  |TAMS 0x0000000081f00000, 0x0000000081e00000| Untracked 
|  31|0x0000000081f00000, 0x0000000082000000, 0x0000000082000000|100%| O|  |TAMS 0x0000000082000000, 0x0000000081f00000| Untracked 
|  32|0x0000000082000000, 0x0000000082100000, 0x0000000082100000|100%| O|  |TAMS 0x0000000082100000, 0x0000000082000000| Untracked 
|  33|0x0000000082100000, 0x0000000082200000, 0x0000000082200000|100%| O|  |TAMS 0x0000000082200000, 0x0000000082100000| Untracked 
|  34|0x0000000082200000, 0x0000000082300000, 0x0000000082300000|100%| O|  |TAMS 0x0000000082300000, 0x0000000082200000| Untracked 
|  35|0x0000000082300000, 0x0000000082400000, 0x0000000082400000|100%| O|  |TAMS 0x0000000082400000, 0x0000000082300000| Untracked 
|  36|0x0000000082400000, 0x0000000082500000, 0x0000000082500000|100%| O|  |TAMS 0x0000000082500000, 0x0000000082400000| Untracked 
|  37|0x0000000082500000, 0x0000000082600000, 0x0000000082600000|100%| O|  |TAMS 0x0000000082600000, 0x0000000082500000| Untracked 
|  38|0x0000000082600000, 0x0000000082700000, 0x0000000082700000|100%| O|  |TAMS 0x0000000082700000, 0x0000000082600000| Untracked 
|  39|0x0000000082700000, 0x0000000082800000, 0x0000000082800000|100%| O|  |TAMS 0x0000000082800000, 0x0000000082700000| Untracked 
|  40|0x0000000082800000, 0x0000000082900000, 0x0000000082900000|100%| O|  |TAMS 0x0000000082900000, 0x0000000082800000| Untracked 
|  41|0x0000000082900000, 0x0000000082a00000, 0x0000000082a00000|100%| O|  |TAMS 0x0000000082a00000, 0x0000000082900000| Untracked 
|  42|0x0000000082a00000, 0x0000000082b00000, 0x0000000082b00000|100%|HS|  |TAMS 0x0000000082b00000, 0x0000000082a00000| Complete 
|  43|0x0000000082b00000, 0x0000000082c00000, 0x0000000082c00000|100%|HC|  |TAMS 0x0000000082c00000, 0x0000000082b00000| Complete 
|  44|0x0000000082c00000, 0x0000000082d00000, 0x0000000082d00000|100%|HC|  |TAMS 0x0000000082d00000, 0x0000000082c00000| Complete 
|  45|0x0000000082d00000, 0x0000000082e00000, 0x0000000082e00000|100%|HC|  |TAMS 0x0000000082e00000, 0x0000000082d00000| Complete 
|  46|0x0000000082e00000, 0x0000000082f00000, 0x0000000082f00000|100%|HC|  |TAMS 0x0000000082f00000, 0x0000000082e00000| Complete 
|  47|0x0000000082f00000, 0x0000000083000000, 0x0000000083000000|100%|HC|  |TAMS 0x0000000083000000, 0x0000000082f00000| Complete 
|  48|0x0000000083000000, 0x0000000083100000, 0x0000000083100000|100%|HC|  |TAMS 0x0000000083100000, 0x0000000083000000| Complete 
|  49|0x0000000083100000, 0x0000000083200000, 0x0000000083200000|100%|HC|  |TAMS 0x0000000083200000, 0x0000000083100000| Complete 
|  50|0x0000000083200000, 0x0000000083300000, 0x0000000083300000|100%|HC|  |TAMS 0x0000000083300000, 0x0000000083200000| Complete 
|  51|0x0000000083300000, 0x0000000083400000, 0x0000000083400000|100%|HC|  |TAMS 0x0000000083400000, 0x0000000083300000| Complete 
|  52|0x0000000083400000, 0x0000000083500000, 0x0000000083500000|100%|HC|  |TAMS 0x0000000083500000, 0x0000000083400000| Complete 
|  53|0x0000000083500000, 0x0000000083600000, 0x0000000083600000|100%|HC|  |TAMS 0x0000000083600000, 0x0000000083500000| Complete 
|  54|0x0000000083600000, 0x0000000083700000, 0x0000000083700000|100%|HC|  |TAMS 0x0000000083700000, 0x0000000083600000| Complete 
|  55|0x0000000083700000, 0x0000000083800000, 0x0000000083800000|100%|HC|  |TAMS 0x0000000083800000, 0x0000000083700000| Complete 
|  56|0x0000000083800000, 0x0000000083900000, 0x0000000083900000|100%|HC|  |TAMS 0x0000000083900000, 0x0000000083800000| Complete 
|  57|0x0000000083900000, 0x0000000083a00000, 0x0000000083a00000|100%|HC|  |TAMS 0x0000000083a00000, 0x0000000083900000| Complete 
|  58|0x0000000083a00000, 0x0000000083b00000, 0x0000000083b00000|100%|HC|  |TAMS 0x0000000083b00000, 0x0000000083a00000| Complete 
|  59|0x0000000083b00000, 0x0000000083c00000, 0x0000000083c00000|100%|HC|  |TAMS 0x0000000083c00000, 0x0000000083b00000| Complete 
|  60|0x0000000083c00000, 0x0000000083d00000, 0x0000000083d00000|100%|HC|  |TAMS 0x0000000083d00000, 0x0000000083c00000| Complete 
|  61|0x0000000083d00000, 0x0000000083e00000, 0x0000000083e00000|100%|HC|  |TAMS 0x0000000083e00000, 0x0000000083d00000| Complete 
|  62|0x0000000083e00000, 0x0000000083f00000, 0x0000000083f00000|100%|HC|  |TAMS 0x0000000083f00000, 0x0000000083e00000| Complete 
|  63|0x0000000083f00000, 0x0000000084000000, 0x0000000084000000|100%|HC|  |TAMS 0x0000000084000000, 0x0000000083f00000| Complete 
|  64|0x0000000084000000, 0x0000000084100000, 0x0000000084100000|100%|HC|  |TAMS 0x0000000084100000, 0x0000000084000000| Complete 
|  65|0x0000000084100000, 0x0000000084200000, 0x0000000084200000|100%|HC|  |TAMS 0x0000000084200000, 0x0000000084100000| Complete 
|  66|0x0000000084200000, 0x0000000084300000, 0x0000000084300000|100%|HC|  |TAMS 0x0000000084300000, 0x0000000084200000| Complete 
|  67|0x0000000084300000, 0x0000000084400000, 0x0000000084400000|100%|HC|  |TAMS 0x0000000084400000, 0x0000000084300000| Complete 
|  68|0x0000000084400000, 0x0000000084500000, 0x0000000084500000|100%|HC|  |TAMS 0x0000000084500000, 0x0000000084400000| Complete 
|  69|0x0000000084500000, 0x0000000084600000, 0x0000000084600000|100%|HC|  |TAMS 0x0000000084600000, 0x0000000084500000| Complete 
|  70|0x0000000084600000, 0x0000000084700000, 0x0000000084700000|100%|HC|  |TAMS 0x0000000084700000, 0x0000000084600000| Complete 
|  71|0x0000000084700000, 0x0000000084800000, 0x0000000084800000|100%|HC|  |TAMS 0x0000000084800000, 0x0000000084700000| Complete 
|  72|0x0000000084800000, 0x0000000084900000, 0x0000000084900000|100%|HC|  |TAMS 0x0000000084900000, 0x0000000084800000| Complete 
|  73|0x0000000084900000, 0x0000000084a00000, 0x0000000084a00000|100%| O|  |TAMS 0x0000000084a00000, 0x0000000084900000| Untracked 
|  74|0x0000000084a00000, 0x0000000084b00000, 0x0000000084b00000|100%| O|  |TAMS 0x0000000084b00000, 0x0000000084a00000| Untracked 
|  75|0x0000000084b00000, 0x0000000084c00000, 0x0000000084c00000|100%| O|  |TAMS 0x0000000084c00000, 0x0000000084b00000| Untracked 
|  76|0x0000000084c00000, 0x0000000084d00000, 0x0000000084d00000|100%| O|  |TAMS 0x0000000084d00000, 0x0000000084c00000| Untracked 
|  77|0x0000000084d00000, 0x0000000084e00000, 0x0000000084e00000|100%| O|  |TAMS 0x0000000084e00000, 0x0000000084d00000| Untracked 
|  78|0x0000000084e00000, 0x0000000084f00000, 0x0000000084f00000|100%| O|  |TAMS 0x0000000084f00000, 0x0000000084e00000| Untracked 
|  79|0x0000000084f00000, 0x0000000085000000, 0x0000000085000000|100%| O|  |TAMS 0x0000000085000000, 0x0000000084f00000| Untracked 
|  80|0x0000000085000000, 0x0000000085100000, 0x0000000085100000|100%| O|  |TAMS 0x0000000085100000, 0x0000000085000000| Untracked 
|  81|0x0000000085100000, 0x0000000085200000, 0x0000000085200000|100%| O|  |TAMS 0x0000000085200000, 0x0000000085100000| Updating 
|  82|0x0000000085200000, 0x0000000085300000, 0x0000000085300000|100%| O|  |TAMS 0x0000000085300000, 0x0000000085200000| Updating 
|  83|0x0000000085300000, 0x0000000085400000, 0x0000000085400000|100%| O|  |TAMS 0x0000000085400000, 0x0000000085300000| Untracked 
|  84|0x0000000085400000, 0x0000000085500000, 0x0000000085500000|100%| O|  |TAMS 0x0000000085500000, 0x0000000085400000| Untracked 
|  85|0x0000000085500000, 0x0000000085600000, 0x0000000085600000|100%| O|  |TAMS 0x0000000085600000, 0x0000000085500000| Untracked 
|  86|0x0000000085600000, 0x0000000085700000, 0x0000000085700000|100%| O|  |TAMS 0x0000000085700000, 0x0000000085600000| Untracked 
|  87|0x0000000085700000, 0x0000000085800000, 0x0000000085800000|100%| O|  |TAMS 0x0000000085800000, 0x0000000085700000| Untracked 
|  88|0x0000000085800000, 0x0000000085900000, 0x0000000085900000|100%| O|  |TAMS 0x0000000085900000, 0x0000000085800000| Untracked 
|  89|0x0000000085900000, 0x0000000085a00000, 0x0000000085a00000|100%| O|  |TAMS 0x0000000085a00000, 0x0000000085900000| Untracked 
|  90|0x0000000085a00000, 0x0000000085b00000, 0x0000000085b00000|100%| O|  |TAMS 0x0000000085b00000, 0x0000000085a00000| Untracked 
|  91|0x0000000085b00000, 0x0000000085c00000, 0x0000000085c00000|100%| O|  |TAMS 0x0000000085c00000, 0x0000000085b00000| Untracked 
|  92|0x0000000085c00000, 0x0000000085d00000, 0x0000000085d00000|100%| O|  |TAMS 0x0000000085d00000, 0x0000000085c00000| Untracked 
|  93|0x0000000085d00000, 0x0000000085e00000, 0x0000000085e00000|100%| O|  |TAMS 0x0000000085e00000, 0x0000000085d00000| Updating 
|  94|0x0000000085e00000, 0x0000000085f00000, 0x0000000085f00000|100%| O|  |TAMS 0x0000000085f00000, 0x0000000085e00000| Updating 
|  95|0x0000000085f00000, 0x0000000086000000, 0x0000000086000000|100%| O|  |TAMS 0x0000000086000000, 0x0000000085f00000| Updating 
|  96|0x0000000086000000, 0x0000000086100000, 0x0000000086100000|100%| O|  |TAMS 0x0000000086100000, 0x0000000086000000| Untracked 
|  97|0x0000000086100000, 0x0000000086200000, 0x0000000086200000|100%| O|  |TAMS 0x0000000086200000, 0x0000000086100000| Untracked 
|  98|0x0000000086200000, 0x0000000086300000, 0x0000000086300000|100%| O|  |TAMS 0x0000000086300000, 0x0000000086200000| Untracked 
|  99|0x0000000086300000, 0x0000000086400000, 0x0000000086400000|100%| O|  |TAMS 0x0000000086400000, 0x0000000086300000| Untracked 
| 100|0x0000000086400000, 0x0000000086500000, 0x0000000086500000|100%| O|  |TAMS 0x0000000086500000, 0x0000000086400000| Untracked 
| 101|0x0000000086500000, 0x0000000086600000, 0x0000000086600000|100%| O|  |TAMS 0x0000000086600000, 0x0000000086500000| Untracked 
| 102|0x0000000086600000, 0x0000000086700000, 0x0000000086700000|100%| O|  |TAMS 0x0000000086700000, 0x0000000086600000| Untracked 
| 103|0x0000000086700000, 0x0000000086800000, 0x0000000086800000|100%| O|  |TAMS 0x0000000086800000, 0x0000000086700000| Untracked 
| 104|0x0000000086800000, 0x0000000086900000, 0x0000000086900000|100%| O|  |TAMS 0x0000000086900000, 0x0000000086800000| Updating 
| 105|0x0000000086900000, 0x0000000086a00000, 0x0000000086a00000|100%| O|  |TAMS 0x0000000086a00000, 0x0000000086900000| Updating 
| 106|0x0000000086a00000, 0x0000000086b00000, 0x0000000086b00000|100%| O|  |TAMS 0x0000000086b00000, 0x0000000086a00000| Untracked 
| 107|0x0000000086b00000, 0x0000000086c00000, 0x0000000086c00000|100%| O|  |TAMS 0x0000000086c00000, 0x0000000086b00000| Untracked 
| 108|0x0000000086c00000, 0x0000000086d00000, 0x0000000086d00000|100%| O|  |TAMS 0x0000000086d00000, 0x0000000086c00000| Untracked 
| 109|0x0000000086d00000, 0x0000000086e00000, 0x0000000086e00000|100%| O|  |TAMS 0x0000000086e00000, 0x0000000086d00000| Untracked 
| 110|0x0000000086e00000, 0x0000000086f00000, 0x0000000086f00000|100%| O|  |TAMS 0x0000000086f00000, 0x0000000086e00000| Untracked 
| 111|0x0000000086f00000, 0x0000000087000000, 0x0000000087000000|100%| O|  |TAMS 0x0000000087000000, 0x0000000086f00000| Untracked 
| 112|0x0000000087000000, 0x0000000087100000, 0x0000000087100000|100%| O|  |TAMS 0x0000000087100000, 0x0000000087000000| Untracked 
| 113|0x0000000087100000, 0x0000000087200000, 0x0000000087200000|100%| O|  |TAMS 0x0000000087200000, 0x0000000087100000| Untracked 
| 114|0x0000000087200000, 0x0000000087300000, 0x0000000087300000|100%| O|  |TAMS 0x0000000087300000, 0x0000000087200000| Untracked 
| 115|0x0000000087300000, 0x0000000087400000, 0x0000000087400000|100%| O|  |TAMS 0x0000000087400000, 0x0000000087300000| Untracked 
| 116|0x0000000087400000, 0x0000000087500000, 0x0000000087500000|100%| O|  |TAMS 0x0000000087500000, 0x0000000087400000| Untracked 
| 117|0x0000000087500000, 0x0000000087600000, 0x0000000087600000|100%| O|  |TAMS 0x0000000087600000, 0x0000000087500000| Updating 
| 118|0x0000000087600000, 0x0000000087700000, 0x0000000087700000|100%| O|  |TAMS 0x0000000087700000, 0x0000000087600000| Updating 
| 119|0x0000000087700000, 0x0000000087800000, 0x0000000087800000|100%| O|  |TAMS 0x0000000087800000, 0x0000000087700000| Untracked 
| 120|0x0000000087800000, 0x0000000087900000, 0x0000000087900000|100%| O|  |TAMS 0x0000000087900000, 0x0000000087800000| Untracked 
| 121|0x0000000087900000, 0x0000000087a00000, 0x0000000087a00000|100%| O|  |TAMS 0x0000000087a00000, 0x0000000087900000| Untracked 
| 122|0x0000000087a00000, 0x0000000087b00000, 0x0000000087b00000|100%| O|  |TAMS 0x0000000087b00000, 0x0000000087a00000| Untracked 
| 123|0x0000000087b00000, 0x0000000087c00000, 0x0000000087c00000|100%| O|  |TAMS 0x0000000087c00000, 0x0000000087b00000| Untracked 
| 124|0x0000000087c00000, 0x0000000087d00000, 0x0000000087d00000|100%| O|  |TAMS 0x0000000087d00000, 0x0000000087c00000| Untracked 
| 125|0x0000000087d00000, 0x0000000087e00000, 0x0000000087e00000|100%| O|  |TAMS 0x0000000087e00000, 0x0000000087d00000| Untracked 
| 126|0x0000000087e00000, 0x0000000087f00000, 0x0000000087f00000|100%| O|  |TAMS 0x0000000087f00000, 0x0000000087e00000| Untracked 
| 127|0x0000000087f00000, 0x0000000088000000, 0x0000000088000000|100%| O|  |TAMS 0x0000000088000000, 0x0000000087f00000| Untracked 
| 128|0x0000000088000000, 0x0000000088100000, 0x0000000088100000|100%| O|  |TAMS 0x0000000088100000, 0x0000000088000000| Untracked 
| 129|0x0000000088100000, 0x0000000088200000, 0x0000000088200000|100%| O|  |TAMS 0x0000000088200000, 0x0000000088100000| Untracked 
| 130|0x0000000088200000, 0x0000000088300000, 0x0000000088300000|100%| O|  |TAMS 0x00000000882c1600, 0x0000000088200000| Updating 
| 131|0x0000000088300000, 0x0000000088400000, 0x0000000088400000|100%| O|  |TAMS 0x0000000088300000, 0x0000000088300000| Untracked 
| 132|0x0000000088400000, 0x0000000088500000, 0x0000000088500000|100%| O|  |TAMS 0x0000000088400000, 0x0000000088400000| Untracked 
| 133|0x0000000088500000, 0x0000000088600000, 0x0000000088600000|100%| O|  |TAMS 0x0000000088500000, 0x0000000088500000| Untracked 
| 134|0x0000000088600000, 0x0000000088700000, 0x0000000088700000|100%| O|  |TAMS 0x0000000088600000, 0x0000000088600000| Untracked 
| 135|0x0000000088700000, 0x0000000088800000, 0x0000000088800000|100%| O|  |TAMS 0x0000000088700000, 0x0000000088700000| Untracked 
| 136|0x0000000088800000, 0x0000000088900000, 0x0000000088900000|100%| O|  |TAMS 0x0000000088800000, 0x0000000088800000| Untracked 
| 137|0x0000000088900000, 0x0000000088a00000, 0x0000000088a00000|100%| O|  |TAMS 0x0000000088900000, 0x0000000088900000| Untracked 
| 138|0x0000000088a00000, 0x0000000088b00000, 0x0000000088b00000|100%| O|  |TAMS 0x0000000088a00000, 0x0000000088a00000| Untracked 
| 139|0x0000000088b00000, 0x0000000088c00000, 0x0000000088c00000|100%| O|  |TAMS 0x0000000088b00000, 0x0000000088b00000| Untracked 
| 140|0x0000000088c00000, 0x0000000088d00000, 0x0000000088d00000|100%| O|  |TAMS 0x0000000088c00000, 0x0000000088c00000| Untracked 
| 141|0x0000000088d00000, 0x0000000088e00000, 0x0000000088e00000|100%| O|  |TAMS 0x0000000088d00000, 0x0000000088d00000| Untracked 
| 142|0x0000000088e00000, 0x0000000088f00000, 0x0000000088f00000|100%| O|  |TAMS 0x0000000088e00000, 0x0000000088e00000| Untracked 
| 143|0x0000000088f00000, 0x0000000089000000, 0x0000000089000000|100%| O|  |TAMS 0x0000000088f00000, 0x0000000088f00000| Untracked 
| 144|0x0000000089000000, 0x0000000089100000, 0x0000000089100000|100%| O|  |TAMS 0x0000000089000000, 0x0000000089000000| Untracked 
| 145|0x0000000089100000, 0x0000000089200000, 0x0000000089200000|100%| O|  |TAMS 0x0000000089100000, 0x0000000089100000| Untracked 
| 146|0x0000000089200000, 0x0000000089300000, 0x0000000089300000|100%| O|  |TAMS 0x0000000089200000, 0x0000000089200000| Untracked 
| 147|0x0000000089300000, 0x0000000089400000, 0x0000000089400000|100%| O|  |TAMS 0x0000000089300000, 0x0000000089300000| Untracked 
| 148|0x0000000089400000, 0x0000000089500000, 0x0000000089500000|100%| O|  |TAMS 0x0000000089400000, 0x0000000089400000| Untracked 
| 149|0x0000000089500000, 0x0000000089600000, 0x0000000089600000|100%| O|  |TAMS 0x0000000089500000, 0x0000000089500000| Untracked 
| 150|0x0000000089600000, 0x0000000089700000, 0x0000000089700000|100%| O|  |TAMS 0x0000000089600000, 0x0000000089600000| Untracked 
| 151|0x0000000089700000, 0x0000000089800000, 0x0000000089800000|100%| O|  |TAMS 0x0000000089700000, 0x0000000089700000| Untracked 
| 152|0x0000000089800000, 0x0000000089900000, 0x0000000089900000|100%| O|  |TAMS 0x0000000089800000, 0x0000000089800000| Untracked 
| 153|0x0000000089900000, 0x0000000089a00000, 0x0000000089a00000|100%| O|  |TAMS 0x0000000089900000, 0x0000000089900000| Untracked 
| 154|0x0000000089a00000, 0x0000000089b00000, 0x0000000089b00000|100%| O|  |TAMS 0x0000000089a00000, 0x0000000089a00000| Untracked 
| 155|0x0000000089b00000, 0x0000000089c00000, 0x0000000089c00000|100%| O|  |TAMS 0x0000000089b00000, 0x0000000089b00000| Untracked 
| 156|0x0000000089c00000, 0x0000000089d00000, 0x0000000089d00000|100%| O|  |TAMS 0x0000000089c00000, 0x0000000089c00000| Untracked 
| 157|0x0000000089d00000, 0x0000000089e00000, 0x0000000089e00000|100%| O|  |TAMS 0x0000000089d00000, 0x0000000089d00000| Untracked 
| 158|0x0000000089e00000, 0x0000000089f00000, 0x0000000089f00000|100%| O|  |TAMS 0x0000000089e00000, 0x0000000089e00000| Untracked 
| 159|0x0000000089f00000, 0x000000008a000000, 0x000000008a000000|100%| O|  |TAMS 0x0000000089f00000, 0x0000000089f00000| Untracked 
| 160|0x000000008a000000, 0x000000008a100000, 0x000000008a100000|100%| O|  |TAMS 0x000000008a000000, 0x000000008a000000| Untracked 
| 161|0x000000008a100000, 0x000000008a200000, 0x000000008a200000|100%| O|  |TAMS 0x000000008a100000, 0x000000008a100000| Untracked 
| 162|0x000000008a200000, 0x000000008a300000, 0x000000008a300000|100%| O|  |TAMS 0x000000008a200000, 0x000000008a200000| Untracked 
| 163|0x000000008a300000, 0x000000008a400000, 0x000000008a400000|100%| O|  |TAMS 0x000000008a300000, 0x000000008a300000| Untracked 
| 164|0x000000008a400000, 0x000000008a500000, 0x000000008a500000|100%| O|  |TAMS 0x000000008a400000, 0x000000008a400000| Untracked 
| 165|0x000000008a500000, 0x000000008a5f3800, 0x000000008a600000| 95%| O|  |TAMS 0x000000008a500000, 0x000000008a500000| Untracked 
| 166|0x000000008a600000, 0x000000008a600000, 0x000000008a700000|  0%| F|  |TAMS 0x000000008a600000, 0x000000008a600000| Untracked 
| 167|0x000000008a700000, 0x000000008a700000, 0x000000008a800000|  0%| F|  |TAMS 0x000000008a700000, 0x000000008a700000| Untracked 
| 168|0x000000008a800000, 0x000000008a800000, 0x000000008a900000|  0%| F|  |TAMS 0x000000008a800000, 0x000000008a800000| Untracked 
| 169|0x000000008a900000, 0x000000008a900000, 0x000000008aa00000|  0%| F|  |TAMS 0x000000008a900000, 0x000000008a900000| Untracked 
| 170|0x000000008aa00000, 0x000000008aa00000, 0x000000008ab00000|  0%| F|  |TAMS 0x000000008aa00000, 0x000000008aa00000| Untracked 
| 171|0x000000008ab00000, 0x000000008ab00000, 0x000000008ac00000|  0%| F|  |TAMS 0x000000008ab00000, 0x000000008ab00000| Untracked 
| 172|0x000000008ac00000, 0x000000008ac00000, 0x000000008ad00000|  0%| F|  |TAMS 0x000000008ac00000, 0x000000008ac00000| Untracked 
| 173|0x000000008ad00000, 0x000000008ad00000, 0x000000008ae00000|  0%| F|  |TAMS 0x000000008ad00000, 0x000000008ad00000| Untracked 
| 174|0x000000008ae00000, 0x000000008ae00000, 0x000000008af00000|  0%| F|  |TAMS 0x000000008ae00000, 0x000000008ae00000| Untracked 
| 175|0x000000008af00000, 0x000000008af00000, 0x000000008b000000|  0%| F|  |TAMS 0x000000008af00000, 0x000000008af00000| Untracked 
| 176|0x000000008b000000, 0x000000008b000000, 0x000000008b100000|  0%| F|  |TAMS 0x000000008b000000, 0x000000008b000000| Untracked 
| 177|0x000000008b100000, 0x000000008b100000, 0x000000008b200000|  0%| F|  |TAMS 0x000000008b100000, 0x000000008b100000| Untracked 
| 178|0x000000008b200000, 0x000000008b200000, 0x000000008b300000|  0%| F|  |TAMS 0x000000008b200000, 0x000000008b200000| Untracked 
| 179|0x000000008b300000, 0x000000008b300000, 0x000000008b400000|  0%| F|  |TAMS 0x000000008b300000, 0x000000008b300000| Untracked 
| 180|0x000000008b400000, 0x000000008b400000, 0x000000008b500000|  0%| F|  |TAMS 0x000000008b400000, 0x000000008b400000| Untracked 
| 181|0x000000008b500000, 0x000000008b500000, 0x000000008b600000|  0%| F|  |TAMS 0x000000008b500000, 0x000000008b500000| Untracked 
| 182|0x000000008b600000, 0x000000008b600000, 0x000000008b700000|  0%| F|  |TAMS 0x000000008b600000, 0x000000008b600000| Untracked 
| 183|0x000000008b700000, 0x000000008b700000, 0x000000008b800000|  0%| F|  |TAMS 0x000000008b700000, 0x000000008b700000| Untracked 
| 184|0x000000008b800000, 0x000000008b800000, 0x000000008b900000|  0%| F|  |TAMS 0x000000008b800000, 0x000000008b800000| Untracked 
| 185|0x000000008b900000, 0x000000008b900000, 0x000000008ba00000|  0%| F|  |TAMS 0x000000008b900000, 0x000000008b900000| Untracked 
| 186|0x000000008ba00000, 0x000000008ba00000, 0x000000008bb00000|  0%| F|  |TAMS 0x000000008ba00000, 0x000000008ba00000| Untracked 
| 187|0x000000008bb00000, 0x000000008bb00000, 0x000000008bc00000|  0%| F|  |TAMS 0x000000008bb00000, 0x000000008bb00000| Untracked 
| 188|0x000000008bc00000, 0x000000008bc00000, 0x000000008bd00000|  0%| F|  |TAMS 0x000000008bc00000, 0x000000008bc00000| Untracked 
| 189|0x000000008bd00000, 0x000000008bd00000, 0x000000008be00000|  0%| F|  |TAMS 0x000000008bd00000, 0x000000008bd00000| Untracked 
| 190|0x000000008be00000, 0x000000008be00000, 0x000000008bf00000|  0%| F|  |TAMS 0x000000008be00000, 0x000000008be00000| Untracked 
| 191|0x000000008bf00000, 0x000000008bf00000, 0x000000008c000000|  0%| F|  |TAMS 0x000000008bf00000, 0x000000008bf00000| Untracked 
| 192|0x000000008c000000, 0x000000008c000000, 0x000000008c100000|  0%| F|  |TAMS 0x000000008c000000, 0x000000008c000000| Untracked 
| 193|0x000000008c100000, 0x000000008c100000, 0x000000008c200000|  0%| F|  |TAMS 0x000000008c100000, 0x000000008c100000| Untracked 
| 194|0x000000008c200000, 0x000000008c200000, 0x000000008c300000|  0%| F|  |TAMS 0x000000008c200000, 0x000000008c200000| Untracked 
| 195|0x000000008c300000, 0x000000008c300000, 0x000000008c400000|  0%| F|  |TAMS 0x000000008c300000, 0x000000008c300000| Untracked 
| 196|0x000000008c400000, 0x000000008c400000, 0x000000008c500000|  0%| F|  |TAMS 0x000000008c400000, 0x000000008c400000| Untracked 
| 197|0x000000008c500000, 0x000000008c500000, 0x000000008c600000|  0%| F|  |TAMS 0x000000008c500000, 0x000000008c500000| Untracked 
| 198|0x000000008c600000, 0x000000008c600000, 0x000000008c700000|  0%| F|  |TAMS 0x000000008c600000, 0x000000008c600000| Untracked 
| 199|0x000000008c700000, 0x000000008c700000, 0x000000008c800000|  0%| F|  |TAMS 0x000000008c700000, 0x000000008c700000| Untracked 
| 200|0x000000008c800000, 0x000000008c800000, 0x000000008c900000|  0%| F|  |TAMS 0x000000008c800000, 0x000000008c800000| Untracked 
| 201|0x000000008c900000, 0x000000008c900000, 0x000000008ca00000|  0%| F|  |TAMS 0x000000008c900000, 0x000000008c900000| Untracked 
| 202|0x000000008ca00000, 0x000000008ca00000, 0x000000008cb00000|  0%| F|  |TAMS 0x000000008ca00000, 0x000000008ca00000| Untracked 
| 203|0x000000008cb00000, 0x000000008cb00000, 0x000000008cc00000|  0%| F|  |TAMS 0x000000008cb00000, 0x000000008cb00000| Untracked 
| 204|0x000000008cc00000, 0x000000008cc00000, 0x000000008cd00000|  0%| F|  |TAMS 0x000000008cc00000, 0x000000008cc00000| Untracked 
| 205|0x000000008cd00000, 0x000000008cd00000, 0x000000008ce00000|  0%| F|  |TAMS 0x000000008cd00000, 0x000000008cd00000| Untracked 
| 206|0x000000008ce00000, 0x000000008ce00000, 0x000000008cf00000|  0%| F|  |TAMS 0x000000008ce00000, 0x000000008ce00000| Untracked 
| 207|0x000000008cf00000, 0x000000008cf00000, 0x000000008d000000|  0%| F|  |TAMS 0x000000008cf00000, 0x000000008cf00000| Untracked 
| 208|0x000000008d000000, 0x000000008d000000, 0x000000008d100000|  0%| F|  |TAMS 0x000000008d000000, 0x000000008d000000| Untracked 
| 209|0x000000008d100000, 0x000000008d100000, 0x000000008d200000|  0%| F|  |TAMS 0x000000008d100000, 0x000000008d100000| Untracked 
| 210|0x000000008d200000, 0x000000008d200000, 0x000000008d300000|  0%| F|  |TAMS 0x000000008d200000, 0x000000008d200000| Untracked 
| 211|0x000000008d300000, 0x000000008d300000, 0x000000008d400000|  0%| F|  |TAMS 0x000000008d300000, 0x000000008d300000| Untracked 
| 212|0x000000008d400000, 0x000000008d400000, 0x000000008d500000|  0%| F|  |TAMS 0x000000008d400000, 0x000000008d400000| Untracked 
| 213|0x000000008d500000, 0x000000008d500000, 0x000000008d600000|  0%| F|  |TAMS 0x000000008d500000, 0x000000008d500000| Untracked 
| 214|0x000000008d600000, 0x000000008d600000, 0x000000008d700000|  0%| F|  |TAMS 0x000000008d600000, 0x000000008d600000| Untracked 
| 215|0x000000008d700000, 0x000000008d700000, 0x000000008d800000|  0%| F|  |TAMS 0x000000008d700000, 0x000000008d700000| Untracked 
| 216|0x000000008d800000, 0x000000008d800000, 0x000000008d900000|  0%| F|  |TAMS 0x000000008d800000, 0x000000008d800000| Untracked 
| 217|0x000000008d900000, 0x000000008d900000, 0x000000008da00000|  0%| F|  |TAMS 0x000000008d900000, 0x000000008d900000| Untracked 
| 218|0x000000008da00000, 0x000000008da00000, 0x000000008db00000|  0%| F|  |TAMS 0x000000008da00000, 0x000000008da00000| Untracked 
| 219|0x000000008db00000, 0x000000008db00000, 0x000000008dc00000|  0%| F|  |TAMS 0x000000008db00000, 0x000000008db00000| Untracked 
| 220|0x000000008dc00000, 0x000000008dc00000, 0x000000008dd00000|  0%| F|  |TAMS 0x000000008dc00000, 0x000000008dc00000| Untracked 
| 221|0x000000008dd00000, 0x000000008dd00000, 0x000000008de00000|  0%| F|  |TAMS 0x000000008dd00000, 0x000000008dd00000| Untracked 
| 222|0x000000008de00000, 0x000000008de00000, 0x000000008df00000|  0%| F|  |TAMS 0x000000008de00000, 0x000000008de00000| Untracked 
| 223|0x000000008df00000, 0x000000008df00000, 0x000000008e000000|  0%| F|  |TAMS 0x000000008df00000, 0x000000008df00000| Untracked 
| 224|0x000000008e000000, 0x000000008e000000, 0x000000008e100000|  0%| F|  |TAMS 0x000000008e000000, 0x000000008e000000| Untracked 
| 225|0x000000008e100000, 0x000000008e100000, 0x000000008e200000|  0%| F|  |TAMS 0x000000008e100000, 0x000000008e100000| Untracked 
| 226|0x000000008e200000, 0x000000008e200000, 0x000000008e300000|  0%| F|  |TAMS 0x000000008e200000, 0x000000008e200000| Untracked 
| 227|0x000000008e300000, 0x000000008e300000, 0x000000008e400000|  0%| F|  |TAMS 0x000000008e300000, 0x000000008e300000| Untracked 
| 228|0x000000008e400000, 0x000000008e400000, 0x000000008e500000|  0%| F|  |TAMS 0x000000008e400000, 0x000000008e400000| Untracked 
| 229|0x000000008e500000, 0x000000008e500000, 0x000000008e600000|  0%| F|  |TAMS 0x000000008e500000, 0x000000008e500000| Untracked 
| 230|0x000000008e600000, 0x000000008e600000, 0x000000008e700000|  0%| F|  |TAMS 0x000000008e600000, 0x000000008e600000| Untracked 
| 231|0x000000008e700000, 0x000000008e700000, 0x000000008e800000|  0%| F|  |TAMS 0x000000008e700000, 0x000000008e700000| Untracked 
| 232|0x000000008e800000, 0x000000008e800000, 0x000000008e900000|  0%| F|  |TAMS 0x000000008e800000, 0x000000008e800000| Untracked 
| 233|0x000000008e900000, 0x000000008e900000, 0x000000008ea00000|  0%| F|  |TAMS 0x000000008e900000, 0x000000008e900000| Untracked 
| 234|0x000000008ea00000, 0x000000008ea00000, 0x000000008eb00000|  0%| F|  |TAMS 0x000000008ea00000, 0x000000008ea00000| Untracked 
| 235|0x000000008eb00000, 0x000000008eb00000, 0x000000008ec00000|  0%| F|  |TAMS 0x000000008eb00000, 0x000000008eb00000| Untracked 
| 236|0x000000008ec00000, 0x000000008ec00000, 0x000000008ed00000|  0%| F|  |TAMS 0x000000008ec00000, 0x000000008ec00000| Untracked 
| 237|0x000000008ed00000, 0x000000008ed00000, 0x000000008ee00000|  0%| F|  |TAMS 0x000000008ed00000, 0x000000008ed00000| Untracked 
| 238|0x000000008ee00000, 0x000000008ee00000, 0x000000008ef00000|  0%| F|  |TAMS 0x000000008ee00000, 0x000000008ee00000| Untracked 
| 239|0x000000008ef00000, 0x000000008ef00000, 0x000000008f000000|  0%| F|  |TAMS 0x000000008ef00000, 0x000000008ef00000| Untracked 
| 240|0x000000008f000000, 0x000000008f000000, 0x000000008f100000|  0%| F|  |TAMS 0x000000008f000000, 0x000000008f000000| Untracked 
| 241|0x000000008f100000, 0x000000008f100000, 0x000000008f200000|  0%| F|  |TAMS 0x000000008f100000, 0x000000008f100000| Untracked 
| 242|0x000000008f200000, 0x000000008f200000, 0x000000008f300000|  0%| F|  |TAMS 0x000000008f200000, 0x000000008f200000| Untracked 
| 243|0x000000008f300000, 0x000000008f300000, 0x000000008f400000|  0%| F|  |TAMS 0x000000008f300000, 0x000000008f300000| Untracked 
| 244|0x000000008f400000, 0x000000008f400000, 0x000000008f500000|  0%| F|  |TAMS 0x000000008f400000, 0x000000008f400000| Untracked 
| 245|0x000000008f500000, 0x000000008f500000, 0x000000008f600000|  0%| F|  |TAMS 0x000000008f500000, 0x000000008f500000| Untracked 
| 246|0x000000008f600000, 0x000000008f600000, 0x000000008f700000|  0%| F|  |TAMS 0x000000008f600000, 0x000000008f600000| Untracked 
| 247|0x000000008f700000, 0x000000008f700000, 0x000000008f800000|  0%| F|  |TAMS 0x000000008f700000, 0x000000008f700000| Untracked 
| 248|0x000000008f800000, 0x000000008f800000, 0x000000008f900000|  0%| F|  |TAMS 0x000000008f800000, 0x000000008f800000| Untracked 
| 249|0x000000008f900000, 0x000000008f900000, 0x000000008fa00000|  0%| F|  |TAMS 0x000000008f900000, 0x000000008f900000| Untracked 
| 250|0x000000008fa00000, 0x000000008fa00000, 0x000000008fb00000|  0%| F|  |TAMS 0x000000008fa00000, 0x000000008fa00000| Untracked 
| 251|0x000000008fb00000, 0x000000008fb00000, 0x000000008fc00000|  0%| F|  |TAMS 0x000000008fb00000, 0x000000008fb00000| Untracked 
| 252|0x000000008fc00000, 0x000000008fc00000, 0x000000008fd00000|  0%| F|  |TAMS 0x000000008fc00000, 0x000000008fc00000| Untracked 
| 253|0x000000008fd00000, 0x000000008fd00000, 0x000000008fe00000|  0%| F|  |TAMS 0x000000008fd00000, 0x000000008fd00000| Untracked 
| 254|0x000000008fe00000, 0x000000008fe00000, 0x000000008ff00000|  0%| F|  |TAMS 0x000000008fe00000, 0x000000008fe00000| Untracked 
| 255|0x000000008ff00000, 0x000000008ff00000, 0x0000000090000000|  0%| F|  |TAMS 0x000000008ff00000, 0x000000008ff00000| Untracked 
| 256|0x0000000090000000, 0x0000000090000000, 0x0000000090100000|  0%| F|  |TAMS 0x0000000090000000, 0x0000000090000000| Untracked 
| 257|0x0000000090100000, 0x0000000090100000, 0x0000000090200000|  0%| F|  |TAMS 0x0000000090100000, 0x0000000090100000| Untracked 
| 258|0x0000000090200000, 0x0000000090200000, 0x0000000090300000|  0%| F|  |TAMS 0x0000000090200000, 0x0000000090200000| Untracked 
| 259|0x0000000090300000, 0x0000000090300000, 0x0000000090400000|  0%| F|  |TAMS 0x0000000090300000, 0x0000000090300000| Untracked 
| 260|0x0000000090400000, 0x0000000090400000, 0x0000000090500000|  0%| F|  |TAMS 0x0000000090400000, 0x0000000090400000| Untracked 
| 261|0x0000000090500000, 0x0000000090500000, 0x0000000090600000|  0%| F|  |TAMS 0x0000000090500000, 0x0000000090500000| Untracked 
| 262|0x0000000090600000, 0x0000000090600000, 0x0000000090700000|  0%| F|  |TAMS 0x0000000090600000, 0x0000000090600000| Untracked 
| 263|0x0000000090700000, 0x0000000090700000, 0x0000000090800000|  0%| F|  |TAMS 0x0000000090700000, 0x0000000090700000| Untracked 
| 264|0x0000000090800000, 0x0000000090800000, 0x0000000090900000|  0%| F|  |TAMS 0x0000000090800000, 0x0000000090800000| Untracked 
| 265|0x0000000090900000, 0x0000000090900000, 0x0000000090a00000|  0%| F|  |TAMS 0x0000000090900000, 0x0000000090900000| Untracked 
| 266|0x0000000090a00000, 0x0000000090a00000, 0x0000000090b00000|  0%| F|  |TAMS 0x0000000090a00000, 0x0000000090a00000| Untracked 
| 267|0x0000000090b00000, 0x0000000090b00000, 0x0000000090c00000|  0%| F|  |TAMS 0x0000000090b00000, 0x0000000090b00000| Untracked 
| 268|0x0000000090c00000, 0x0000000090c00000, 0x0000000090d00000|  0%| F|  |TAMS 0x0000000090c00000, 0x0000000090c00000| Untracked 
| 269|0x0000000090d00000, 0x0000000090d00000, 0x0000000090e00000|  0%| F|  |TAMS 0x0000000090d00000, 0x0000000090d00000| Untracked 
| 270|0x0000000090e00000, 0x0000000090e00000, 0x0000000090f00000|  0%| F|  |TAMS 0x0000000090e00000, 0x0000000090e00000| Untracked 
| 271|0x0000000090f00000, 0x0000000090f00000, 0x0000000091000000|  0%| F|  |TAMS 0x0000000090f00000, 0x0000000090f00000| Untracked 
| 272|0x0000000091000000, 0x0000000091000000, 0x0000000091100000|  0%| F|  |TAMS 0x0000000091000000, 0x0000000091000000| Untracked 
| 273|0x0000000091100000, 0x0000000091100000, 0x0000000091200000|  0%| F|  |TAMS 0x0000000091100000, 0x0000000091100000| Untracked 
| 274|0x0000000091200000, 0x0000000091200000, 0x0000000091300000|  0%| F|  |TAMS 0x0000000091200000, 0x0000000091200000| Untracked 
| 275|0x0000000091300000, 0x0000000091300000, 0x0000000091400000|  0%| F|  |TAMS 0x0000000091300000, 0x0000000091300000| Untracked 
| 276|0x0000000091400000, 0x0000000091400000, 0x0000000091500000|  0%| F|  |TAMS 0x0000000091400000, 0x0000000091400000| Untracked 
| 277|0x0000000091500000, 0x0000000091500000, 0x0000000091600000|  0%| F|  |TAMS 0x0000000091500000, 0x0000000091500000| Untracked 
| 278|0x0000000091600000, 0x0000000091600000, 0x0000000091700000|  0%| F|  |TAMS 0x0000000091600000, 0x0000000091600000| Untracked 
| 279|0x0000000091700000, 0x0000000091700000, 0x0000000091800000|  0%| F|  |TAMS 0x0000000091700000, 0x0000000091700000| Untracked 
| 280|0x0000000091800000, 0x0000000091800000, 0x0000000091900000|  0%| F|  |TAMS 0x0000000091800000, 0x0000000091800000| Untracked 
| 281|0x0000000091900000, 0x0000000091900000, 0x0000000091a00000|  0%| F|  |TAMS 0x0000000091900000, 0x0000000091900000| Untracked 
| 282|0x0000000091a00000, 0x0000000091a00000, 0x0000000091b00000|  0%| F|  |TAMS 0x0000000091a00000, 0x0000000091a00000| Untracked 
| 283|0x0000000091b00000, 0x0000000091b00000, 0x0000000091c00000|  0%| F|  |TAMS 0x0000000091b00000, 0x0000000091b00000| Untracked 
| 284|0x0000000091c00000, 0x0000000091c00000, 0x0000000091d00000|  0%| F|  |TAMS 0x0000000091c00000, 0x0000000091c00000| Untracked 
| 285|0x0000000091d00000, 0x0000000091d00000, 0x0000000091e00000|  0%| F|  |TAMS 0x0000000091d00000, 0x0000000091d00000| Untracked 
| 286|0x0000000091e00000, 0x0000000091e00000, 0x0000000091f00000|  0%| F|  |TAMS 0x0000000091e00000, 0x0000000091e00000| Untracked 
| 287|0x0000000091f00000, 0x0000000092000000, 0x0000000092000000|100%| S|CS|TAMS 0x0000000091f00000, 0x0000000091f00000| Complete 
| 288|0x0000000092000000, 0x0000000092100000, 0x0000000092100000|100%| S|CS|TAMS 0x0000000092000000, 0x0000000092000000| Complete 
| 289|0x0000000092100000, 0x0000000092200000, 0x0000000092200000|100%| S|CS|TAMS 0x0000000092100000, 0x0000000092100000| Complete 
| 290|0x0000000092200000, 0x0000000092300000, 0x0000000092300000|100%| S|CS|TAMS 0x0000000092200000, 0x0000000092200000| Complete 
| 291|0x0000000092300000, 0x0000000092400000, 0x0000000092400000|100%| S|CS|TAMS 0x0000000092300000, 0x0000000092300000| Complete 
| 292|0x0000000092400000, 0x0000000092400000, 0x0000000092500000|  0%| F|  |TAMS 0x0000000092400000, 0x0000000092400000| Untracked 
| 293|0x0000000092500000, 0x0000000092500000, 0x0000000092600000|  0%| F|  |TAMS 0x0000000092500000, 0x0000000092500000| Untracked 
| 294|0x0000000092600000, 0x0000000092600000, 0x0000000092700000|  0%| F|  |TAMS 0x0000000092600000, 0x0000000092600000| Untracked 
| 295|0x0000000092700000, 0x0000000092700000, 0x0000000092800000|  0%| F|  |TAMS 0x0000000092700000, 0x0000000092700000| Untracked 
| 296|0x0000000092800000, 0x0000000092800000, 0x0000000092900000|  0%| F|  |TAMS 0x0000000092800000, 0x0000000092800000| Untracked 
| 297|0x0000000092900000, 0x0000000092900000, 0x0000000092a00000|  0%| F|  |TAMS 0x0000000092900000, 0x0000000092900000| Untracked 
| 298|0x0000000092a00000, 0x0000000092a00000, 0x0000000092b00000|  0%| F|  |TAMS 0x0000000092a00000, 0x0000000092a00000| Untracked 
| 299|0x0000000092b00000, 0x0000000092b00000, 0x0000000092c00000|  0%| F|  |TAMS 0x0000000092b00000, 0x0000000092b00000| Untracked 
| 300|0x0000000092c00000, 0x0000000092c00000, 0x0000000092d00000|  0%| F|  |TAMS 0x0000000092c00000, 0x0000000092c00000| Untracked 
|2040|0x00000000ff800000, 0x00000000ff800000, 0x00000000ff900000|  0%| F|  |TAMS 0x00000000ff800000, 0x00000000ff800000| Untracked 
|2041|0x00000000ff900000, 0x00000000ffa00000, 0x00000000ffa00000|100%| O|  |TAMS 0x00000000ffa00000, 0x00000000ff900000| Untracked 
|2042|0x00000000ffa00000, 0x00000000ffb00000, 0x00000000ffb00000|100%| O|  |TAMS 0x00000000ffb00000, 0x00000000ffa00000| Untracked 
|2043|0x00000000ffb00000, 0x00000000ffc00000, 0x00000000ffc00000|100%| O|  |TAMS 0x00000000ffc00000, 0x00000000ffb00000| Untracked 
|2044|0x00000000ffc00000, 0x00000000ffd00000, 0x00000000ffd00000|100%| O|  |TAMS 0x00000000ffd00000, 0x00000000ffc00000| Untracked 
|2045|0x00000000ffd00000, 0x00000000ffe00000, 0x00000000ffe00000|100%| O|  |TAMS 0x00000000ffe00000, 0x00000000ffd00000| Untracked 
|2046|0x00000000ffe00000, 0x00000000fff00000, 0x00000000fff00000|100%| O|  |TAMS 0x00000000fff00000, 0x00000000ffe00000| Untracked 
|2047|0x00000000fff00000, 0x0000000100000000, 0x0000000100000000|100%| O|  |TAMS 0x0000000100000000, 0x00000000fff00000| Untracked 

Card table byte_map: [0x00000299ff870000,0x00000299ffc70000] _byte_map_base: 0x00000299ff470000

Marking Bits (Prev, Next): (CMBitMap*) 0x00000299eca34360, (CMBitMap*) 0x00000299eca34320
 Prev Bits: [0x0000029982400000, 0x0000029984400000)
 Next Bits: [0x0000029980400000, 0x0000029982400000)

Polling page: 0x00000299ec190000

Metaspace:

Usage:
  Non-class:     32.30 MB used.
      Class:      3.98 MB used.
       Both:     36.28 MB used.

Virtual space:
  Non-class space:       64.00 MB reserved,      32.44 MB ( 51%) committed,  1 nodes.
      Class space:        1.00 GB reserved,       4.12 MB ( <1%) committed,  1 nodes.
             Both:        1.06 GB reserved,      36.56 MB (  3%) committed. 

Chunk freelists:
   Non-Class:  14.94 MB
       Class:  11.87 MB
        Both:  26.81 MB

MaxMetaspaceSize: unlimited
CompressedClassSpaceSize: 1.00 GB
Initial GC threshold: 21.00 MB
Current GC threshold: 60.94 MB
CDS: off
MetaspaceReclaimPolicy: balanced
 - commit_granule_bytes: 65536.
 - commit_granule_words: 8192.
 - virtual_space_node_default_size: 8388608.
 - enlarge_chunks_in_place: 1.
 - new_chunks_are_fully_committed: 0.
 - uncommit_free_chunks: 1.
 - use_allocation_guard: 0.
 - handle_deallocations: 1.


Internal statistics:

num_allocs_failed_limit: 6.
num_arena_births: 314.
num_arena_deaths: 24.
num_vsnodes_births: 2.
num_vsnodes_deaths: 0.
num_space_committed: 585.
num_space_uncommitted: 0.
num_chunks_returned_to_freelist: 41.
num_chunks_taken_from_freelist: 1382.
num_chunk_merges: 6.
num_chunk_splits: 925.
num_chunks_enlarged: 650.
num_inconsistent_stats: 0.

CodeHeap 'non-profiled nmethods': size=120000Kb used=1203Kb max_used=1203Kb free=118796Kb
 bounds [0x00000299f7c10000, 0x00000299f7e80000, 0x00000299ff140000]
CodeHeap 'profiled nmethods': size=120000Kb used=6229Kb max_used=6229Kb free=113770Kb
 bounds [0x00000299f0140000, 0x00000299f0760000, 0x00000299f7670000]
CodeHeap 'non-nmethods': size=5760Kb used=1385Kb max_used=1427Kb free=4374Kb
 bounds [0x00000299f7670000, 0x00000299f78e0000, 0x00000299f7c10000]
 total_blobs=4123 nmethods=3405 adapters=630
 compilation: enabled
              stopped_count=0, restarted_count=0
 full_count=0

Compilation events (20 events):
Event: 2.545 Thread 0x0000029986b42f50 3530       2       com.oracle.js.parser.ParserContext::getContinueTo (20 bytes)
Event: 2.545 Thread 0x0000029986b42f50 nmethod 3530 0x00000299f0752910 code [0x00000299f0752ac0, 0x00000299f0752c78]
Event: 2.545 Thread 0x0000029986b42f50 3531       2       com.oracle.js.parser.ir.ContinueNode::<init> (11 bytes)
Event: 2.546 Thread 0x0000029986b42f50 nmethod 3531 0x00000299f0752d90 code [0x00000299f0752f20, 0x00000299f0753048]
Event: 2.553 Thread 0x0000029986b42f50 3534       2       com.oracle.js.parser.ir.CatchNode::isTerminal (8 bytes)
Event: 2.553 Thread 0x0000029986b42f50 nmethod 3534 0x00000299f0753110 code [0x00000299f07532a0, 0x00000299f07533d8]
Event: 2.554 Thread 0x0000029986b42f50 3536       2       com.oracle.js.parser.ir.CatchNode::<init> (51 bytes)
Event: 2.554 Thread 0x0000029986b42f50 nmethod 3536 0x00000299f0753490 code [0x00000299f0753640, 0x00000299f0753988]
Event: 2.563 Thread 0x0000029986b42f50 3539 %     3       com.oracle.truffle.regex.tregex.parser.RegexLexer::parseCharClass @ 14 (53 bytes)
Event: 2.564 Thread 0x0000029986b42f50 nmethod 3539% 0x00000299f0753a90 code [0x00000299f0753d40, 0x00000299f0754ab8]
Event: 2.580 Thread 0x0000029986b41c90 nmethod 3510 0x00000299f7d34890 code [0x00000299f7d34b40, 0x00000299f7d37650]
Event: 2.581 Thread 0x0000029986b41c90 3535       4       com.oracle.truffle.api.strings.TruffleString$ToIndexableNode$Uncached::execute (15 bytes)
Event: 2.582 Thread 0x0000029986b41c90 nmethod 3535 0x00000299f7d38a10 code [0x00000299f7d38ba0, 0x00000299f7d38c68]
Event: 2.582 Thread 0x0000029986b41c90 3346   !   4       com.oracle.js.parser.Parser::argumentList (348 bytes)
Event: 2.598 Thread 0x0000029986b42f50 3542       2       java.lang.Long::<init> (10 bytes)
Event: 2.598 Thread 0x0000029986b42f50 nmethod 3542 0x00000299f0755010 code [0x00000299f07551a0, 0x00000299f07552b8]
Event: 2.623 Thread 0x0000029986b42f50 3544       2       com.oracle.truffle.api.source.SourceImpl$SourceId::equals (11 bytes)
Event: 2.623 Thread 0x0000029986b42f50 nmethod 3544 0x00000299f0755390 code [0x00000299f0755520, 0x00000299f0755638]
Event: 2.627 Thread 0x0000029986b41c90 nmethod 3346 0x00000299f7d38d90 code [0x00000299f7d390c0, 0x00000299f7d3b620]
Event: 2.627 Thread 0x0000029986b41c90 3543       4       com.oracle.js.parser.Lexer::consumeDigits (147 bytes)

GC Heap History (20 events):
Event: 1.226 GC heap after
{Heap after GC invocations=4 (full 0):
 garbage-first heap   total 131072K, used 15070K [0x0000000080000000, 0x0000000100000000)
  region size 1024K, 5 young (5120K), 5 survivors (5120K)
 Metaspace       used 35854K, committed 36096K, reserved 1114112K
  class space    used 4028K, committed 4160K, reserved 1048576K
}
Event: 1.352 GC heap before
{Heap before GC invocations=5 (full 0):
 garbage-first heap   total 131072K, used 96990K [0x0000000080000000, 0x0000000100000000)
  region size 1024K, 7 young (7168K), 5 survivors (5120K)
 Metaspace       used 35955K, committed 36224K, reserved 1114112K
  class space    used 4040K, committed 4160K, reserved 1048576K
}
Event: 1.356 GC heap after
{Heap after GC invocations=6 (full 0):
 garbage-first heap   total 131072K, used 63336K [0x0000000080000000, 0x0000000100000000)
  region size 1024K, 5 young (5120K), 5 survivors (5120K)
 Metaspace       used 35955K, committed 36224K, reserved 1114112K
  class space    used 4040K, committed 4160K, reserved 1048576K
}
Event: 1.410 GC heap before
{Heap before GC invocations=6 (full 0):
 garbage-first heap   total 131072K, used 96104K [0x0000000080000000, 0x0000000100000000)
  region size 1024K, 6 young (6144K), 5 survivors (5120K)
 Metaspace       used 36127K, committed 36352K, reserved 1114112K
  class space    used 4054K, committed 4160K, reserved 1048576K
}
Event: 1.415 GC heap after
{Heap after GC invocations=7 (full 0):
 garbage-first heap   total 131072K, used 47332K [0x0000000080000000, 0x0000000100000000)
  region size 1024K, 1 young (1024K), 1 survivors (1024K)
 Metaspace       used 36127K, committed 36352K, reserved 1114112K
  class space    used 4054K, committed 4160K, reserved 1048576K
}
Event: 1.708 GC heap before
{Heap before GC invocations=7 (full 0):
 garbage-first heap   total 131072K, used 111844K [0x0000000080000000, 0x0000000100000000)
  region size 1024K, 56 young (57344K), 1 survivors (1024K)
 Metaspace       used 36801K, committed 37120K, reserved 1114112K
  class space    used 4072K, committed 4224K, reserved 1048576K
}
Event: 1.729 GC heap after
{Heap after GC invocations=8 (full 0):
 garbage-first heap   total 139264K, used 78520K [0x0000000080000000, 0x0000000100000000)
  region size 1024K, 7 young (7168K), 7 survivors (7168K)
 Metaspace       used 36801K, committed 37120K, reserved 1114112K
  class space    used 4072K, committed 4224K, reserved 1048576K
}
Event: 1.816 GC heap before
{Heap before GC invocations=8 (full 0):
 garbage-first heap   total 139264K, used 105144K [0x0000000080000000, 0x0000000100000000)
  region size 1024K, 33 young (33792K), 7 survivors (7168K)
 Metaspace       used 36864K, committed 37184K, reserved 1114112K
  class space    used 4072K, committed 4224K, reserved 1048576K
}
Event: 1.835 GC heap after
{Heap after GC invocations=9 (full 0):
 garbage-first heap   total 212992K, used 90624K [0x0000000080000000, 0x0000000100000000)
  region size 1024K, 5 young (5120K), 5 survivors (5120K)
 Metaspace       used 36864K, committed 37184K, reserved 1114112K
  class space    used 4072K, committed 4224K, reserved 1048576K
}
Event: 2.029 GC heap before
{Heap before GC invocations=10 (full 0):
 garbage-first heap   total 212992K, used 143872K [0x0000000080000000, 0x0000000100000000)
  region size 1024K, 57 young (58368K), 5 survivors (5120K)
 Metaspace       used 36927K, committed 37248K, reserved 1114112K
  class space    used 4066K, committed 4224K, reserved 1048576K
}
Event: 2.051 GC heap after
{Heap after GC invocations=11 (full 0):
 garbage-first heap   total 212992K, used 114688K [0x0000000080000000, 0x0000000100000000)
  region size 1024K, 8 young (8192K), 8 survivors (8192K)
 Metaspace       used 36927K, committed 37248K, reserved 1114112K
  class space    used 4066K, committed 4224K, reserved 1048576K
}
Event: 2.060 GC heap before
{Heap before GC invocations=11 (full 0):
 garbage-first heap   total 212992K, used 116736K [0x0000000080000000, 0x0000000100000000)
  region size 1024K, 10 young (10240K), 8 survivors (8192K)
 Metaspace       used 36927K, committed 37248K, reserved 1114112K
  class space    used 4066K, committed 4224K, reserved 1048576K
}
Event: 2.073 GC heap after
{Heap after GC invocations=12 (full 0):
 garbage-first heap   total 212992K, used 117331K [0x0000000080000000, 0x0000000100000000)
  region size 1024K, 2 young (2048K), 2 survivors (2048K)
 Metaspace       used 36927K, committed 37248K, reserved 1114112K
  class space    used 4066K, committed 4224K, reserved 1048576K
}
Event: 2.193 GC heap before
{Heap before GC invocations=12 (full 0):
 garbage-first heap   total 212992K, used 155219K [0x0000000080000000, 0x0000000100000000)
  region size 1024K, 39 young (39936K), 2 survivors (2048K)
 Metaspace       used 36948K, committed 37248K, reserved 1114112K
  class space    used 4066K, committed 4224K, reserved 1048576K
}
Event: 2.207 GC heap after
{Heap after GC invocations=13 (full 0):
 garbage-first heap   total 212992K, used 133565K [0x0000000080000000, 0x0000000100000000)
  region size 1024K, 5 young (5120K), 5 survivors (5120K)
 Metaspace       used 36948K, committed 37248K, reserved 1114112K
  class space    used 4066K, committed 4224K, reserved 1048576K
}
Event: 2.331 GC heap before
{Heap before GC invocations=14 (full 0):
 garbage-first heap   total 260096K, used 162237K [0x0000000080000000, 0x0000000100000000)
  region size 1024K, 33 young (33792K), 5 survivors (5120K)
 Metaspace       used 37006K, committed 37312K, reserved 1114112K
  class space    used 4066K, committed 4224K, reserved 1048576K
}
Event: 2.347 GC heap after
{Heap after GC invocations=15 (full 0):
 garbage-first heap   total 260096K, used 146181K [0x0000000080000000, 0x0000000100000000)
  region size 1024K, 5 young (5120K), 5 survivors (5120K)
 Metaspace       used 37006K, committed 37312K, reserved 1114112K
  class space    used 4066K, committed 4224K, reserved 1048576K
}
Event: 2.505 GC heap before
{Heap before GC invocations=15 (full 0):
 garbage-first heap   total 260096K, used 189189K [0x0000000080000000, 0x0000000100000000)
  region size 1024K, 47 young (48128K), 5 survivors (5120K)
 Metaspace       used 37141K, committed 37440K, reserved 1114112K
  class space    used 4073K, committed 4224K, reserved 1048576K
}
Event: 2.521 GC heap after
{Heap after GC invocations=16 (full 0):
 garbage-first heap   total 260096K, used 166912K [0x0000000080000000, 0x0000000100000000)
  region size 1024K, 6 young (6144K), 6 survivors (6144K)
 Metaspace       used 37141K, committed 37440K, reserved 1114112K
  class space    used 4073K, committed 4224K, reserved 1048576K
}
Event: 2.637 GC heap before
{Heap before GC invocations=16 (full 0):
 garbage-first heap   total 316416K, used 198656K [0x0000000080000000, 0x0000000100000000)
  region size 1024K, 37 young (37888K), 6 survivors (6144K)
 Metaspace       used 37148K, committed 37440K, reserved 1114112K
  class space    used 4073K, committed 4224K, reserved 1048576K
}

Dll operation events (1 events):
Event: 0.005 Loaded shared library C:\Program Files\JetBrains\IntelliJ IDEA 2023.2.2\jbr\bin\java.dll

Deoptimization events (20 events):
Event: 1.893 Thread 0x000002998b5eea60 DEOPT PACKING pc=0x00000299f7d0f928 sp=0x0000009a425fa1a0
Event: 1.893 Thread 0x000002998b5eea60 DEOPT UNPACKING pc=0x00000299f76ca1a3 sp=0x0000009a425fa130 mode 2
Event: 1.894 Thread 0x000002998b694010 DEOPT PACKING pc=0x00000299f05bb441 sp=0x0000009a439fab50
Event: 1.894 Thread 0x000002998b694010 DEOPT UNPACKING pc=0x00000299f76cace3 sp=0x0000009a439fa050 mode 0
Event: 1.897 Thread 0x000002998b694010 DEOPT PACKING pc=0x00000299f05bb441 sp=0x0000009a439f9d50
Event: 1.897 Thread 0x000002998b694010 DEOPT UNPACKING pc=0x00000299f76cace3 sp=0x0000009a439f9250 mode 0
Event: 1.903 Thread 0x000002998b5ef360 DEOPT PACKING pc=0x00000299f05bb441 sp=0x0000009a426fa230
Event: 1.903 Thread 0x000002998b5ef360 DEOPT UNPACKING pc=0x00000299f76cace3 sp=0x0000009a426f9730 mode 0
Event: 1.909 Thread 0x000002998b5eea60 DEOPT PACKING pc=0x00000299f05bb441 sp=0x0000009a425f98d0
Event: 1.909 Thread 0x000002998b5eea60 DEOPT UNPACKING pc=0x00000299f76cace3 sp=0x0000009a425f8dd0 mode 0
Event: 1.914 Thread 0x000002998b694010 DEOPT PACKING pc=0x00000299f05bb441 sp=0x0000009a439f9820
Event: 1.914 Thread 0x000002998b694010 DEOPT UNPACKING pc=0x00000299f76cace3 sp=0x0000009a439f8d20 mode 0
Event: 1.920 Thread 0x000002998b5eea60 DEOPT PACKING pc=0x00000299f05bb441 sp=0x0000009a425fa5e0
Event: 1.920 Thread 0x000002998b5eea60 DEOPT UNPACKING pc=0x00000299f76cace3 sp=0x0000009a425f9ae0 mode 0
Event: 1.921 Thread 0x000002998b5ef360 DEOPT PACKING pc=0x00000299f05bb441 sp=0x0000009a426f9d00
Event: 1.921 Thread 0x000002998b5ef360 DEOPT UNPACKING pc=0x00000299f76cace3 sp=0x0000009a426f9200 mode 0
Event: 2.329 Thread 0x000002998b5eea60 Uncommon trap: trap_request=0xffffff45 fr.pc=0x00000299f7cfe7c0 relative=0x0000000000000b80
Event: 2.329 Thread 0x000002998b5eea60 Uncommon trap: reason=unstable_if action=reinterpret pc=0x00000299f7cfe7c0 method=java.util.HashMap.getNode(Ljava/lang/Object;)Ljava/util/HashMap$Node; @ 131 c2
Event: 2.329 Thread 0x000002998b5eea60 DEOPT PACKING pc=0x00000299f7cfe7c0 sp=0x0000009a425f96e0
Event: 2.329 Thread 0x000002998b5eea60 DEOPT UNPACKING pc=0x00000299f76ca1a3 sp=0x0000009a425f9528 mode 2

Classes unloaded (12 events):
Event: 1.865 Thread 0x000002998b013a30 Unloading class 0x00000001002d5c00 'java/lang/invoke/LambdaForm$MH+0x00000001002d5c00'
Event: 1.865 Thread 0x000002998b013a30 Unloading class 0x00000001002d5400 'java/lang/invoke/LambdaForm$DMH+0x00000001002d5400'
Event: 1.865 Thread 0x000002998b013a30 Unloading class 0x00000001002d4c00 'java/lang/invoke/LambdaForm$DMH+0x00000001002d4c00'
Event: 1.865 Thread 0x000002998b013a30 Unloading class 0x00000001002d4000 'java/lang/invoke/LambdaForm$DMH+0x00000001002d4000'
Event: 1.866 Thread 0x000002998b013a30 Unloading class 0x0000000100208000 'jdk/internal/reflect/GeneratedSerializationConstructorAccessor16'
Event: 1.866 Thread 0x000002998b013a30 Unloading class 0x0000000100207c00 'jdk/internal/reflect/GeneratedSerializationConstructorAccessor14'
Event: 1.866 Thread 0x000002998b013a30 Unloading class 0x0000000100207000 'jdk/internal/reflect/GeneratedSerializationConstructorAccessor11'
Event: 1.866 Thread 0x000002998b013a30 Unloading class 0x0000000100206800 'jdk/internal/reflect/GeneratedSerializationConstructorAccessor10'
Event: 1.866 Thread 0x000002998b013a30 Unloading class 0x0000000100206400 'jdk/internal/reflect/GeneratedSerializationConstructorAccessor8'
Event: 1.866 Thread 0x000002998b013a30 Unloading class 0x0000000100205800 'jdk/internal/reflect/GeneratedSerializationConstructorAccessor6'
Event: 1.866 Thread 0x000002998b013a30 Unloading class 0x0000000100204800 'jdk/internal/reflect/GeneratedSerializationConstructorAccessor2'
Event: 1.866 Thread 0x000002998b013a30 Unloading class 0x0000000100204400 'java/lang/invoke/LambdaForm$DMH+0x0000000100204400'

Classes redefined (0 events):
No events

Internal exceptions (20 events):
Event: 0.692 Thread 0x000002998b694520 Exception <a 'java/lang/ClassNotFoundException'{0x00000000876ba248}: sun/util/logging/resources/spi/loggingProvider> (0x00000000876ba248) 
thrown [s\src\hotspot\share\classfile\systemDictionary.cpp, line 256]
Event: 0.754 Thread 0x000002998b5eea60 Exception <a 'java/lang/NoSuchMethodError'{0x0000000086f64448}: 'java.lang.Object java.lang.invoke.Invokers$Holder.linkToTargetMethod(int, int, int, int, int, java.lang.Object)'> (0x0000000086f64448) 
thrown [s\src\hotspot\share\interpreter\linkResolver.cpp, line 771]
Event: 0.766 Thread 0x000002998b694520 Exception <a 'java/lang/NoSuchMethodError'{0x0000000086e958d8}: 'void java.lang.invoke.DirectMethodHandle$Holder.invokeStatic(java.lang.Object, int, java.lang.Object)'> (0x0000000086e958d8) 
thrown [s\src\hotspot\share\interpreter\linkResolver.cpp, line 771]
Event: 0.832 Thread 0x000002998b694520 Exception <a 'java/lang/NoSuchMethodError'{0x0000000086914b68}: 'java.lang.Object java.lang.invoke.DirectMethodHandle$Holder.invokeVirtual(java.lang.Object, java.lang.Object, java.lang.Object)'> (0x0000000086914b68) 
thrown [s\src\hotspot\share\interpreter\linkResolver.cpp, line 771]
Event: 0.846 Thread 0x000002998b694520 Exception <a 'java/lang/NoSuchMethodError'{0x00000000868024d0}: 'long java.lang.invoke.DirectMethodHandle$Holder.invokeStatic(java.lang.Object)'> (0x00000000868024d0) 
thrown [s\src\hotspot\share\interpreter\linkResolver.cpp, line 771]
Event: 0.853 Thread 0x000002998b691ca0 Exception <a 'java/lang/reflect/InvocationTargetException'{0x00000000869d8900}> (0x00000000869d8900) 
thrown [s\src\hotspot\share\runtime\reflection.cpp, line 1127]
Event: 0.853 Thread 0x000002998b695450 Exception <a 'java/lang/reflect/InvocationTargetException'{0x0000000086977888}> (0x0000000086977888) 
thrown [s\src\hotspot\share\runtime\reflection.cpp, line 1127]
Event: 0.879 Thread 0x000002998b694520 Implicit null exception at 0x00000299f7c3c3f2 to 0x00000299f7c3ca34
Event: 0.880 Thread 0x000002998b695450 Exception <a 'java/lang/NoSuchMethodError'{0x0000000086691ac8}: 'void java.lang.invoke.DirectMethodHandle$Holder.invokeVirtual(java.lang.Object, java.lang.Object)'> (0x0000000086691ac8) 
thrown [s\src\hotspot\share\interpreter\linkResolver.cpp, line 771]
Event: 0.898 Thread 0x000002998b694520 Exception <a 'java/lang/NoSuchMethodError'{0x0000000086450928}: 'java.lang.Object java.lang.invoke.DirectMethodHandle$Holder.invokeInterface(java.lang.Object, java.lang.Object)'> (0x0000000086450928) 
thrown [s\src\hotspot\share\interpreter\linkResolver.cpp, line 771]
Event: 0.900 Thread 0x000002998b694520 Exception <a 'java/lang/NoSuchMethodError'{0x000000008630be98}: 'java.lang.Object java.lang.invoke.DirectMethodHandle$Holder.newInvokeSpecial(java.lang.Object, java.lang.Object, java.lang.Object, java.lang.Object, java.lang.Object, java.lang.Object, java.lang.Object, java.lang.Object)'> (0x000000008630be98) 
thrown [s\src\hotspot\share\interpreter\linkResolver.cpp, line 771]
Event: 0.900 Thread 0x000002998b694520 Exception <a 'java/lang/NoSuchMethodError'{0x0000000086311208}: 'java.lang.Object java.lang.invoke.DirectMethodHandle$Holder.invokeSpecial(java.lang.Object, java.lang.Object, java.lang.Object, java.lang.Object, java.lang.Object, java.lang.Object, java.lang.Object, java.lang.Object, java.lang.Object)'> (0x0000000086311208) 
thrown [s\src\hotspot\share\interpreter\linkResolver.cpp, line 771]
Event: 0.900 Thread 0x000002998b694520 Exception <a 'java/lang/NoSuchMethodError'{0x0000000086315e90}: 'java.lang.Object java.lang.invoke.Invokers$Holder.linkToTargetMethod(java.lang.Object, java.lang.Object, java.lang.Object, java.lang.Object, java.lang.Object, java.lang.Object, java.lang.Object, java.lang.Object)'> (0x0000000086315e90) 
thrown [s\src\hotspot\share\interpreter\linkResolver.cpp, line 771]
Event: 0.905 Thread 0x000002998b694520 Exception <a 'java/lang/NoSuchMethodError'{0x0000000086353ef8}: 'java.lang.Object java.lang.invoke.DirectMethodHandle$Holder.newInvokeSpecial(java.lang.Object, java.lang.Object, java.lang.Object, java.lang.Object, java.lang.Object, java.lang.Object, java.lang.Object)'> (0x0000000086353ef8) 
thrown [s\src\hotspot\share\interpreter\linkResolver.cpp, line 771]
Event: 0.905 Thread 0x000002998b694520 Exception <a 'java/lang/NoSuchMethodError'{0x0000000086358808}: 'java.lang.Object java.lang.invoke.Invokers$Holder.linkToTargetMethod(java.lang.Object, java.lang.Object, java.lang.Object, java.lang.Object, java.lang.Object, java.lang.Object, java.lang.Object)'> (0x0000000086358808) 
thrown [s\src\hotspot\share\interpreter\linkResolver.cpp, line 771]
Event: 0.905 Thread 0x000002998b694520 Exception <a 'java/lang/NoSuchMethodError'{0x000000008635cb30}: 'java.lang.Object java.lang.invoke.DirectMethodHandle$Holder.invokeStatic(java.lang.Object, int, java.lang.Object, java.lang.Object)'> (0x000000008635cb30) 
thrown [s\src\hotspot\share\interpreter\linkResolver.cpp, line 771]
Event: 0.906 Thread 0x000002998b694520 Exception <a 'java/lang/NoSuchMethodError'{0x0000000086363c98}: 'java.lang.Object java.lang.invoke.DirectMethodHandle$Holder.newInvokeSpecial(java.lang.Object, int, java.lang.Object)'> (0x0000000086363c98) 
thrown [s\src\hotspot\share\interpreter\linkResolver.cpp, line 771]
Event: 0.908 Thread 0x000002998b694520 Exception <a 'java/lang/NoSuchMethodError'{0x000000008637b050}: 'java.lang.Object java.lang.invoke.DirectMethodHandle$Holder.invokeInterface(java.lang.Object, java.lang.Object, java.lang.Object)'> (0x000000008637b050) 
thrown [s\src\hotspot\share\interpreter\linkResolver.cpp, line 771]
Event: 0.917 Thread 0x000002998b694520 Exception <a 'java/lang/reflect/InvocationTargetException'{0x0000000086288540}> (0x0000000086288540) 
thrown [s\src\hotspot\share\runtime\reflection.cpp, line 1127]
Event: 0.935 Thread 0x000002998b694520 Exception <a 'java/lang/NoSuchMethodError'{0x0000000086168ad0}: 'java.lang.Object java.lang.invoke.DirectMethodHandle$Holder.newInvokeSpecial(java.lang.Object, java.lang.Object, int)'> (0x0000000086168ad0) 
thrown [s\src\hotspot\share\interpreter\linkResolver.cpp, line 771]

VM Operations (20 events):
Event: 1.870 Executing VM operation: G1PauseRemark done
Event: 1.884 Executing VM operation: G1PauseCleanup
Event: 1.885 Executing VM operation: G1PauseCleanup done
Event: 2.029 Executing VM operation: G1CollectForAllocation
Event: 2.051 Executing VM operation: G1CollectForAllocation done
Event: 2.060 Executing VM operation: G1CollectForAllocation
Event: 2.073 Executing VM operation: G1CollectForAllocation done
Event: 2.193 Executing VM operation: G1CollectForAllocation
Event: 2.208 Executing VM operation: G1CollectForAllocation done
Event: 2.294 Executing VM operation: G1PauseRemark
Event: 2.296 Executing VM operation: G1PauseRemark done
Event: 2.325 Executing VM operation: G1PauseCleanup
Event: 2.326 Executing VM operation: G1PauseCleanup done
Event: 2.331 Executing VM operation: G1CollectForAllocation
Event: 2.347 Executing VM operation: G1CollectForAllocation done
Event: 2.504 Executing VM operation: G1CollectForAllocation
Event: 2.521 Executing VM operation: G1CollectForAllocation done
Event: 2.600 Executing VM operation: G1PauseRemark
Event: 2.602 Executing VM operation: G1PauseRemark done
Event: 2.637 Executing VM operation: G1CollectForAllocation

Events (20 events):
Event: 1.039 loading class java/util/random/RandomGenerator$StreamableGenerator
Event: 1.039 loading class java/util/random/RandomGenerator$StreamableGenerator done
Event: 1.039 loading class java/util/random/RandomGenerator$SplittableGenerator done
Event: 1.039 loading class java/util/SplittableRandom done
Event: 1.040 loading class java/util/SplittableRandom$AbstractSplittableGeneratorProxy
Event: 1.040 loading class jdk/internal/util/random/RandomSupport$AbstractSplittableGenerator
Event: 1.040 loading class jdk/internal/util/random/RandomSupport$AbstractSpliteratorGenerator
Event: 1.040 loading class jdk/internal/util/random/RandomSupport$AbstractSpliteratorGenerator done
Event: 1.040 loading class jdk/internal/util/random/RandomSupport$AbstractSplittableGenerator done
Event: 1.040 loading class java/util/SplittableRandom$AbstractSplittableGeneratorProxy done
Event: 1.208 loading class java/util/AbstractList$RandomAccessSubList
Event: 1.208 loading class java/util/AbstractList$SubList
Event: 1.208 loading class java/util/AbstractList$SubList done
Event: 1.208 loading class java/util/AbstractList$RandomAccessSubList done
Event: 1.208 loading class java/util/AbstractList$SubList$1
Event: 1.208 loading class java/util/AbstractList$SubList$1 done
Event: 1.228 loading class java/time/temporal/UnsupportedTemporalTypeException
Event: 1.228 loading class java/time/temporal/UnsupportedTemporalTypeException done
Event: 2.420 loading class jdk/internal/math/FDBigInteger
Event: 2.421 loading class jdk/internal/math/FDBigInteger done


Dynamic libraries:
0x00007ff6976f0000 - 0x00007ff6976fa000 	C:\Program Files\JetBrains\IntelliJ IDEA 2023.2.2\jbr\bin\java.exe
0x00007ffb03d10000 - 0x00007ffb03f27000 	C:\WINDOWS\SYSTEM32\ntdll.dll
0x00007ffb02010000 - 0x00007ffb020d4000 	C:\WINDOWS\System32\KERNEL32.DLL
0x00007ffb01080000 - 0x00007ffb01426000 	C:\WINDOWS\System32\KERNELBASE.dll
0x00007ffb01910000 - 0x00007ffb01a21000 	C:\WINDOWS\System32\ucrtbase.dll
0x00007ffac0c40000 - 0x00007ffac0c5b000 	C:\Program Files\JetBrains\IntelliJ IDEA 2023.2.2\jbr\bin\VCRUNTIME140.dll
0x00007ffae9280000 - 0x00007ffae9297000 	C:\Program Files\JetBrains\IntelliJ IDEA 2023.2.2\jbr\bin\jli.dll
0x00007ffb03870000 - 0x00007ffb03a1e000 	C:\WINDOWS\System32\USER32.dll
0x00007ffb01a30000 - 0x00007ffb01a56000 	C:\WINDOWS\System32\win32u.dll
0x00007ffae99a0000 - 0x00007ffae9c33000 	C:\WINDOWS\WinSxS\amd64_microsoft.windows.common-controls_6595b64144ccf1df_6.0.22621.2506_none_270c5ae97388e100\COMCTL32.dll
0x00007ffb01fe0000 - 0x00007ffb02009000 	C:\WINDOWS\System32\GDI32.dll
0x00007ffb03c20000 - 0x00007ffb03cc7000 	C:\WINDOWS\System32\msvcrt.dll
0x00007ffb016d0000 - 0x00007ffb017e8000 	C:\WINDOWS\System32\gdi32full.dll
0x00007ffb01870000 - 0x00007ffb0190a000 	C:\WINDOWS\System32\msvcp_win.dll
0x00007ffb027e0000 - 0x00007ffb02811000 	C:\WINDOWS\System32\IMM32.DLL
0x00007ffaef4c0000 - 0x00007ffaef4cc000 	C:\Program Files\JetBrains\IntelliJ IDEA 2023.2.2\jbr\bin\vcruntime140_1.dll
0x00007ffab3fa0000 - 0x00007ffab402d000 	C:\Program Files\JetBrains\IntelliJ IDEA 2023.2.2\jbr\bin\msvcp140.dll
0x00007ffa95fe0000 - 0x00007ffa96c63000 	C:\Program Files\JetBrains\IntelliJ IDEA 2023.2.2\jbr\bin\server\jvm.dll
0x00007ffb037b0000 - 0x00007ffb03861000 	C:\WINDOWS\System32\ADVAPI32.dll
0x00007ffb03700000 - 0x00007ffb037a5000 	C:\WINDOWS\System32\sechost.dll
0x00007ffb01d30000 - 0x00007ffb01e47000 	C:\WINDOWS\System32\RPCRT4.dll
0x00007ffb00da0000 - 0x00007ffb00ded000 	C:\WINDOWS\SYSTEM32\POWRPROF.dll
0x00007ffaf6aa0000 - 0x00007ffaf6ad4000 	C:\WINDOWS\SYSTEM32\WINMM.dll
0x00007ffadf4d0000 - 0x00007ffadf4d9000 	C:\WINDOWS\SYSTEM32\WSOCK32.dll
0x00007ffaf5ee0000 - 0x00007ffaf5eea000 	C:\WINDOWS\SYSTEM32\VERSION.dll
0x00007ffb01a90000 - 0x00007ffb01b01000 	C:\WINDOWS\System32\WS2_32.dll
0x00007ffb00d80000 - 0x00007ffb00d93000 	C:\WINDOWS\SYSTEM32\UMPDC.dll
0x00007ffb00040000 - 0x00007ffb00058000 	C:\WINDOWS\SYSTEM32\kernel.appcore.dll
0x00007ffafdbc0000 - 0x00007ffafdbca000 	C:\Program Files\JetBrains\IntelliJ IDEA 2023.2.2\jbr\bin\jimage.dll
0x00007ffafe780000 - 0x00007ffafe9b3000 	C:\WINDOWS\SYSTEM32\DBGHELP.DLL
0x00007ffb02450000 - 0x00007ffb027d9000 	C:\WINDOWS\System32\combase.dll
0x00007ffb02370000 - 0x00007ffb02447000 	C:\WINDOWS\System32\OLEAUT32.dll
0x00007ffae19b0000 - 0x00007ffae19e2000 	C:\WINDOWS\SYSTEM32\dbgcore.DLL
0x00007ffb017f0000 - 0x00007ffb0186a000 	C:\WINDOWS\System32\bcryptPrimitives.dll
0x00007ffae7930000 - 0x00007ffae7955000 	C:\Program Files\JetBrains\IntelliJ IDEA 2023.2.2\jbr\bin\java.dll
0x00007ffaef420000 - 0x00007ffaef438000 	C:\Program Files\JetBrains\IntelliJ IDEA 2023.2.2\jbr\bin\zip.dll
0x00007ffb02820000 - 0x00007ffb0307a000 	C:\WINDOWS\System32\SHELL32.dll
0x00007ffafef50000 - 0x00007ffaff846000 	C:\WINDOWS\SYSTEM32\windows.storage.dll
0x00007ffafee10000 - 0x00007ffafef4e000 	C:\WINDOWS\SYSTEM32\wintypes.dll
0x00007ffb03600000 - 0x00007ffb036f3000 	C:\WINDOWS\System32\SHCORE.dll
0x00007ffb02300000 - 0x00007ffb0235e000 	C:\WINDOWS\System32\shlwapi.dll
0x00007ffb00fb0000 - 0x00007ffb00fd6000 	C:\WINDOWS\SYSTEM32\profapi.dll
0x00007ffaea2a0000 - 0x00007ffaea2b9000 	C:\Program Files\JetBrains\IntelliJ IDEA 2023.2.2\jbr\bin\net.dll
0x00007ffafb1d0000 - 0x00007ffafb307000 	C:\WINDOWS\SYSTEM32\WINHTTP.dll
0x00007ffb004b0000 - 0x00007ffb00519000 	C:\WINDOWS\system32\mswsock.dll
0x00007ffae97c0000 - 0x00007ffae97d6000 	C:\Program Files\JetBrains\IntelliJ IDEA 2023.2.2\jbr\bin\nio.dll
0x00007ffaffab0000 - 0x00007ffaffadd000 	C:\WINDOWS\SYSTEM32\IPHLPAPI.DLL
0x00007ffb022f0000 - 0x00007ffb022f9000 	C:\WINDOWS\System32\NSI.dll
0x00007ffafb0f0000 - 0x00007ffafb109000 	C:\WINDOWS\SYSTEM32\dhcpcsvc6.DLL
0x00007ffafa9b0000 - 0x00007ffafa9cf000 	C:\WINDOWS\SYSTEM32\dhcpcsvc.DLL
0x00007ffaffb20000 - 0x00007ffaffc19000 	C:\WINDOWS\SYSTEM32\DNSAPI.dll
0x00007ffb00800000 - 0x00007ffb0081b000 	C:\WINDOWS\SYSTEM32\CRYPTSP.dll
0x00007ffafffa0000 - 0x00007ffafffd5000 	C:\WINDOWS\system32\rsaenh.dll
0x00007ffb00550000 - 0x00007ffb0057c000 	C:\WINDOWS\SYSTEM32\USERENV.dll
0x00007ffb00920000 - 0x00007ffb00948000 	C:\WINDOWS\SYSTEM32\bcrypt.dll
0x00007ffb007e0000 - 0x00007ffb007ec000 	C:\WINDOWS\SYSTEM32\CRYPTBASE.dll
0x00007ffae7c30000 - 0x00007ffae7c37000 	C:\Program Files\JetBrains\IntelliJ IDEA 2023.2.2\jbr\bin\rmi.dll
0x00007ffaf5780000 - 0x00007ffaf578a000 	C:\Windows\System32\rasadhlp.dll
0x00007ffaf5c90000 - 0x00007ffaf5d13000 	C:\WINDOWS\System32\fwpuclnt.dll

dbghelp: loaded successfully - version: 4.0.5 - missing functions: none
symbol engine: initialized successfully - sym options: 0x614 - pdb path: .;C:\Program Files\JetBrains\IntelliJ IDEA 2023.2.2\jbr\bin;C:\WINDOWS\SYSTEM32;C:\WINDOWS\WinSxS\amd64_microsoft.windows.common-controls_6595b64144ccf1df_6.0.22621.2506_none_270c5ae97388e100;C:\Program Files\JetBrains\IntelliJ IDEA 2023.2.2\jbr\bin\server

VM Arguments:
jvm_args: -Djava.rmi.server.hostname=127.0.0.1 -Duser.timezone=UTC -Xmx2048m -Xms128m -Djna.boot.library.path=C:\Program Files\JetBrains\IntelliJ IDEA 2023.2.2/lib/jna/amd64 -Djna.nosys=true -Djna.noclasspath=true -Djdbc.classpath=C:\Program Files\JetBrains\IntelliJ IDEA 2023.2.2\plugins\DatabaseTools\lib\jdbc-console.jar;C:\Users\Aziz\AppData\Roaming\JetBrains\IntelliJIdea2023.2\jdbc-drivers\MongoDB\1.18\mongo-jdbc-standalone-1.18.jar --add-exports=java.desktop/sun.awt=ALL-UNNAMED --add-exports=java.desktop/java.awt.peer=ALL-UNNAMED --add-opens=java.desktop/java.awt=ALL-UNNAMED --add-opens=jdk.unsupported/sun.misc=ALL-UNNAMED --add-opens=java.base/java.nio=ALL-UNNAMED --add-opens=java.base/java.util=ALL-UNNAMED -Dfile.encoding=UTF-8 
java_command: com.intellij.database.remote.RemoteJdbcServer com.dbschema.MongoJdbcDriver
java_class_path (initial): C:\Program Files\JetBrains\IntelliJ IDEA 2023.2.2\lib\util_rt.jar;C:\Program Files\JetBrains\IntelliJ IDEA 2023.2.2\lib\util-8.jar;C:\Program Files\JetBrains\IntelliJ IDEA 2023.2.2\lib\groovy.jar;C:\Program Files\JetBrains\IntelliJ IDEA 2023.2.2\plugins\DatabaseTools\lib\jdbc-console.jar;C:\Program Files\JetBrains\IntelliJ IDEA 2023.2.2\plugins\grid-core-impl\lib\jdbc-console-types.jar;C:\Program Files\JetBrains\IntelliJ IDEA 2023.2.2\lib\util.jar;C:\Program Files\JetBrains\IntelliJ IDEA 2023.2.2\lib\bouncy-castle.jar
Launcher Type: SUN_STANDARD

[Global flags]
     intx CICompilerCount                          = 4                                         {product} {ergonomic}
     uint ConcGCThreads                            = 2                                         {product} {ergonomic}
     uint G1ConcRefinementThreads                  = 8                                         {product} {ergonomic}
   size_t G1HeapRegionSize                         = 1048576                                   {product} {ergonomic}
    uintx GCDrainStackTargetSize                   = 64                                        {product} {ergonomic}
   size_t InitialHeapSize                          = 134217728                                 {product} {command line}
   size_t MarkStackSize                            = 4194304                                   {product} {ergonomic}
   size_t MaxHeapSize                              = 2147483648                                {product} {command line}
   size_t MaxNewSize                               = 1287651328                                {product} {ergonomic}
   size_t MinHeapDeltaBytes                        = 1048576                                   {product} {ergonomic}
   size_t MinHeapSize                              = 134217728                                 {product} {command line}
    uintx NonNMethodCodeHeapSize                   = 5839372                                {pd product} {ergonomic}
    uintx NonProfiledCodeHeapSize                  = 122909434                              {pd product} {ergonomic}
    uintx ProfiledCodeHeapSize                     = 122909434                              {pd product} {ergonomic}
    uintx ReservedCodeCacheSize                    = 251658240                              {pd product} {ergonomic}
     bool SegmentedCodeCache                       = true                                      {product} {ergonomic}
   size_t SoftMaxHeapSize                          = 2147483648                             {manageable} {ergonomic}
     bool UseCompressedClassPointers               = true                           {product lp64_product} {ergonomic}
     bool UseCompressedOops                        = true                           {product lp64_product} {ergonomic}
     bool UseG1GC                                  = true                                      {product} {ergonomic}
     bool UseLargePagesIndividualAllocation        = false                                  {pd product} {ergonomic}

Logging:
Log output configuration:
 #0: stdout all=warning uptime,level,tags
 #1: stderr all=off uptime,level,tags

Environment Variables:
PATH=C:\Program Files\Common Files\Oracle\Java\javapath;C:\WINDOWS\system32;C:\WINDOWS;C:\WINDOWS\System32\Wbem;C:\WINDOWS\System32\WindowsPowerShell\v1.0\;C:\WINDOWS\System32\OpenSSH\;C:\Program Files\dotnet\;C:\Program Files\Git\cmd;C:\xampp\php;C:\composer;;C:\Program Files\nodejs\;C:\Program Files\Docker\Docker\resources\bin;C:\Program Files\Microsoft SQL Server\150\Tools\Binn\;C:\Users\Aziz\AppData\Local\Microsoft\WindowsApps;C:\Users\Aziz\AppData\Local\Programs\Microsoft VS Code\bin;C:\Users\Aziz\AppData\Roaming\Composer\vendor\bin;C:\xampp\php;C:\Users\Aziz\AppData\Roaming\npm;C:\Users\Aziz\Downloads\apache-maven-3.9.5-bin (1)\apache-maven-3.9.5\bin
USERNAME=Aziz
OS=Windows_NT
PROCESSOR_IDENTIFIER=Intel64 Family 6 Model 140 Stepping 1, GenuineIntel
TMP=C:\Users\Aziz\AppData\Local\Temp
TEMP=C:\Users\Aziz\AppData\Local\Temp


JNI global refs:
JNI global refs: 19, weak refs: 102

JNI global refs memory usage: 843, weak refs: 1473

OOME stack traces (most recent first):
Classloader memory used:
Loader com.intellij.database.remote.jdbc.impl.JdbcClassLoader$JdbcClassLoaderImpl      : 2567K
Loader bootstrap                                                                       : 1894K
Loader jdk.internal.loader.ClassLoaders$AppClassLoader                                 : 138K
Loader jdk.internal.loader.ClassLoaders$PlatformClassLoader                            : 35829B
Loader jdk.internal.reflect.DelegatingClassLoader                                      : 9057B


---------------  S Y S T E M  ---------------

OS:
 Windows 11 , 64 bit Build 22621 (10.0.22621.2506)
OS uptime: 2 days 1:39 hours
Hyper-V role detected

CPU: total 8 (initial active 8) (4 cores per cpu, 2 threads per core) family 6 model 140 stepping 1 microcode 0xb4, cx8, cmov, fxsr, ht, mmx, 3dnowpref, sse, sse2, sse3, ssse3, sse4.1, sse4.2, popcnt, lzcnt, tsc, tscinvbit, avx, avx2, aes, erms, clmul, bmi1, bmi2, adx, avx512f, avx512dq, avx512cd, avx512bw, avx512vl, sha, fma, vzeroupper, avx512_vpopcntdq, avx512_vpclmulqdq, avx512_vaes, avx512_vnni, clflush, clflushopt, clwb, avx512_vbmi2, avx512_vbmi, hv
Processor Information for all 8 processors :
  Max Mhz: 1382, Current Mhz: 1382, Mhz Limit: 1382

Memory: 4k page, system-wide physical 7589M (286M free)
TotalPageFile size 19589M (AvailPageFile size 522M)
current process WorkingSet (physical memory assigned to process): 380M, peak: 380M
current process commit charge ("private bytes"): 459M, peak: 1078M

vm_info: OpenJDK 64-Bit Server VM (17.0.8+7-b1000.22) for windows-amd64 JRE (17.0.8+7-b1000.22), built on 2023-09-02 by "builduser" with MS VC++ 16.10 / 16.11 (VS2019)

END.
