#
# There is insufficient memory for the Java Runtime Environment to continue.
# Native memory allocation (mmap) failed to map 538968064 bytes for G1 virtual space
# Possible reasons:
#   The system is out of physical RAM or swap space
#   The process is running with CompressedOops enabled, and the Java Heap may be blocking the growth of the native heap
# Possible solutions:
#   Reduce memory load on the system
#   Increase physical memory or swap space
#   Check if swap backing store is full
#   Decrease Java heap size (-Xmx/-Xms)
#   Decrease number of Java threads
#   Decrease Java thread stack sizes (-Xss)
#   Set larger code cache with -XX:ReservedCodeCacheSize=
#   JVM is running with Unscaled Compressed Oops mode in which the Java heap is
#     placed in the first 4GB address space. The Java Heap base address is the
#     maximum limit for the native heap growth. Please use -XX:HeapBaseMinAddress
#     to set the Java Heap base and to place the Java Heap above 4GB virtual address.
# This output file may be truncated or incomplete.
#
#  Out of Memory Error (os_windows.cpp:3829), pid=7416, tid=2532
#
# JRE version: OpenJDK Runtime Environment JBR-17.0.8+7-1000.22-jcef (17.0.8+7) (build 17.0.8+7-b1000.22)
# Java VM: OpenJDK 64-Bit Server VM JBR-17.0.8+7-1000.22-jcef (17.0.8+7-b1000.22, mixed mode, tiered, compressed oops, compressed class ptrs, g1 gc, windows-amd64)
# No core dump will be written. Minidumps are not enabled by default on client versions of Windows
#

---------------  S U M M A R Y ------------

Command Line: -Djava.rmi.server.hostname=127.0.0.1 -Duser.timezone=UTC -Xmx2048m -Xms128m -Djna.boot.library.path=C:\Program Files\JetBrains\IntelliJ IDEA 2023.2.2/lib/jna/amd64 -Djna.nosys=true -Djna.noclasspath=true -Djdbc.classpath=C:\Program Files\JetBrains\IntelliJ IDEA 2023.2.2\plugins\DatabaseTools\lib\jdbc-console.jar;C:\Users\Aziz\AppData\Roaming\JetBrains\IntelliJIdea2023.2\jdbc-drivers\MongoDB\1.18\mongo-jdbc-standalone-1.18.jar --add-exports=java.desktop/sun.awt=ALL-UNNAMED --add-exports=java.desktop/java.awt.peer=ALL-UNNAMED --add-opens=java.desktop/java.awt=ALL-UNNAMED --add-opens=jdk.unsupported/sun.misc=ALL-UNNAMED --add-opens=java.base/java.nio=ALL-UNNAMED --add-opens=java.base/java.util=ALL-UNNAMED -Dfile.encoding=UTF-8 com.intellij.database.remote.RemoteJdbcServer com.dbschema.MongoJdbcDriver

Host: 11th Gen Intel(R) Core(TM) i5-1135G7 @ 2.40GHz, 8 cores, 7G,  Windows 11 , 64 bit Build 22621 (10.0.22621.2506)
Time: Thu Dec 28 16:03:30 2023 Maroc (heure d64 bit Build 22621 (10.0.22621.2506) elapsed time: 2.651840 seconds (0d 0h 0m 2s)

---------------  T H R E A D  ---------------

Current thread (0x000001537f403b70):  VMThread "VM Thread" [stack: 0x00000042a6b00000,0x00000042a6c00000] [id=2532]

Stack: [0x00000042a6b00000,0x00000042a6c00000]
Native frames: (J=compiled Java code, j=interpreted, Vv=VM code, C=native code)
V  [jvm.dll+0x6852da]
V  [jvm.dll+0x844c84]
V  [jvm.dll+0x84659e]
V  [jvm.dll+0x846c03]
V  [jvm.dll+0x24b7cf]
V  [jvm.dll+0x682049]
V  [jvm.dll+0x67671a]
V  [jvm.dll+0x30be2b]
V  [jvm.dll+0x3132d6]
V  [jvm.dll+0x36302e]
V  [jvm.dll+0x36325f]
V  [jvm.dll+0x2e1f48]
V  [jvm.dll+0x2e0124]
V  [jvm.dll+0x2df72c]
V  [jvm.dll+0x32427b]
V  [jvm.dll+0x84b2eb]
V  [jvm.dll+0x84c024]
V  [jvm.dll+0x84c53d]
V  [jvm.dll+0x84c914]
V  [jvm.dll+0x84c9e0]
V  [jvm.dll+0x7f415a]
V  [jvm.dll+0x684115]
C  [ucrtbase.dll+0x29363]
C  [KERNEL32.DLL+0x1257d]
C  [ntdll.dll+0x5aa58]

VM_Operation (0x00000042a8df9f90): G1CollectForAllocation, mode: safepoint, requested by thread 0x00000153194a8de0


---------------  P R O C E S S  ---------------

Threads class SMR info:
_java_thread_list=0x000001531a36ecf0, length=31, elements={
0x000001537a3077a0, 0x000001537f42e020, 0x000001537f42eaf0, 0x000001537f591290,
0x000001537f593b70, 0x000001537f596940, 0x000001537f597300, 0x000001537f5980a0,
0x000001537f5992f0, 0x000001537f599cf0, 0x000001537f70e460, 0x000001537f70ed50,
0x000001537a308620, 0x00000153191ede60, 0x000001531920d8e0, 0x00000153194a9d10,
0x00000153194aac40, 0x00000153194ab150, 0x00000153194ab660, 0x00000153194a9800,
0x00000153194a83c0, 0x00000153194abb70, 0x00000153194aa220, 0x00000153194aa730,
0x00000153194a88d0, 0x00000153194a8de0, 0x00000153194a92f0, 0x0000015319680db0,
0x00000153196863c0, 0x0000015319684f80, 0x000001531a050580
}

Java Threads: ( => current thread )
  0x000001537a3077a0 JavaThread "main" [_thread_blocked, id=17876, stack(0x00000042a6500000,0x00000042a6600000)]
  0x000001537f42e020 JavaThread "Reference Handler" daemon [_thread_blocked, id=19508, stack(0x00000042a6c00000,0x00000042a6d00000)]
  0x000001537f42eaf0 JavaThread "Finalizer" daemon [_thread_blocked, id=18832, stack(0x00000042a6d00000,0x00000042a6e00000)]
  0x000001537f591290 JavaThread "Signal Dispatcher" daemon [_thread_blocked, id=17920, stack(0x00000042a6e00000,0x00000042a6f00000)]
  0x000001537f593b70 JavaThread "Attach Listener" daemon [_thread_blocked, id=14920, stack(0x00000042a6f00000,0x00000042a7000000)]
  0x000001537f596940 JavaThread "Service Thread" daemon [_thread_blocked, id=20908, stack(0x00000042a7000000,0x00000042a7100000)]
  0x000001537f597300 JavaThread "Monitor Deflation Thread" daemon [_thread_blocked, id=17932, stack(0x00000042a7100000,0x00000042a7200000)]
  0x000001537f5980a0 JavaThread "C2 CompilerThread0" daemon [_thread_in_native, id=17492, stack(0x00000042a7200000,0x00000042a7300000)]
  0x000001537f5992f0 JavaThread "C1 CompilerThread0" daemon [_thread_blocked, id=13528, stack(0x00000042a7300000,0x00000042a7400000)]
  0x000001537f599cf0 JavaThread "Sweeper thread" daemon [_thread_blocked, id=19404, stack(0x00000042a7400000,0x00000042a7500000)]
  0x000001537f70e460 JavaThread "Common-Cleaner" daemon [_thread_blocked, id=14560, stack(0x00000042a7500000,0x00000042a7600000)]
  0x000001537f70ed50 JavaThread "Notification Thread" daemon [_thread_blocked, id=18112, stack(0x00000042a7600000,0x00000042a7700000)]
  0x000001537a308620 JavaThread "C2 CompilerThread1" daemon [_thread_in_native, id=17660, stack(0x00000042a7800000,0x00000042a7900000)]
  0x00000153191ede60 JavaThread "MongoShell ExecutorService" daemon [_thread_blocked, id=20712, stack(0x00000042a7900000,0x00000042a7a00000)]
  0x000001531920d8e0 JavaThread "MongoShell ExecutorService" daemon [_thread_blocked, id=8464, stack(0x00000042a7a00000,0x00000042a7b00000)]
  0x00000153194a9d10 JavaThread "RMI TCP Accept-24921" daemon [_thread_in_native, id=12696, stack(0x00000042a8100000,0x00000042a8200000)]
  0x00000153194aac40 JavaThread "RMI TCP Accept-0" daemon [_thread_in_native, id=16828, stack(0x00000042a8200000,0x00000042a8300000)]
  0x00000153194ab150 JavaThread "RMI Reaper" [_thread_blocked, id=3868, stack(0x00000042a8300000,0x00000042a8400000)]
  0x00000153194ab660 JavaThread "RMI GC Daemon" daemon [_thread_blocked, id=16992, stack(0x00000042a8400000,0x00000042a8500000)]
  0x00000153194a9800 JavaThread "RMI TCP Connection(1)-127.0.0.1" daemon [_thread_in_native, id=12128, stack(0x00000042a8500000,0x00000042a8600000)]
  0x00000153194a83c0 JavaThread "RMI TCP Connection(2)-127.0.0.1" daemon [_thread_in_native, id=22064, stack(0x00000042a8600000,0x00000042a8700000)]
  0x00000153194abb70 JavaThread "RMI Scheduler(0)" daemon [_thread_blocked, id=8800, stack(0x00000042a8700000,0x00000042a8800000)]
  0x00000153194aa220 JavaThread "RMI TCP Connection(3)-127.0.0.1" daemon [_thread_blocked, id=15812, stack(0x00000042a8800000,0x00000042a8900000)]
  0x00000153194aa730 JavaThread "RMI TCP Connection(4)-127.0.0.1" daemon [_thread_in_native, id=18448, stack(0x00000042a8900000,0x00000042a8a00000)]
  0x00000153194a88d0 JavaThread "RMI RenewClean-[127.0.0.1:59998]" daemon [_thread_blocked, id=13448, stack(0x00000042a8a00000,0x00000042a8b00000)]
  0x00000153194a8de0 JavaThread "MongoShell ExecutorService" daemon [_thread_blocked, id=19448, stack(0x00000042a8d00000,0x00000042a8e00000)]
  0x00000153194a92f0 JavaThread "BufferPoolPruner-1-thread-1" daemon [_thread_blocked, id=15076, stack(0x00000042a8e00000,0x00000042a8f00000)]
  0x0000015319680db0 JavaThread "cluster-ClusterId{value='658d8e40f8e77673b110f035', description='DataGrip'}-localhost:27017" daemon [_thread_in_native, id=6784, stack(0x00000042a8f00000,0x00000042a9000000)]
  0x00000153196863c0 JavaThread "cluster-rtt-ClusterId{value='658d8e40f8e77673b110f035', description='DataGrip'}-localhost:27017" daemon [_thread_blocked, id=19280, stack(0x00000042a9000000,0x00000042a9100000)]
  0x0000015319684f80 JavaThread "MaintenanceTimer-2-thread-1" daemon [_thread_blocked, id=17424, stack(0x00000042a9200000,0x00000042a9300000)]
  0x000001531a050580 JavaThread "C2 CompilerThread2" daemon [_thread_blocked, id=10308, stack(0x00000042a9300000,0x00000042a9400000)]

Other Threads:
=>0x000001537f403b70 VMThread "VM Thread" [stack: 0x00000042a6b00000,0x00000042a6c00000] [id=2532]
  0x000001537f751030 WatcherThread [stack: 0x00000042a7700000,0x00000042a7800000] [id=8540]
  0x000001537a3635d0 GCTaskThread "GC Thread#0" [stack: 0x00000042a6600000,0x00000042a6700000] [id=21548]
  0x0000015319386c80 GCTaskThread "GC Thread#1" [stack: 0x00000042a7b00000,0x00000042a7c00000] [id=20112]
  0x0000015319321fe0 GCTaskThread "GC Thread#2" [stack: 0x00000042a7c00000,0x00000042a7d00000] [id=12768]
  0x00000153193d2650 GCTaskThread "GC Thread#3" [stack: 0x00000042a7d00000,0x00000042a7e00000] [id=1256]
  0x00000153193d2910 GCTaskThread "GC Thread#4" [stack: 0x00000042a7e00000,0x00000042a7f00000] [id=20276]
  0x00000153193d2fe0 GCTaskThread "GC Thread#5" [stack: 0x00000042a7f00000,0x00000042a8000000] [id=8364]
  0x00000153193d32a0 GCTaskThread "GC Thread#6" [stack: 0x00000042a8000000,0x00000042a8100000] [id=21984]
  0x00000153199978e0 GCTaskThread "GC Thread#7" [stack: 0x00000042a8b00000,0x00000042a8c00000] [id=7244]
  0x000001537a374520 ConcurrentGCThread "G1 Main Marker" [stack: 0x00000042a6700000,0x00000042a6800000] [id=19712]
  0x000001537a374f30 ConcurrentGCThread "G1 Conc#0" [stack: 0x00000042a6800000,0x00000042a6900000] [id=2704]
  0x0000015319502830 ConcurrentGCThread "G1 Conc#1" [stack: 0x00000042a8c00000,0x00000042a8d00000] [id=17628]
  0x000001537f270130 ConcurrentGCThread "G1 Refine#0" [stack: 0x00000042a6900000,0x00000042a6a00000] [id=14168]
  0x000001531ab45f40 ConcurrentGCThread "G1 Refine#1" [stack: 0x00000042a9400000,0x00000042a9500000] [id=20196]
  0x000001531ab45670 ConcurrentGCThread "G1 Refine#2" [stack: 0x00000042a9500000,0x00000042a9600000] [id=17468]
  0x000001531ab46230 ConcurrentGCThread "G1 Refine#3" [stack: 0x00000042a9600000,0x00000042a9700000] [id=5268]
  0x000001531ab45c50 ConcurrentGCThread "G1 Refine#4" [stack: 0x00000042a9700000,0x00000042a9800000] [id=17064]
  0x000001537f270a70 ConcurrentGCThread "G1 Service" [stack: 0x00000042a6a00000,0x00000042a6b00000] [id=9312]

Threads with active compile tasks:
C2 CompilerThread0     2664 3254       4       com.oracle.js.parser.ir.Scope::addUsesFromInnerScope (196 bytes)
C2 CompilerThread1     2664 3534       4       com.oracle.js.parser.Lexer::valueOfString (747 bytes)
C2 CompilerThread2     2664 3347       4       com.oracle.js.parser.ir.Scope::resolveUses (177 bytes)

VM state: at safepoint (normal execution)

VM Mutex/Monitor currently owned by a thread:  ([mutex/lock_event])
[0x000001537a303780] Threads_lock - owner thread: 0x000001537f403b70
[0x000001537a302a90] Heap_lock - owner thread: 0x00000153194a8de0

Heap address: 0x0000000080000000, size: 2048 MB, Compressed Oops mode: 32-bit

CDS archive(s) not mapped
Compressed class space mapped at: 0x0000000100000000-0x0000000140000000, reserved size: 1073741824
Narrow klass base: 0x0000000000000000, Narrow klass shift: 3, Narrow klass range: 0x140000000

GC Precious Log:
 CPUs: 8 total, 8 available
 Memory: 7589M
 Large Page Support: Disabled
 NUMA Support: Disabled
 Compressed Oops: Enabled (32-bit)
 Heap Region Size: 1M
 Heap Min Capacity: 128M
 Heap Initial Capacity: 128M
 Heap Max Capacity: 2G
 Pre-touch: Disabled
 Parallel Workers: 8
 Concurrent Workers: 2
 Concurrent Refinement Workers: 8
 Periodic GC: Disabled

Heap:
 garbage-first heap   total 263168K, used 187904K [0x0000000080000000, 0x0000000100000000)
  region size 1024K, 5 young (5120K), 5 survivors (5120K)
 Metaspace       used 37123K, committed 37440K, reserved 1114112K
  class space    used 4069K, committed 4224K, reserved 1048576K

Heap Regions: E=young(eden), S=young(survivor), O=old, HS=humongous(starts), HC=humongous(continues), CS=collection set, F=free, OA=open archive, CA=closed archive, TAMS=top-at-mark-start (previous, next)
|   0|0x0000000080000000, 0x0000000080100000, 0x0000000080100000|100%|HS|  |TAMS 0x0000000080100000, 0x0000000080100000| Complete 
|   1|0x0000000080100000, 0x0000000080200000, 0x0000000080200000|100%|HC|  |TAMS 0x0000000080200000, 0x0000000080200000| Complete 
|   2|0x0000000080200000, 0x0000000080300000, 0x0000000080300000|100%|HC|  |TAMS 0x0000000080300000, 0x0000000080300000| Complete 
|   3|0x0000000080300000, 0x0000000080400000, 0x0000000080400000|100%|HS|  |TAMS 0x0000000080400000, 0x0000000080400000| Complete 
|   4|0x0000000080400000, 0x0000000080500000, 0x0000000080500000|100%|HC|  |TAMS 0x0000000080500000, 0x0000000080500000| Complete 
|   5|0x0000000080500000, 0x0000000080600000, 0x0000000080600000|100%|HS|  |TAMS 0x0000000080600000, 0x0000000080600000| Complete 
|   6|0x0000000080600000, 0x0000000080700000, 0x0000000080700000|100%| O|  |TAMS 0x0000000080700000, 0x0000000080700000| Untracked 
|   7|0x0000000080700000, 0x0000000080800000, 0x0000000080800000|100%| O|  |TAMS 0x0000000080800000, 0x0000000080800000| Untracked 
|   8|0x0000000080800000, 0x0000000080900000, 0x0000000080900000|100%| O|  |TAMS 0x0000000080900000, 0x0000000080900000| Untracked 
|   9|0x0000000080900000, 0x0000000080a00000, 0x0000000080a00000|100%| O|  |TAMS 0x0000000080a00000, 0x0000000080a00000| Untracked 
|  10|0x0000000080a00000, 0x0000000080b00000, 0x0000000080b00000|100%| O|  |TAMS 0x0000000080b00000, 0x0000000080b00000| Untracked 
|  11|0x0000000080b00000, 0x0000000080c00000, 0x0000000080c00000|100%| O|  |TAMS 0x0000000080c00000, 0x0000000080c00000| Untracked 
|  12|0x0000000080c00000, 0x0000000080d00000, 0x0000000080d00000|100%| O|  |TAMS 0x0000000080d00000, 0x0000000080d00000| Untracked 
|  13|0x0000000080d00000, 0x0000000080e00000, 0x0000000080e00000|100%| O|  |TAMS 0x0000000080e00000, 0x0000000080e00000| Untracked 
|  14|0x0000000080e00000, 0x0000000080f00000, 0x0000000080f00000|100%| O|  |TAMS 0x0000000080f00000, 0x0000000080f00000| Untracked 
|  15|0x0000000080f00000, 0x0000000081000000, 0x0000000081000000|100%| O|  |TAMS 0x0000000081000000, 0x0000000081000000| Untracked 
|  16|0x0000000081000000, 0x0000000081100000, 0x0000000081100000|100%| O|  |TAMS 0x0000000081100000, 0x0000000081100000| Untracked 
|  17|0x0000000081100000, 0x0000000081200000, 0x0000000081200000|100%| O|  |TAMS 0x0000000081200000, 0x0000000081200000| Untracked 
|  18|0x0000000081200000, 0x0000000081300000, 0x0000000081300000|100%|HS|  |TAMS 0x0000000081300000, 0x0000000081300000| Complete 
|  19|0x0000000081300000, 0x0000000081400000, 0x0000000081400000|100%|HC|  |TAMS 0x0000000081400000, 0x0000000081400000| Complete 
|  20|0x0000000081400000, 0x0000000081500000, 0x0000000081500000|100%|HS|  |TAMS 0x0000000081500000, 0x0000000081500000| Complete 
|  21|0x0000000081500000, 0x0000000081600000, 0x0000000081600000|100%|HC|  |TAMS 0x0000000081600000, 0x0000000081600000| Complete 
|  22|0x0000000081600000, 0x0000000081700000, 0x0000000081700000|100%|HS|  |TAMS 0x0000000081700000, 0x0000000081700000| Complete 
|  23|0x0000000081700000, 0x0000000081800000, 0x0000000081800000|100%|HC|  |TAMS 0x0000000081800000, 0x0000000081800000| Complete 
|  24|0x0000000081800000, 0x0000000081900000, 0x0000000081900000|100%| O|  |TAMS 0x0000000081900000, 0x0000000081900000| Untracked 
|  25|0x0000000081900000, 0x0000000081a00000, 0x0000000081a00000|100%| O|  |TAMS 0x0000000081a00000, 0x0000000081a00000| Untracked 
|  26|0x0000000081a00000, 0x0000000081b00000, 0x0000000081b00000|100%| O|  |TAMS 0x0000000081b00000, 0x0000000081b00000| Untracked 
|  27|0x0000000081b00000, 0x0000000081c00000, 0x0000000081c00000|100%| O|  |TAMS 0x0000000081c00000, 0x0000000081c00000| Untracked 
|  28|0x0000000081c00000, 0x0000000081d00000, 0x0000000081d00000|100%| O|  |TAMS 0x0000000081d00000, 0x0000000081d00000| Untracked 
|  29|0x0000000081d00000, 0x0000000081e00000, 0x0000000081e00000|100%| O|  |TAMS 0x0000000081e00000, 0x0000000081e00000| Untracked 
|  30|0x0000000081e00000, 0x0000000081f00000, 0x0000000081f00000|100%| O|  |TAMS 0x0000000081f00000, 0x0000000081f00000| Untracked 
|  31|0x0000000081f00000, 0x0000000082000000, 0x0000000082000000|100%| O|  |TAMS 0x0000000082000000, 0x0000000082000000| Untracked 
|  32|0x0000000082000000, 0x0000000082100000, 0x0000000082100000|100%| O|  |TAMS 0x0000000082100000, 0x0000000082100000| Untracked 
|  33|0x0000000082100000, 0x0000000082200000, 0x0000000082200000|100%| O|  |TAMS 0x0000000082200000, 0x0000000082200000| Untracked 
|  34|0x0000000082200000, 0x0000000082300000, 0x0000000082300000|100%| O|  |TAMS 0x0000000082300000, 0x0000000082300000| Untracked 
|  35|0x0000000082300000, 0x0000000082400000, 0x0000000082400000|100%| O|  |TAMS 0x0000000082400000, 0x0000000082400000| Untracked 
|  36|0x0000000082400000, 0x0000000082500000, 0x0000000082500000|100%| O|  |TAMS 0x0000000082500000, 0x0000000082500000| Untracked 
|  37|0x0000000082500000, 0x0000000082600000, 0x0000000082600000|100%| O|  |TAMS 0x0000000082600000, 0x0000000082600000| Untracked 
|  38|0x0000000082600000, 0x0000000082700000, 0x0000000082700000|100%| O|  |TAMS 0x0000000082700000, 0x0000000082700000| Untracked 
|  39|0x0000000082700000, 0x0000000082800000, 0x0000000082800000|100%| O|  |TAMS 0x0000000082800000, 0x0000000082800000| Untracked 
|  40|0x0000000082800000, 0x0000000082900000, 0x0000000082900000|100%| O|  |TAMS 0x0000000082900000, 0x0000000082900000| Untracked 
|  41|0x0000000082900000, 0x0000000082a00000, 0x0000000082a00000|100%| O|  |TAMS 0x0000000082a00000, 0x0000000082a00000| Untracked 
|  42|0x0000000082a00000, 0x0000000082b00000, 0x0000000082b00000|100%|HS|  |TAMS 0x0000000082b00000, 0x0000000082b00000| Complete 
|  43|0x0000000082b00000, 0x0000000082c00000, 0x0000000082c00000|100%|HC|  |TAMS 0x0000000082c00000, 0x0000000082c00000| Complete 
|  44|0x0000000082c00000, 0x0000000082d00000, 0x0000000082d00000|100%|HC|  |TAMS 0x0000000082d00000, 0x0000000082d00000| Complete 
|  45|0x0000000082d00000, 0x0000000082e00000, 0x0000000082e00000|100%|HC|  |TAMS 0x0000000082e00000, 0x0000000082e00000| Complete 
|  46|0x0000000082e00000, 0x0000000082f00000, 0x0000000082f00000|100%|HC|  |TAMS 0x0000000082f00000, 0x0000000082f00000| Complete 
|  47|0x0000000082f00000, 0x0000000083000000, 0x0000000083000000|100%|HC|  |TAMS 0x0000000083000000, 0x0000000083000000| Complete 
|  48|0x0000000083000000, 0x0000000083100000, 0x0000000083100000|100%|HC|  |TAMS 0x0000000083100000, 0x0000000083100000| Complete 
|  49|0x0000000083100000, 0x0000000083200000, 0x0000000083200000|100%|HC|  |TAMS 0x0000000083200000, 0x0000000083200000| Complete 
|  50|0x0000000083200000, 0x0000000083300000, 0x0000000083300000|100%|HC|  |TAMS 0x0000000083300000, 0x0000000083300000| Complete 
|  51|0x0000000083300000, 0x0000000083400000, 0x0000000083400000|100%|HC|  |TAMS 0x0000000083400000, 0x0000000083400000| Complete 
|  52|0x0000000083400000, 0x0000000083500000, 0x0000000083500000|100%|HC|  |TAMS 0x0000000083500000, 0x0000000083500000| Complete 
|  53|0x0000000083500000, 0x0000000083600000, 0x0000000083600000|100%|HC|  |TAMS 0x0000000083600000, 0x0000000083600000| Complete 
|  54|0x0000000083600000, 0x0000000083700000, 0x0000000083700000|100%|HC|  |TAMS 0x0000000083700000, 0x0000000083700000| Complete 
|  55|0x0000000083700000, 0x0000000083800000, 0x0000000083800000|100%|HC|  |TAMS 0x0000000083800000, 0x0000000083800000| Complete 
|  56|0x0000000083800000, 0x0000000083900000, 0x0000000083900000|100%|HC|  |TAMS 0x0000000083900000, 0x0000000083900000| Complete 
|  57|0x0000000083900000, 0x0000000083a00000, 0x0000000083a00000|100%|HC|  |TAMS 0x0000000083a00000, 0x0000000083a00000| Complete 
|  58|0x0000000083a00000, 0x0000000083b00000, 0x0000000083b00000|100%|HC|  |TAMS 0x0000000083b00000, 0x0000000083b00000| Complete 
|  59|0x0000000083b00000, 0x0000000083c00000, 0x0000000083c00000|100%|HC|  |TAMS 0x0000000083c00000, 0x0000000083c00000| Complete 
|  60|0x0000000083c00000, 0x0000000083d00000, 0x0000000083d00000|100%|HC|  |TAMS 0x0000000083d00000, 0x0000000083d00000| Complete 
|  61|0x0000000083d00000, 0x0000000083e00000, 0x0000000083e00000|100%|HC|  |TAMS 0x0000000083e00000, 0x0000000083e00000| Complete 
|  62|0x0000000083e00000, 0x0000000083f00000, 0x0000000083f00000|100%|HC|  |TAMS 0x0000000083f00000, 0x0000000083f00000| Complete 
|  63|0x0000000083f00000, 0x0000000084000000, 0x0000000084000000|100%|HC|  |TAMS 0x0000000084000000, 0x0000000084000000| Complete 
|  64|0x0000000084000000, 0x0000000084100000, 0x0000000084100000|100%|HC|  |TAMS 0x0000000084100000, 0x0000000084100000| Complete 
|  65|0x0000000084100000, 0x0000000084200000, 0x0000000084200000|100%|HC|  |TAMS 0x0000000084200000, 0x0000000084200000| Complete 
|  66|0x0000000084200000, 0x0000000084300000, 0x0000000084300000|100%|HC|  |TAMS 0x0000000084300000, 0x0000000084300000| Complete 
|  67|0x0000000084300000, 0x0000000084400000, 0x0000000084400000|100%|HC|  |TAMS 0x0000000084400000, 0x0000000084400000| Complete 
|  68|0x0000000084400000, 0x0000000084500000, 0x0000000084500000|100%|HC|  |TAMS 0x0000000084500000, 0x0000000084500000| Complete 
|  69|0x0000000084500000, 0x0000000084600000, 0x0000000084600000|100%|HC|  |TAMS 0x0000000084600000, 0x0000000084600000| Complete 
|  70|0x0000000084600000, 0x0000000084700000, 0x0000000084700000|100%|HC|  |TAMS 0x0000000084700000, 0x0000000084700000| Complete 
|  71|0x0000000084700000, 0x0000000084800000, 0x0000000084800000|100%|HC|  |TAMS 0x0000000084800000, 0x0000000084800000| Complete 
|  72|0x0000000084800000, 0x0000000084900000, 0x0000000084900000|100%|HC|  |TAMS 0x0000000084900000, 0x0000000084900000| Complete 
|  73|0x0000000084900000, 0x0000000084a00000, 0x0000000084a00000|100%| O|  |TAMS 0x0000000084a00000, 0x0000000084a00000| Untracked 
|  74|0x0000000084a00000, 0x0000000084b00000, 0x0000000084b00000|100%| O|  |TAMS 0x0000000084b00000, 0x0000000084b00000| Untracked 
|  75|0x0000000084b00000, 0x0000000084c00000, 0x0000000084c00000|100%| O|  |TAMS 0x0000000084c00000, 0x0000000084c00000| Untracked 
|  76|0x0000000084c00000, 0x0000000084d00000, 0x0000000084d00000|100%| O|  |TAMS 0x0000000084d00000, 0x0000000084d00000| Untracked 
|  77|0x0000000084d00000, 0x0000000084e00000, 0x0000000084e00000|100%| O|  |TAMS 0x0000000084e00000, 0x0000000084e00000| Untracked 
|  78|0x0000000084e00000, 0x0000000084f00000, 0x0000000084f00000|100%| O|  |TAMS 0x0000000084f00000, 0x0000000084f00000| Untracked 
|  79|0x0000000084f00000, 0x0000000085000000, 0x0000000085000000|100%| O|  |TAMS 0x0000000085000000, 0x0000000085000000| Untracked 
|  80|0x0000000085000000, 0x0000000085100000, 0x0000000085100000|100%| O|  |TAMS 0x0000000085100000, 0x0000000085100000| Untracked 
|  81|0x0000000085100000, 0x0000000085200000, 0x0000000085200000|100%| O|  |TAMS 0x0000000085200000, 0x0000000085200000| Untracked 
|  82|0x0000000085200000, 0x0000000085300000, 0x0000000085300000|100%| O|  |TAMS 0x0000000085300000, 0x0000000085300000| Untracked 
|  83|0x0000000085300000, 0x0000000085400000, 0x0000000085400000|100%| O|  |TAMS 0x0000000085400000, 0x0000000085400000| Untracked 
|  84|0x0000000085400000, 0x0000000085500000, 0x0000000085500000|100%| O|  |TAMS 0x0000000085500000, 0x0000000085500000| Untracked 
|  85|0x0000000085500000, 0x0000000085600000, 0x0000000085600000|100%| O|  |TAMS 0x0000000085600000, 0x0000000085600000| Untracked 
|  86|0x0000000085600000, 0x0000000085700000, 0x0000000085700000|100%| O|  |TAMS 0x0000000085700000, 0x0000000085700000| Untracked 
|  87|0x0000000085700000, 0x0000000085800000, 0x0000000085800000|100%| O|  |TAMS 0x0000000085800000, 0x0000000085800000| Untracked 
|  88|0x0000000085800000, 0x0000000085900000, 0x0000000085900000|100%| O|  |TAMS 0x0000000085900000, 0x0000000085900000| Untracked 
|  89|0x0000000085900000, 0x0000000085a00000, 0x0000000085a00000|100%| O|  |TAMS 0x0000000085a00000, 0x0000000085a00000| Untracked 
|  90|0x0000000085a00000, 0x0000000085b00000, 0x0000000085b00000|100%| O|  |TAMS 0x0000000085b00000, 0x0000000085b00000| Untracked 
|  91|0x0000000085b00000, 0x0000000085c00000, 0x0000000085c00000|100%| O|  |TAMS 0x0000000085c00000, 0x0000000085c00000| Untracked 
|  92|0x0000000085c00000, 0x0000000085d00000, 0x0000000085d00000|100%| O|  |TAMS 0x0000000085d00000, 0x0000000085d00000| Untracked 
|  93|0x0000000085d00000, 0x0000000085e00000, 0x0000000085e00000|100%| O|  |TAMS 0x0000000085e00000, 0x0000000085e00000| Untracked 
|  94|0x0000000085e00000, 0x0000000085f00000, 0x0000000085f00000|100%| O|  |TAMS 0x0000000085f00000, 0x0000000085f00000| Untracked 
|  95|0x0000000085f00000, 0x0000000086000000, 0x0000000086000000|100%| O|  |TAMS 0x0000000086000000, 0x0000000086000000| Untracked 
|  96|0x0000000086000000, 0x0000000086100000, 0x0000000086100000|100%| O|  |TAMS 0x0000000086100000, 0x0000000086100000| Untracked 
|  97|0x0000000086100000, 0x0000000086200000, 0x0000000086200000|100%| O|  |TAMS 0x0000000086200000, 0x0000000086200000| Untracked 
|  98|0x0000000086200000, 0x0000000086300000, 0x0000000086300000|100%| O|  |TAMS 0x0000000086300000, 0x0000000086300000| Untracked 
|  99|0x0000000086300000, 0x0000000086400000, 0x0000000086400000|100%| O|  |TAMS 0x0000000086400000, 0x0000000086400000| Untracked 
| 100|0x0000000086400000, 0x0000000086500000, 0x0000000086500000|100%| O|  |TAMS 0x0000000086500000, 0x0000000086500000| Untracked 
| 101|0x0000000086500000, 0x0000000086600000, 0x0000000086600000|100%| O|  |TAMS 0x0000000086600000, 0x0000000086600000| Untracked 
| 102|0x0000000086600000, 0x0000000086700000, 0x0000000086700000|100%| O|  |TAMS 0x0000000086700000, 0x0000000086700000| Untracked 
| 103|0x0000000086700000, 0x0000000086800000, 0x0000000086800000|100%| O|  |TAMS 0x0000000086800000, 0x0000000086800000| Untracked 
| 104|0x0000000086800000, 0x0000000086900000, 0x0000000086900000|100%| O|  |TAMS 0x0000000086900000, 0x0000000086900000| Untracked 
| 105|0x0000000086900000, 0x0000000086a00000, 0x0000000086a00000|100%| O|  |TAMS 0x0000000086a00000, 0x0000000086a00000| Untracked 
| 106|0x0000000086a00000, 0x0000000086b00000, 0x0000000086b00000|100%| O|  |TAMS 0x0000000086b00000, 0x0000000086b00000| Untracked 
| 107|0x0000000086b00000, 0x0000000086c00000, 0x0000000086c00000|100%| O|  |TAMS 0x0000000086c00000, 0x0000000086c00000| Untracked 
| 108|0x0000000086c00000, 0x0000000086d00000, 0x0000000086d00000|100%| O|  |TAMS 0x0000000086d00000, 0x0000000086d00000| Untracked 
| 109|0x0000000086d00000, 0x0000000086e00000, 0x0000000086e00000|100%| O|  |TAMS 0x0000000086e00000, 0x0000000086e00000| Untracked 
| 110|0x0000000086e00000, 0x0000000086f00000, 0x0000000086f00000|100%| O|  |TAMS 0x0000000086e80000, 0x0000000086f00000| Untracked 
| 111|0x0000000086f00000, 0x0000000087000000, 0x0000000087000000|100%| O|  |TAMS 0x0000000086f00000, 0x0000000087000000| Untracked 
| 112|0x0000000087000000, 0x0000000087100000, 0x0000000087100000|100%| O|  |TAMS 0x0000000087000000, 0x0000000087100000| Untracked 
| 113|0x0000000087100000, 0x0000000087200000, 0x0000000087200000|100%| O|  |TAMS 0x0000000087100000, 0x0000000087200000| Untracked 
| 114|0x0000000087200000, 0x0000000087300000, 0x0000000087300000|100%| O|  |TAMS 0x0000000087200000, 0x0000000087300000| Untracked 
| 115|0x0000000087300000, 0x0000000087400000, 0x0000000087400000|100%| O|  |TAMS 0x0000000087300000, 0x0000000087400000| Untracked 
| 116|0x0000000087400000, 0x0000000087500000, 0x0000000087500000|100%| O|  |TAMS 0x0000000087400000, 0x0000000087500000| Untracked 
| 117|0x0000000087500000, 0x0000000087600000, 0x0000000087600000|100%| O|  |TAMS 0x0000000087500000, 0x0000000087600000| Untracked 
| 118|0x0000000087600000, 0x0000000087700000, 0x0000000087700000|100%| O|  |TAMS 0x0000000087600000, 0x0000000087700000| Untracked 
| 119|0x0000000087700000, 0x0000000087800000, 0x0000000087800000|100%| O|  |TAMS 0x0000000087700000, 0x0000000087800000| Untracked 
| 120|0x0000000087800000, 0x0000000087900000, 0x0000000087900000|100%| O|  |TAMS 0x0000000087800000, 0x0000000087900000| Untracked 
| 121|0x0000000087900000, 0x0000000087a00000, 0x0000000087a00000|100%| O|  |TAMS 0x0000000087900000, 0x0000000087a00000| Untracked 
| 122|0x0000000087a00000, 0x0000000087b00000, 0x0000000087b00000|100%| O|  |TAMS 0x0000000087a00000, 0x0000000087b00000| Untracked 
| 123|0x0000000087b00000, 0x0000000087c00000, 0x0000000087c00000|100%| O|  |TAMS 0x0000000087b00000, 0x0000000087c00000| Untracked 
| 124|0x0000000087c00000, 0x0000000087d00000, 0x0000000087d00000|100%| O|  |TAMS 0x0000000087c00000, 0x0000000087d00000| Untracked 
| 125|0x0000000087d00000, 0x0000000087e00000, 0x0000000087e00000|100%| O|  |TAMS 0x0000000087d00000, 0x0000000087e00000| Untracked 
| 126|0x0000000087e00000, 0x0000000087f00000, 0x0000000087f00000|100%| O|  |TAMS 0x0000000087e00000, 0x0000000087f00000| Untracked 
| 127|0x0000000087f00000, 0x0000000088000000, 0x0000000088000000|100%| O|  |TAMS 0x0000000087f00000, 0x0000000088000000| Untracked 
| 128|0x0000000088000000, 0x0000000088100000, 0x0000000088100000|100%| O|  |TAMS 0x0000000088000000, 0x0000000088100000| Untracked 
| 129|0x0000000088100000, 0x0000000088200000, 0x0000000088200000|100%| O|  |TAMS 0x0000000088100000, 0x0000000088200000| Untracked 
| 130|0x0000000088200000, 0x0000000088300000, 0x0000000088300000|100%| O|  |TAMS 0x0000000088200000, 0x0000000088300000| Untracked 
| 131|0x0000000088300000, 0x0000000088400000, 0x0000000088400000|100%| O|  |TAMS 0x0000000088300000, 0x0000000088400000| Untracked 
| 132|0x0000000088400000, 0x0000000088500000, 0x0000000088500000|100%| O|  |TAMS 0x0000000088400000, 0x0000000088500000| Untracked 
| 133|0x0000000088500000, 0x0000000088600000, 0x0000000088600000|100%| O|  |TAMS 0x0000000088500000, 0x0000000088600000| Untracked 
| 134|0x0000000088600000, 0x0000000088700000, 0x0000000088700000|100%| O|  |TAMS 0x0000000088600000, 0x0000000088700000| Untracked 
| 135|0x0000000088700000, 0x0000000088800000, 0x0000000088800000|100%| O|  |TAMS 0x0000000088700000, 0x0000000088800000| Untracked 
| 136|0x0000000088800000, 0x0000000088900000, 0x0000000088900000|100%| O|  |TAMS 0x0000000088800000, 0x0000000088900000| Untracked 
| 137|0x0000000088900000, 0x0000000088a00000, 0x0000000088a00000|100%| O|  |TAMS 0x0000000088900000, 0x0000000088a00000| Untracked 
| 138|0x0000000088a00000, 0x0000000088b00000, 0x0000000088b00000|100%| O|  |TAMS 0x0000000088a00000, 0x0000000088b00000| Untracked 
| 139|0x0000000088b00000, 0x0000000088c00000, 0x0000000088c00000|100%| O|  |TAMS 0x0000000088b00000, 0x0000000088c00000| Untracked 
| 140|0x0000000088c00000, 0x0000000088d00000, 0x0000000088d00000|100%| O|  |TAMS 0x0000000088c00000, 0x0000000088d00000| Untracked 
| 141|0x0000000088d00000, 0x0000000088e00000, 0x0000000088e00000|100%| O|  |TAMS 0x0000000088d00000, 0x0000000088d6dc00| Untracked 
| 142|0x0000000088e00000, 0x0000000088f00000, 0x0000000088f00000|100%| O|  |TAMS 0x0000000088e00000, 0x0000000088e00000| Untracked 
| 143|0x0000000088f00000, 0x0000000089000000, 0x0000000089000000|100%| O|  |TAMS 0x0000000088f00000, 0x0000000088f00000| Untracked 
| 144|0x0000000089000000, 0x0000000089100000, 0x0000000089100000|100%| O|  |TAMS 0x0000000089000000, 0x0000000089000000| Untracked 
| 145|0x0000000089100000, 0x0000000089200000, 0x0000000089200000|100%| O|  |TAMS 0x0000000089100000, 0x0000000089100000| Untracked 
| 146|0x0000000089200000, 0x0000000089300000, 0x0000000089300000|100%| O|  |TAMS 0x0000000089200000, 0x0000000089200000| Untracked 
| 147|0x0000000089300000, 0x0000000089400000, 0x0000000089400000|100%| O|  |TAMS 0x0000000089300000, 0x0000000089300000| Untracked 
| 148|0x0000000089400000, 0x0000000089500000, 0x0000000089500000|100%| O|  |TAMS 0x0000000089400000, 0x0000000089400000| Untracked 
| 149|0x0000000089500000, 0x0000000089600000, 0x0000000089600000|100%| O|  |TAMS 0x0000000089500000, 0x0000000089500000| Untracked 
| 150|0x0000000089600000, 0x0000000089700000, 0x0000000089700000|100%| O|  |TAMS 0x0000000089600000, 0x0000000089600000| Untracked 
| 151|0x0000000089700000, 0x0000000089800000, 0x0000000089800000|100%| O|  |TAMS 0x0000000089700000, 0x0000000089700000| Untracked 
| 152|0x0000000089800000, 0x0000000089900000, 0x0000000089900000|100%| O|  |TAMS 0x0000000089800000, 0x0000000089800000| Untracked 
| 153|0x0000000089900000, 0x0000000089a00000, 0x0000000089a00000|100%| O|  |TAMS 0x0000000089900000, 0x0000000089900000| Untracked 
| 154|0x0000000089a00000, 0x0000000089b00000, 0x0000000089b00000|100%| O|  |TAMS 0x0000000089a00000, 0x0000000089a00000| Untracked 
| 155|0x0000000089b00000, 0x0000000089c00000, 0x0000000089c00000|100%| O|  |TAMS 0x0000000089b00000, 0x0000000089b00000| Untracked 
| 156|0x0000000089c00000, 0x0000000089d00000, 0x0000000089d00000|100%| O|  |TAMS 0x0000000089c00000, 0x0000000089c00000| Untracked 
| 157|0x0000000089d00000, 0x0000000089e00000, 0x0000000089e00000|100%| O|  |TAMS 0x0000000089d00000, 0x0000000089d00000| Untracked 
| 158|0x0000000089e00000, 0x0000000089f00000, 0x0000000089f00000|100%| O|  |TAMS 0x0000000089e00000, 0x0000000089e00000| Untracked 
| 159|0x0000000089f00000, 0x000000008a000000, 0x000000008a000000|100%| O|  |TAMS 0x0000000089f00000, 0x0000000089f00000| Untracked 
| 160|0x000000008a000000, 0x000000008a100000, 0x000000008a100000|100%| O|  |TAMS 0x000000008a000000, 0x000000008a000000| Untracked 
| 161|0x000000008a100000, 0x000000008a200000, 0x000000008a200000|100%| O|  |TAMS 0x000000008a100000, 0x000000008a100000| Untracked 
| 162|0x000000008a200000, 0x000000008a300000, 0x000000008a300000|100%| O|  |TAMS 0x000000008a200000, 0x000000008a200000| Untracked 
| 163|0x000000008a300000, 0x000000008a400000, 0x000000008a400000|100%| O|  |TAMS 0x000000008a300000, 0x000000008a300000| Untracked 
| 164|0x000000008a400000, 0x000000008a500000, 0x000000008a500000|100%| O|  |TAMS 0x000000008a400000, 0x000000008a400000| Untracked 
| 165|0x000000008a500000, 0x000000008a600000, 0x000000008a600000|100%| O|  |TAMS 0x000000008a500000, 0x000000008a500000| Untracked 
| 166|0x000000008a600000, 0x000000008a700000, 0x000000008a700000|100%| O|  |TAMS 0x000000008a600000, 0x000000008a600000| Untracked 
| 167|0x000000008a700000, 0x000000008a800000, 0x000000008a800000|100%| O|  |TAMS 0x000000008a700000, 0x000000008a700000| Untracked 
| 168|0x000000008a800000, 0x000000008a900000, 0x000000008a900000|100%| O|  |TAMS 0x000000008a800000, 0x000000008a800000| Untracked 
| 169|0x000000008a900000, 0x000000008aa00000, 0x000000008aa00000|100%| O|  |TAMS 0x000000008a900000, 0x000000008a900000| Untracked 
| 170|0x000000008aa00000, 0x000000008ab00000, 0x000000008ab00000|100%| O|  |TAMS 0x000000008aa00000, 0x000000008aa00000| Untracked 
| 171|0x000000008ab00000, 0x000000008ac00000, 0x000000008ac00000|100%| O|  |TAMS 0x000000008ab00000, 0x000000008ab00000| Untracked 
| 172|0x000000008ac00000, 0x000000008ad00000, 0x000000008ad00000|100%| O|  |TAMS 0x000000008ac00000, 0x000000008ac00000| Untracked 
| 173|0x000000008ad00000, 0x000000008ae00000, 0x000000008ae00000|100%| O|  |TAMS 0x000000008ad00000, 0x000000008ad00000| Untracked 
| 174|0x000000008ae00000, 0x000000008ae80000, 0x000000008af00000| 50%| O|  |TAMS 0x000000008ae00000, 0x000000008ae00000| Untracked 
| 175|0x000000008af00000, 0x000000008af00000, 0x000000008b000000|  0%| F|  |TAMS 0x000000008af00000, 0x000000008af00000| Untracked 
| 176|0x000000008b000000, 0x000000008b000000, 0x000000008b100000|  0%| F|  |TAMS 0x000000008b000000, 0x000000008b000000| Untracked 
| 177|0x000000008b100000, 0x000000008b100000, 0x000000008b200000|  0%| F|  |TAMS 0x000000008b100000, 0x000000008b100000| Untracked 
| 178|0x000000008b200000, 0x000000008b200000, 0x000000008b300000|  0%| F|  |TAMS 0x000000008b200000, 0x000000008b200000| Untracked 
| 179|0x000000008b300000, 0x000000008b300000, 0x000000008b400000|  0%| F|  |TAMS 0x000000008b300000, 0x000000008b300000| Untracked 
| 180|0x000000008b400000, 0x000000008b400000, 0x000000008b500000|  0%| F|  |TAMS 0x000000008b400000, 0x000000008b400000| Untracked 
| 181|0x000000008b500000, 0x000000008b500000, 0x000000008b600000|  0%| F|  |TAMS 0x000000008b500000, 0x000000008b500000| Untracked 
| 182|0x000000008b600000, 0x000000008b600000, 0x000000008b700000|  0%| F|  |TAMS 0x000000008b600000, 0x000000008b600000| Untracked 
| 183|0x000000008b700000, 0x000000008b700000, 0x000000008b800000|  0%| F|  |TAMS 0x000000008b700000, 0x000000008b700000| Untracked 
| 184|0x000000008b800000, 0x000000008b800000, 0x000000008b900000|  0%| F|  |TAMS 0x000000008b800000, 0x000000008b800000| Untracked 
| 185|0x000000008b900000, 0x000000008b900000, 0x000000008ba00000|  0%| F|  |TAMS 0x000000008b900000, 0x000000008b900000| Untracked 
| 186|0x000000008ba00000, 0x000000008ba00000, 0x000000008bb00000|  0%| F|  |TAMS 0x000000008ba00000, 0x000000008ba00000| Untracked 
| 187|0x000000008bb00000, 0x000000008bb00000, 0x000000008bc00000|  0%| F|  |TAMS 0x000000008bb00000, 0x000000008bb00000| Untracked 
| 188|0x000000008bc00000, 0x000000008bc00000, 0x000000008bd00000|  0%| F|  |TAMS 0x000000008bc00000, 0x000000008bc00000| Untracked 
| 189|0x000000008bd00000, 0x000000008bd00000, 0x000000008be00000|  0%| F|  |TAMS 0x000000008bd00000, 0x000000008bd00000| Untracked 
| 190|0x000000008be00000, 0x000000008be00000, 0x000000008bf00000|  0%| F|  |TAMS 0x000000008be00000, 0x000000008be00000| Untracked 
| 191|0x000000008bf00000, 0x000000008bf00000, 0x000000008c000000|  0%| F|  |TAMS 0x000000008bf00000, 0x000000008bf00000| Untracked 
| 192|0x000000008c000000, 0x000000008c000000, 0x000000008c100000|  0%| F|  |TAMS 0x000000008c000000, 0x000000008c000000| Untracked 
| 193|0x000000008c100000, 0x000000008c100000, 0x000000008c200000|  0%| F|  |TAMS 0x000000008c100000, 0x000000008c100000| Untracked 
| 194|0x000000008c200000, 0x000000008c200000, 0x000000008c300000|  0%| F|  |TAMS 0x000000008c200000, 0x000000008c200000| Untracked 
| 195|0x000000008c300000, 0x000000008c300000, 0x000000008c400000|  0%| F|  |TAMS 0x000000008c300000, 0x000000008c300000| Untracked 
| 196|0x000000008c400000, 0x000000008c400000, 0x000000008c500000|  0%| F|  |TAMS 0x000000008c400000, 0x000000008c400000| Untracked 
| 197|0x000000008c500000, 0x000000008c500000, 0x000000008c600000|  0%| F|  |TAMS 0x000000008c500000, 0x000000008c500000| Untracked 
| 198|0x000000008c600000, 0x000000008c600000, 0x000000008c700000|  0%| F|  |TAMS 0x000000008c600000, 0x000000008c600000| Untracked 
| 199|0x000000008c700000, 0x000000008c700000, 0x000000008c800000|  0%| F|  |TAMS 0x000000008c700000, 0x000000008c700000| Untracked 
| 200|0x000000008c800000, 0x000000008c800000, 0x000000008c900000|  0%| F|  |TAMS 0x000000008c800000, 0x000000008c800000| Untracked 
| 201|0x000000008c900000, 0x000000008c900000, 0x000000008ca00000|  0%| F|  |TAMS 0x000000008c900000, 0x000000008c900000| Untracked 
| 202|0x000000008ca00000, 0x000000008ca00000, 0x000000008cb00000|  0%| F|  |TAMS 0x000000008ca00000, 0x000000008ca00000| Untracked 
| 203|0x000000008cb00000, 0x000000008cb00000, 0x000000008cc00000|  0%| F|  |TAMS 0x000000008cb00000, 0x000000008cb00000| Untracked 
| 204|0x000000008cc00000, 0x000000008cc00000, 0x000000008cd00000|  0%| F|  |TAMS 0x000000008cc00000, 0x000000008cc00000| Untracked 
| 205|0x000000008cd00000, 0x000000008cd00000, 0x000000008ce00000|  0%| F|  |TAMS 0x000000008cd00000, 0x000000008cd00000| Untracked 
| 206|0x000000008ce00000, 0x000000008ce00000, 0x000000008cf00000|  0%| F|  |TAMS 0x000000008ce00000, 0x000000008ce00000| Untracked 
| 207|0x000000008cf00000, 0x000000008cf00000, 0x000000008d000000|  0%| F|  |TAMS 0x000000008cf00000, 0x000000008cf00000| Untracked 
| 208|0x000000008d000000, 0x000000008d000000, 0x000000008d100000|  0%| F|  |TAMS 0x000000008d000000, 0x000000008d000000| Untracked 
| 209|0x000000008d100000, 0x000000008d100000, 0x000000008d200000|  0%| F|  |TAMS 0x000000008d100000, 0x000000008d100000| Untracked 
| 210|0x000000008d200000, 0x000000008d200000, 0x000000008d300000|  0%| F|  |TAMS 0x000000008d200000, 0x000000008d200000| Untracked 
| 211|0x000000008d300000, 0x000000008d300000, 0x000000008d400000|  0%| F|  |TAMS 0x000000008d300000, 0x000000008d300000| Untracked 
| 212|0x000000008d400000, 0x000000008d400000, 0x000000008d500000|  0%| F|  |TAMS 0x000000008d400000, 0x000000008d400000| Untracked 
| 213|0x000000008d500000, 0x000000008d500000, 0x000000008d600000|  0%| F|  |TAMS 0x000000008d500000, 0x000000008d500000| Untracked 
| 214|0x000000008d600000, 0x000000008d600000, 0x000000008d700000|  0%| F|  |TAMS 0x000000008d600000, 0x000000008d600000| Untracked 
| 215|0x000000008d700000, 0x000000008d700000, 0x000000008d800000|  0%| F|  |TAMS 0x000000008d700000, 0x000000008d700000| Untracked 
| 216|0x000000008d800000, 0x000000008d800000, 0x000000008d900000|  0%| F|  |TAMS 0x000000008d800000, 0x000000008d800000| Untracked 
| 217|0x000000008d900000, 0x000000008d900000, 0x000000008da00000|  0%| F|  |TAMS 0x000000008d900000, 0x000000008d900000| Untracked 
| 218|0x000000008da00000, 0x000000008da00000, 0x000000008db00000|  0%| F|  |TAMS 0x000000008da00000, 0x000000008da00000| Untracked 
| 219|0x000000008db00000, 0x000000008dc00000, 0x000000008dc00000|100%| S|CS|TAMS 0x000000008db00000, 0x000000008db00000| Complete 
| 220|0x000000008dc00000, 0x000000008dd00000, 0x000000008dd00000|100%| S|CS|TAMS 0x000000008dc00000, 0x000000008dc00000| Complete 
| 221|0x000000008dd00000, 0x000000008de00000, 0x000000008de00000|100%| S|CS|TAMS 0x000000008dd00000, 0x000000008dd00000| Complete 
| 222|0x000000008de00000, 0x000000008df00000, 0x000000008df00000|100%| S|CS|TAMS 0x000000008de00000, 0x000000008de00000| Complete 
| 223|0x000000008df00000, 0x000000008e000000, 0x000000008e000000|100%| S|CS|TAMS 0x000000008df00000, 0x000000008df00000| Complete 
| 224|0x000000008e000000, 0x000000008e000000, 0x000000008e100000|  0%| F|  |TAMS 0x000000008e000000, 0x000000008e000000| Untracked 
| 225|0x000000008e100000, 0x000000008e100000, 0x000000008e200000|  0%| F|  |TAMS 0x000000008e100000, 0x000000008e100000| Untracked 
| 226|0x000000008e200000, 0x000000008e200000, 0x000000008e300000|  0%| F|  |TAMS 0x000000008e200000, 0x000000008e200000| Untracked 
| 227|0x000000008e300000, 0x000000008e300000, 0x000000008e400000|  0%| F|  |TAMS 0x000000008e300000, 0x000000008e300000| Untracked 
| 228|0x000000008e400000, 0x000000008e400000, 0x000000008e500000|  0%| F|  |TAMS 0x000000008e400000, 0x000000008e400000| Untracked 
| 229|0x000000008e500000, 0x000000008e500000, 0x000000008e600000|  0%| F|  |TAMS 0x000000008e500000, 0x000000008e500000| Untracked 
| 230|0x000000008e600000, 0x000000008e600000, 0x000000008e700000|  0%| F|  |TAMS 0x000000008e600000, 0x000000008e600000| Untracked 
| 231|0x000000008e700000, 0x000000008e700000, 0x000000008e800000|  0%| F|  |TAMS 0x000000008e700000, 0x000000008e700000| Untracked 
| 232|0x000000008e800000, 0x000000008e800000, 0x000000008e900000|  0%| F|  |TAMS 0x000000008e800000, 0x000000008e800000| Untracked 
| 233|0x000000008e900000, 0x000000008e900000, 0x000000008ea00000|  0%| F|  |TAMS 0x000000008e900000, 0x000000008e900000| Untracked 
| 234|0x000000008ea00000, 0x000000008ea00000, 0x000000008eb00000|  0%| F|  |TAMS 0x000000008ea00000, 0x000000008ea00000| Untracked 
| 235|0x000000008eb00000, 0x000000008eb00000, 0x000000008ec00000|  0%| F|  |TAMS 0x000000008eb00000, 0x000000008eb00000| Untracked 
| 236|0x000000008ec00000, 0x000000008ec00000, 0x000000008ed00000|  0%| F|  |TAMS 0x000000008ec00000, 0x000000008ec00000| Untracked 
| 237|0x000000008ed00000, 0x000000008ed00000, 0x000000008ee00000|  0%| F|  |TAMS 0x000000008ed00000, 0x000000008ed00000| Untracked 
| 238|0x000000008ee00000, 0x000000008ee00000, 0x000000008ef00000|  0%| F|  |TAMS 0x000000008ee00000, 0x000000008ee00000| Untracked 
| 239|0x000000008ef00000, 0x000000008ef00000, 0x000000008f000000|  0%| F|  |TAMS 0x000000008ef00000, 0x000000008ef00000| Untracked 
| 240|0x000000008f000000, 0x000000008f000000, 0x000000008f100000|  0%| F|  |TAMS 0x000000008f000000, 0x000000008f000000| Untracked 
| 241|0x000000008f100000, 0x000000008f100000, 0x000000008f200000|  0%| F|  |TAMS 0x000000008f100000, 0x000000008f100000| Untracked 
| 242|0x000000008f200000, 0x000000008f200000, 0x000000008f300000|  0%| F|  |TAMS 0x000000008f200000, 0x000000008f200000| Untracked 
| 243|0x000000008f300000, 0x000000008f300000, 0x000000008f400000|  0%| F|  |TAMS 0x000000008f300000, 0x000000008f300000| Untracked 
| 244|0x000000008f400000, 0x000000008f400000, 0x000000008f500000|  0%| F|  |TAMS 0x000000008f400000, 0x000000008f400000| Untracked 
| 245|0x000000008f500000, 0x000000008f500000, 0x000000008f600000|  0%| F|  |TAMS 0x000000008f500000, 0x000000008f500000| Untracked 
| 246|0x000000008f600000, 0x000000008f600000, 0x000000008f700000|  0%| F|  |TAMS 0x000000008f600000, 0x000000008f600000| Untracked 
| 247|0x000000008f700000, 0x000000008f700000, 0x000000008f800000|  0%| F|  |TAMS 0x000000008f700000, 0x000000008f700000| Untracked 
| 248|0x000000008f800000, 0x000000008f800000, 0x000000008f900000|  0%| F|  |TAMS 0x000000008f800000, 0x000000008f800000| Untracked 
| 249|0x000000008f900000, 0x000000008f900000, 0x000000008fa00000|  0%| F|  |TAMS 0x000000008f900000, 0x000000008f900000| Untracked 
| 250|0x000000008fa00000, 0x000000008fa00000, 0x000000008fb00000|  0%| F|  |TAMS 0x000000008fa00000, 0x000000008fa00000| Untracked 
| 251|0x000000008fb00000, 0x000000008fb00000, 0x000000008fc00000|  0%| F|  |TAMS 0x000000008fb00000, 0x000000008fb00000| Untracked 
|2043|0x00000000ffb00000, 0x00000000ffb00000, 0x00000000ffc00000|  0%| F|  |TAMS 0x00000000ffb00000, 0x00000000ffb00000| Untracked 
|2044|0x00000000ffc00000, 0x00000000ffd00000, 0x00000000ffd00000|100%| O|  |TAMS 0x00000000ffd00000, 0x00000000ffd00000| Untracked 
|2045|0x00000000ffd00000, 0x00000000ffe00000, 0x00000000ffe00000|100%| O|  |TAMS 0x00000000ffe00000, 0x00000000ffe00000| Untracked 
|2046|0x00000000ffe00000, 0x00000000fff00000, 0x00000000fff00000|100%| O|  |TAMS 0x00000000fff00000, 0x00000000fff00000| Untracked 
|2047|0x00000000fff00000, 0x0000000100000000, 0x0000000100000000|100%| O|  |TAMS 0x0000000100000000, 0x0000000100000000| Untracked 

Card table byte_map: [0x000001537e1a0000,0x000001537e5a0000] _byte_map_base: 0x000001537dda0000

Marking Bits (Prev, Next): (CMBitMap*) 0x000001537a363bf0, (CMBitMap*) 0x000001537a363c30
 Prev Bits: [0x000001530f000000, 0x0000015311000000)
 Next Bits: [0x0000015311000000, 0x0000015313000000)

Polling page: 0x0000015379ac0000

Metaspace:

Usage:
  Non-class:     32.28 MB used.
      Class:      3.97 MB used.
       Both:     36.25 MB used.

Virtual space:
  Non-class space:       64.00 MB reserved,      32.44 MB ( 51%) committed,  1 nodes.
      Class space:        1.00 GB reserved,       4.12 MB ( <1%) committed,  1 nodes.
             Both:        1.06 GB reserved,      36.56 MB (  3%) committed. 

Chunk freelists:
   Non-Class:  14.96 MB
       Class:  11.87 MB
        Both:  26.83 MB

MaxMetaspaceSize: unlimited
CompressedClassSpaceSize: 1.00 GB
Initial GC threshold: 21.00 MB
Current GC threshold: 60.56 MB
CDS: off
MetaspaceReclaimPolicy: balanced
 - commit_granule_bytes: 65536.
 - commit_granule_words: 8192.
 - virtual_space_node_default_size: 8388608.
 - enlarge_chunks_in_place: 1.
 - new_chunks_are_fully_committed: 0.
 - uncommit_free_chunks: 1.
 - use_allocation_guard: 0.
 - handle_deallocations: 1.


Internal statistics:

num_allocs_failed_limit: 6.
num_arena_births: 314.
num_arena_deaths: 24.
num_vsnodes_births: 2.
num_vsnodes_deaths: 0.
num_space_committed: 585.
num_space_uncommitted: 0.
num_chunks_returned_to_freelist: 42.
num_chunks_taken_from_freelist: 1365.
num_chunk_merges: 7.
num_chunk_splits: 927.
num_chunks_enlarged: 650.
num_inconsistent_stats: 0.

CodeHeap 'non-profiled nmethods': size=120000Kb used=1556Kb max_used=1556Kb free=118443Kb
 bounds [0x0000015307ad0000, 0x0000015307d40000, 0x000001530f000000]
CodeHeap 'profiled nmethods': size=120000Kb used=6367Kb max_used=6367Kb free=113632Kb
 bounds [0x0000015300000000, 0x0000015300640000, 0x0000015307530000]
CodeHeap 'non-nmethods': size=5760Kb used=1386Kb max_used=1426Kb free=4374Kb
 bounds [0x0000015307530000, 0x00000153077a0000, 0x0000015307ad0000]
 total_blobs=4179 nmethods=3461 adapters=630
 compilation: enabled
              stopped_count=0, restarted_count=0
 full_count=0

Compilation events (20 events):
Event: 2.536 Thread 0x000001537f5992f0 3548       2       com.oracle.truffle.regex.RegexOptions$Builder::parseBooleanOption (97 bytes)
Event: 2.537 Thread 0x000001537f5992f0 nmethod 3548 0x0000015300635290 code [0x0000015300635480, 0x00000153006358f8]
Event: 2.537 Thread 0x000001537f5992f0 3549       2       com.oracle.truffle.regex.RegexOptions$Builder::build (24 bytes)
Event: 2.537 Thread 0x000001537f5992f0 nmethod 3549 0x0000015300635b10 code [0x0000015300635ca0, 0x0000015300635f18]
Event: 2.537 Thread 0x000001537a308620 nmethod 3367 0x0000015307c50f10 code [0x0000015307c51240, 0x0000015307c534b0]
Event: 2.538 Thread 0x000001537a308620 3537       4       com.oracle.truffle.api.strings.TruffleString$ToIndexableNode$Uncached::execute (15 bytes)
Event: 2.539 Thread 0x000001537a308620 nmethod 3537 0x0000015307c54c10 code [0x0000015307c54de0, 0x0000015307c54f70]
Event: 2.539 Thread 0x000001537a308620 3534       4       com.oracle.js.parser.Lexer::valueOfString (747 bytes)
Event: 2.580 Thread 0x000001537f5992f0 3553       2       java.util.concurrent.ConcurrentHashMap::remove (32 bytes)
Event: 2.581 Thread 0x000001537f5992f0 nmethod 3553 0x0000015300636010 code [0x00000153006361c0, 0x00000153006363d8]
Event: 2.585 Thread 0x000001537f5992f0 3555       2       java.util.concurrent.ConcurrentHashMap::get (162 bytes)
Event: 2.585 Thread 0x000001537f5992f0 nmethod 3555 0x0000015300636510 code [0x0000015300636720, 0x0000015300636c68]
Event: 2.590 Thread 0x000001537f5992f0 3556       2       com.oracle.truffle.polyglot.PolyglotSourceCache$WeakSourceKey::equals (26 bytes)
Event: 2.590 Thread 0x000001537f5992f0 nmethod 3556 0x0000015300636f10 code [0x00000153006370c0, 0x00000153006372a8]
Event: 2.591 Thread 0x000001537f5992f0 3557       2       com.oracle.truffle.polyglot.PolyglotSourceCache$SourceKey::equals (48 bytes)
Event: 2.591 Thread 0x000001537f5992f0 nmethod 3557 0x0000015300637390 code [0x0000015300637540, 0x0000015300637778]
Event: 2.592 Thread 0x000001537f5992f0 3558       2       com.oracle.truffle.api.source.SourceImpl$SourceId::equals (11 bytes)
Event: 2.592 Thread 0x000001537f5992f0 nmethod 3558 0x0000015300637890 code [0x0000015300637a20, 0x0000015300637b38]
Event: 2.596 Thread 0x000001537f5992f0 3559       2       java.lang.Long::<init> (10 bytes)
Event: 2.596 Thread 0x000001537f5992f0 nmethod 3559 0x0000015300637c10 code [0x0000015300637da0, 0x0000015300637eb8]

GC Heap History (20 events):
Event: 1.212 GC heap after
{Heap after GC invocations=4 (full 0):
 garbage-first heap   total 131072K, used 15087K [0x0000000080000000, 0x0000000100000000)
  region size 1024K, 5 young (5120K), 5 survivors (5120K)
 Metaspace       used 35690K, committed 35968K, reserved 1114112K
  class space    used 4009K, committed 4160K, reserved 1048576K
}
Event: 1.330 GC heap before
{Heap before GC invocations=5 (full 0):
 garbage-first heap   total 131072K, used 97007K [0x0000000080000000, 0x0000000100000000)
  region size 1024K, 7 young (7168K), 5 survivors (5120K)
 Metaspace       used 35914K, committed 36160K, reserved 1114112K
  class space    used 4036K, committed 4160K, reserved 1048576K
}
Event: 1.334 GC heap after
{Heap after GC invocations=6 (full 0):
 garbage-first heap   total 131072K, used 63601K [0x0000000080000000, 0x0000000100000000)
  region size 1024K, 6 young (6144K), 6 survivors (6144K)
 Metaspace       used 35914K, committed 36160K, reserved 1114112K
  class space    used 4036K, committed 4160K, reserved 1048576K
}
Event: 1.379 GC heap before
{Heap before GC invocations=6 (full 0):
 garbage-first heap   total 131072K, used 96369K [0x0000000080000000, 0x0000000100000000)
  region size 1024K, 7 young (7168K), 6 survivors (6144K)
 Metaspace       used 36069K, committed 36352K, reserved 1114112K
  class space    used 4050K, committed 4160K, reserved 1048576K
}
Event: 1.384 GC heap after
{Heap after GC invocations=7 (full 0):
 garbage-first heap   total 131072K, used 47350K [0x0000000080000000, 0x0000000100000000)
  region size 1024K, 1 young (1024K), 1 survivors (1024K)
 Metaspace       used 36069K, committed 36352K, reserved 1114112K
  class space    used 4050K, committed 4160K, reserved 1048576K
}
Event: 1.734 GC heap before
{Heap before GC invocations=7 (full 0):
 garbage-first heap   total 131072K, used 109814K [0x0000000080000000, 0x0000000100000000)
  region size 1024K, 54 young (55296K), 1 survivors (1024K)
 Metaspace       used 36730K, committed 37056K, reserved 1114112K
  class space    used 4068K, committed 4224K, reserved 1048576K
}
Event: 1.758 GC heap after
{Heap after GC invocations=8 (full 0):
 garbage-first heap   total 136192K, used 77654K [0x0000000080000000, 0x0000000100000000)
  region size 1024K, 7 young (7168K), 7 survivors (7168K)
 Metaspace       used 36730K, committed 37056K, reserved 1114112K
  class space    used 4068K, committed 4224K, reserved 1048576K
}
Event: 1.827 GC heap before
{Heap before GC invocations=8 (full 0):
 garbage-first heap   total 136192K, used 103254K [0x0000000080000000, 0x0000000100000000)
  region size 1024K, 32 young (32768K), 7 survivors (7168K)
 Metaspace       used 36818K, committed 37120K, reserved 1114112K
  class space    used 4068K, committed 4224K, reserved 1048576K
}
Event: 1.846 GC heap after
{Heap after GC invocations=9 (full 0):
 garbage-first heap   total 225280K, used 89600K [0x0000000080000000, 0x0000000100000000)
  region size 1024K, 4 young (4096K), 4 survivors (4096K)
 Metaspace       used 36818K, committed 37120K, reserved 1114112K
  class space    used 4068K, committed 4224K, reserved 1048576K
}
Event: 2.074 GC heap before
{Heap before GC invocations=10 (full 0):
 garbage-first heap   total 225280K, used 146944K [0x0000000080000000, 0x0000000100000000)
  region size 1024K, 60 young (61440K), 4 survivors (4096K)
 Metaspace       used 36871K, committed 37184K, reserved 1114112K
  class space    used 4061K, committed 4224K, reserved 1048576K
}
Event: 2.102 GC heap after
{Heap after GC invocations=11 (full 0):
 garbage-first heap   total 225280K, used 116224K [0x0000000080000000, 0x0000000100000000)
  region size 1024K, 8 young (8192K), 8 survivors (8192K)
 Metaspace       used 36871K, committed 37184K, reserved 1114112K
  class space    used 4061K, committed 4224K, reserved 1048576K
}
Event: 2.118 GC heap before
{Heap before GC invocations=11 (full 0):
 garbage-first heap   total 225280K, used 119296K [0x0000000080000000, 0x0000000100000000)
  region size 1024K, 11 young (11264K), 8 survivors (8192K)
 Metaspace       used 36872K, committed 37184K, reserved 1114112K
  class space    used 4061K, committed 4224K, reserved 1048576K
}
Event: 2.129 GC heap after
{Heap after GC invocations=12 (full 0):
 garbage-first heap   total 225280K, used 119296K [0x0000000080000000, 0x0000000100000000)
  region size 1024K, 2 young (2048K), 2 survivors (2048K)
 Metaspace       used 36872K, committed 37184K, reserved 1114112K
  class space    used 4061K, committed 4224K, reserved 1048576K
}
Event: 2.246 GC heap before
{Heap before GC invocations=12 (full 0):
 garbage-first heap   total 225280K, used 161280K [0x0000000080000000, 0x0000000100000000)
  region size 1024K, 43 young (44032K), 2 survivors (2048K)
 Metaspace       used 36890K, committed 37248K, reserved 1114112K
  class space    used 4061K, committed 4224K, reserved 1048576K
}
Event: 2.263 GC heap after
{Heap after GC invocations=13 (full 0):
 garbage-first heap   total 225280K, used 138240K [0x0000000080000000, 0x0000000100000000)
  region size 1024K, 6 young (6144K), 6 survivors (6144K)
 Metaspace       used 36890K, committed 37248K, reserved 1114112K
  class space    used 4061K, committed 4224K, reserved 1048576K
}
Event: 2.391 GC heap before
{Heap before GC invocations=14 (full 0):
 garbage-first heap   total 263168K, used 169984K [0x0000000080000000, 0x0000000100000000)
  region size 1024K, 37 young (37888K), 6 survivors (6144K)
 Metaspace       used 37075K, committed 37376K, reserved 1114112K
  class space    used 4067K, committed 4224K, reserved 1048576K
}
Event: 2.410 GC heap after
{Heap after GC invocations=15 (full 0):
 garbage-first heap   total 263168K, used 154039K [0x0000000080000000, 0x0000000100000000)
  region size 1024K, 5 young (5120K), 5 survivors (5120K)
 Metaspace       used 37075K, committed 37376K, reserved 1114112K
  class space    used 4067K, committed 4224K, reserved 1048576K
}
Event: 2.543 GC heap before
{Heap before GC invocations=15 (full 0):
 garbage-first heap   total 263168K, used 193975K [0x0000000080000000, 0x0000000100000000)
  region size 1024K, 44 young (45056K), 5 survivors (5120K)
 Metaspace       used 37120K, committed 37440K, reserved 1114112K
  class space    used 4068K, committed 4224K, reserved 1048576K
}
Event: 2.562 GC heap after
{Heap after GC invocations=16 (full 0):
 garbage-first heap   total 263168K, used 173563K [0x0000000080000000, 0x0000000100000000)
  region size 1024K, 6 young (6144K), 6 survivors (6144K)
 Metaspace       used 37120K, committed 37440K, reserved 1114112K
  class space    used 4068K, committed 4224K, reserved 1048576K
}
Event: 2.635 GC heap before
{Heap before GC invocations=16 (full 0):
 garbage-first heap   total 263168K, used 203259K [0x0000000080000000, 0x0000000100000000)
  region size 1024K, 35 young (35840K), 6 survivors (6144K)
 Metaspace       used 37123K, committed 37440K, reserved 1114112K
  class space    used 4069K, committed 4224K, reserved 1048576K
}

Dll operation events (1 events):
Event: 0.008 Loaded shared library C:\Program Files\JetBrains\IntelliJ IDEA 2023.2.2\jbr\bin\java.dll

Deoptimization events (20 events):
Event: 2.501 Thread 0x000001531920d8e0 DEOPT PACKING pc=0x0000015300478448 sp=0x00000042a7afb400
Event: 2.501 Thread 0x000001531920d8e0 DEOPT UNPACKING pc=0x000001530758ace3 sp=0x00000042a7afa8f8 mode 0
Event: 2.502 Thread 0x00000153191ede60 DEOPT PACKING pc=0x0000015300478448 sp=0x00000042a79fb5b0
Event: 2.502 Thread 0x00000153191ede60 DEOPT UNPACKING pc=0x000001530758ace3 sp=0x00000042a79faaa8 mode 0
Event: 2.503 Thread 0x00000153194a8de0 DEOPT PACKING pc=0x0000015300478448 sp=0x00000042a8dfb2b0
Event: 2.503 Thread 0x00000153194a8de0 DEOPT UNPACKING pc=0x000001530758ace3 sp=0x00000042a8dfa7a8 mode 0
Event: 2.507 Thread 0x000001531920d8e0 DEOPT PACKING pc=0x0000015300478448 sp=0x00000042a7afb400
Event: 2.507 Thread 0x000001531920d8e0 DEOPT UNPACKING pc=0x000001530758ace3 sp=0x00000042a7afa8f8 mode 0
Event: 2.508 Thread 0x00000153194a8de0 DEOPT PACKING pc=0x0000015300478448 sp=0x00000042a8dfb2b0
Event: 2.508 Thread 0x00000153194a8de0 DEOPT UNPACKING pc=0x000001530758ace3 sp=0x00000042a8dfa7a8 mode 0
Event: 2.510 Thread 0x00000153191ede60 DEOPT PACKING pc=0x00000153004c387e sp=0x00000042a79f8dd0
Event: 2.510 Thread 0x00000153191ede60 DEOPT UNPACKING pc=0x000001530758ace3 sp=0x00000042a79f82d8 mode 0
Event: 2.512 Thread 0x00000153194a8de0 DEOPT PACKING pc=0x0000015300478448 sp=0x00000042a8dfb2b0
Event: 2.512 Thread 0x00000153194a8de0 DEOPT UNPACKING pc=0x000001530758ace3 sp=0x00000042a8dfa7a8 mode 0
Event: 2.513 Thread 0x000001531920d8e0 DEOPT PACKING pc=0x00000153004784ab sp=0x00000042a7afb400
Event: 2.513 Thread 0x000001531920d8e0 DEOPT UNPACKING pc=0x000001530758ace3 sp=0x00000042a7afa8f8 mode 0
Event: 2.563 Thread 0x000001531920d8e0 Uncommon trap: trap_request=0xffffff45 fr.pc=0x0000015307b75c40 relative=0x0000000000000180
Event: 2.563 Thread 0x000001531920d8e0 Uncommon trap: reason=unstable_if action=reinterpret pc=0x0000015307b75c40 method=java.util.concurrent.ConcurrentHashMap.get(Ljava/lang/Object;)Ljava/lang/Object; @ 152 c2
Event: 2.563 Thread 0x000001531920d8e0 DEOPT PACKING pc=0x0000015307b75c40 sp=0x00000042a7afa350
Event: 2.563 Thread 0x000001531920d8e0 DEOPT UNPACKING pc=0x000001530758a1a3 sp=0x00000042a7afa2b8 mode 2

Classes unloaded (12 events):
Event: 1.878 Thread 0x000001537f403b70 Unloading class 0x00000001002d9c00 'java/lang/invoke/LambdaForm$MH+0x00000001002d9c00'
Event: 1.878 Thread 0x000001537f403b70 Unloading class 0x00000001002d9800 'java/lang/invoke/LambdaForm$DMH+0x00000001002d9800'
Event: 1.878 Thread 0x000001537f403b70 Unloading class 0x00000001002d9000 'java/lang/invoke/LambdaForm$DMH+0x00000001002d9000'
Event: 1.878 Thread 0x000001537f403b70 Unloading class 0x00000001002d8800 'java/lang/invoke/LambdaForm$DMH+0x00000001002d8800'
Event: 1.878 Thread 0x000001537f403b70 Unloading class 0x0000000100207800 'jdk/internal/reflect/GeneratedSerializationConstructorAccessor16'
Event: 1.878 Thread 0x000001537f403b70 Unloading class 0x0000000100207400 'jdk/internal/reflect/GeneratedSerializationConstructorAccessor13'
Event: 1.878 Thread 0x000001537f403b70 Unloading class 0x0000000100206c00 'jdk/internal/reflect/GeneratedSerializationConstructorAccessor11'
Event: 1.878 Thread 0x000001537f403b70 Unloading class 0x0000000100206000 'jdk/internal/reflect/GeneratedSerializationConstructorAccessor9'
Event: 1.878 Thread 0x000001537f403b70 Unloading class 0x0000000100205800 'jdk/internal/reflect/GeneratedSerializationConstructorAccessor8'
Event: 1.878 Thread 0x000001537f403b70 Unloading class 0x0000000100205400 'jdk/internal/reflect/GeneratedSerializationConstructorAccessor5'
Event: 1.878 Thread 0x000001537f403b70 Unloading class 0x0000000100204800 'java/lang/invoke/LambdaForm$DMH+0x0000000100204800'
Event: 1.878 Thread 0x000001537f403b70 Unloading class 0x00000001001bc800 'jdk/internal/reflect/GeneratedSerializationConstructorAccessor1'

Classes redefined (0 events):
No events

Internal exceptions (20 events):
Event: 0.648 Thread 0x00000153191ede60 Exception <a 'java/lang/NoSuchMethodError'{0x0000000087bbdd88}: 'java.lang.Object java.lang.invoke.DirectMethodHandle$Holder.invokeStaticInit(java.lang.Object, java.lang.Object, java.lang.Object)'> (0x0000000087bbdd88) 
thrown [s\src\hotspot\share\interpreter\linkResolver.cpp, line 771]
Event: 0.688 Thread 0x00000153194aa220 Exception <a 'java/lang/ClassNotFoundException'{0x000000008769ea28}: sun/util/logging/resources/spi/loggingProvider> (0x000000008769ea28) 
thrown [s\src\hotspot\share\classfile\systemDictionary.cpp, line 256]
Event: 0.753 Thread 0x00000153194aa220 Exception <a 'java/lang/NoSuchMethodError'{0x0000000086f32978}: 'void java.lang.invoke.DirectMethodHandle$Holder.invokeStatic(java.lang.Object, int, java.lang.Object)'> (0x0000000086f32978) 
thrown [s\src\hotspot\share\interpreter\linkResolver.cpp, line 771]
Event: 0.843 Thread 0x00000153194aa220 Exception <a 'java/lang/NoSuchMethodError'{0x0000000086aed2c0}: 'java.lang.Object java.lang.invoke.DirectMethodHandle$Holder.invokeVirtual(java.lang.Object, java.lang.Object, java.lang.Object)'> (0x0000000086aed2c0) 
thrown [s\src\hotspot\share\interpreter\linkResolver.cpp, line 771]
Event: 0.861 Thread 0x00000153194aa220 Exception <a 'java/lang/NoSuchMethodError'{0x0000000086963560}: 'long java.lang.invoke.DirectMethodHandle$Holder.invokeStatic(java.lang.Object)'> (0x0000000086963560) 
thrown [s\src\hotspot\share\interpreter\linkResolver.cpp, line 771]
Event: 0.878 Thread 0x00000153194aa220 Implicit null exception at 0x0000015307afc9f2 to 0x0000015307afd034
Event: 0.879 Thread 0x00000153196863c0 Exception <a 'java/lang/reflect/InvocationTargetException'{0x00000000869e8e90}> (0x00000000869e8e90) 
thrown [s\src\hotspot\share\runtime\reflection.cpp, line 1127]
Event: 0.879 Thread 0x0000015319680db0 Exception <a 'java/lang/reflect/InvocationTargetException'{0x00000000869ff080}> (0x00000000869ff080) 
thrown [s\src\hotspot\share\runtime\reflection.cpp, line 1127]
Event: 0.907 Thread 0x0000015319680db0 Exception <a 'java/lang/NoSuchMethodError'{0x0000000086435ea0}: 'void java.lang.invoke.DirectMethodHandle$Holder.invokeVirtual(java.lang.Object, java.lang.Object)'> (0x0000000086435ea0) 
thrown [s\src\hotspot\share\interpreter\linkResolver.cpp, line 771]
Event: 0.917 Thread 0x00000153194aa220 Exception <a 'java/lang/NoSuchMethodError'{0x00000000864bfa10}: 'java.lang.Object java.lang.invoke.DirectMethodHandle$Holder.invokeInterface(java.lang.Object, java.lang.Object)'> (0x00000000864bfa10) 
thrown [s\src\hotspot\share\interpreter\linkResolver.cpp, line 771]
Event: 0.919 Thread 0x00000153194aa220 Exception <a 'java/lang/NoSuchMethodError'{0x00000000864dd7c0}: 'java.lang.Object java.lang.invoke.DirectMethodHandle$Holder.newInvokeSpecial(java.lang.Object, java.lang.Object, java.lang.Object, java.lang.Object, java.lang.Object, java.lang.Object, java.lang.Object, java.lang.Object)'> (0x00000000864dd7c0) 
thrown [s\src\hotspot\share\interpreter\linkResolver.cpp, line 771]
Event: 0.920 Thread 0x00000153194aa220 Exception <a 'java/lang/NoSuchMethodError'{0x00000000864e2b30}: 'java.lang.Object java.lang.invoke.DirectMethodHandle$Holder.invokeSpecial(java.lang.Object, java.lang.Object, java.lang.Object, java.lang.Object, java.lang.Object, java.lang.Object, java.lang.Object, java.lang.Object, java.lang.Object)'> (0x00000000864e2b30) 
thrown [s\src\hotspot\share\interpreter\linkResolver.cpp, line 771]
Event: 0.920 Thread 0x00000153194aa220 Exception <a 'java/lang/NoSuchMethodError'{0x00000000864e77b8}: 'java.lang.Object java.lang.invoke.Invokers$Holder.linkToTargetMethod(java.lang.Object, java.lang.Object, java.lang.Object, java.lang.Object, java.lang.Object, java.lang.Object, java.lang.Object, java.lang.Object)'> (0x00000000864e77b8) 
thrown [s\src\hotspot\share\interpreter\linkResolver.cpp, line 771]
Event: 0.925 Thread 0x00000153194aa220 Exception <a 'java/lang/NoSuchMethodError'{0x0000000086352728}: 'java.lang.Object java.lang.invoke.DirectMethodHandle$Holder.newInvokeSpecial(java.lang.Object, java.lang.Object, java.lang.Object, java.lang.Object, java.lang.Object, java.lang.Object, java.lang.Object)'> (0x0000000086352728) 
thrown [s\src\hotspot\share\interpreter\linkResolver.cpp, line 771]
Event: 0.925 Thread 0x00000153194aa220 Exception <a 'java/lang/NoSuchMethodError'{0x0000000086357038}: 'java.lang.Object java.lang.invoke.Invokers$Holder.linkToTargetMethod(java.lang.Object, java.lang.Object, java.lang.Object, java.lang.Object, java.lang.Object, java.lang.Object, java.lang.Object)'> (0x0000000086357038) 
thrown [s\src\hotspot\share\interpreter\linkResolver.cpp, line 771]
Event: 0.925 Thread 0x00000153194aa220 Exception <a 'java/lang/NoSuchMethodError'{0x000000008635b0b8}: 'java.lang.Object java.lang.invoke.DirectMethodHandle$Holder.invokeStatic(java.lang.Object, int, java.lang.Object, java.lang.Object)'> (0x000000008635b0b8) 
thrown [s\src\hotspot\share\interpreter\linkResolver.cpp, line 771]
Event: 0.926 Thread 0x00000153194aa220 Exception <a 'java/lang/NoSuchMethodError'{0x0000000086362220}: 'java.lang.Object java.lang.invoke.DirectMethodHandle$Holder.newInvokeSpecial(java.lang.Object, int, java.lang.Object)'> (0x0000000086362220) 
thrown [s\src\hotspot\share\interpreter\linkResolver.cpp, line 771]
Event: 0.929 Thread 0x00000153194aa220 Exception <a 'java/lang/NoSuchMethodError'{0x00000000863795d8}: 'java.lang.Object java.lang.invoke.DirectMethodHandle$Holder.invokeInterface(java.lang.Object, java.lang.Object, java.lang.Object)'> (0x00000000863795d8) 
thrown [s\src\hotspot\share\interpreter\linkResolver.cpp, line 771]
Event: 0.936 Thread 0x00000153194aa220 Exception <a 'java/lang/reflect/InvocationTargetException'{0x00000000863e6430}> (0x00000000863e6430) 
thrown [s\src\hotspot\share\runtime\reflection.cpp, line 1127]
Event: 0.962 Thread 0x00000153194aa220 Exception <a 'java/lang/NoSuchMethodError'{0x000000008602d850}: 'java.lang.Object java.lang.invoke.DirectMethodHandle$Holder.newInvokeSpecial(java.lang.Object, java.lang.Object, int)'> (0x000000008602d850) 
thrown [s\src\hotspot\share\interpreter\linkResolver.cpp, line 771]

VM Operations (20 events):
Event: 1.883 Executing VM operation: G1PauseRemark done
Event: 1.900 Executing VM operation: G1PauseCleanup
Event: 1.905 Executing VM operation: G1PauseCleanup done
Event: 2.074 Executing VM operation: G1CollectForAllocation
Event: 2.102 Executing VM operation: G1CollectForAllocation done
Event: 2.118 Executing VM operation: G1CollectForAllocation
Event: 2.129 Executing VM operation: G1CollectForAllocation done
Event: 2.245 Executing VM operation: G1CollectForAllocation
Event: 2.264 Executing VM operation: G1CollectForAllocation done
Event: 2.339 Executing VM operation: G1PauseRemark
Event: 2.341 Executing VM operation: G1PauseRemark done
Event: 2.373 Executing VM operation: G1PauseCleanup
Event: 2.374 Executing VM operation: G1PauseCleanup done
Event: 2.391 Executing VM operation: G1CollectForAllocation
Event: 2.410 Executing VM operation: G1CollectForAllocation done
Event: 2.498 Executing VM operation: HandshakeAllThreads
Event: 2.498 Executing VM operation: HandshakeAllThreads done
Event: 2.543 Executing VM operation: G1CollectForAllocation
Event: 2.562 Executing VM operation: G1CollectForAllocation done
Event: 2.634 Executing VM operation: G1CollectForAllocation

Events (20 events):
Event: 1.061 loading class java/util/random/RandomGenerator$StreamableGenerator done
Event: 1.061 loading class java/util/random/RandomGenerator$SplittableGenerator done
Event: 1.061 loading class java/util/SplittableRandom done
Event: 1.061 loading class java/util/SplittableRandom$AbstractSplittableGeneratorProxy
Event: 1.061 loading class jdk/internal/util/random/RandomSupport$AbstractSplittableGenerator
Event: 1.062 loading class jdk/internal/util/random/RandomSupport$AbstractSpliteratorGenerator
Event: 1.062 loading class jdk/internal/util/random/RandomSupport$AbstractSpliteratorGenerator done
Event: 1.062 loading class jdk/internal/util/random/RandomSupport$AbstractSplittableGenerator done
Event: 1.062 loading class java/util/SplittableRandom$AbstractSplittableGeneratorProxy done
Event: 1.205 loading class java/util/AbstractList$RandomAccessSubList
Event: 1.205 loading class java/util/AbstractList$SubList
Event: 1.205 loading class java/util/AbstractList$SubList done
Event: 1.205 loading class java/util/AbstractList$RandomAccessSubList done
Event: 1.205 loading class java/util/AbstractList$SubList$1
Event: 1.205 loading class java/util/AbstractList$SubList$1 done
Event: 1.225 loading class java/time/temporal/UnsupportedTemporalTypeException
Event: 1.225 loading class java/time/temporal/UnsupportedTemporalTypeException done
Event: 1.417 Thread 0x000001531a050580 Thread added: 0x000001531a050580
Event: 2.426 loading class jdk/internal/math/FDBigInteger
Event: 2.428 loading class jdk/internal/math/FDBigInteger done


Dynamic libraries:
0x00007ff74f250000 - 0x00007ff74f25a000 	C:\Program Files\JetBrains\IntelliJ IDEA 2023.2.2\jbr\bin\java.exe
0x00007ffb03d10000 - 0x00007ffb03f27000 	C:\WINDOWS\SYSTEM32\ntdll.dll
0x00007ffb02010000 - 0x00007ffb020d4000 	C:\WINDOWS\System32\KERNEL32.DLL
0x00007ffb01080000 - 0x00007ffb01426000 	C:\WINDOWS\System32\KERNELBASE.dll
0x00007ffb01910000 - 0x00007ffb01a21000 	C:\WINDOWS\System32\ucrtbase.dll
0x00007ffae9280000 - 0x00007ffae9297000 	C:\Program Files\JetBrains\IntelliJ IDEA 2023.2.2\jbr\bin\jli.dll
0x00007ffac64c0000 - 0x00007ffac64db000 	C:\Program Files\JetBrains\IntelliJ IDEA 2023.2.2\jbr\bin\VCRUNTIME140.dll
0x00007ffb03870000 - 0x00007ffb03a1e000 	C:\WINDOWS\System32\USER32.dll
0x00007ffae99a0000 - 0x00007ffae9c33000 	C:\WINDOWS\WinSxS\amd64_microsoft.windows.common-controls_6595b64144ccf1df_6.0.22621.2506_none_270c5ae97388e100\COMCTL32.dll
0x00007ffb01a30000 - 0x00007ffb01a56000 	C:\WINDOWS\System32\win32u.dll
0x00007ffb03c20000 - 0x00007ffb03cc7000 	C:\WINDOWS\System32\msvcrt.dll
0x00007ffb01fe0000 - 0x00007ffb02009000 	C:\WINDOWS\System32\GDI32.dll
0x00007ffb016d0000 - 0x00007ffb017e8000 	C:\WINDOWS\System32\gdi32full.dll
0x00007ffb01870000 - 0x00007ffb0190a000 	C:\WINDOWS\System32\msvcp_win.dll
0x00007ffb027e0000 - 0x00007ffb02811000 	C:\WINDOWS\System32\IMM32.DLL
0x00007ffaf15e0000 - 0x00007ffaf15ec000 	C:\Program Files\JetBrains\IntelliJ IDEA 2023.2.2\jbr\bin\vcruntime140_1.dll
0x00007ffab5450000 - 0x00007ffab54dd000 	C:\Program Files\JetBrains\IntelliJ IDEA 2023.2.2\jbr\bin\msvcp140.dll
0x00007ffa95fe0000 - 0x00007ffa96c63000 	C:\Program Files\JetBrains\IntelliJ IDEA 2023.2.2\jbr\bin\server\jvm.dll
0x00007ffb037b0000 - 0x00007ffb03861000 	C:\WINDOWS\System32\ADVAPI32.dll
0x00007ffb03700000 - 0x00007ffb037a5000 	C:\WINDOWS\System32\sechost.dll
0x00007ffb01d30000 - 0x00007ffb01e47000 	C:\WINDOWS\System32\RPCRT4.dll
0x00007ffadf4d0000 - 0x00007ffadf4d9000 	C:\WINDOWS\SYSTEM32\WSOCK32.dll
0x00007ffaf6aa0000 - 0x00007ffaf6ad4000 	C:\WINDOWS\SYSTEM32\WINMM.dll
0x00007ffb00da0000 - 0x00007ffb00ded000 	C:\WINDOWS\SYSTEM32\POWRPROF.dll
0x00007ffb01a90000 - 0x00007ffb01b01000 	C:\WINDOWS\System32\WS2_32.dll
0x00007ffaf5ee0000 - 0x00007ffaf5eea000 	C:\WINDOWS\SYSTEM32\VERSION.dll
0x00007ffb00d80000 - 0x00007ffb00d93000 	C:\WINDOWS\SYSTEM32\UMPDC.dll
0x00007ffb00040000 - 0x00007ffb00058000 	C:\WINDOWS\SYSTEM32\kernel.appcore.dll
0x00007ffafdbc0000 - 0x00007ffafdbca000 	C:\Program Files\JetBrains\IntelliJ IDEA 2023.2.2\jbr\bin\jimage.dll
0x00007ffafe780000 - 0x00007ffafe9b3000 	C:\WINDOWS\SYSTEM32\DBGHELP.DLL
0x00007ffb02450000 - 0x00007ffb027d9000 	C:\WINDOWS\System32\combase.dll
0x00007ffb02370000 - 0x00007ffb02447000 	C:\WINDOWS\System32\OLEAUT32.dll
0x00007ffae19b0000 - 0x00007ffae19e2000 	C:\WINDOWS\SYSTEM32\dbgcore.DLL
0x00007ffb017f0000 - 0x00007ffb0186a000 	C:\WINDOWS\System32\bcryptPrimitives.dll
0x00007ffae7930000 - 0x00007ffae7955000 	C:\Program Files\JetBrains\IntelliJ IDEA 2023.2.2\jbr\bin\java.dll
0x00007ffaef420000 - 0x00007ffaef438000 	C:\Program Files\JetBrains\IntelliJ IDEA 2023.2.2\jbr\bin\zip.dll
0x00007ffb02820000 - 0x00007ffb0307a000 	C:\WINDOWS\System32\SHELL32.dll
0x00007ffafef50000 - 0x00007ffaff846000 	C:\WINDOWS\SYSTEM32\windows.storage.dll
0x00007ffafee10000 - 0x00007ffafef4e000 	C:\WINDOWS\SYSTEM32\wintypes.dll
0x00007ffb03600000 - 0x00007ffb036f3000 	C:\WINDOWS\System32\SHCORE.dll
0x00007ffb02300000 - 0x00007ffb0235e000 	C:\WINDOWS\System32\shlwapi.dll
0x00007ffb00fb0000 - 0x00007ffb00fd6000 	C:\WINDOWS\SYSTEM32\profapi.dll
0x00007ffaea2a0000 - 0x00007ffaea2b9000 	C:\Program Files\JetBrains\IntelliJ IDEA 2023.2.2\jbr\bin\net.dll
0x00007ffafb1d0000 - 0x00007ffafb307000 	C:\WINDOWS\SYSTEM32\WINHTTP.dll
0x00007ffb004b0000 - 0x00007ffb00519000 	C:\WINDOWS\system32\mswsock.dll
0x00007ffae97c0000 - 0x00007ffae97d6000 	C:\Program Files\JetBrains\IntelliJ IDEA 2023.2.2\jbr\bin\nio.dll
0x00007ffaffab0000 - 0x00007ffaffadd000 	C:\WINDOWS\SYSTEM32\IPHLPAPI.DLL
0x00007ffb022f0000 - 0x00007ffb022f9000 	C:\WINDOWS\System32\NSI.dll
0x00007ffafb0f0000 - 0x00007ffafb109000 	C:\WINDOWS\SYSTEM32\dhcpcsvc6.DLL
0x00007ffafa9b0000 - 0x00007ffafa9cf000 	C:\WINDOWS\SYSTEM32\dhcpcsvc.DLL
0x00007ffaffb20000 - 0x00007ffaffc19000 	C:\WINDOWS\SYSTEM32\DNSAPI.dll
0x00007ffb00800000 - 0x00007ffb0081b000 	C:\WINDOWS\SYSTEM32\CRYPTSP.dll
0x00007ffafffa0000 - 0x00007ffafffd5000 	C:\WINDOWS\system32\rsaenh.dll
0x00007ffb00550000 - 0x00007ffb0057c000 	C:\WINDOWS\SYSTEM32\USERENV.dll
0x00007ffb00920000 - 0x00007ffb00948000 	C:\WINDOWS\SYSTEM32\bcrypt.dll
0x00007ffb007e0000 - 0x00007ffb007ec000 	C:\WINDOWS\SYSTEM32\CRYPTBASE.dll
0x00007ffae7c30000 - 0x00007ffae7c37000 	C:\Program Files\JetBrains\IntelliJ IDEA 2023.2.2\jbr\bin\rmi.dll
0x00007ffaf5780000 - 0x00007ffaf578a000 	C:\Windows\System32\rasadhlp.dll
0x00007ffaf5c90000 - 0x00007ffaf5d13000 	C:\WINDOWS\System32\fwpuclnt.dll

dbghelp: loaded successfully - version: 4.0.5 - missing functions: none
symbol engine: initialized successfully - sym options: 0x614 - pdb path: .;C:\Program Files\JetBrains\IntelliJ IDEA 2023.2.2\jbr\bin;C:\WINDOWS\SYSTEM32;C:\WINDOWS\WinSxS\amd64_microsoft.windows.common-controls_6595b64144ccf1df_6.0.22621.2506_none_270c5ae97388e100;C:\Program Files\JetBrains\IntelliJ IDEA 2023.2.2\jbr\bin\server

VM Arguments:
jvm_args: -Djava.rmi.server.hostname=127.0.0.1 -Duser.timezone=UTC -Xmx2048m -Xms128m -Djna.boot.library.path=C:\Program Files\JetBrains\IntelliJ IDEA 2023.2.2/lib/jna/amd64 -Djna.nosys=true -Djna.noclasspath=true -Djdbc.classpath=C:\Program Files\JetBrains\IntelliJ IDEA 2023.2.2\plugins\DatabaseTools\lib\jdbc-console.jar;C:\Users\Aziz\AppData\Roaming\JetBrains\IntelliJIdea2023.2\jdbc-drivers\MongoDB\1.18\mongo-jdbc-standalone-1.18.jar --add-exports=java.desktop/sun.awt=ALL-UNNAMED --add-exports=java.desktop/java.awt.peer=ALL-UNNAMED --add-opens=java.desktop/java.awt=ALL-UNNAMED --add-opens=jdk.unsupported/sun.misc=ALL-UNNAMED --add-opens=java.base/java.nio=ALL-UNNAMED --add-opens=java.base/java.util=ALL-UNNAMED -Dfile.encoding=UTF-8 
java_command: com.intellij.database.remote.RemoteJdbcServer com.dbschema.MongoJdbcDriver
java_class_path (initial): C:\Program Files\JetBrains\IntelliJ IDEA 2023.2.2\lib\util_rt.jar;C:\Program Files\JetBrains\IntelliJ IDEA 2023.2.2\lib\util-8.jar;C:\Program Files\JetBrains\IntelliJ IDEA 2023.2.2\lib\groovy.jar;C:\Program Files\JetBrains\IntelliJ IDEA 2023.2.2\plugins\DatabaseTools\lib\jdbc-console.jar;C:\Program Files\JetBrains\IntelliJ IDEA 2023.2.2\plugins\grid-core-impl\lib\jdbc-console-types.jar;C:\Program Files\JetBrains\IntelliJ IDEA 2023.2.2\lib\util.jar;C:\Program Files\JetBrains\IntelliJ IDEA 2023.2.2\lib\bouncy-castle.jar
Launcher Type: SUN_STANDARD

[Global flags]
     intx CICompilerCount                          = 4                                         {product} {ergonomic}
     uint ConcGCThreads                            = 2                                         {product} {ergonomic}
     uint G1ConcRefinementThreads                  = 8                                         {product} {ergonomic}
   size_t G1HeapRegionSize                         = 1048576                                   {product} {ergonomic}
    uintx GCDrainStackTargetSize                   = 64                                        {product} {ergonomic}
   size_t InitialHeapSize                          = 134217728                                 {product} {command line}
   size_t MarkStackSize                            = 4194304                                   {product} {ergonomic}
   size_t MaxHeapSize                              = 2147483648                                {product} {command line}
   size_t MaxNewSize                               = 1287651328                                {product} {ergonomic}
   size_t MinHeapDeltaBytes                        = 1048576                                   {product} {ergonomic}
   size_t MinHeapSize                              = 134217728                                 {product} {command line}
    uintx NonNMethodCodeHeapSize                   = 5839372                                {pd product} {ergonomic}
    uintx NonProfiledCodeHeapSize                  = 122909434                              {pd product} {ergonomic}
    uintx ProfiledCodeHeapSize                     = 122909434                              {pd product} {ergonomic}
    uintx ReservedCodeCacheSize                    = 251658240                              {pd product} {ergonomic}
     bool SegmentedCodeCache                       = true                                      {product} {ergonomic}
   size_t SoftMaxHeapSize                          = 2147483648                             {manageable} {ergonomic}
     bool UseCompressedClassPointers               = true                           {product lp64_product} {ergonomic}
     bool UseCompressedOops                        = true                           {product lp64_product} {ergonomic}
     bool UseG1GC                                  = true                                      {product} {ergonomic}
     bool UseLargePagesIndividualAllocation        = false                                  {pd product} {ergonomic}

Logging:
Log output configuration:
 #0: stdout all=warning uptime,level,tags
 #1: stderr all=off uptime,level,tags

Environment Variables:
PATH=C:\Program Files\Common Files\Oracle\Java\javapath;C:\WINDOWS\system32;C:\WINDOWS;C:\WINDOWS\System32\Wbem;C:\WINDOWS\System32\WindowsPowerShell\v1.0\;C:\WINDOWS\System32\OpenSSH\;C:\Program Files\dotnet\;C:\Program Files\Git\cmd;C:\xampp\php;C:\composer;;C:\Program Files\nodejs\;C:\Program Files\Docker\Docker\resources\bin;C:\Program Files\Microsoft SQL Server\150\Tools\Binn\;C:\Users\Aziz\AppData\Local\Microsoft\WindowsApps;C:\Users\Aziz\AppData\Local\Programs\Microsoft VS Code\bin;C:\Users\Aziz\AppData\Roaming\Composer\vendor\bin;C:\xampp\php;C:\Users\Aziz\AppData\Roaming\npm;C:\Users\Aziz\Downloads\apache-maven-3.9.5-bin (1)\apache-maven-3.9.5\bin
USERNAME=Aziz
OS=Windows_NT
PROCESSOR_IDENTIFIER=Intel64 Family 6 Model 140 Stepping 1, GenuineIntel
TMP=C:\Users\Aziz\AppData\Local\Temp
TEMP=C:\Users\Aziz\AppData\Local\Temp


JNI global refs:
JNI global refs: 20, weak refs: 78

JNI global refs memory usage: 843, weak refs: 1473

OOME stack traces (most recent first):
Classloader memory used:
Loader com.intellij.database.remote.jdbc.impl.JdbcClassLoader$JdbcClassLoaderImpl      : 2565K
Loader bootstrap                                                                       : 1892K
Loader jdk.internal.loader.ClassLoaders$AppClassLoader                                 : 138K
Loader jdk.internal.loader.ClassLoaders$PlatformClassLoader                            : 35949B
Loader jdk.internal.reflect.DelegatingClassLoader                                      : 9071B


---------------  S Y S T E M  ---------------

OS:
 Windows 11 , 64 bit Build 22621 (10.0.22621.2506)
OS uptime: 2 days 1:35 hours
Hyper-V role detected

CPU: total 8 (initial active 8) (4 cores per cpu, 2 threads per core) family 6 model 140 stepping 1 microcode 0xb4, cx8, cmov, fxsr, ht, mmx, 3dnowpref, sse, sse2, sse3, ssse3, sse4.1, sse4.2, popcnt, lzcnt, tsc, tscinvbit, avx, avx2, aes, erms, clmul, bmi1, bmi2, adx, avx512f, avx512dq, avx512cd, avx512bw, avx512vl, sha, fma, vzeroupper, avx512_vpopcntdq, avx512_vpclmulqdq, avx512_vaes, avx512_vnni, clflush, clflushopt, clwb, avx512_vbmi2, avx512_vbmi, hv
Processor Information for processor 0
  Max Mhz: 1382, Current Mhz: 1184, Mhz Limit: 1382
Processor Information for processor 1
  Max Mhz: 1382, Current Mhz: 1382, Mhz Limit: 1382
Processor Information for processor 2
  Max Mhz: 1382, Current Mhz: 1382, Mhz Limit: 1382
Processor Information for processor 3
  Max Mhz: 1382, Current Mhz: 1382, Mhz Limit: 1382
Processor Information for processor 4
  Max Mhz: 1382, Current Mhz: 1382, Mhz Limit: 1382
Processor Information for processor 5
  Max Mhz: 1382, Current Mhz: 1382, Mhz Limit: 1382
Processor Information for processor 6
  Max Mhz: 1382, Current Mhz: 1382, Mhz Limit: 1382
Processor Information for processor 7
  Max Mhz: 1382, Current Mhz: 1382, Mhz Limit: 1382

Memory: 4k page, system-wide physical 7589M (581M free)
TotalPageFile size 19589M (AvailPageFile size 501M)
current process WorkingSet (physical memory assigned to process): 398M, peak: 399M
current process commit charge ("private bytes"): 434M, peak: 949M

vm_info: OpenJDK 64-Bit Server VM (17.0.8+7-b1000.22) for windows-amd64 JRE (17.0.8+7-b1000.22), built on 2023-09-02 by "builduser" with MS VC++ 16.10 / 16.11 (VS2019)

END.
